============================= test session starts =============================
platform win32 -- Python 3.13.5, pytest-9.0.2, pluggy-1.6.0 -- C:\Users\Q\code\barn\.venv\Scripts\python.exe
cachedir: .pytest_cache
rootdir: C:\Users\Q\code\barn
configfile: pyproject.toml
plugins: moo-conformance-tests-0.1.0
collecting ... collected 1797 items

.venv/Lib/site-packages/moo_conformance/test_conformance.py::test_yaml_conformance[queued_tasks::returns_list] PASSED [  0%]
.venv/Lib/site-packages/moo_conformance/test_conformance.py::test_yaml_conformance[queued_tasks::returns_non_negative_length] PASSED [  0%]
.venv/Lib/site-packages/moo_conformance/test_conformance.py::test_yaml_conformance[queued_tasks::list_elements_are_lists] PASSED [  0%]
.venv/Lib/site-packages/moo_conformance/test_conformance.py::test_yaml_conformance[queued_tasks::task_info_has_correct_structure] PASSED [  0%]
.venv/Lib/site-packages/moo_conformance/test_conformance.py::test_yaml_conformance[arithmetic::addition] PASSED [  0%]
.venv/Lib/site-packages/moo_conformance/test_conformance.py::test_yaml_conformance[arithmetic::subtraction] PASSED [  0%]
.venv/Lib/site-packages/moo_conformance/test_conformance.py::test_yaml_conformance[arithmetic::multiplication] PASSED [  0%]
.venv/Lib/site-packages/moo_conformance/test_conformance.py::test_yaml_conformance[arithmetic::subtraction_negative_result] PASSED [  0%]
.venv/Lib/site-packages/moo_conformance/test_conformance.py::test_yaml_conformance[arithmetic::division_exact] PASSED [  0%]
.venv/Lib/site-packages/moo_conformance/test_conformance.py::test_yaml_conformance[arithmetic::division_truncated] PASSED [  0%]
.venv/Lib/site-packages/moo_conformance/test_conformance.py::test_yaml_conformance[arithmetic::float_subtraction] PASSED [  0%]
.venv/Lib/site-packages/moo_conformance/test_conformance.py::test_yaml_conformance[arithmetic::parentheses_precedence] PASSED [  0%]
.venv/Lib/site-packages/moo_conformance/test_conformance.py::test_yaml_conformance[arithmetic::sqrt_builtin] PASSED [  0%]
.venv/Lib/site-packages/moo_conformance/test_conformance.py::test_yaml_conformance[list::length_of_list] PASSED [  0%]
.venv/Lib/site-packages/moo_conformance/test_conformance.py::test_yaml_conformance[list::listappend_to_end] PASSED [  0%]
.venv/Lib/site-packages/moo_conformance/test_conformance.py::test_yaml_conformance[list::listappend_at_position] PASSED [  0%]
.venv/Lib/site-packages/moo_conformance/test_conformance.py::test_yaml_conformance[list::listinsert_at_position_2] PASSED [  0%]
.venv/Lib/site-packages/moo_conformance/test_conformance.py::test_yaml_conformance[list::listinsert_at_position_1] PASSED [  1%]
.venv/Lib/site-packages/moo_conformance/test_conformance.py::test_yaml_conformance[list::listdelete_at_position_2] PASSED [  1%]
.venv/Lib/site-packages/moo_conformance/test_conformance.py::test_yaml_conformance[list::listset_at_position_2] PASSED [  1%]
.venv/Lib/site-packages/moo_conformance/test_conformance.py::test_yaml_conformance[list::setadd_new_element] PASSED [  1%]
.venv/Lib/site-packages/moo_conformance/test_conformance.py::test_yaml_conformance[list::setadd_existing_element] PASSED [  1%]
.venv/Lib/site-packages/moo_conformance/test_conformance.py::test_yaml_conformance[object::parent_of_newly_created_object] PASSED [  1%]
.venv/Lib/site-packages/moo_conformance/test_conformance.py::test_yaml_conformance[object::name_of_newly_created_object] PASSED [  1%]
.venv/Lib/site-packages/moo_conformance/test_conformance.py::test_yaml_conformance[object::location_of_newly_created_object] PASSED [  1%]
.venv/Lib/site-packages/moo_conformance/test_conformance.py::test_yaml_conformance[object::contents_of_newly_created_object] PASSED [  1%]
.venv/Lib/site-packages/moo_conformance/test_conformance.py::test_yaml_conformance[object::programmer_flag_of_newly_created_object] PASSED [  1%]
.venv/Lib/site-packages/moo_conformance/test_conformance.py::test_yaml_conformance[object::wizard_flag_of_newly_created_object] PASSED [  1%]
.venv/Lib/site-packages/moo_conformance/test_conformance.py::test_yaml_conformance[object::r_flag_of_newly_created_object] PASSED [  1%]
.venv/Lib/site-packages/moo_conformance/test_conformance.py::test_yaml_conformance[object::w_flag_of_newly_created_object] PASSED [  1%]
.venv/Lib/site-packages/moo_conformance/test_conformance.py::test_yaml_conformance[object::f_flag_of_newly_created_object] PASSED [  1%]
.venv/Lib/site-packages/moo_conformance/test_conformance.py::test_yaml_conformance[object::is_player_of_newly_created_object] PASSED [  1%]
.venv/Lib/site-packages/moo_conformance/test_conformance.py::test_yaml_conformance[object::valid_nothing] PASSED [  1%]
.venv/Lib/site-packages/moo_conformance/test_conformance.py::test_yaml_conformance[object::valid_system_object] PASSED [  1%]
.venv/Lib/site-packages/moo_conformance/test_conformance.py::test_yaml_conformance[object::children_of_system_object] SKIPPED [  1%]
.venv/Lib/site-packages/moo_conformance/test_conformance.py::test_yaml_conformance[property::add_property_temp] PASSED [  2%]
.venv/Lib/site-packages/moo_conformance/test_conformance.py::test_yaml_conformance[property::add_property_temp0] PASSED [  2%]
.venv/Lib/site-packages/moo_conformance/test_conformance.py::test_yaml_conformance[property::create_child_of_root] PASSED [  2%]
.venv/Lib/site-packages/moo_conformance/test_conformance.py::test_yaml_conformance[property::create_grandchild] PASSED [  2%]
.venv/Lib/site-packages/moo_conformance/test_conformance.py::test_yaml_conformance[property::add_property_test_on_temp] PASSED [  2%]
.venv/Lib/site-packages/moo_conformance/test_conformance.py::test_yaml_conformance[property::read_inherited_property_value] PASSED [  2%]
.venv/Lib/site-packages/moo_conformance/test_conformance.py::test_yaml_conformance[property::is_clear_property_on_child] PASSED [  2%]
.venv/Lib/site-packages/moo_conformance/test_conformance.py::test_yaml_conformance[property::set_property_on_child] PASSED [  2%]
.venv/Lib/site-packages/moo_conformance/test_conformance.py::test_yaml_conformance[property::is_clear_property_after_set] PASSED [  2%]
.venv/Lib/site-packages/moo_conformance/test_conformance.py::test_yaml_conformance[property::read_overridden_property] PASSED [  2%]
.venv/Lib/site-packages/moo_conformance/test_conformance.py::test_yaml_conformance[property::properties_on_parent] PASSED [  2%]
.venv/Lib/site-packages/moo_conformance/test_conformance.py::test_yaml_conformance[property::properties_on_child] PASSED [  2%]
.venv/Lib/site-packages/moo_conformance/test_conformance.py::test_yaml_conformance[property::clear_property_on_child] PASSED [  2%]
.venv/Lib/site-packages/moo_conformance/test_conformance.py::test_yaml_conformance[property::is_clear_property_after_clear] PASSED [  2%]
.venv/Lib/site-packages/moo_conformance/test_conformance.py::test_yaml_conformance[property::read_property_after_clear] PASSED [  2%]
.venv/Lib/site-packages/moo_conformance/test_conformance.py::test_yaml_conformance[property::delete_property_temp] PASSED [  2%]
.venv/Lib/site-packages/moo_conformance/test_conformance.py::test_yaml_conformance[property::delete_property_temp0] PASSED [  2%]
.venv/Lib/site-packages/moo_conformance/test_conformance.py::test_yaml_conformance[string::length_returns_string_length] PASSED [  2%]
.venv/Lib/site-packages/moo_conformance/test_conformance.py::test_yaml_conformance[string::strsub_substitutes_substring] PASSED [  3%]
.venv/Lib/site-packages/moo_conformance/test_conformance.py::test_yaml_conformance[string::index_finds_substring_position] PASSED [  3%]
.venv/Lib/site-packages/moo_conformance/test_conformance.py::test_yaml_conformance[string::index_returns_zero_when_not_found] PASSED [  3%]
.venv/Lib/site-packages/moo_conformance/test_conformance.py::test_yaml_conformance[string::index_case_sensitive_finds_match] PASSED [  3%]
.venv/Lib/site-packages/moo_conformance/test_conformance.py::test_yaml_conformance[string::index_case_sensitive_no_match] PASSED [  3%]
.venv/Lib/site-packages/moo_conformance/test_conformance.py::test_yaml_conformance[string::index_case_insensitive_no_match] PASSED [  3%]
.venv/Lib/site-packages/moo_conformance/test_conformance.py::test_yaml_conformance[string::rindex_finds_last_occurrence] PASSED [  3%]
.venv/Lib/site-packages/moo_conformance/test_conformance.py::test_yaml_conformance[string::rindex_returns_zero_when_not_found] PASSED [  3%]
.venv/Lib/site-packages/moo_conformance/test_conformance.py::test_yaml_conformance[string::rindex_case_sensitive_finds_match] PASSED [  3%]
.venv/Lib/site-packages/moo_conformance/test_conformance.py::test_yaml_conformance[string::rindex_case_insensitive_finds_first] PASSED [  3%]
.venv/Lib/site-packages/moo_conformance/test_conformance.py::test_yaml_conformance[string::strcmp_less_than] PASSED [  3%]
.venv/Lib/site-packages/moo_conformance/test_conformance.py::test_yaml_conformance[string::strcmp_greater_than] PASSED [  3%]
.venv/Lib/site-packages/moo_conformance/test_conformance.py::test_yaml_conformance[string::strcmp_equal] PASSED [  3%]
.venv/Lib/site-packages/moo_conformance/test_conformance.py::test_yaml_conformance[string::decode_binary_simple_string] PASSED [  3%]
.venv/Lib/site-packages/moo_conformance/test_conformance.py::test_yaml_conformance[string::decode_binary_with_escapes] PASSED [  3%]
.venv/Lib/site-packages/moo_conformance/test_conformance.py::test_yaml_conformance[string::decode_binary_multiple_lines] PASSED [  3%]
.venv/Lib/site-packages/moo_conformance/test_conformance.py::test_yaml_conformance[string::decode_binary_to_bytes] PASSED [  3%]
.venv/Lib/site-packages/moo_conformance/test_conformance.py::test_yaml_conformance[string::encode_binary_escapes_tilde] PASSED [  3%]
.venv/Lib/site-packages/moo_conformance/test_conformance.py::test_yaml_conformance[string::encode_binary_with_list] PASSED [  4%]
.venv/Lib/site-packages/moo_conformance/test_conformance.py::test_yaml_conformance[string::encode_binary_with_varargs] PASSED [  4%]
.venv/Lib/site-packages/moo_conformance/test_conformance.py::test_yaml_conformance[string::crypt_hashes_string] SKIPPED [  4%]
.venv/Lib/site-packages/moo_conformance/test_conformance.py::test_yaml_conformance[string::crypt_bcrypt_hashes_string] SKIPPED [  4%]
.venv/Lib/site-packages/moo_conformance/test_conformance.py::test_yaml_conformance[value::typeof_int] PASSED [  4%]
.venv/Lib/site-packages/moo_conformance/test_conformance.py::test_yaml_conformance[value::typeof_string] PASSED [  4%]
.venv/Lib/site-packages/moo_conformance/test_conformance.py::test_yaml_conformance[value::typeof_float] PASSED [  4%]
.venv/Lib/site-packages/moo_conformance/test_conformance.py::test_yaml_conformance[value::typeof_list] PASSED [  4%]
.venv/Lib/site-packages/moo_conformance/test_conformance.py::test_yaml_conformance[value::typeof_object] PASSED [  4%]
.venv/Lib/site-packages/moo_conformance/test_conformance.py::test_yaml_conformance[value::tostr_int] PASSED [  4%]
.venv/Lib/site-packages/moo_conformance/test_conformance.py::test_yaml_conformance[value::tostr_float] PASSED [  4%]
.venv/Lib/site-packages/moo_conformance/test_conformance.py::test_yaml_conformance[value::tostr_object] PASSED [  4%]
.venv/Lib/site-packages/moo_conformance/test_conformance.py::test_yaml_conformance[value::tostr_list] PASSED [  4%]
.venv/Lib/site-packages/moo_conformance/test_conformance.py::test_yaml_conformance[value::toliteral_int] PASSED [  4%]
.venv/Lib/site-packages/moo_conformance/test_conformance.py::test_yaml_conformance[value::toliteral_float] PASSED [  4%]
.venv/Lib/site-packages/moo_conformance/test_conformance.py::test_yaml_conformance[value::toliteral_object] PASSED [  4%]
.venv/Lib/site-packages/moo_conformance/test_conformance.py::test_yaml_conformance[value::toliteral_list] PASSED [  4%]
.venv/Lib/site-packages/moo_conformance/test_conformance.py::test_yaml_conformance[value::toint_from_int] PASSED [  4%]
.venv/Lib/site-packages/moo_conformance/test_conformance.py::test_yaml_conformance[value::toint_from_float] PASSED [  5%]
.venv/Lib/site-packages/moo_conformance/test_conformance.py::test_yaml_conformance[value::toint_from_object] PASSED [  5%]
.venv/Lib/site-packages/moo_conformance/test_conformance.py::test_yaml_conformance[value::toint_from_string] PASSED [  5%]
.venv/Lib/site-packages/moo_conformance/test_conformance.py::test_yaml_conformance[value::toobj_from_string] PASSED [  5%]
.venv/Lib/site-packages/moo_conformance/test_conformance.py::test_yaml_conformance[value::toobj_from_int] PASSED [  5%]
.venv/Lib/site-packages/moo_conformance/test_conformance.py::test_yaml_conformance[value::toobj_invalid_string] PASSED [  5%]
.venv/Lib/site-packages/moo_conformance/test_conformance.py::test_yaml_conformance[value::tofloat_from_int] PASSED [  5%]
.venv/Lib/site-packages/moo_conformance/test_conformance.py::test_yaml_conformance[value::tofloat_from_string] PASSED [  5%]
.venv/Lib/site-packages/moo_conformance/test_conformance.py::test_yaml_conformance[value::tofloat_from_float] PASSED [  5%]
.venv/Lib/site-packages/moo_conformance/test_conformance.py::test_yaml_conformance[value::equal_simple_true] PASSED [  5%]
.venv/Lib/site-packages/moo_conformance/test_conformance.py::test_yaml_conformance[value::equal_string_case_sensitive] PASSED [  5%]
.venv/Lib/site-packages/moo_conformance/test_conformance.py::test_yaml_conformance[value::equal_string_match] PASSED [  5%]
.venv/Lib/site-packages/moo_conformance/test_conformance.py::test_yaml_conformance[value::equal_list_match] PASSED [  5%]
.venv/Lib/site-packages/moo_conformance/test_conformance.py::test_yaml_conformance[value::equal_list_different] PASSED [  5%]
.venv/Lib/site-packages/moo_conformance/test_conformance.py::test_yaml_conformance[algorithms::encode_base64_empty] PASSED [  5%]
.venv/Lib/site-packages/moo_conformance/test_conformance.py::test_yaml_conformance[algorithms::encode_base64_one_char] PASSED [  5%]
.venv/Lib/site-packages/moo_conformance/test_conformance.py::test_yaml_conformance[algorithms::encode_base64_two_char] PASSED [  5%]
.venv/Lib/site-packages/moo_conformance/test_conformance.py::test_yaml_conformance[algorithms::encode_base64_three_char] PASSED [  5%]
.venv/Lib/site-packages/moo_conformance/test_conformance.py::test_yaml_conformance[algorithms::encode_base64_binary_ff] PASSED [  6%]
.venv/Lib/site-packages/moo_conformance/test_conformance.py::test_yaml_conformance[algorithms::encode_base64_binary_fb] PASSED [  6%]
.venv/Lib/site-packages/moo_conformance/test_conformance.py::test_yaml_conformance[algorithms::encode_base64_url_safe_empty] PASSED [  6%]
.venv/Lib/site-packages/moo_conformance/test_conformance.py::test_yaml_conformance[algorithms::encode_base64_url_safe_one_char] PASSED [  6%]
.venv/Lib/site-packages/moo_conformance/test_conformance.py::test_yaml_conformance[algorithms::encode_base64_url_safe_binary_ff] PASSED [  6%]
.venv/Lib/site-packages/moo_conformance/test_conformance.py::test_yaml_conformance[algorithms::encode_base64_url_safe_binary_fb] PASSED [  6%]
.venv/Lib/site-packages/moo_conformance/test_conformance.py::test_yaml_conformance[algorithms::encode_base64_binary_string_foobar] PASSED [  6%]
.venv/Lib/site-packages/moo_conformance/test_conformance.py::test_yaml_conformance[algorithms::encode_base64_bad_binary_string] PASSED [  6%]
.venv/Lib/site-packages/moo_conformance/test_conformance.py::test_yaml_conformance[algorithms::encode_base64_length_one_char] PASSED [  6%]
.venv/Lib/site-packages/moo_conformance/test_conformance.py::test_yaml_conformance[algorithms::encode_base64_url_safe_length_one_char] PASSED [  6%]
.venv/Lib/site-packages/moo_conformance/test_conformance.py::test_yaml_conformance[algorithms::encode_base64_length_two_char] PASSED [  6%]
.venv/Lib/site-packages/moo_conformance/test_conformance.py::test_yaml_conformance[algorithms::encode_base64_length_three_char] PASSED [  6%]
.venv/Lib/site-packages/moo_conformance/test_conformance.py::test_yaml_conformance[algorithms::encode_base64_url_safe_length_two_char] PASSED [  6%]
.venv/Lib/site-packages/moo_conformance/test_conformance.py::test_yaml_conformance[algorithms::encode_base64_url_safe_length_three_char] PASSED [  6%]
.venv/Lib/site-packages/moo_conformance/test_conformance.py::test_yaml_conformance[algorithms::encode_base64_long_binary_with_nulls] PASSED [  6%]
.venv/Lib/site-packages/moo_conformance/test_conformance.py::test_yaml_conformance[algorithms::encode_base64_url_safe_two_char] PASSED [  6%]
.venv/Lib/site-packages/moo_conformance/test_conformance.py::test_yaml_conformance[algorithms::decode_base64_one_char] PASSED [  6%]
.venv/Lib/site-packages/moo_conformance/test_conformance.py::test_yaml_conformance[algorithms::decode_base64_two_char] PASSED [  6%]
.venv/Lib/site-packages/moo_conformance/test_conformance.py::test_yaml_conformance[algorithms::decode_base64_three_char] PASSED [  7%]
.venv/Lib/site-packages/moo_conformance/test_conformance.py::test_yaml_conformance[algorithms::decode_base64_binary_ff] PASSED [  7%]
.venv/Lib/site-packages/moo_conformance/test_conformance.py::test_yaml_conformance[algorithms::decode_base64_url_safe_one_char] PASSED [  7%]
.venv/Lib/site-packages/moo_conformance/test_conformance.py::test_yaml_conformance[algorithms::decode_base64_url_safe_binary_ff] PASSED [  7%]
.venv/Lib/site-packages/moo_conformance/test_conformance.py::test_yaml_conformance[algorithms::decode_base64_bad_chars] PASSED [  7%]
.venv/Lib/site-packages/moo_conformance/test_conformance.py::test_yaml_conformance[algorithms::decode_base64_not_binary_string] PASSED [  7%]
.venv/Lib/site-packages/moo_conformance/test_conformance.py::test_yaml_conformance[algorithms::decode_base64_padding_required_standard] PASSED [  7%]
.venv/Lib/site-packages/moo_conformance/test_conformance.py::test_yaml_conformance[algorithms::decode_base64_padding_optional_url_safe] PASSED [  7%]
.venv/Lib/site-packages/moo_conformance/test_conformance.py::test_yaml_conformance[algorithms::decode_base64_embedded_padding] PASSED [  7%]
.venv/Lib/site-packages/moo_conformance/test_conformance.py::test_yaml_conformance[algorithms::decode_base64_too_much_padding] PASSED [  7%]
.venv/Lib/site-packages/moo_conformance/test_conformance.py::test_yaml_conformance[algorithms::decode_base64_min_length] PASSED [  7%]
.venv/Lib/site-packages/moo_conformance/test_conformance.py::test_yaml_conformance[algorithms::decode_base64_binary_fb] PASSED [  7%]
.venv/Lib/site-packages/moo_conformance/test_conformance.py::test_yaml_conformance[algorithms::decode_base64_url_safe_binary_fb] PASSED [  7%]
.venv/Lib/site-packages/moo_conformance/test_conformance.py::test_yaml_conformance[algorithms::decode_base64_long_binary_with_nulls] PASSED [  7%]
.venv/Lib/site-packages/moo_conformance/test_conformance.py::test_yaml_conformance[algorithms::decode_base64_url_safe_long_binary_with_nulls] PASSED [  7%]
.venv/Lib/site-packages/moo_conformance/test_conformance.py::test_yaml_conformance[algorithms::decode_base64_standard_one_padding_char] PASSED [  7%]
.venv/Lib/site-packages/moo_conformance/test_conformance.py::test_yaml_conformance[algorithms::decode_base64_url_safe_one_padding_char] PASSED [  7%]
.venv/Lib/site-packages/moo_conformance/test_conformance.py::test_yaml_conformance[algorithms::decode_base64_url_safe_single_char_error] PASSED [  7%]
.venv/Lib/site-packages/moo_conformance/test_conformance.py::test_yaml_conformance[algorithms::decode_base64_url_safe_bad_chars] PASSED [  8%]
.venv/Lib/site-packages/moo_conformance/test_conformance.py::test_yaml_conformance[algorithms::decode_base64_length_one_char] PASSED [  8%]
.venv/Lib/site-packages/moo_conformance/test_conformance.py::test_yaml_conformance[algorithms::decode_base64_length_two_char] PASSED [  8%]
.venv/Lib/site-packages/moo_conformance/test_conformance.py::test_yaml_conformance[algorithms::decode_base64_length_three_char] PASSED [  8%]
.venv/Lib/site-packages/moo_conformance/test_conformance.py::test_yaml_conformance[algorithms::decode_base64_url_safe_length_one_char] PASSED [  8%]
.venv/Lib/site-packages/moo_conformance/test_conformance.py::test_yaml_conformance[algorithms::decode_base64_url_safe_length_two_char] PASSED [  8%]
.venv/Lib/site-packages/moo_conformance/test_conformance.py::test_yaml_conformance[algorithms::decode_base64_url_safe_length_three_char] PASSED [  8%]
.venv/Lib/site-packages/moo_conformance/test_conformance.py::test_yaml_conformance[algorithms::decode_base64_url_safe_two_char] PASSED [  8%]
.venv/Lib/site-packages/moo_conformance/test_conformance.py::test_yaml_conformance[algorithms::decode_base64_url_safe_three_char] PASSED [  8%]
.venv/Lib/site-packages/moo_conformance/test_conformance.py::test_yaml_conformance[algorithms::string_hash_abc_md5] PASSED [  8%]
.venv/Lib/site-packages/moo_conformance/test_conformance.py::test_yaml_conformance[algorithms::string_hash_abc_sha1] PASSED [  8%]
.venv/Lib/site-packages/moo_conformance/test_conformance.py::test_yaml_conformance[algorithms::string_hash_abc_sha256] PASSED [  8%]
.venv/Lib/site-packages/moo_conformance/test_conformance.py::test_yaml_conformance[algorithms::string_hash_abc_sha256_default] PASSED [  8%]
.venv/Lib/site-packages/moo_conformance/test_conformance.py::test_yaml_conformance[algorithms::string_hash_abc_ripemd160] PASSED [  8%]
.venv/Lib/site-packages/moo_conformance/test_conformance.py::test_yaml_conformance[algorithms::string_hash_abc_sha224] PASSED [  8%]
.venv/Lib/site-packages/moo_conformance/test_conformance.py::test_yaml_conformance[algorithms::string_hash_abc_sha384] PASSED [  8%]
.venv/Lib/site-packages/moo_conformance/test_conformance.py::test_yaml_conformance[algorithms::string_hash_abc_sha512] PASSED [  8%]
.venv/Lib/site-packages/moo_conformance/test_conformance.py::test_yaml_conformance[algorithms::string_hash_invalid_algorithm] PASSED [  8%]
.venv/Lib/site-packages/moo_conformance/test_conformance.py::test_yaml_conformance[algorithms::binary_hash_abc_md5] PASSED [  9%]
.venv/Lib/site-packages/moo_conformance/test_conformance.py::test_yaml_conformance[algorithms::binary_hash_nulls_sha256] PASSED [  9%]
.venv/Lib/site-packages/moo_conformance/test_conformance.py::test_yaml_conformance[algorithms::binary_hash_bad_binary_string] PASSED [  9%]
.venv/Lib/site-packages/moo_conformance/test_conformance.py::test_yaml_conformance[algorithms::value_hash_empty_list_sha256] PASSED [  9%]
.venv/Lib/site-packages/moo_conformance/test_conformance.py::test_yaml_conformance[algorithms::value_hash_empty_map_sha256] PASSED [  9%]
.venv/Lib/site-packages/moo_conformance/test_conformance.py::test_yaml_conformance[algorithms::md5_empty_string] PASSED [  9%]
.venv/Lib/site-packages/moo_conformance/test_conformance.py::test_yaml_conformance[algorithms::md5_single_a] PASSED [  9%]
.venv/Lib/site-packages/moo_conformance/test_conformance.py::test_yaml_conformance[algorithms::md5_message_digest] PASSED [  9%]
.venv/Lib/site-packages/moo_conformance/test_conformance.py::test_yaml_conformance[algorithms::md5_alphabet] PASSED [  9%]
.venv/Lib/site-packages/moo_conformance/test_conformance.py::test_yaml_conformance[algorithms::md5_alphanumeric] PASSED [  9%]
.venv/Lib/site-packages/moo_conformance/test_conformance.py::test_yaml_conformance[algorithms::md5_long_digits] PASSED [  9%]
.venv/Lib/site-packages/moo_conformance/test_conformance.py::test_yaml_conformance[algorithms::md5_38] PASSED [  9%]
.venv/Lib/site-packages/moo_conformance/test_conformance.py::test_yaml_conformance[algorithms::sha1_empty_string] PASSED [  9%]
.venv/Lib/site-packages/moo_conformance/test_conformance.py::test_yaml_conformance[algorithms::sha1_single_a] PASSED [  9%]
.venv/Lib/site-packages/moo_conformance/test_conformance.py::test_yaml_conformance[algorithms::sha1_message_digest] PASSED [  9%]
.venv/Lib/site-packages/moo_conformance/test_conformance.py::test_yaml_conformance[algorithms::sha1_alphabet] PASSED [  9%]
.venv/Lib/site-packages/moo_conformance/test_conformance.py::test_yaml_conformance[algorithms::sha1_alphanumeric] PASSED [  9%]
.venv/Lib/site-packages/moo_conformance/test_conformance.py::test_yaml_conformance[algorithms::sha1_long_digits] PASSED [  9%]
.venv/Lib/site-packages/moo_conformance/test_conformance.py::test_yaml_conformance[algorithms::sha1_38] PASSED [ 10%]
.venv/Lib/site-packages/moo_conformance/test_conformance.py::test_yaml_conformance[algorithms::sha224_empty_string] PASSED [ 10%]
.venv/Lib/site-packages/moo_conformance/test_conformance.py::test_yaml_conformance[algorithms::sha224_single_a] PASSED [ 10%]
.venv/Lib/site-packages/moo_conformance/test_conformance.py::test_yaml_conformance[algorithms::sha224_abc] PASSED [ 10%]
.venv/Lib/site-packages/moo_conformance/test_conformance.py::test_yaml_conformance[algorithms::sha224_message_digest] PASSED [ 10%]
.venv/Lib/site-packages/moo_conformance/test_conformance.py::test_yaml_conformance[algorithms::sha224_alphabet] PASSED [ 10%]
.venv/Lib/site-packages/moo_conformance/test_conformance.py::test_yaml_conformance[algorithms::sha224_alphanumeric] PASSED [ 10%]
.venv/Lib/site-packages/moo_conformance/test_conformance.py::test_yaml_conformance[algorithms::sha224_long_digits] PASSED [ 10%]
.venv/Lib/site-packages/moo_conformance/test_conformance.py::test_yaml_conformance[algorithms::sha224_38] PASSED [ 10%]
.venv/Lib/site-packages/moo_conformance/test_conformance.py::test_yaml_conformance[algorithms::sha224_long_repeating] PASSED [ 10%]
.venv/Lib/site-packages/moo_conformance/test_conformance.py::test_yaml_conformance[algorithms::sha256_empty_string] PASSED [ 10%]
.venv/Lib/site-packages/moo_conformance/test_conformance.py::test_yaml_conformance[algorithms::sha256_single_a] PASSED [ 10%]
.venv/Lib/site-packages/moo_conformance/test_conformance.py::test_yaml_conformance[algorithms::sha256_message_digest] PASSED [ 10%]
.venv/Lib/site-packages/moo_conformance/test_conformance.py::test_yaml_conformance[algorithms::sha256_alphabet] PASSED [ 10%]
.venv/Lib/site-packages/moo_conformance/test_conformance.py::test_yaml_conformance[algorithms::sha256_alphanumeric] PASSED [ 10%]
.venv/Lib/site-packages/moo_conformance/test_conformance.py::test_yaml_conformance[algorithms::sha256_long_digits] PASSED [ 10%]
.venv/Lib/site-packages/moo_conformance/test_conformance.py::test_yaml_conformance[algorithms::sha256_38] PASSED [ 10%]
.venv/Lib/site-packages/moo_conformance/test_conformance.py::test_yaml_conformance[algorithms::sha256_long_repeating] PASSED [ 10%]
.venv/Lib/site-packages/moo_conformance/test_conformance.py::test_yaml_conformance[algorithms::sha256_very_long_repeating] PASSED [ 11%]
.venv/Lib/site-packages/moo_conformance/test_conformance.py::test_yaml_conformance[algorithms::sha384_empty_string] PASSED [ 11%]
.venv/Lib/site-packages/moo_conformance/test_conformance.py::test_yaml_conformance[algorithms::sha384_single_a] PASSED [ 11%]
.venv/Lib/site-packages/moo_conformance/test_conformance.py::test_yaml_conformance[algorithms::sha384_message_digest] PASSED [ 11%]
.venv/Lib/site-packages/moo_conformance/test_conformance.py::test_yaml_conformance[algorithms::sha384_alphabet] PASSED [ 11%]
.venv/Lib/site-packages/moo_conformance/test_conformance.py::test_yaml_conformance[algorithms::sha384_alphanumeric] PASSED [ 11%]
.venv/Lib/site-packages/moo_conformance/test_conformance.py::test_yaml_conformance[algorithms::sha384_long_digits] PASSED [ 11%]
.venv/Lib/site-packages/moo_conformance/test_conformance.py::test_yaml_conformance[algorithms::sha384_38] PASSED [ 11%]
.venv/Lib/site-packages/moo_conformance/test_conformance.py::test_yaml_conformance[algorithms::sha384_very_long_repeating] PASSED [ 11%]
.venv/Lib/site-packages/moo_conformance/test_conformance.py::test_yaml_conformance[algorithms::sha512_empty_string] PASSED [ 11%]
.venv/Lib/site-packages/moo_conformance/test_conformance.py::test_yaml_conformance[algorithms::sha512_single_a] PASSED [ 11%]
.venv/Lib/site-packages/moo_conformance/test_conformance.py::test_yaml_conformance[algorithms::sha512_message_digest] PASSED [ 11%]
.venv/Lib/site-packages/moo_conformance/test_conformance.py::test_yaml_conformance[algorithms::sha512_alphabet] PASSED [ 11%]
.venv/Lib/site-packages/moo_conformance/test_conformance.py::test_yaml_conformance[algorithms::sha512_alphanumeric] PASSED [ 11%]
.venv/Lib/site-packages/moo_conformance/test_conformance.py::test_yaml_conformance[algorithms::sha512_long_digits] PASSED [ 11%]
.venv/Lib/site-packages/moo_conformance/test_conformance.py::test_yaml_conformance[algorithms::sha512_38] PASSED [ 11%]
.venv/Lib/site-packages/moo_conformance/test_conformance.py::test_yaml_conformance[algorithms::sha512_very_long_repeating] PASSED [ 11%]
.venv/Lib/site-packages/moo_conformance/test_conformance.py::test_yaml_conformance[algorithms::sha512_triple_alphanumeric] PASSED [ 11%]
.venv/Lib/site-packages/moo_conformance/test_conformance.py::test_yaml_conformance[algorithms::sha512_very_long_digits] PASSED [ 12%]
.venv/Lib/site-packages/moo_conformance/test_conformance.py::test_yaml_conformance[algorithms::ripemd160_empty_string] PASSED [ 12%]
.venv/Lib/site-packages/moo_conformance/test_conformance.py::test_yaml_conformance[algorithms::ripemd160_single_a] PASSED [ 12%]
.venv/Lib/site-packages/moo_conformance/test_conformance.py::test_yaml_conformance[algorithms::ripemd160_alphabet] PASSED [ 12%]
.venv/Lib/site-packages/moo_conformance/test_conformance.py::test_yaml_conformance[algorithms::ripemd160_message_digest] PASSED [ 12%]
.venv/Lib/site-packages/moo_conformance/test_conformance.py::test_yaml_conformance[algorithms::ripemd160_alphanumeric] PASSED [ 12%]
.venv/Lib/site-packages/moo_conformance/test_conformance.py::test_yaml_conformance[algorithms::ripemd160_long_digits] PASSED [ 12%]
.venv/Lib/site-packages/moo_conformance/test_conformance.py::test_yaml_conformance[algorithms::ripemd160_38] PASSED [ 12%]
.venv/Lib/site-packages/moo_conformance/test_conformance.py::test_yaml_conformance[algorithms::string_hmac_jefe_sha256] PASSED [ 12%]
.venv/Lib/site-packages/moo_conformance/test_conformance.py::test_yaml_conformance[algorithms::string_hmac_jefe_sha256_default] PASSED [ 12%]
.venv/Lib/site-packages/moo_conformance/test_conformance.py::test_yaml_conformance[algorithms::string_hmac_empty_sha256] PASSED [ 12%]
.venv/Lib/site-packages/moo_conformance/test_conformance.py::test_yaml_conformance[algorithms::string_hmac_jefe_sha1] PASSED [ 12%]
.venv/Lib/site-packages/moo_conformance/test_conformance.py::test_yaml_conformance[algorithms::string_hmac_invalid_algorithm] PASSED [ 12%]
.venv/Lib/site-packages/moo_conformance/test_conformance.py::test_yaml_conformance[algorithms::binary_hmac_jefe_sha1] PASSED [ 12%]
.venv/Lib/site-packages/moo_conformance/test_conformance.py::test_yaml_conformance[algorithms::binary_hmac_hi_there_sha1] PASSED [ 12%]
.venv/Lib/site-packages/moo_conformance/test_conformance.py::test_yaml_conformance[algorithms::binary_hmac_empty_sha256] PASSED [ 12%]
.venv/Lib/site-packages/moo_conformance/test_conformance.py::test_yaml_conformance[algorithms::binary_hmac_bad_binary_string] PASSED [ 12%]
.venv/Lib/site-packages/moo_conformance/test_conformance.py::test_yaml_conformance[algorithms::binary_hmac_bad_key] PASSED [ 12%]
.venv/Lib/site-packages/moo_conformance/test_conformance.py::test_yaml_conformance[algorithms::value_hmac_jefe_sha1] PASSED [ 13%]
.venv/Lib/site-packages/moo_conformance/test_conformance.py::test_yaml_conformance[algorithms::value_hmac_jefe_sha256] PASSED [ 13%]
.venv/Lib/site-packages/moo_conformance/test_conformance.py::test_yaml_conformance[algorithms::value_hmac_empty_sha256] PASSED [ 13%]
.venv/Lib/site-packages/moo_conformance/test_conformance.py::test_yaml_conformance[algorithms::string_hash_case_insensitive_md5] PASSED [ 13%]
.venv/Lib/site-packages/moo_conformance/test_conformance.py::test_yaml_conformance[algorithms::binary_hash_case_insensitive_sha256] PASSED [ 13%]
.venv/Lib/site-packages/moo_conformance/test_conformance.py::test_yaml_conformance[algorithms::value_hash_case_insensitive_sha1] PASSED [ 13%]
.venv/Lib/site-packages/moo_conformance/test_conformance.py::test_yaml_conformance[algorithms::string_hash_binary_output_md5] PASSED [ 13%]
.venv/Lib/site-packages/moo_conformance/test_conformance.py::test_yaml_conformance[algorithms::binary_hash_binary_output_sha256] PASSED [ 13%]
.venv/Lib/site-packages/moo_conformance/test_conformance.py::test_yaml_conformance[algorithms::value_hash_binary_output_sha1] PASSED [ 13%]
.venv/Lib/site-packages/moo_conformance/test_conformance.py::test_yaml_conformance[algorithms::string_hmac_binary_output_sha256] PASSED [ 13%]
.venv/Lib/site-packages/moo_conformance/test_conformance.py::test_yaml_conformance[algorithms::binary_hmac_binary_output_sha1] PASSED [ 13%]
.venv/Lib/site-packages/moo_conformance/test_conformance.py::test_yaml_conformance[algorithms::value_hmac_binary_output_sha256] PASSED [ 13%]
.venv/Lib/site-packages/moo_conformance/test_conformance.py::test_yaml_conformance[algorithms::hash_length_md5] PASSED [ 13%]
.venv/Lib/site-packages/moo_conformance/test_conformance.py::test_yaml_conformance[algorithms::hash_length_sha1] PASSED [ 13%]
.venv/Lib/site-packages/moo_conformance/test_conformance.py::test_yaml_conformance[algorithms::hash_length_sha224] PASSED [ 13%]
.venv/Lib/site-packages/moo_conformance/test_conformance.py::test_yaml_conformance[algorithms::hash_length_sha256] PASSED [ 13%]
.venv/Lib/site-packages/moo_conformance/test_conformance.py::test_yaml_conformance[algorithms::hash_length_sha384] PASSED [ 13%]
.venv/Lib/site-packages/moo_conformance/test_conformance.py::test_yaml_conformance[algorithms::hash_length_sha512] PASSED [ 13%]
.venv/Lib/site-packages/moo_conformance/test_conformance.py::test_yaml_conformance[algorithms::hash_length_ripemd160] PASSED [ 14%]
.venv/Lib/site-packages/moo_conformance/test_conformance.py::test_yaml_conformance[algorithms::salt_standard_two_char] PASSED [ 14%]
.venv/Lib/site-packages/moo_conformance/test_conformance.py::test_yaml_conformance[algorithms::salt_standard_requires_two_chars] PASSED [ 14%]
.venv/Lib/site-packages/moo_conformance/test_conformance.py::test_yaml_conformance[algorithms::salt_md5_prefix] PASSED [ 14%]
.venv/Lib/site-packages/moo_conformance/test_conformance.py::test_yaml_conformance[algorithms::salt_md5_requires_three_chars] PASSED [ 14%]
.venv/Lib/site-packages/moo_conformance/test_conformance.py::test_yaml_conformance[algorithms::salt_sha256_prefix] PASSED [ 14%]
.venv/Lib/site-packages/moo_conformance/test_conformance.py::test_yaml_conformance[algorithms::salt_sha256_requires_three_chars] PASSED [ 14%]
.venv/Lib/site-packages/moo_conformance/test_conformance.py::test_yaml_conformance[algorithms::salt_sha256_rounds] PASSED [ 14%]
.venv/Lib/site-packages/moo_conformance/test_conformance.py::test_yaml_conformance[algorithms::salt_sha256_rounds_min] PASSED [ 14%]
.venv/Lib/site-packages/moo_conformance/test_conformance.py::test_yaml_conformance[algorithms::salt_sha256_rounds_max] PASSED [ 14%]
.venv/Lib/site-packages/moo_conformance/test_conformance.py::test_yaml_conformance[algorithms::salt_sha512_prefix] PASSED [ 14%]
.venv/Lib/site-packages/moo_conformance/test_conformance.py::test_yaml_conformance[algorithms::salt_sha512_requires_three_chars] PASSED [ 14%]
.venv/Lib/site-packages/moo_conformance/test_conformance.py::test_yaml_conformance[algorithms::salt_sha512_rounds] PASSED [ 14%]
.venv/Lib/site-packages/moo_conformance/test_conformance.py::test_yaml_conformance[algorithms::salt_bcrypt_prefix] PASSED [ 14%]
.venv/Lib/site-packages/moo_conformance/test_conformance.py::test_yaml_conformance[algorithms::salt_bcrypt_requires_sixteen_chars] PASSED [ 14%]
.venv/Lib/site-packages/moo_conformance/test_conformance.py::test_yaml_conformance[algorithms::salt_bcrypt_cost_factor] PASSED [ 14%]
.venv/Lib/site-packages/moo_conformance/test_conformance.py::test_yaml_conformance[algorithms::salt_bcrypt_cost_min] PASSED [ 14%]
.venv/Lib/site-packages/moo_conformance/test_conformance.py::test_yaml_conformance[algorithms::salt_bcrypt_cost_max] PASSED [ 14%]
.venv/Lib/site-packages/moo_conformance/test_conformance.py::test_yaml_conformance[algorithms::salt_binary_string] PASSED [ 15%]
.venv/Lib/site-packages/moo_conformance/test_conformance.py::test_yaml_conformance[algorithms::salt_bad_binary_string] PASSED [ 15%]
.venv/Lib/site-packages/moo_conformance/test_conformance.py::test_yaml_conformance[algorithms::salt_invalid_prefix] PASSED [ 15%]
.venv/Lib/site-packages/moo_conformance/test_conformance.py::test_yaml_conformance[algorithms::crypt_one_arg_defaults_to_unix] SKIPPED [ 15%]
.venv/Lib/site-packages/moo_conformance/test_conformance.py::test_yaml_conformance[algorithms::crypt_falls_through_to_unix] SKIPPED [ 15%]
.venv/Lib/site-packages/moo_conformance/test_conformance.py::test_yaml_conformance[algorithms::crypt_sha256_with_salt] SKIPPED [ 15%]
.venv/Lib/site-packages/moo_conformance/test_conformance.py::test_yaml_conformance[algorithms::crypt_sha256_rounds_wizard] SKIPPED [ 15%]
.venv/Lib/site-packages/moo_conformance/test_conformance.py::test_yaml_conformance[algorithms::crypt_sha256_rounds_non_wizard] SKIPPED [ 15%]
.venv/Lib/site-packages/moo_conformance/test_conformance.py::test_yaml_conformance[algorithms::crypt_sha512_with_salt] SKIPPED [ 15%]
.venv/Lib/site-packages/moo_conformance/test_conformance.py::test_yaml_conformance[algorithms::crypt_sha512_rounds_wizard] SKIPPED [ 15%]
.venv/Lib/site-packages/moo_conformance/test_conformance.py::test_yaml_conformance[algorithms::crypt_sha512_rounds_non_wizard] SKIPPED [ 15%]
.venv/Lib/site-packages/moo_conformance/test_conformance.py::test_yaml_conformance[algorithms::crypt_bcrypt_with_salt] SKIPPED [ 15%]
.venv/Lib/site-packages/moo_conformance/test_conformance.py::test_yaml_conformance[algorithms::crypt_bcrypt_requires_sixteen_chars] SKIPPED [ 15%]
.venv/Lib/site-packages/moo_conformance/test_conformance.py::test_yaml_conformance[algorithms::crypt_bcrypt_cost_factor] SKIPPED [ 15%]
.venv/Lib/site-packages/moo_conformance/test_conformance.py::test_yaml_conformance[algorithms::crypt_bcrypt_cost_min] SKIPPED [ 15%]
.venv/Lib/site-packages/moo_conformance/test_conformance.py::test_yaml_conformance[algorithms::crypt_bcrypt_cost_max] SKIPPED [ 15%]
.venv/Lib/site-packages/moo_conformance/test_conformance.py::test_yaml_conformance[algorithms::crypt_bcrypt_cost_non_five_requires_wizard] SKIPPED [ 15%]
.venv/Lib/site-packages/moo_conformance/test_conformance.py::test_yaml_conformance[algorithms::crypt_invalid_salt] PASSED [ 15%]
.venv/Lib/site-packages/moo_conformance/test_conformance.py::test_yaml_conformance[builtin_presence_core::acosh_exists_in_runtime] PASSED [ 16%]
.venv/Lib/site-packages/moo_conformance/test_conformance.py::test_yaml_conformance[builtin_presence_core::all_members_exists_in_runtime] PASSED [ 16%]
.venv/Lib/site-packages/moo_conformance/test_conformance.py::test_yaml_conformance[builtin_presence_core::asinh_exists_in_runtime] PASSED [ 16%]
.venv/Lib/site-packages/moo_conformance/test_conformance.py::test_yaml_conformance[builtin_presence_core::atan2_exists_in_runtime] PASSED [ 16%]
.venv/Lib/site-packages/moo_conformance/test_conformance.py::test_yaml_conformance[builtin_presence_core::atanh_exists_in_runtime] PASSED [ 16%]
.venv/Lib/site-packages/moo_conformance/test_conformance.py::test_yaml_conformance[builtin_presence_core::background_test_exists_in_runtime] PASSED [ 16%]
.venv/Lib/site-packages/moo_conformance/test_conformance.py::test_yaml_conformance[builtin_presence_core::buffered_output_length_exists_in_runtime] PASSED [ 16%]
.venv/Lib/site-packages/moo_conformance/test_conformance.py::test_yaml_conformance[builtin_presence_core::call_function_exists_in_runtime] PASSED [ 16%]
.venv/Lib/site-packages/moo_conformance/test_conformance.py::test_yaml_conformance[builtin_presence_core::cbrt_exists_in_runtime] PASSED [ 16%]
.venv/Lib/site-packages/moo_conformance/test_conformance.py::test_yaml_conformance[builtin_presence_core::chr_exists_in_runtime] PASSED [ 16%]
.venv/Lib/site-packages/moo_conformance/test_conformance.py::test_yaml_conformance[builtin_presence_core::connection_options_exists_in_runtime] PASSED [ 16%]
.venv/Lib/site-packages/moo_conformance/test_conformance.py::test_yaml_conformance[builtin_presence_core::db_disk_size_exists_in_runtime] PASSED [ 16%]
.venv/Lib/site-packages/moo_conformance/test_conformance.py::test_yaml_conformance[builtin_presence_core::distance_exists_in_runtime] PASSED [ 16%]
.venv/Lib/site-packages/moo_conformance/test_conformance.py::test_yaml_conformance[builtin_presence_core::dump_database_exists_in_runtime] PASSED [ 16%]
.venv/Lib/site-packages/moo_conformance/test_conformance.py::test_yaml_conformance[builtin_presence_core::finished_tasks_exists_in_runtime] PASSED [ 16%]
.venv/Lib/site-packages/moo_conformance/test_conformance.py::test_yaml_conformance[builtin_presence_core::flush_input_exists_in_runtime] PASSED [ 16%]
.venv/Lib/site-packages/moo_conformance/test_conformance.py::test_yaml_conformance[builtin_presence_core::force_input_exists_in_runtime] PASSED [ 16%]
.venv/Lib/site-packages/moo_conformance/test_conformance.py::test_yaml_conformance[builtin_presence_core::frandom_exists_in_runtime] PASSED [ 16%]
.venv/Lib/site-packages/moo_conformance/test_conformance.py::test_yaml_conformance[builtin_presence_core::function_info_exists_in_runtime] PASSED [ 17%]
.venv/Lib/site-packages/moo_conformance/test_conformance.py::test_yaml_conformance[builtin_presence_core::listen_exists_in_runtime] PASSED [ 17%]
.venv/Lib/site-packages/moo_conformance/test_conformance.py::test_yaml_conformance[builtin_presence_core::locate_by_name_exists_in_runtime] PASSED [ 17%]
.venv/Lib/site-packages/moo_conformance/test_conformance.py::test_yaml_conformance[builtin_presence_core::locations_exists_in_runtime] PASSED [ 17%]
.venv/Lib/site-packages/moo_conformance/test_conformance.py::test_yaml_conformance[builtin_presence_core::log_cache_stats_exists_in_runtime] PASSED [ 17%]
.venv/Lib/site-packages/moo_conformance/test_conformance.py::test_yaml_conformance[builtin_presence_core::malloc_stats_exists_in_runtime] PASSED [ 17%]
.venv/Lib/site-packages/moo_conformance/test_conformance.py::test_yaml_conformance[builtin_presence_core::memory_usage_exists_in_runtime] PASSED [ 17%]
.venv/Lib/site-packages/moo_conformance/test_conformance.py::test_yaml_conformance[builtin_presence_core::next_recycled_object_exists_in_runtime] PASSED [ 17%]
.venv/Lib/site-packages/moo_conformance/test_conformance.py::test_yaml_conformance[builtin_presence_core::open_network_connection_exists_in_runtime] PASSED [ 17%]
.venv/Lib/site-packages/moo_conformance/test_conformance.py::test_yaml_conformance[builtin_presence_core::output_delimiters_exists_in_runtime] PASSED [ 17%]
.venv/Lib/site-packages/moo_conformance/test_conformance.py::test_yaml_conformance[builtin_presence_core::owned_objects_exists_in_runtime] PASSED [ 17%]
.venv/Lib/site-packages/moo_conformance/test_conformance.py::test_yaml_conformance[builtin_presence_core::parse_ansi_exists_in_runtime] PASSED [ 17%]
.venv/Lib/site-packages/moo_conformance/test_conformance.py::test_yaml_conformance[builtin_presence_core::queue_info_exists_in_runtime] PASSED [ 17%]
.venv/Lib/site-packages/moo_conformance/test_conformance.py::test_yaml_conformance[builtin_presence_core::read_exists_in_runtime] PASSED [ 17%]
.venv/Lib/site-packages/moo_conformance/test_conformance.py::test_yaml_conformance[builtin_presence_core::recreate_exists_in_runtime] PASSED [ 17%]
.venv/Lib/site-packages/moo_conformance/test_conformance.py::test_yaml_conformance[builtin_presence_core::recycled_objects_exists_in_runtime] PASSED [ 17%]
.venv/Lib/site-packages/moo_conformance/test_conformance.py::test_yaml_conformance[builtin_presence_core::relative_heading_exists_in_runtime] PASSED [ 17%]
.venv/Lib/site-packages/moo_conformance/test_conformance.py::test_yaml_conformance[builtin_presence_core::remove_ansi_exists_in_runtime] PASSED [ 17%]
.venv/Lib/site-packages/moo_conformance/test_conformance.py::test_yaml_conformance[builtin_presence_core::reseed_random_exists_in_runtime] PASSED [ 18%]
.venv/Lib/site-packages/moo_conformance/test_conformance.py::test_yaml_conformance[builtin_presence_core::reset_max_object_exists_in_runtime] PASSED [ 18%]
.venv/Lib/site-packages/moo_conformance/test_conformance.py::test_yaml_conformance[builtin_presence_core::round_exists_in_runtime] PASSED [ 18%]
.venv/Lib/site-packages/moo_conformance/test_conformance.py::test_yaml_conformance[builtin_presence_core::set_thread_mode_exists_in_runtime] PASSED [ 18%]
.venv/Lib/site-packages/moo_conformance/test_conformance.py::test_yaml_conformance[builtin_presence_core::shutdown_exists_in_runtime] PASSED [ 18%]
.venv/Lib/site-packages/moo_conformance/test_conformance.py::test_yaml_conformance[builtin_presence_core::simplex_noise_exists_in_runtime] PASSED [ 18%]
.venv/Lib/site-packages/moo_conformance/test_conformance.py::test_yaml_conformance[builtin_presence_core::task_perms_exists_in_runtime] PASSED [ 18%]
.venv/Lib/site-packages/moo_conformance/test_conformance.py::test_yaml_conformance[builtin_presence_core::thread_pool_exists_in_runtime] PASSED [ 18%]
.venv/Lib/site-packages/moo_conformance/test_conformance.py::test_yaml_conformance[builtin_presence_core::threads_exists_in_runtime] PASSED [ 18%]
.venv/Lib/site-packages/moo_conformance/test_conformance.py::test_yaml_conformance[builtin_presence_core::unlisten_exists_in_runtime] PASSED [ 18%]
.venv/Lib/site-packages/moo_conformance/test_conformance.py::test_yaml_conformance[builtin_presence_core::usage_exists_in_runtime] PASSED [ 18%]
.venv/Lib/site-packages/moo_conformance/test_conformance.py::test_yaml_conformance[builtin_presence_core::verb_cache_stats_exists_in_runtime] PASSED [ 18%]
.venv/Lib/site-packages/moo_conformance/test_conformance.py::test_yaml_conformance[builtin_presence_core::waif_stats_exists_in_runtime] PASSED [ 18%]
.venv/Lib/site-packages/moo_conformance/test_conformance.py::test_yaml_conformance[builtin_presence_extensions::argon2_exists_in_runtime] PASSED [ 18%]
.venv/Lib/site-packages/moo_conformance/test_conformance.py::test_yaml_conformance[builtin_presence_extensions::argon2_verify_exists_in_runtime] PASSED [ 18%]
.venv/Lib/site-packages/moo_conformance/test_conformance.py::test_yaml_conformance[builtin_presence_extensions::curl_exists_in_runtime] PASSED [ 18%]
.venv/Lib/site-packages/moo_conformance/test_conformance.py::test_yaml_conformance[builtin_presence_extensions::file_chmod_exists_in_runtime] PASSED [ 18%]
.venv/Lib/site-packages/moo_conformance/test_conformance.py::test_yaml_conformance[builtin_presence_extensions::file_close_exists_in_runtime] PASSED [ 18%]
.venv/Lib/site-packages/moo_conformance/test_conformance.py::test_yaml_conformance[builtin_presence_extensions::file_count_lines_exists_in_runtime] PASSED [ 19%]
.venv/Lib/site-packages/moo_conformance/test_conformance.py::test_yaml_conformance[builtin_presence_extensions::file_eof_exists_in_runtime] PASSED [ 19%]
.venv/Lib/site-packages/moo_conformance/test_conformance.py::test_yaml_conformance[builtin_presence_extensions::file_flush_exists_in_runtime] PASSED [ 19%]
.venv/Lib/site-packages/moo_conformance/test_conformance.py::test_yaml_conformance[builtin_presence_extensions::file_grep_exists_in_runtime] PASSED [ 19%]
.venv/Lib/site-packages/moo_conformance/test_conformance.py::test_yaml_conformance[builtin_presence_extensions::file_handles_exists_in_runtime] PASSED [ 19%]
.venv/Lib/site-packages/moo_conformance/test_conformance.py::test_yaml_conformance[builtin_presence_extensions::file_last_access_exists_in_runtime] PASSED [ 19%]
.venv/Lib/site-packages/moo_conformance/test_conformance.py::test_yaml_conformance[builtin_presence_extensions::file_last_change_exists_in_runtime] PASSED [ 19%]
.venv/Lib/site-packages/moo_conformance/test_conformance.py::test_yaml_conformance[builtin_presence_extensions::file_last_modify_exists_in_runtime] PASSED [ 19%]
.venv/Lib/site-packages/moo_conformance/test_conformance.py::test_yaml_conformance[builtin_presence_extensions::file_list_exists_in_runtime] PASSED [ 19%]
.venv/Lib/site-packages/moo_conformance/test_conformance.py::test_yaml_conformance[builtin_presence_extensions::file_mkdir_exists_in_runtime] PASSED [ 19%]
.venv/Lib/site-packages/moo_conformance/test_conformance.py::test_yaml_conformance[builtin_presence_extensions::file_mode_exists_in_runtime] PASSED [ 19%]
.venv/Lib/site-packages/moo_conformance/test_conformance.py::test_yaml_conformance[builtin_presence_extensions::file_name_exists_in_runtime] PASSED [ 19%]
.venv/Lib/site-packages/moo_conformance/test_conformance.py::test_yaml_conformance[builtin_presence_extensions::file_open_exists_in_runtime] PASSED [ 19%]
.venv/Lib/site-packages/moo_conformance/test_conformance.py::test_yaml_conformance[builtin_presence_extensions::file_openmode_exists_in_runtime] PASSED [ 19%]
.venv/Lib/site-packages/moo_conformance/test_conformance.py::test_yaml_conformance[builtin_presence_extensions::file_read_exists_in_runtime] PASSED [ 19%]
.venv/Lib/site-packages/moo_conformance/test_conformance.py::test_yaml_conformance[builtin_presence_extensions::file_readline_exists_in_runtime] PASSED [ 19%]
.venv/Lib/site-packages/moo_conformance/test_conformance.py::test_yaml_conformance[builtin_presence_extensions::file_readlines_exists_in_runtime] PASSED [ 19%]
.venv/Lib/site-packages/moo_conformance/test_conformance.py::test_yaml_conformance[builtin_presence_extensions::file_remove_exists_in_runtime] PASSED [ 19%]
.venv/Lib/site-packages/moo_conformance/test_conformance.py::test_yaml_conformance[builtin_presence_extensions::file_rename_exists_in_runtime] PASSED [ 20%]
.venv/Lib/site-packages/moo_conformance/test_conformance.py::test_yaml_conformance[builtin_presence_extensions::file_rmdir_exists_in_runtime] PASSED [ 20%]
.venv/Lib/site-packages/moo_conformance/test_conformance.py::test_yaml_conformance[builtin_presence_extensions::file_seek_exists_in_runtime] PASSED [ 20%]
.venv/Lib/site-packages/moo_conformance/test_conformance.py::test_yaml_conformance[builtin_presence_extensions::file_size_exists_in_runtime] PASSED [ 20%]
.venv/Lib/site-packages/moo_conformance/test_conformance.py::test_yaml_conformance[builtin_presence_extensions::file_stat_exists_in_runtime] PASSED [ 20%]
.venv/Lib/site-packages/moo_conformance/test_conformance.py::test_yaml_conformance[builtin_presence_extensions::file_tell_exists_in_runtime] PASSED [ 20%]
.venv/Lib/site-packages/moo_conformance/test_conformance.py::test_yaml_conformance[builtin_presence_extensions::file_type_exists_in_runtime] PASSED [ 20%]
.venv/Lib/site-packages/moo_conformance/test_conformance.py::test_yaml_conformance[builtin_presence_extensions::file_write_exists_in_runtime] PASSED [ 20%]
.venv/Lib/site-packages/moo_conformance/test_conformance.py::test_yaml_conformance[builtin_presence_extensions::file_writeline_exists_in_runtime] PASSED [ 20%]
.venv/Lib/site-packages/moo_conformance/test_conformance.py::test_yaml_conformance[builtin_presence_extensions::pcre_cache_stats_exists_in_runtime] PASSED [ 20%]
.venv/Lib/site-packages/moo_conformance/test_conformance.py::test_yaml_conformance[builtin_presence_extensions::pcre_match_exists_in_runtime] PASSED [ 20%]
.venv/Lib/site-packages/moo_conformance/test_conformance.py::test_yaml_conformance[builtin_presence_extensions::pcre_replace_exists_in_runtime] PASSED [ 20%]
.venv/Lib/site-packages/moo_conformance/test_conformance.py::test_yaml_conformance[builtin_presence_extensions::read_stdin_exists_in_runtime] PASSED [ 20%]
.venv/Lib/site-packages/moo_conformance/test_conformance.py::test_yaml_conformance[builtin_presence_extensions::spellcheck_exists_in_runtime] PASSED [ 20%]
.venv/Lib/site-packages/moo_conformance/test_conformance.py::test_yaml_conformance[builtin_presence_extensions::sqlite_close_exists_in_runtime] PASSED [ 20%]
.venv/Lib/site-packages/moo_conformance/test_conformance.py::test_yaml_conformance[builtin_presence_extensions::sqlite_execute_exists_in_runtime] PASSED [ 20%]
.venv/Lib/site-packages/moo_conformance/test_conformance.py::test_yaml_conformance[builtin_presence_extensions::sqlite_handles_exists_in_runtime] PASSED [ 20%]
.venv/Lib/site-packages/moo_conformance/test_conformance.py::test_yaml_conformance[builtin_presence_extensions::sqlite_info_exists_in_runtime] PASSED [ 20%]
.venv/Lib/site-packages/moo_conformance/test_conformance.py::test_yaml_conformance[builtin_presence_extensions::sqlite_interrupt_exists_in_runtime] PASSED [ 21%]
.venv/Lib/site-packages/moo_conformance/test_conformance.py::test_yaml_conformance[builtin_presence_extensions::sqlite_last_insert_row_id_exists_in_runtime] PASSED [ 21%]
.venv/Lib/site-packages/moo_conformance/test_conformance.py::test_yaml_conformance[builtin_presence_extensions::sqlite_limit_exists_in_runtime] PASSED [ 21%]
.venv/Lib/site-packages/moo_conformance/test_conformance.py::test_yaml_conformance[builtin_presence_extensions::sqlite_open_exists_in_runtime] PASSED [ 21%]
.venv/Lib/site-packages/moo_conformance/test_conformance.py::test_yaml_conformance[builtin_presence_extensions::sqlite_query_exists_in_runtime] PASSED [ 21%]
.venv/Lib/site-packages/moo_conformance/test_conformance.py::test_yaml_conformance[builtin_presence_extensions::url_decode_exists_in_runtime] PASSED [ 21%]
.venv/Lib/site-packages/moo_conformance/test_conformance.py::test_yaml_conformance[builtin_presence_extensions::url_encode_exists_in_runtime] PASSED [ 21%]
.venv/Lib/site-packages/moo_conformance/test_conformance.py::test_yaml_conformance[caller_perms::caller_perms_top_level_eval] PASSED [ 21%]
.venv/Lib/site-packages/moo_conformance/test_conformance.py::test_yaml_conformance[caller_perms::caller_perms_returns_player_type] PASSED [ 21%]
.venv/Lib/site-packages/moo_conformance/test_conformance.py::test_yaml_conformance[collection_improvements::nested_list_assignment] PASSED [ 21%]
.venv/Lib/site-packages/moo_conformance/test_conformance.py::test_yaml_conformance[collection_improvements::nested_map_assignment] PASSED [ 21%]
.venv/Lib/site-packages/moo_conformance/test_conformance.py::test_yaml_conformance[collection_improvements::top_level_list_refs_not_shared] PASSED [ 21%]
.venv/Lib/site-packages/moo_conformance/test_conformance.py::test_yaml_conformance[collection_improvements::top_level_map_refs_not_shared] PASSED [ 21%]
.venv/Lib/site-packages/moo_conformance/test_conformance.py::test_yaml_conformance[collection_improvements::top_level_list_nested_assign_not_shared] PASSED [ 21%]
.venv/Lib/site-packages/moo_conformance/test_conformance.py::test_yaml_conformance[collection_improvements::top_level_map_nested_assign_not_shared] PASSED [ 21%]
.venv/Lib/site-packages/moo_conformance/test_conformance.py::test_yaml_conformance[collection_improvements::nested_list_refs_not_shared_1] PASSED [ 21%]
.venv/Lib/site-packages/moo_conformance/test_conformance.py::test_yaml_conformance[collection_improvements::nested_map_refs_not_shared_1] PASSED [ 21%]
.venv/Lib/site-packages/moo_conformance/test_conformance.py::test_yaml_conformance[collection_improvements::nested_list_refs_not_shared_2] PASSED [ 21%]
.venv/Lib/site-packages/moo_conformance/test_conformance.py::test_yaml_conformance[collection_improvements::nested_map_refs_not_shared_2] PASSED [ 22%]
.venv/Lib/site-packages/moo_conformance/test_conformance.py::test_yaml_conformance[collection_improvements::nested_list_refs_not_shared_3] PASSED [ 22%]
.venv/Lib/site-packages/moo_conformance/test_conformance.py::test_yaml_conformance[collection_improvements::nested_map_refs_not_shared_3] PASSED [ 22%]
.venv/Lib/site-packages/moo_conformance/test_conformance.py::test_yaml_conformance[collection_improvements::list_ref_updates_not_shared_1] PASSED [ 22%]
.venv/Lib/site-packages/moo_conformance/test_conformance.py::test_yaml_conformance[collection_improvements::map_ref_updates_not_shared_1] PASSED [ 22%]
.venv/Lib/site-packages/moo_conformance/test_conformance.py::test_yaml_conformance[collection_improvements::list_ref_updates_not_shared_2] PASSED [ 22%]
.venv/Lib/site-packages/moo_conformance/test_conformance.py::test_yaml_conformance[collection_improvements::map_ref_updates_not_shared_2] PASSED [ 22%]
.venv/Lib/site-packages/moo_conformance/test_conformance.py::test_yaml_conformance[collection_improvements::multiple_writes_nested_list] PASSED [ 22%]
.venv/Lib/site-packages/moo_conformance/test_conformance.py::test_yaml_conformance[collection_improvements::multiple_writes_nested_map] PASSED [ 22%]
.venv/Lib/site-packages/moo_conformance/test_conformance.py::test_yaml_conformance[create::requires_argument] PASSED [ 22%]
.venv/Lib/site-packages/moo_conformance/test_conformance.py::test_yaml_conformance[create::first_arg_rejects_integer] PASSED [ 22%]
.venv/Lib/site-packages/moo_conformance/test_conformance.py::test_yaml_conformance[create::first_arg_rejects_list_of_integers] PASSED [ 22%]
.venv/Lib/site-packages/moo_conformance/test_conformance.py::test_yaml_conformance[create::first_arg_accepts_object] PASSED [ 22%]
.venv/Lib/site-packages/moo_conformance/test_conformance.py::test_yaml_conformance[create::first_arg_accepts_object_alt] PASSED [ 22%]
.venv/Lib/site-packages/moo_conformance/test_conformance.py::test_yaml_conformance[create::first_arg_accepts_list_of_objects] PASSED [ 22%]
.venv/Lib/site-packages/moo_conformance/test_conformance.py::test_yaml_conformance[create::second_arg_as_owner_accepts_object] PASSED [ 22%]
.venv/Lib/site-packages/moo_conformance/test_conformance.py::test_yaml_conformance[create::second_arg_as_owner_sets_owner_to_self] PASSED [ 22%]
.venv/Lib/site-packages/moo_conformance/test_conformance.py::test_yaml_conformance[create::second_arg_as_owner_sets_owner] PASSED [ 22%]
.venv/Lib/site-packages/moo_conformance/test_conformance.py::test_yaml_conformance[create::second_arg_as_int_accepts_anonymous_flag] PASSED [ 23%]
.venv/Lib/site-packages/moo_conformance/test_conformance.py::test_yaml_conformance[create::second_arg_1_creates_anonymous] PASSED [ 23%]
.venv/Lib/site-packages/moo_conformance/test_conformance.py::test_yaml_conformance[create::second_arg_0_creates_object] PASSED [ 23%]
.venv/Lib/site-packages/moo_conformance/test_conformance.py::test_yaml_conformance[create::second_arg_as_list_passes_empty_args] PASSED [ 23%]
.venv/Lib/site-packages/moo_conformance/test_conformance.py::test_yaml_conformance[create::second_arg_as_list_passes_args] PASSED [ 23%]
.venv/Lib/site-packages/moo_conformance/test_conformance.py::test_yaml_conformance[create::second_arg_omitted_passes_empty_args] PASSED [ 23%]
.venv/Lib/site-packages/moo_conformance/test_conformance.py::test_yaml_conformance[create::third_arg_as_int_accepts_anonymous_flag] PASSED [ 23%]
.venv/Lib/site-packages/moo_conformance/test_conformance.py::test_yaml_conformance[create::third_arg_1_creates_anonymous] PASSED [ 23%]
.venv/Lib/site-packages/moo_conformance/test_conformance.py::test_yaml_conformance[create::third_arg_0_creates_object] PASSED [ 23%]
.venv/Lib/site-packages/moo_conformance/test_conformance.py::test_yaml_conformance[create::third_arg_as_list_passes_empty_args] PASSED [ 23%]
.venv/Lib/site-packages/moo_conformance/test_conformance.py::test_yaml_conformance[create::third_arg_as_list_passes_args] PASSED [ 23%]
.venv/Lib/site-packages/moo_conformance/test_conformance.py::test_yaml_conformance[create::third_arg_as_empty_list_passes_empty_args] PASSED [ 23%]
.venv/Lib/site-packages/moo_conformance/test_conformance.py::test_yaml_conformance[create::fourth_arg_as_int_accepts_anonymous_flag] PASSED [ 23%]
.venv/Lib/site-packages/moo_conformance/test_conformance.py::test_yaml_conformance[create::fourth_arg_1_creates_anonymous] PASSED [ 23%]
.venv/Lib/site-packages/moo_conformance/test_conformance.py::test_yaml_conformance[create::fourth_arg_0_creates_object] PASSED [ 23%]
.venv/Lib/site-packages/moo_conformance/test_conformance.py::test_yaml_conformance[create::fourth_arg_as_list_passes_empty_args] PASSED [ 23%]
.venv/Lib/site-packages/moo_conformance/test_conformance.py::test_yaml_conformance[create::fourth_arg_as_list_passes_args] PASSED [ 23%]
.venv/Lib/site-packages/moo_conformance/test_conformance.py::test_yaml_conformance[create::fourth_arg_as_empty_list_passes_empty_args] PASSED [ 23%]
.venv/Lib/site-packages/moo_conformance/test_conformance.py::test_yaml_conformance[create::regular_object_can_be_own_owner] PASSED [ 24%]
.venv/Lib/site-packages/moo_conformance/test_conformance.py::test_yaml_conformance[create::anonymous_cannot_be_own_owner] PASSED [ 24%]
.venv/Lib/site-packages/moo_conformance/test_conformance.py::test_yaml_conformance[create::type_error_int_list_obj] PASSED [ 24%]
.venv/Lib/site-packages/moo_conformance/test_conformance.py::test_yaml_conformance[create::type_error_list_obj] PASSED [ 24%]
.venv/Lib/site-packages/moo_conformance/test_conformance.py::test_yaml_conformance[create::type_error_obj_obj] PASSED [ 24%]
.venv/Lib/site-packages/moo_conformance/test_conformance.py::test_yaml_conformance[create::type_error_obj_int_int] PASSED [ 24%]
.venv/Lib/site-packages/moo_conformance/test_conformance.py::test_yaml_conformance[create::type_error_obj_list_list] PASSED [ 24%]
.venv/Lib/site-packages/moo_conformance/test_conformance.py::test_yaml_conformance[create::type_error_int_int] PASSED [ 24%]
.venv/Lib/site-packages/moo_conformance/test_conformance.py::test_yaml_conformance[create::type_error_list_list] PASSED [ 24%]
.venv/Lib/site-packages/moo_conformance/test_conformance.py::test_yaml_conformance[create::type_error_obj_float] PASSED [ 24%]
.venv/Lib/site-packages/moo_conformance/test_conformance.py::test_yaml_conformance[create::type_error_float_int] PASSED [ 24%]
.venv/Lib/site-packages/moo_conformance/test_conformance.py::test_yaml_conformance[create::type_error_map] PASSED [ 24%]
.venv/Lib/site-packages/moo_conformance/test_conformance.py::test_yaml_conformance[create::type_error_float] PASSED [ 24%]
.venv/Lib/site-packages/moo_conformance/test_conformance.py::test_yaml_conformance[create::wizard_can_set_fertile_flag] PASSED [ 24%]
.venv/Lib/site-packages/moo_conformance/test_conformance.py::test_yaml_conformance[create::owner_cannot_set_others_fertile_flag] PASSED [ 24%]
.venv/Lib/site-packages/moo_conformance/test_conformance.py::test_yaml_conformance[create::owner_can_set_own_fertile_flag] PASSED [ 24%]
.venv/Lib/site-packages/moo_conformance/test_conformance.py::test_yaml_conformance[create::wizard_can_set_anonymous_flag] PASSED [ 24%]
.venv/Lib/site-packages/moo_conformance/test_conformance.py::test_yaml_conformance[create::owner_cannot_set_others_anonymous_flag] PASSED [ 24%]
.venv/Lib/site-packages/moo_conformance/test_conformance.py::test_yaml_conformance[create::owner_can_set_own_anonymous_flag] PASSED [ 25%]
.venv/Lib/site-packages/moo_conformance/test_conformance.py::test_yaml_conformance[create::wizard_creates_without_fertile_flag_system] PASSED [ 25%]
.venv/Lib/site-packages/moo_conformance/test_conformance.py::test_yaml_conformance[create::wizard_creates_without_fertile_flag_object] PASSED [ 25%]
.venv/Lib/site-packages/moo_conformance/test_conformance.py::test_yaml_conformance[create::owner_creates_self_without_fertile_flag] PASSED [ 25%]
.venv/Lib/site-packages/moo_conformance/test_conformance.py::test_yaml_conformance[create::owner_cannot_create_non_fertile_other] PASSED [ 25%]
.venv/Lib/site-packages/moo_conformance/test_conformance.py::test_yaml_conformance[create::programmer_creates_with_fertile_flag] PASSED [ 25%]
.venv/Lib/site-packages/moo_conformance/test_conformance.py::test_yaml_conformance[create::programmer_cannot_create_non_fertile] PASSED [ 25%]
.venv/Lib/site-packages/moo_conformance/test_conformance.py::test_yaml_conformance[create::wizard_creates_anonymous_without_anonymous_flag_system] PASSED [ 25%]
.venv/Lib/site-packages/moo_conformance/test_conformance.py::test_yaml_conformance[create::wizard_creates_anonymous_without_anonymous_flag_anonymous] PASSED [ 25%]
.venv/Lib/site-packages/moo_conformance/test_conformance.py::test_yaml_conformance[create::owner_creates_anonymous_self_without_flag] PASSED [ 25%]
.venv/Lib/site-packages/moo_conformance/test_conformance.py::test_yaml_conformance[create::owner_cannot_create_anonymous_other_without_flag] PASSED [ 25%]
.venv/Lib/site-packages/moo_conformance/test_conformance.py::test_yaml_conformance[create::programmer_creates_anonymous_with_flag] PASSED [ 25%]
.venv/Lib/site-packages/moo_conformance/test_conformance.py::test_yaml_conformance[create::programmer_cannot_create_anonymous_without_flag] PASSED [ 25%]
.venv/Lib/site-packages/moo_conformance/test_conformance.py::test_yaml_conformance[create::creates_object_type] PASSED [ 25%]
.venv/Lib/site-packages/moo_conformance/test_conformance.py::test_yaml_conformance[create::creates_anonymous_type] PASSED [ 25%]
.venv/Lib/site-packages/moo_conformance/test_conformance.py::test_yaml_conformance[create::creating_object_increments_max_object] PASSED [ 25%]
.venv/Lib/site-packages/moo_conformance/test_conformance.py::test_yaml_conformance[create::creating_anonymous_does_not_increment_max_object] PASSED [ 25%]
.venv/Lib/site-packages/moo_conformance/test_conformance.py::test_yaml_conformance[create::creating_object_calls_initialize] PASSED [ 25%]
.venv/Lib/site-packages/moo_conformance/test_conformance.py::test_yaml_conformance[create::creating_anonymous_calls_initialize] PASSED [ 26%]
.venv/Lib/site-packages/moo_conformance/test_conformance.py::test_yaml_conformance[create::object_appears_in_parent_children] PASSED [ 26%]
.venv/Lib/site-packages/moo_conformance/test_conformance.py::test_yaml_conformance[create::anonymous_does_not_appear_in_parent_children] PASSED [ 26%]
.venv/Lib/site-packages/moo_conformance/test_conformance.py::test_yaml_conformance[create::duplicate_parents_not_allowed_objects] PASSED [ 26%]
.venv/Lib/site-packages/moo_conformance/test_conformance.py::test_yaml_conformance[create::duplicate_parents_not_allowed_anonymous] PASSED [ 26%]
.venv/Lib/site-packages/moo_conformance/test_conformance.py::test_yaml_conformance[create::parents_cannot_have_same_property_name] PASSED [ 26%]
.venv/Lib/site-packages/moo_conformance/test_conformance.py::test_yaml_conformance[eval::eval_requires_programmer] SKIPPED [ 26%]
.venv/Lib/site-packages/moo_conformance/test_conformance.py::test_yaml_conformance[eval::eval_requires_at_least_one_argument] PASSED [ 26%]
.venv/Lib/site-packages/moo_conformance/test_conformance.py::test_yaml_conformance[eval::eval_requires_string_arguments_int] PASSED [ 26%]
.venv/Lib/site-packages/moo_conformance/test_conformance.py::test_yaml_conformance[eval::eval_requires_string_arguments_two_ints] PASSED [ 26%]
.venv/Lib/site-packages/moo_conformance/test_conformance.py::test_yaml_conformance[eval::eval_requires_string_arguments_map] PASSED [ 26%]
.venv/Lib/site-packages/moo_conformance/test_conformance.py::test_yaml_conformance[eval::eval_requires_string_arguments_list] PASSED [ 26%]
.venv/Lib/site-packages/moo_conformance/test_conformance.py::test_yaml_conformance[eval::eval_evaluates_multiple_strings] PASSED [ 26%]
.venv/Lib/site-packages/moo_conformance/test_conformance.py::test_yaml_conformance[eval::eval_evaluates_single_string] PASSED [ 26%]
.venv/Lib/site-packages/moo_conformance/test_conformance.py::test_yaml_conformance[fileio::file_open_requires_wizard] SKIPPED [ 26%]
.venv/Lib/site-packages/moo_conformance/test_conformance.py::test_yaml_conformance[fileio::file_close_requires_wizard] SKIPPED [ 26%]
.venv/Lib/site-packages/moo_conformance/test_conformance.py::test_yaml_conformance[fileio::file_name_requires_wizard] SKIPPED [ 26%]
.venv/Lib/site-packages/moo_conformance/test_conformance.py::test_yaml_conformance[fileio::file_openmode_requires_wizard] SKIPPED [ 26%]
.venv/Lib/site-packages/moo_conformance/test_conformance.py::test_yaml_conformance[fileio::file_readline_requires_wizard] SKIPPED [ 27%]
.venv/Lib/site-packages/moo_conformance/test_conformance.py::test_yaml_conformance[fileio::file_readlines_requires_wizard] SKIPPED [ 27%]
.venv/Lib/site-packages/moo_conformance/test_conformance.py::test_yaml_conformance[fileio::file_writeline_requires_wizard] SKIPPED [ 27%]
.venv/Lib/site-packages/moo_conformance/test_conformance.py::test_yaml_conformance[fileio::file_read_requires_wizard] SKIPPED [ 27%]
.venv/Lib/site-packages/moo_conformance/test_conformance.py::test_yaml_conformance[fileio::file_write_requires_wizard] SKIPPED [ 27%]
.venv/Lib/site-packages/moo_conformance/test_conformance.py::test_yaml_conformance[fileio::file_tell_requires_wizard] SKIPPED [ 27%]
.venv/Lib/site-packages/moo_conformance/test_conformance.py::test_yaml_conformance[fileio::file_seek_requires_wizard] SKIPPED [ 27%]
.venv/Lib/site-packages/moo_conformance/test_conformance.py::test_yaml_conformance[fileio::file_eof_requires_wizard] SKIPPED [ 27%]
.venv/Lib/site-packages/moo_conformance/test_conformance.py::test_yaml_conformance[fileio::file_size_str_requires_wizard] SKIPPED [ 27%]
.venv/Lib/site-packages/moo_conformance/test_conformance.py::test_yaml_conformance[fileio::file_size_int_requires_wizard] SKIPPED [ 27%]
.venv/Lib/site-packages/moo_conformance/test_conformance.py::test_yaml_conformance[fileio::file_mode_str_requires_wizard] SKIPPED [ 27%]
.venv/Lib/site-packages/moo_conformance/test_conformance.py::test_yaml_conformance[fileio::file_mode_int_requires_wizard] SKIPPED [ 27%]
.venv/Lib/site-packages/moo_conformance/test_conformance.py::test_yaml_conformance[fileio::file_last_access_str_requires_wizard] SKIPPED [ 27%]
.venv/Lib/site-packages/moo_conformance/test_conformance.py::test_yaml_conformance[fileio::file_last_access_int_requires_wizard] SKIPPED [ 27%]
.venv/Lib/site-packages/moo_conformance/test_conformance.py::test_yaml_conformance[fileio::file_last_modify_str_requires_wizard] SKIPPED [ 27%]
.venv/Lib/site-packages/moo_conformance/test_conformance.py::test_yaml_conformance[fileio::file_last_modify_int_requires_wizard] SKIPPED [ 27%]
.venv/Lib/site-packages/moo_conformance/test_conformance.py::test_yaml_conformance[fileio::file_last_change_str_requires_wizard] SKIPPED [ 27%]
.venv/Lib/site-packages/moo_conformance/test_conformance.py::test_yaml_conformance[fileio::file_last_change_int_requires_wizard] SKIPPED [ 27%]
.venv/Lib/site-packages/moo_conformance/test_conformance.py::test_yaml_conformance[fileio::file_stat_str_requires_wizard] SKIPPED [ 28%]
.venv/Lib/site-packages/moo_conformance/test_conformance.py::test_yaml_conformance[fileio::file_stat_int_requires_wizard] SKIPPED [ 28%]
.venv/Lib/site-packages/moo_conformance/test_conformance.py::test_yaml_conformance[fileio::file_rename_requires_wizard] SKIPPED [ 28%]
.venv/Lib/site-packages/moo_conformance/test_conformance.py::test_yaml_conformance[fileio::file_remove_requires_wizard] SKIPPED [ 28%]
.venv/Lib/site-packages/moo_conformance/test_conformance.py::test_yaml_conformance[fileio::file_mkdir_requires_wizard] SKIPPED [ 28%]
.venv/Lib/site-packages/moo_conformance/test_conformance.py::test_yaml_conformance[fileio::file_rmdir_requires_wizard] SKIPPED [ 28%]
.venv/Lib/site-packages/moo_conformance/test_conformance.py::test_yaml_conformance[fileio::file_list_requires_wizard] SKIPPED [ 28%]
.venv/Lib/site-packages/moo_conformance/test_conformance.py::test_yaml_conformance[fileio::file_list_detailed_requires_wizard] SKIPPED [ 28%]
.venv/Lib/site-packages/moo_conformance/test_conformance.py::test_yaml_conformance[fileio::file_type_requires_wizard] SKIPPED [ 28%]
.venv/Lib/site-packages/moo_conformance/test_conformance.py::test_yaml_conformance[fileio::file_chmod_requires_wizard] SKIPPED [ 28%]
.venv/Lib/site-packages/moo_conformance/test_conformance.py::test_yaml_conformance[fileio::file_version_public] SKIPPED [ 28%]
.venv/Lib/site-packages/moo_conformance/test_conformance.py::test_yaml_conformance[fileio::text_file_write_read] SKIPPED [ 28%]
.venv/Lib/site-packages/moo_conformance/test_conformance.py::test_yaml_conformance[fileio::binary_file_write_read] SKIPPED [ 28%]
.venv/Lib/site-packages/moo_conformance/test_conformance.py::test_yaml_conformance[fileio::binary_in_text_mode_with_newline] SKIPPED [ 28%]
.venv/Lib/site-packages/moo_conformance/test_conformance.py::test_yaml_conformance[fileio::binary_in_text_mode_without_newline] SKIPPED [ 28%]
.venv/Lib/site-packages/moo_conformance/test_conformance.py::test_yaml_conformance[fileio::readlines_invalid_start_line] SKIPPED [ 28%]
.venv/Lib/site-packages/moo_conformance/test_conformance.py::test_yaml_conformance[fileio::readlines_invalid_end_before_start] SKIPPED [ 28%]
.venv/Lib/site-packages/moo_conformance/test_conformance.py::test_yaml_conformance[fileio::readlines_multiple_lines] SKIPPED [ 28%]
.venv/Lib/site-packages/moo_conformance/test_conformance.py::test_yaml_conformance[fileio::readlines_blank_lines] SKIPPED [ 29%]
.venv/Lib/site-packages/moo_conformance/test_conformance.py::test_yaml_conformance[fileio::readlines_on_write_output] SKIPPED [ 29%]
.venv/Lib/site-packages/moo_conformance/test_conformance.py::test_yaml_conformance[fileio::text_in_binary_mode] SKIPPED [ 29%]
.venv/Lib/site-packages/moo_conformance/test_conformance.py::test_yaml_conformance[fileio::empty_file_text_mode] SKIPPED [ 29%]
.venv/Lib/site-packages/moo_conformance/test_conformance.py::test_yaml_conformance[fileio::empty_file_binary_mode] SKIPPED [ 29%]
.venv/Lib/site-packages/moo_conformance/test_conformance.py::test_yaml_conformance[fileio::invalid_binary_string_writeline] SKIPPED [ 29%]
.venv/Lib/site-packages/moo_conformance/test_conformance.py::test_yaml_conformance[fileio::invalid_binary_string_write] SKIPPED [ 29%]
.venv/Lib/site-packages/moo_conformance/test_conformance.py::test_yaml_conformance[fileio::long_file_text_mode] SKIPPED [ 29%]
.venv/Lib/site-packages/moo_conformance/test_conformance.py::test_yaml_conformance[fileio::long_file_binary_mode] SKIPPED [ 29%]
.venv/Lib/site-packages/moo_conformance/test_conformance.py::test_yaml_conformance[gc::run_gc_requires_wizard_perms] PASSED [ 29%]
.venv/Lib/site-packages/moo_conformance/test_conformance.py::test_yaml_conformance[gc::run_gc_allows_wizard] PASSED [ 29%]
.venv/Lib/site-packages/moo_conformance/test_conformance.py::test_yaml_conformance[gc::gc_stats_requires_wizard_perms] PASSED [ 29%]
.venv/Lib/site-packages/moo_conformance/test_conformance.py::test_yaml_conformance[gc::gc_stats_allows_wizard] PASSED [ 29%]
.venv/Lib/site-packages/moo_conformance/test_conformance.py::test_yaml_conformance[gc::gc_stats_returns_map] PASSED [ 29%]
.venv/Lib/site-packages/moo_conformance/test_conformance.py::test_yaml_conformance[gc::gc_stats_has_purple_key] PASSED [ 29%]
.venv/Lib/site-packages/moo_conformance/test_conformance.py::test_yaml_conformance[gc::gc_stats_has_black_key] PASSED [ 29%]
.venv/Lib/site-packages/moo_conformance/test_conformance.py::test_yaml_conformance[gc::gc_stats_purple_is_int] PASSED [ 29%]
.venv/Lib/site-packages/moo_conformance/test_conformance.py::test_yaml_conformance[gc::gc_stats_black_is_int] PASSED [ 29%]
.venv/Lib/site-packages/moo_conformance/test_conformance.py::test_yaml_conformance[gc::nested_list_no_possible_root] PASSED [ 30%]
.venv/Lib/site-packages/moo_conformance/test_conformance.py::test_yaml_conformance[gc::nested_map_no_possible_root] PASSED [ 30%]
.venv/Lib/site-packages/moo_conformance/test_conformance.py::test_yaml_conformance[gc::run_gc_doesnt_crash_with_anonymous] PASSED [ 30%]
.venv/Lib/site-packages/moo_conformance/test_conformance.py::test_yaml_conformance[gc::single_cyclic_self_reference_basic] PASSED [ 30%]
.venv/Lib/site-packages/moo_conformance/test_conformance.py::test_yaml_conformance[gc::single_cyclic_self_reference_with_recycle] PASSED [ 30%]
.venv/Lib/site-packages/moo_conformance/test_conformance.py::test_yaml_conformance[gc::dual_cyclic_self_references] PASSED [ 30%]
.venv/Lib/site-packages/moo_conformance/test_conformance.py::test_yaml_conformance[gc::dual_cyclic_self_references_with_recycle] PASSED [ 30%]
.venv/Lib/site-packages/moo_conformance/test_conformance.py::test_yaml_conformance[gc::cyclic_references_through_list] PASSED [ 30%]
.venv/Lib/site-packages/moo_conformance/test_conformance.py::test_yaml_conformance[gc::cyclic_references_through_list_with_recycle] PASSED [ 30%]
.venv/Lib/site-packages/moo_conformance/test_conformance.py::test_yaml_conformance[gc::cyclic_references_through_map] PASSED [ 30%]
.venv/Lib/site-packages/moo_conformance/test_conformance.py::test_yaml_conformance[gc::cyclic_references_through_map_with_recycle] PASSED [ 30%]
.venv/Lib/site-packages/moo_conformance/test_conformance.py::test_yaml_conformance[gc::empty_list_is_green] PASSED [ 30%]
.venv/Lib/site-packages/moo_conformance/test_conformance.py::test_yaml_conformance[gc::empty_map_is_green] PASSED [ 30%]
.venv/Lib/site-packages/moo_conformance/test_conformance.py::test_yaml_conformance[gc::list_as_cycle_root] PASSED [ 30%]
.venv/Lib/site-packages/moo_conformance/test_conformance.py::test_yaml_conformance[gc::object_pointing_to_list_cycle] PASSED [ 30%]
.venv/Lib/site-packages/moo_conformance/test_conformance.py::test_yaml_conformance[gc::map_as_cycle_root] PASSED [ 30%]
.venv/Lib/site-packages/moo_conformance/test_conformance.py::test_yaml_conformance[gc::object_pointing_to_map_cycle] PASSED [ 30%]
.venv/Lib/site-packages/moo_conformance/test_conformance.py::test_yaml_conformance[gc::cyclic_chain_length_2] PASSED [ 30%]
.venv/Lib/site-packages/moo_conformance/test_conformance.py::test_yaml_conformance[gc::cyclic_chain_length_3] PASSED [ 31%]
.venv/Lib/site-packages/moo_conformance/test_conformance.py::test_yaml_conformance[gc::cyclic_chain_length_2_with_recycle] PASSED [ 31%]
.venv/Lib/site-packages/moo_conformance/test_conformance.py::test_yaml_conformance[gc::cyclic_chain_length_4_with_recycle] PASSED [ 31%]
.venv/Lib/site-packages/moo_conformance/test_conformance.py::test_yaml_conformance[gc::anonymous_made_invalid_basic] PASSED [ 31%]
.venv/Lib/site-packages/moo_conformance/test_conformance.py::test_yaml_conformance[gc::anonymous_made_invalid_with_cycle] PASSED [ 31%]
.venv/Lib/site-packages/moo_conformance/test_conformance.py::test_yaml_conformance[gc::contrived_recycled_object_y_first] PASSED [ 31%]
.venv/Lib/site-packages/moo_conformance/test_conformance.py::test_yaml_conformance[gc::contrived_recycled_object_x_first] PASSED [ 31%]
.venv/Lib/site-packages/moo_conformance/test_conformance.py::test_yaml_conformance[gc::single_cyclic_inherited_anonymous] PASSED [ 31%]
.venv/Lib/site-packages/moo_conformance/test_conformance.py::test_yaml_conformance[gc::single_cyclic_inherited_anonymous_with_recycle] PASSED [ 31%]
.venv/Lib/site-packages/moo_conformance/test_conformance.py::test_yaml_conformance[gc::dual_cyclic_inherited_anonymous] PASSED [ 31%]
.venv/Lib/site-packages/moo_conformance/test_conformance.py::test_yaml_conformance[gc::dual_cyclic_inherited_anonymous_with_recycle] PASSED [ 31%]
.venv/Lib/site-packages/moo_conformance/test_conformance.py::test_yaml_conformance[gc::parent_relationships_no_leak] PASSED [ 31%]
.venv/Lib/site-packages/moo_conformance/test_conformance.py::test_yaml_conformance[gc::cyclic_chain_length_5] PASSED [ 31%]
.venv/Lib/site-packages/moo_conformance/test_conformance.py::test_yaml_conformance[gc::cyclic_chain_length_6] PASSED [ 31%]
.venv/Lib/site-packages/moo_conformance/test_conformance.py::test_yaml_conformance[gc::cyclic_chain_length_7_with_recycle] PASSED [ 31%]
.venv/Lib/site-packages/moo_conformance/test_conformance.py::test_yaml_conformance[http::non_wizard_cannot_call_no_arg_version] PASSED [ 31%]
.venv/Lib/site-packages/moo_conformance/test_conformance.py::test_yaml_conformance[http::read_http_no_args_fails] PASSED [ 31%]
.venv/Lib/site-packages/moo_conformance/test_conformance.py::test_yaml_conformance[http::read_http_invalid_type_foobar] PASSED [ 31%]
.venv/Lib/site-packages/moo_conformance/test_conformance.py::test_yaml_conformance[http::read_http_invalid_type_empty_string] PASSED [ 32%]
.venv/Lib/site-packages/moo_conformance/test_conformance.py::test_yaml_conformance[http::read_http_type_arg_not_string] PASSED [ 32%]
.venv/Lib/site-packages/moo_conformance/test_conformance.py::test_yaml_conformance[http::read_http_connection_arg_not_obj] PASSED [ 32%]
.venv/Lib/site-packages/moo_conformance/test_conformance.py::test_yaml_conformance[json::generate_json_int] PASSED [ 32%]
.venv/Lib/site-packages/moo_conformance/test_conformance.py::test_yaml_conformance[json::generate_json_float] PASSED [ 32%]
.venv/Lib/site-packages/moo_conformance/test_conformance.py::test_yaml_conformance[json::generate_json_string] PASSED [ 32%]
.venv/Lib/site-packages/moo_conformance/test_conformance.py::test_yaml_conformance[json::generate_json_obj] PASSED [ 32%]
.venv/Lib/site-packages/moo_conformance/test_conformance.py::test_yaml_conformance[json::generate_json_error] PASSED [ 32%]
.venv/Lib/site-packages/moo_conformance/test_conformance.py::test_yaml_conformance[json::generate_json_empty_list] PASSED [ 32%]
.venv/Lib/site-packages/moo_conformance/test_conformance.py::test_yaml_conformance[json::generate_json_empty_map] PASSED [ 32%]
.venv/Lib/site-packages/moo_conformance/test_conformance.py::test_yaml_conformance[json::parse_json_int] PASSED [ 32%]
.venv/Lib/site-packages/moo_conformance/test_conformance.py::test_yaml_conformance[json::parse_json_float] PASSED [ 32%]
.venv/Lib/site-packages/moo_conformance/test_conformance.py::test_yaml_conformance[json::parse_json_string] PASSED [ 32%]
.venv/Lib/site-packages/moo_conformance/test_conformance.py::test_yaml_conformance[json::parse_json_empty_list] PASSED [ 32%]
.venv/Lib/site-packages/moo_conformance/test_conformance.py::test_yaml_conformance[json::parse_json_empty_map] PASSED [ 32%]
.venv/Lib/site-packages/moo_conformance/test_conformance.py::test_yaml_conformance[json::parse_json_object_fails] PASSED [ 32%]
.venv/Lib/site-packages/moo_conformance/test_conformance.py::test_yaml_conformance[json::parse_json_error_fails] PASSED [ 32%]
.venv/Lib/site-packages/moo_conformance/test_conformance.py::test_yaml_conformance[json::generate_json_int_common] PASSED [ 32%]
.venv/Lib/site-packages/moo_conformance/test_conformance.py::test_yaml_conformance[json::generate_json_float_common] PASSED [ 33%]
.venv/Lib/site-packages/moo_conformance/test_conformance.py::test_yaml_conformance[json::generate_json_string_common] PASSED [ 33%]
.venv/Lib/site-packages/moo_conformance/test_conformance.py::test_yaml_conformance[json::generate_json_obj_common] PASSED [ 33%]
.venv/Lib/site-packages/moo_conformance/test_conformance.py::test_yaml_conformance[json::generate_json_error_common] PASSED [ 33%]
.venv/Lib/site-packages/moo_conformance/test_conformance.py::test_yaml_conformance[json::generate_json_empty_list_common] PASSED [ 33%]
.venv/Lib/site-packages/moo_conformance/test_conformance.py::test_yaml_conformance[json::generate_json_empty_map_common] PASSED [ 33%]
.venv/Lib/site-packages/moo_conformance/test_conformance.py::test_yaml_conformance[json::parse_json_int_common] PASSED [ 33%]
.venv/Lib/site-packages/moo_conformance/test_conformance.py::test_yaml_conformance[json::parse_json_float_common] PASSED [ 33%]
.venv/Lib/site-packages/moo_conformance/test_conformance.py::test_yaml_conformance[json::parse_json_string_common] PASSED [ 33%]
.venv/Lib/site-packages/moo_conformance/test_conformance.py::test_yaml_conformance[json::parse_json_empty_list_common] PASSED [ 33%]
.venv/Lib/site-packages/moo_conformance/test_conformance.py::test_yaml_conformance[json::parse_json_empty_map_common] PASSED [ 33%]
.venv/Lib/site-packages/moo_conformance/test_conformance.py::test_yaml_conformance[json::parse_json_object_fails_common] PASSED [ 33%]
.venv/Lib/site-packages/moo_conformance/test_conformance.py::test_yaml_conformance[json::parse_json_error_fails_common] PASSED [ 33%]
.venv/Lib/site-packages/moo_conformance/test_conformance.py::test_yaml_conformance[json::generate_json_int_embedded] PASSED [ 33%]
.venv/Lib/site-packages/moo_conformance/test_conformance.py::test_yaml_conformance[json::generate_json_float_embedded] PASSED [ 33%]
.venv/Lib/site-packages/moo_conformance/test_conformance.py::test_yaml_conformance[json::generate_json_string_embedded] PASSED [ 33%]
.venv/Lib/site-packages/moo_conformance/test_conformance.py::test_yaml_conformance[json::generate_json_obj_embedded] PASSED [ 33%]
.venv/Lib/site-packages/moo_conformance/test_conformance.py::test_yaml_conformance[json::generate_json_error_embedded] PASSED [ 34%]
.venv/Lib/site-packages/moo_conformance/test_conformance.py::test_yaml_conformance[json::generate_json_empty_list_embedded] PASSED [ 34%]
.venv/Lib/site-packages/moo_conformance/test_conformance.py::test_yaml_conformance[json::generate_json_empty_map_embedded] PASSED [ 34%]
.venv/Lib/site-packages/moo_conformance/test_conformance.py::test_yaml_conformance[json::parse_json_int_embedded] PASSED [ 34%]
.venv/Lib/site-packages/moo_conformance/test_conformance.py::test_yaml_conformance[json::parse_json_float_embedded] PASSED [ 34%]
.venv/Lib/site-packages/moo_conformance/test_conformance.py::test_yaml_conformance[json::parse_json_string_embedded] PASSED [ 34%]
.venv/Lib/site-packages/moo_conformance/test_conformance.py::test_yaml_conformance[json::parse_json_empty_list_embedded] PASSED [ 34%]
.venv/Lib/site-packages/moo_conformance/test_conformance.py::test_yaml_conformance[json::parse_json_empty_map_embedded] PASSED [ 34%]
.venv/Lib/site-packages/moo_conformance/test_conformance.py::test_yaml_conformance[json::parse_json_object_fails_embedded] PASSED [ 34%]
.venv/Lib/site-packages/moo_conformance/test_conformance.py::test_yaml_conformance[json::parse_json_error_fails_embedded] PASSED [ 34%]
.venv/Lib/site-packages/moo_conformance/test_conformance.py::test_yaml_conformance[json::parse_json_int_with_type] PASSED [ 34%]
.venv/Lib/site-packages/moo_conformance/test_conformance.py::test_yaml_conformance[json::parse_json_float_with_type] PASSED [ 34%]
.venv/Lib/site-packages/moo_conformance/test_conformance.py::test_yaml_conformance[json::parse_json_string_with_type] PASSED [ 34%]
.venv/Lib/site-packages/moo_conformance/test_conformance.py::test_yaml_conformance[json::parse_json_obj_with_type] PASSED [ 34%]
.venv/Lib/site-packages/moo_conformance/test_conformance.py::test_yaml_conformance[json::parse_json_error_with_type] PASSED [ 34%]
.venv/Lib/site-packages/moo_conformance/test_conformance.py::test_yaml_conformance[json::parse_json_int_type_literal_common] PASSED [ 34%]
.venv/Lib/site-packages/moo_conformance/test_conformance.py::test_yaml_conformance[json::parse_json_float_type_literal_common] PASSED [ 34%]
.venv/Lib/site-packages/moo_conformance/test_conformance.py::test_yaml_conformance[json::parse_json_string_type_literal_common] PASSED [ 34%]
.venv/Lib/site-packages/moo_conformance/test_conformance.py::test_yaml_conformance[json::parse_json_obj_type_literal_common] PASSED [ 35%]
.venv/Lib/site-packages/moo_conformance/test_conformance.py::test_yaml_conformance[json::parse_json_error_type_literal_common] PASSED [ 35%]
.venv/Lib/site-packages/moo_conformance/test_conformance.py::test_yaml_conformance[json::generate_json_complex_list] PASSED [ 35%]
.venv/Lib/site-packages/moo_conformance/test_conformance.py::test_yaml_conformance[json::generate_json_complex_map] PASSED [ 35%]
.venv/Lib/site-packages/moo_conformance/test_conformance.py::test_yaml_conformance[json::generate_json_complex_list_common] PASSED [ 35%]
.venv/Lib/site-packages/moo_conformance/test_conformance.py::test_yaml_conformance[json::generate_json_complex_map_common] PASSED [ 35%]
.venv/Lib/site-packages/moo_conformance/test_conformance.py::test_yaml_conformance[json::generate_json_complex_list_embedded] PASSED [ 35%]
.venv/Lib/site-packages/moo_conformance/test_conformance.py::test_yaml_conformance[json::generate_json_complex_map_embedded] PASSED [ 35%]
.venv/Lib/site-packages/moo_conformance/test_conformance.py::test_yaml_conformance[json::parse_json_complex_list] PASSED [ 35%]
.venv/Lib/site-packages/moo_conformance/test_conformance.py::test_yaml_conformance[json::parse_json_complex_map] PASSED [ 35%]
.venv/Lib/site-packages/moo_conformance/test_conformance.py::test_yaml_conformance[json::parse_json_complex_list_common] PASSED [ 35%]
.venv/Lib/site-packages/moo_conformance/test_conformance.py::test_yaml_conformance[json::parse_json_complex_map_common] PASSED [ 35%]
.venv/Lib/site-packages/moo_conformance/test_conformance.py::test_yaml_conformance[json::parse_json_complex_list_embedded] PASSED [ 35%]
.venv/Lib/site-packages/moo_conformance/test_conformance.py::test_yaml_conformance[json::parse_json_complex_map_embedded] PASSED [ 35%]
.venv/Lib/site-packages/moo_conformance/test_conformance.py::test_yaml_conformance[json::parse_json_invalid_identifier] PASSED [ 35%]
.venv/Lib/site-packages/moo_conformance/test_conformance.py::test_yaml_conformance[json::parse_json_unquoted_key] PASSED [ 35%]
.venv/Lib/site-packages/moo_conformance/test_conformance.py::test_yaml_conformance[json::parse_json_incomplete_list] PASSED [ 35%]
.venv/Lib/site-packages/moo_conformance/test_conformance.py::test_yaml_conformance[json::parse_json_incomplete_map] PASSED [ 35%]
.venv/Lib/site-packages/moo_conformance/test_conformance.py::test_yaml_conformance[json::parse_json_incomplete_string] PASSED [ 36%]
.venv/Lib/site-packages/moo_conformance/test_conformance.py::test_yaml_conformance[json::parse_json_invalid_suffix] PASSED [ 36%]
.venv/Lib/site-packages/moo_conformance/test_conformance.py::test_yaml_conformance[json::parse_json_double_dots] PASSED [ 36%]
.venv/Lib/site-packages/moo_conformance/test_conformance.py::test_yaml_conformance[json::parse_json_only_dots] PASSED [ 36%]
.venv/Lib/site-packages/moo_conformance/test_conformance.py::test_yaml_conformance[json::parse_json_garbage] PASSED [ 36%]
.venv/Lib/site-packages/moo_conformance/test_conformance.py::test_yaml_conformance[json::parse_json_mismatched_brackets] PASSED [ 36%]
.venv/Lib/site-packages/moo_conformance/test_conformance.py::test_yaml_conformance[json::parse_json_trailing_chars_int] PASSED [ 36%]
.venv/Lib/site-packages/moo_conformance/test_conformance.py::test_yaml_conformance[json::parse_json_trailing_chars_float] PASSED [ 36%]
.venv/Lib/site-packages/moo_conformance/test_conformance.py::test_yaml_conformance[json::parse_json_medium_int] PASSED [ 36%]
.venv/Lib/site-packages/moo_conformance/test_conformance.py::test_yaml_conformance[json::parse_json_small_int] PASSED [ 36%]
.venv/Lib/site-packages/moo_conformance/test_conformance.py::test_yaml_conformance[json::parse_json_large_to_float] PASSED [ 36%]
.venv/Lib/site-packages/moo_conformance/test_conformance.py::test_yaml_conformance[json::parse_json_large_to_float_2] PASSED [ 36%]
.venv/Lib/site-packages/moo_conformance/test_conformance.py::test_yaml_conformance[json::parse_json_very_large_scientific] PASSED [ 36%]
.venv/Lib/site-packages/moo_conformance/test_conformance.py::test_yaml_conformance[json::parse_json_large_scientific] PASSED [ 36%]
.venv/Lib/site-packages/moo_conformance/test_conformance.py::test_yaml_conformance[json::parse_json_max_int] PASSED [ 36%]
.venv/Lib/site-packages/moo_conformance/test_conformance.py::test_yaml_conformance[json::parse_json_max_int_plus_one] PASSED [ 36%]
.venv/Lib/site-packages/moo_conformance/test_conformance.py::test_yaml_conformance[json::parse_json_min_int] PASSED [ 36%]
.venv/Lib/site-packages/moo_conformance/test_conformance.py::test_yaml_conformance[json::parse_json_min_int_minus_one] PASSED [ 36%]
.venv/Lib/site-packages/moo_conformance/test_conformance.py::test_yaml_conformance[json::parse_json_empty_string_embedded] PASSED [ 37%]
.venv/Lib/site-packages/moo_conformance/test_conformance.py::test_yaml_conformance[json::parse_json_pipe_only] PASSED [ 37%]
.venv/Lib/site-packages/moo_conformance/test_conformance.py::test_yaml_conformance[json::parse_json_pipe_x] PASSED [ 37%]
.venv/Lib/site-packages/moo_conformance/test_conformance.py::test_yaml_conformance[json::parse_json_pipe_partial_int] PASSED [ 37%]
.venv/Lib/site-packages/moo_conformance/test_conformance.py::test_yaml_conformance[json::parse_json_pipe_int_suffix] PASSED [ 37%]
.venv/Lib/site-packages/moo_conformance/test_conformance.py::test_yaml_conformance[json::parse_json_bare_int_type] PASSED [ 37%]
.venv/Lib/site-packages/moo_conformance/test_conformance.py::test_yaml_conformance[json::parse_json_bare_float_type] PASSED [ 37%]
.venv/Lib/site-packages/moo_conformance/test_conformance.py::test_yaml_conformance[json::parse_json_bare_str_type] PASSED [ 37%]
.venv/Lib/site-packages/moo_conformance/test_conformance.py::test_yaml_conformance[json::parse_json_bare_obj_type] PASSED [ 37%]
.venv/Lib/site-packages/moo_conformance/test_conformance.py::test_yaml_conformance[json::parse_json_bare_err_type] PASSED [ 37%]
.venv/Lib/site-packages/moo_conformance/test_conformance.py::test_yaml_conformance[json::generate_json_mode_int] PASSED [ 37%]
.venv/Lib/site-packages/moo_conformance/test_conformance.py::test_yaml_conformance[json::generate_json_mode_float] PASSED [ 37%]
.venv/Lib/site-packages/moo_conformance/test_conformance.py::test_yaml_conformance[json::generate_json_mode_invalid] PASSED [ 37%]
.venv/Lib/site-packages/moo_conformance/test_conformance.py::test_yaml_conformance[json::generate_json_mode_obj] PASSED [ 37%]
.venv/Lib/site-packages/moo_conformance/test_conformance.py::test_yaml_conformance[json::generate_json_mode_error] PASSED [ 37%]
.venv/Lib/site-packages/moo_conformance/test_conformance.py::test_yaml_conformance[json::generate_json_mode_list] PASSED [ 37%]
.venv/Lib/site-packages/moo_conformance/test_conformance.py::test_yaml_conformance[json::generate_json_mode_map] PASSED [ 37%]
.venv/Lib/site-packages/moo_conformance/test_conformance.py::test_yaml_conformance[json::parse_json_arg_int] PASSED [ 37%]
.venv/Lib/site-packages/moo_conformance/test_conformance.py::test_yaml_conformance[json::parse_json_arg_float] PASSED [ 38%]
.venv/Lib/site-packages/moo_conformance/test_conformance.py::test_yaml_conformance[json::parse_json_arg_error] PASSED [ 38%]
.venv/Lib/site-packages/moo_conformance/test_conformance.py::test_yaml_conformance[json::parse_json_arg_obj] PASSED [ 38%]
.venv/Lib/site-packages/moo_conformance/test_conformance.py::test_yaml_conformance[json::parse_json_arg_list] PASSED [ 38%]
.venv/Lib/site-packages/moo_conformance/test_conformance.py::test_yaml_conformance[json::parse_json_arg_map] PASSED [ 38%]
.venv/Lib/site-packages/moo_conformance/test_conformance.py::test_yaml_conformance[json::generate_json_escape_quote] PASSED [ 38%]
.venv/Lib/site-packages/moo_conformance/test_conformance.py::test_yaml_conformance[json::generate_json_escape_backslash] PASSED [ 38%]
.venv/Lib/site-packages/moo_conformance/test_conformance.py::test_yaml_conformance[json::generate_json_escape_slash_1] PASSED [ 38%]
.venv/Lib/site-packages/moo_conformance/test_conformance.py::test_yaml_conformance[json::generate_json_escape_slash_2] PASSED [ 38%]
.venv/Lib/site-packages/moo_conformance/test_conformance.py::test_yaml_conformance[json::generate_json_escape_backspace] PASSED [ 38%]
.venv/Lib/site-packages/moo_conformance/test_conformance.py::test_yaml_conformance[json::generate_json_escape_formfeed] PASSED [ 38%]
.venv/Lib/site-packages/moo_conformance/test_conformance.py::test_yaml_conformance[json::generate_json_escape_newline] PASSED [ 38%]
.venv/Lib/site-packages/moo_conformance/test_conformance.py::test_yaml_conformance[json::generate_json_escape_carriage] PASSED [ 38%]
.venv/Lib/site-packages/moo_conformance/test_conformance.py::test_yaml_conformance[json::generate_json_escape_tab] PASSED [ 38%]
.venv/Lib/site-packages/moo_conformance/test_conformance.py::test_yaml_conformance[json::parse_json_escape_quote] PASSED [ 38%]
.venv/Lib/site-packages/moo_conformance/test_conformance.py::test_yaml_conformance[json::parse_json_escape_backslash] PASSED [ 38%]
.venv/Lib/site-packages/moo_conformance/test_conformance.py::test_yaml_conformance[json::parse_json_escape_newline] PASSED [ 38%]
.venv/Lib/site-packages/moo_conformance/test_conformance.py::test_yaml_conformance[json::parse_json_escape_carriage] PASSED [ 38%]
.venv/Lib/site-packages/moo_conformance/test_conformance.py::test_yaml_conformance[json::parse_json_escape_tab] FAILED [ 39%]
.venv/Lib/site-packages/moo_conformance/test_conformance.py::test_yaml_conformance[json::parse_json_invalid_escape_u] PASSED [ 39%]
.venv/Lib/site-packages/moo_conformance/test_conformance.py::test_yaml_conformance[json::parse_json_invalid_escape_a] PASSED [ 39%]
.venv/Lib/site-packages/moo_conformance/test_conformance.py::test_yaml_conformance[json::parse_json_invalid_escape_z] PASSED [ 39%]
.venv/Lib/site-packages/moo_conformance/test_conformance.py::test_yaml_conformance[json::parse_json_invalid_escape_end] PASSED [ 39%]
.venv/Lib/site-packages/moo_conformance/test_conformance.py::test_yaml_conformance[json::parse_json_unicode_control] PASSED [ 39%]
.venv/Lib/site-packages/moo_conformance/test_conformance.py::test_yaml_conformance[json::parse_json_unicode_2byte] PASSED [ 39%]
.venv/Lib/site-packages/moo_conformance/test_conformance.py::test_yaml_conformance[json::parse_json_unicode_3byte] PASSED [ 39%]
.venv/Lib/site-packages/moo_conformance/test_conformance.py::test_yaml_conformance[json::parse_json_unicode_surrogate] PASSED [ 39%]
.venv/Lib/site-packages/moo_conformance/test_conformance.py::test_yaml_conformance[json::generate_json_unicode_control] PASSED [ 39%]
.venv/Lib/site-packages/moo_conformance/test_conformance.py::test_yaml_conformance[json::parse_json_unicode_concat_1byte] PASSED [ 39%]
.venv/Lib/site-packages/moo_conformance/test_conformance.py::test_yaml_conformance[json::parse_json_unicode_concat_2byte] PASSED [ 39%]
.venv/Lib/site-packages/moo_conformance/test_conformance.py::test_yaml_conformance[json::parse_json_unicode_concat_mixed] PASSED [ 39%]
.venv/Lib/site-packages/moo_conformance/test_conformance.py::test_yaml_conformance[json::generate_json_unicode_concat] PASSED [ 39%]
.venv/Lib/site-packages/moo_conformance/test_conformance.py::test_yaml_conformance[json::roundtrip_escape_quote] PASSED [ 39%]
.venv/Lib/site-packages/moo_conformance/test_conformance.py::test_yaml_conformance[json::roundtrip_escape_backslash] PASSED [ 39%]
.venv/Lib/site-packages/moo_conformance/test_conformance.py::test_yaml_conformance[json::roundtrip_escape_slash_1] PASSED [ 39%]
.venv/Lib/site-packages/moo_conformance/test_conformance.py::test_yaml_conformance[json::roundtrip_escape_slash_2] PASSED [ 39%]
.venv/Lib/site-packages/moo_conformance/test_conformance.py::test_yaml_conformance[json::roundtrip_binary_backspace] PASSED [ 40%]
.venv/Lib/site-packages/moo_conformance/test_conformance.py::test_yaml_conformance[json::roundtrip_binary_formfeed] PASSED [ 40%]
.venv/Lib/site-packages/moo_conformance/test_conformance.py::test_yaml_conformance[json::roundtrip_binary_newline] PASSED [ 40%]
.venv/Lib/site-packages/moo_conformance/test_conformance.py::test_yaml_conformance[json::roundtrip_binary_carriage] PASSED [ 40%]
.venv/Lib/site-packages/moo_conformance/test_conformance.py::test_yaml_conformance[json::roundtrip_binary_tab] PASSED [ 40%]
.venv/Lib/site-packages/moo_conformance/test_conformance.py::test_yaml_conformance[json::generate_json_anon_obj] PASSED [ 40%]
.venv/Lib/site-packages/moo_conformance/test_conformance.py::test_yaml_conformance[json::generate_json_anon_obj_common] PASSED [ 40%]
.venv/Lib/site-packages/moo_conformance/test_conformance.py::test_yaml_conformance[json::generate_json_anon_obj_embedded] PASSED [ 40%]
.venv/Lib/site-packages/moo_conformance/test_conformance.py::test_yaml_conformance[json::generate_json_anon_obj_in_list] PASSED [ 40%]
.venv/Lib/site-packages/moo_conformance/test_conformance.py::test_yaml_conformance[json::generate_json_anon_obj_in_list_common] PASSED [ 40%]
.venv/Lib/site-packages/moo_conformance/test_conformance.py::test_yaml_conformance[json::generate_json_anon_obj_in_list_embedded] PASSED [ 40%]
.venv/Lib/site-packages/moo_conformance/test_conformance.py::test_yaml_conformance[json::generate_json_anon_obj_as_map_value] PASSED [ 40%]
.venv/Lib/site-packages/moo_conformance/test_conformance.py::test_yaml_conformance[json::generate_json_anon_obj_as_map_value_common] PASSED [ 40%]
.venv/Lib/site-packages/moo_conformance/test_conformance.py::test_yaml_conformance[json::generate_json_anon_obj_as_map_value_embedded] PASSED [ 40%]
.venv/Lib/site-packages/moo_conformance/test_conformance.py::test_yaml_conformance[json::generate_json_anon_obj_as_map_key] FAILED [ 40%]
.venv/Lib/site-packages/moo_conformance/test_conformance.py::test_yaml_conformance[json::generate_json_anon_obj_as_map_key_common] FAILED [ 40%]
.venv/Lib/site-packages/moo_conformance/test_conformance.py::test_yaml_conformance[json::generate_json_anon_obj_as_map_key_embedded] FAILED [ 40%]
.venv/Lib/site-packages/moo_conformance/test_conformance.py::test_yaml_conformance[json::generate_json_float_format] PASSED [ 40%]
.venv/Lib/site-packages/moo_conformance/test_conformance.py::test_yaml_conformance[map::empty_map] PASSED [ 41%]
.venv/Lib/site-packages/moo_conformance/test_conformance.py::test_yaml_conformance[map::single_entry] PASSED [ 41%]
.venv/Lib/site-packages/moo_conformance/test_conformance.py::test_yaml_conformance[map::multiple_entries] PASSED [ 41%]
.venv/Lib/site-packages/moo_conformance/test_conformance.py::test_yaml_conformance[map::nested_maps] PASSED [ 41%]
.venv/Lib/site-packages/moo_conformance/test_conformance.py::test_yaml_conformance[map::sorted_insertion_order_1] PASSED [ 41%]
.venv/Lib/site-packages/moo_conformance/test_conformance.py::test_yaml_conformance[map::sorted_insertion_order_2] PASSED [ 41%]
.venv/Lib/site-packages/moo_conformance/test_conformance.py::test_yaml_conformance[map::sorted_insertion_order_3] PASSED [ 41%]
.venv/Lib/site-packages/moo_conformance/test_conformance.py::test_yaml_conformance[map::mapkeys_sorted] PASSED [ 41%]
.venv/Lib/site-packages/moo_conformance/test_conformance.py::test_yaml_conformance[map::mapvalues_sorted] PASSED [ 41%]
.venv/Lib/site-packages/moo_conformance/test_conformance.py::test_yaml_conformance[map::mapdelete_removes_entry] PASSED [ 41%]
.venv/Lib/site-packages/moo_conformance/test_conformance.py::test_yaml_conformance[map::mapdelete_chain] PASSED [ 41%]
.venv/Lib/site-packages/moo_conformance/test_conformance.py::test_yaml_conformance[map::mapdelete_missing_key] PASSED [ 41%]
.venv/Lib/site-packages/moo_conformance/test_conformance.py::test_yaml_conformance[map::length_of_map] PASSED [ 41%]
.venv/Lib/site-packages/moo_conformance/test_conformance.py::test_yaml_conformance[map::length_after_delete] PASSED [ 41%]
.venv/Lib/site-packages/moo_conformance/test_conformance.py::test_yaml_conformance[map::is_member_found] PASSED [ 41%]
.venv/Lib/site-packages/moo_conformance/test_conformance.py::test_yaml_conformance[map::is_member_not_found] PASSED [ 41%]
.venv/Lib/site-packages/moo_conformance/test_conformance.py::test_yaml_conformance[map::is_member_case_sensitive_key] PASSED [ 41%]
.venv/Lib/site-packages/moo_conformance/test_conformance.py::test_yaml_conformance[map::is_member_case_sensitive_value_not_found] PASSED [ 41%]
.venv/Lib/site-packages/moo_conformance/test_conformance.py::test_yaml_conformance[map::in_operator_found] PASSED [ 42%]
.venv/Lib/site-packages/moo_conformance/test_conformance.py::test_yaml_conformance[map::in_operator_not_found] PASSED [ 42%]
.venv/Lib/site-packages/moo_conformance/test_conformance.py::test_yaml_conformance[map::in_operator_case_insensitive_value] PASSED [ 42%]
.venv/Lib/site-packages/moo_conformance/test_conformance.py::test_yaml_conformance[map::in_operator_case_sensitive_key] PASSED [ 42%]
.venv/Lib/site-packages/moo_conformance/test_conformance.py::test_yaml_conformance[map::equal_empty_maps] PASSED [ 42%]
.venv/Lib/site-packages/moo_conformance/test_conformance.py::test_yaml_conformance[map::equal_empty_vs_nonempty] PASSED [ 42%]
.venv/Lib/site-packages/moo_conformance/test_conformance.py::test_yaml_conformance[map::equal_same_entries] PASSED [ 42%]
.venv/Lib/site-packages/moo_conformance/test_conformance.py::test_yaml_conformance[map::equal_different_order] PASSED [ 42%]
.venv/Lib/site-packages/moo_conformance/test_conformance.py::test_yaml_conformance[map::equal_nested_same] PASSED [ 42%]
.venv/Lib/site-packages/moo_conformance/test_conformance.py::test_yaml_conformance[map::equal_nested_different] PASSED [ 42%]
.venv/Lib/site-packages/moo_conformance/test_conformance.py::test_yaml_conformance[map::equal_case_sensitive] PASSED [ 42%]
.venv/Lib/site-packages/moo_conformance/test_conformance.py::test_yaml_conformance[map::equality_empty_maps] PASSED [ 42%]
.venv/Lib/site-packages/moo_conformance/test_conformance.py::test_yaml_conformance[map::equality_empty_vs_nonempty] PASSED [ 42%]
.venv/Lib/site-packages/moo_conformance/test_conformance.py::test_yaml_conformance[map::equality_same_entries] PASSED [ 42%]
.venv/Lib/site-packages/moo_conformance/test_conformance.py::test_yaml_conformance[map::equality_different_order] PASSED [ 42%]
.venv/Lib/site-packages/moo_conformance/test_conformance.py::test_yaml_conformance[map::equality_nested_same] PASSED [ 42%]
.venv/Lib/site-packages/moo_conformance/test_conformance.py::test_yaml_conformance[map::equality_nested_different] PASSED [ 42%]
.venv/Lib/site-packages/moo_conformance/test_conformance.py::test_yaml_conformance[map::equality_case_insensitive] PASSED [ 42%]
.venv/Lib/site-packages/moo_conformance/test_conformance.py::test_yaml_conformance[map::empty_map_is_false] PASSED [ 43%]
.venv/Lib/site-packages/moo_conformance/test_conformance.py::test_yaml_conformance[map::nonempty_map_is_true] PASSED [ 43%]
.venv/Lib/site-packages/moo_conformance/test_conformance.py::test_yaml_conformance[map::tostr_map] PASSED [ 43%]
.venv/Lib/site-packages/moo_conformance/test_conformance.py::test_yaml_conformance[map::toliteral_map] PASSED [ 43%]
.venv/Lib/site-packages/moo_conformance/test_conformance.py::test_yaml_conformance[map::assignment_copies] PASSED [ 43%]
.venv/Lib/site-packages/moo_conformance/test_conformance.py::test_yaml_conformance[map::assignment_is_copy_not_reference_1] PASSED [ 43%]
.venv/Lib/site-packages/moo_conformance/test_conformance.py::test_yaml_conformance[map::assignment_is_copy_not_reference_2] PASSED [ 43%]
.venv/Lib/site-packages/moo_conformance/test_conformance.py::test_yaml_conformance[map::indexed_access_get] PASSED [ 43%]
.venv/Lib/site-packages/moo_conformance/test_conformance.py::test_yaml_conformance[map::indexed_access_nested] PASSED [ 43%]
.venv/Lib/site-packages/moo_conformance/test_conformance.py::test_yaml_conformance[map::indexed_access_float] PASSED [ 43%]
.venv/Lib/site-packages/moo_conformance/test_conformance.py::test_yaml_conformance[map::indexed_access_missing_key] PASSED [ 43%]
.venv/Lib/site-packages/moo_conformance/test_conformance.py::test_yaml_conformance[map::indexed_assignment_set] PASSED [ 43%]
.venv/Lib/site-packages/moo_conformance/test_conformance.py::test_yaml_conformance[map::indexed_assignment_nested] PASSED [ 43%]
.venv/Lib/site-packages/moo_conformance/test_conformance.py::test_yaml_conformance[map::indexed_assignment_replace_float] PASSED [ 43%]
.venv/Lib/site-packages/moo_conformance/test_conformance.py::test_yaml_conformance[map::indexed_assignment_new_key] PASSED [ 43%]
.venv/Lib/site-packages/moo_conformance/test_conformance.py::test_yaml_conformance[map::property_indexed_access_get] PASSED [ 43%]
.venv/Lib/site-packages/moo_conformance/test_conformance.py::test_yaml_conformance[map::property_indexed_access_nested] PASSED [ 43%]
.venv/Lib/site-packages/moo_conformance/test_conformance.py::test_yaml_conformance[map::property_indexed_access_float] PASSED [ 43%]
.venv/Lib/site-packages/moo_conformance/test_conformance.py::test_yaml_conformance[map::property_indexed_access_missing_key] PASSED [ 44%]
.venv/Lib/site-packages/moo_conformance/test_conformance.py::test_yaml_conformance[map::property_indexed_assignment_set] PASSED [ 44%]
.venv/Lib/site-packages/moo_conformance/test_conformance.py::test_yaml_conformance[map::property_indexed_assignment_nested] PASSED [ 44%]
.venv/Lib/site-packages/moo_conformance/test_conformance.py::test_yaml_conformance[map::property_indexed_assignment_replace_float] PASSED [ 44%]
.venv/Lib/site-packages/moo_conformance/test_conformance.py::test_yaml_conformance[map::property_indexed_assignment_new_key] PASSED [ 44%]
.venv/Lib/site-packages/moo_conformance/test_conformance.py::test_yaml_conformance[map::list_key_literal] PASSED [ 44%]
.venv/Lib/site-packages/moo_conformance/test_conformance.py::test_yaml_conformance[map::empty_list_key_literal] PASSED [ 44%]
.venv/Lib/site-packages/moo_conformance/test_conformance.py::test_yaml_conformance[map::map_key_literal] PASSED [ 44%]
.venv/Lib/site-packages/moo_conformance/test_conformance.py::test_yaml_conformance[map::list_values_key_literal] PASSED [ 44%]
.venv/Lib/site-packages/moo_conformance/test_conformance.py::test_yaml_conformance[map::list_key_assignment_1] PASSED [ 44%]
.venv/Lib/site-packages/moo_conformance/test_conformance.py::test_yaml_conformance[map::list_key_assignment_2] PASSED [ 44%]
.venv/Lib/site-packages/moo_conformance/test_conformance.py::test_yaml_conformance[map::map_key_assignment] PASSED [ 44%]
.venv/Lib/site-packages/moo_conformance/test_conformance.py::test_yaml_conformance[map::list_values_key_assignment] PASSED [ 44%]
.venv/Lib/site-packages/moo_conformance/test_conformance.py::test_yaml_conformance[map::mapdelete_empty_list_key] PASSED [ 44%]
.venv/Lib/site-packages/moo_conformance/test_conformance.py::test_yaml_conformance[map::mapdelete_list_key] PASSED [ 44%]
.venv/Lib/site-packages/moo_conformance/test_conformance.py::test_yaml_conformance[map::mapdelete_map_key] PASSED [ 44%]
.venv/Lib/site-packages/moo_conformance/test_conformance.py::test_yaml_conformance[map::mapdelete_list_values_key] PASSED [ 44%]
.venv/Lib/site-packages/moo_conformance/test_conformance.py::test_yaml_conformance[map::anonymous_object_key] PASSED [ 44%]
.venv/Lib/site-packages/moo_conformance/test_conformance.py::test_yaml_conformance[map::first_last_index] SKIPPED [ 45%]
.venv/Lib/site-packages/moo_conformance/test_conformance.py::test_yaml_conformance[map::ranged_set_invalid_range_1] PASSED [ 45%]
.venv/Lib/site-packages/moo_conformance/test_conformance.py::test_yaml_conformance[map::ranged_set_invalid_range_2] PASSED [ 45%]
.venv/Lib/site-packages/moo_conformance/test_conformance.py::test_yaml_conformance[map::ranged_set_invalid_range_3] PASSED [ 45%]
.venv/Lib/site-packages/moo_conformance/test_conformance.py::test_yaml_conformance[map::ranged_set_single_element] PASSED [ 45%]
.venv/Lib/site-packages/moo_conformance/test_conformance.py::test_yaml_conformance[map::ranged_set_between_elements] PASSED [ 45%]
.venv/Lib/site-packages/moo_conformance/test_conformance.py::test_yaml_conformance[map::ranged_set_merge_existing_key] PASSED [ 45%]
.venv/Lib/site-packages/moo_conformance/test_conformance.py::test_yaml_conformance[map::ranged_set_replace_range] PASSED [ 45%]
.venv/Lib/site-packages/moo_conformance/test_conformance.py::test_yaml_conformance[map::inverted_ranged_set_in_loop] PASSED [ 45%]
.venv/Lib/site-packages/moo_conformance/test_conformance.py::test_yaml_conformance[math::random_0_is_invalid] PASSED [ 45%]
.venv/Lib/site-packages/moo_conformance/test_conformance.py::test_yaml_conformance[math::random_1_returns_1] PASSED [ 45%]
.venv/Lib/site-packages/moo_conformance/test_conformance.py::test_yaml_conformance[math::random_in_valid_range] SKIPPED [ 45%]
.venv/Lib/site-packages/moo_conformance/test_conformance.py::test_yaml_conformance[math::random_in_valid_range_64bit] SKIPPED [ 45%]
.venv/Lib/site-packages/moo_conformance/test_conformance.py::test_yaml_conformance[math::random_negative_invalid] PASSED [ 45%]
.venv/Lib/site-packages/moo_conformance/test_conformance.py::test_yaml_conformance[math::random_bytes_negative_invalid] PASSED [ 45%]
.venv/Lib/site-packages/moo_conformance/test_conformance.py::test_yaml_conformance[math::random_bytes_0_is_empty_string] PASSED [ 45%]
.venv/Lib/site-packages/moo_conformance/test_conformance.py::test_yaml_conformance[math::random_bytes_1_returns_one_byte] SKIPPED [ 45%]
.venv/Lib/site-packages/moo_conformance/test_conformance.py::test_yaml_conformance[math::random_bytes_2_returns_two_bytes] SKIPPED [ 45%]
.venv/Lib/site-packages/moo_conformance/test_conformance.py::test_yaml_conformance[math::random_bytes_max_limit] PASSED [ 46%]
.venv/Lib/site-packages/moo_conformance/test_conformance.py::test_yaml_conformance[math::division_by_zero_float] PASSED [ 46%]
.venv/Lib/site-packages/moo_conformance/test_conformance.py::test_yaml_conformance[math::division_by_zero_int] PASSED [ 46%]
.venv/Lib/site-packages/moo_conformance/test_conformance.py::test_yaml_conformance[math::modulus_by_zero_float] PASSED [ 46%]
.venv/Lib/site-packages/moo_conformance/test_conformance.py::test_yaml_conformance[math::modulus_by_zero_int] PASSED [ 46%]
.venv/Lib/site-packages/moo_conformance/test_conformance.py::test_yaml_conformance[math::minint_division_edge_case] SKIPPED [ 46%]
.venv/Lib/site-packages/moo_conformance/test_conformance.py::test_yaml_conformance[math::minint_modulus_edge_case] SKIPPED [ 46%]
.venv/Lib/site-packages/moo_conformance/test_conformance.py::test_yaml_conformance[math::minint_division_edge_case_64bit] SKIPPED [ 46%]
.venv/Lib/site-packages/moo_conformance/test_conformance.py::test_yaml_conformance[math::minint_modulus_edge_case_64bit] SKIPPED [ 46%]
.venv/Lib/site-packages/moo_conformance/test_conformance.py::test_yaml_conformance[math::division_neg_neg_int] PASSED [ 46%]
.venv/Lib/site-packages/moo_conformance/test_conformance.py::test_yaml_conformance[math::division_neg_pos_int] PASSED [ 46%]
.venv/Lib/site-packages/moo_conformance/test_conformance.py::test_yaml_conformance[math::division_pos_neg_int] PASSED [ 46%]
.venv/Lib/site-packages/moo_conformance/test_conformance.py::test_yaml_conformance[math::division_pos_pos_int] PASSED [ 46%]
.venv/Lib/site-packages/moo_conformance/test_conformance.py::test_yaml_conformance[math::division_neg_neg_float] PASSED [ 46%]
.venv/Lib/site-packages/moo_conformance/test_conformance.py::test_yaml_conformance[math::division_neg_pos_float] PASSED [ 46%]
.venv/Lib/site-packages/moo_conformance/test_conformance.py::test_yaml_conformance[math::division_pos_neg_float] PASSED [ 46%]
.venv/Lib/site-packages/moo_conformance/test_conformance.py::test_yaml_conformance[math::division_pos_pos_float] PASSED [ 46%]
.venv/Lib/site-packages/moo_conformance/test_conformance.py::test_yaml_conformance[math::modulus_neg_neg_int] PASSED [ 46%]
.venv/Lib/site-packages/moo_conformance/test_conformance.py::test_yaml_conformance[math::modulus_neg_pos_int] PASSED [ 47%]
.venv/Lib/site-packages/moo_conformance/test_conformance.py::test_yaml_conformance[math::modulus_pos_neg_int] PASSED [ 47%]
.venv/Lib/site-packages/moo_conformance/test_conformance.py::test_yaml_conformance[math::modulus_pos_pos_int] PASSED [ 47%]
.venv/Lib/site-packages/moo_conformance/test_conformance.py::test_yaml_conformance[math::modulus_neg_neg_float] PASSED [ 47%]
.venv/Lib/site-packages/moo_conformance/test_conformance.py::test_yaml_conformance[math::modulus_neg_pos_float] PASSED [ 47%]
.venv/Lib/site-packages/moo_conformance/test_conformance.py::test_yaml_conformance[math::modulus_pos_neg_float] PASSED [ 47%]
.venv/Lib/site-packages/moo_conformance/test_conformance.py::test_yaml_conformance[math::modulus_pos_pos_float] PASSED [ 47%]
.venv/Lib/site-packages/moo_conformance/test_conformance.py::test_yaml_conformance[miscellaneous::isa_returns_false_for_parent_child] PASSED [ 47%]
.venv/Lib/site-packages/moo_conformance/test_conformance.py::test_yaml_conformance[miscellaneous::isa_returns_true_for_child_parent] PASSED [ 47%]
.venv/Lib/site-packages/moo_conformance/test_conformance.py::test_yaml_conformance[miscellaneous::isa_nothing_child_returns_false] PASSED [ 47%]
.venv/Lib/site-packages/moo_conformance/test_conformance.py::test_yaml_conformance[miscellaneous::isa_nothing_parent_returns_false] PASSED [ 47%]
.venv/Lib/site-packages/moo_conformance/test_conformance.py::test_yaml_conformance[miscellaneous::isa_nothing_nothing_returns_false] PASSED [ 47%]
.venv/Lib/site-packages/moo_conformance/test_conformance.py::test_yaml_conformance[miscellaneous::isa_invalid_parent_returns_false] PASSED [ 47%]
.venv/Lib/site-packages/moo_conformance/test_conformance.py::test_yaml_conformance[miscellaneous::isa_invalid_child_returns_false] PASSED [ 47%]
.venv/Lib/site-packages/moo_conformance/test_conformance.py::test_yaml_conformance[miscellaneous::isa_both_invalid_returns_false] PASSED [ 47%]
.venv/Lib/site-packages/moo_conformance/test_conformance.py::test_yaml_conformance[miscellaneous::isa_negative_parent_returns_false] PASSED [ 47%]
.venv/Lib/site-packages/moo_conformance/test_conformance.py::test_yaml_conformance[miscellaneous::isa_negative_child_returns_false] PASSED [ 47%]
.venv/Lib/site-packages/moo_conformance/test_conformance.py::test_yaml_conformance[miscellaneous::isa_with_create_no_opt] PASSED [ 47%]
.venv/Lib/site-packages/moo_conformance/test_conformance.py::test_yaml_conformance[miscellaneous::isa_with_create_opt_1] PASSED [ 48%]
.venv/Lib/site-packages/moo_conformance/test_conformance.py::test_yaml_conformance[miscellaneous::isa_with_create_reverse_no_opt] PASSED [ 48%]
.venv/Lib/site-packages/moo_conformance/test_conformance.py::test_yaml_conformance[miscellaneous::isa_with_create_reverse_opt_1] PASSED [ 48%]
.venv/Lib/site-packages/moo_conformance/test_conformance.py::test_yaml_conformance[objects::create_single_inheritance] PASSED [ 48%]
.venv/Lib/site-packages/moo_conformance/test_conformance.py::test_yaml_conformance[objects::children_single_inheritance] PASSED [ 48%]
.venv/Lib/site-packages/moo_conformance/test_conformance.py::test_yaml_conformance[objects::create_sets_owner_correctly] PASSED [ 48%]
.venv/Lib/site-packages/moo_conformance/test_conformance.py::test_yaml_conformance[objects::create_multiple_inheritance] PASSED [ 48%]
.venv/Lib/site-packages/moo_conformance/test_conformance.py::test_yaml_conformance[objects::create_invalid_owner_invarg] PASSED [ 48%]
.venv/Lib/site-packages/moo_conformance/test_conformance.py::test_yaml_conformance[objects::create_invalid_owner_ambiguous] PASSED [ 48%]
.venv/Lib/site-packages/moo_conformance/test_conformance.py::test_yaml_conformance[objects::create_invalid_owner_failed_match] PASSED [ 48%]
.venv/Lib/site-packages/moo_conformance/test_conformance.py::test_yaml_conformance[objects::create_invalid_owner_nothing_as_wizard] PASSED [ 48%]
.venv/Lib/site-packages/moo_conformance/test_conformance.py::test_yaml_conformance[objects::create_invalid_owner_as_programmer] PASSED [ 48%]
.venv/Lib/site-packages/moo_conformance/test_conformance.py::test_yaml_conformance[objects::create_invalid_owner_invarg_as_programmer] PASSED [ 48%]
.venv/Lib/site-packages/moo_conformance/test_conformance.py::test_yaml_conformance[objects::create_no_args] PASSED [ 48%]
.venv/Lib/site-packages/moo_conformance/test_conformance.py::test_yaml_conformance[objects::create_type_error_int] PASSED [ 48%]
.venv/Lib/site-packages/moo_conformance/test_conformance.py::test_yaml_conformance[objects::create_type_error_string] PASSED [ 48%]
.venv/Lib/site-packages/moo_conformance/test_conformance.py::test_yaml_conformance[objects::create_type_error_both_args] PASSED [ 48%]
.venv/Lib/site-packages/moo_conformance/test_conformance.py::test_yaml_conformance[objects::create_invalid_parent_ambiguous] PASSED [ 48%]
.venv/Lib/site-packages/moo_conformance/test_conformance.py::test_yaml_conformance[objects::create_invalid_parent_failed_match] PASSED [ 49%]
.venv/Lib/site-packages/moo_conformance/test_conformance.py::test_yaml_conformance[objects::create_list_type_error_int] PASSED [ 49%]
.venv/Lib/site-packages/moo_conformance/test_conformance.py::test_yaml_conformance[objects::create_list_type_error_string] PASSED [ 49%]
.venv/Lib/site-packages/moo_conformance/test_conformance.py::test_yaml_conformance[objects::create_list_invalid_nothing] PASSED [ 49%]
.venv/Lib/site-packages/moo_conformance/test_conformance.py::test_yaml_conformance[objects::create_list_invalid_ambiguous] PASSED [ 49%]
.venv/Lib/site-packages/moo_conformance/test_conformance.py::test_yaml_conformance[objects::create_list_invalid_failed_match] PASSED [ 49%]
.venv/Lib/site-packages/moo_conformance/test_conformance.py::test_yaml_conformance[objects::create_duplicate_property_error] PASSED [ 49%]
.venv/Lib/site-packages/moo_conformance/test_conformance.py::test_yaml_conformance[objects::create_duplicate_parents_error] PASSED [ 49%]
.venv/Lib/site-packages/moo_conformance/test_conformance.py::test_yaml_conformance[objects::create_permission_denied_as_programmer] PASSED [ 49%]
.venv/Lib/site-packages/moo_conformance/test_conformance.py::test_yaml_conformance[objects::chparent_single_inheritance] PASSED [ 49%]
.venv/Lib/site-packages/moo_conformance/test_conformance.py::test_yaml_conformance[objects::children_after_chparent] PASSED [ 49%]
.venv/Lib/site-packages/moo_conformance/test_conformance.py::test_yaml_conformance[objects::chparent_reparent] PASSED [ 49%]
.venv/Lib/site-packages/moo_conformance/test_conformance.py::test_yaml_conformance[objects::chparents_multiple_inheritance] PASSED [ 49%]
.venv/Lib/site-packages/moo_conformance/test_conformance.py::test_yaml_conformance[objects::ancestors_basic] PASSED [ 49%]
.venv/Lib/site-packages/moo_conformance/test_conformance.py::test_yaml_conformance[objects::descendants_basic] PASSED [ 49%]
.venv/Lib/site-packages/moo_conformance/test_conformance.py::test_yaml_conformance[objects::chparent_property_reset] PASSED [ 49%]
.venv/Lib/site-packages/moo_conformance/test_conformance.py::test_yaml_conformance[objects::chparent_property_conflict_error] PASSED [ 49%]
.venv/Lib/site-packages/moo_conformance/test_conformance.py::test_yaml_conformance[objects::chparents_property_conflict_error] PASSED [ 49%]
.venv/Lib/site-packages/moo_conformance/test_conformance.py::test_yaml_conformance[objects::parent_invalid_nothing] PASSED [ 50%]
.venv/Lib/site-packages/moo_conformance/test_conformance.py::test_yaml_conformance[objects::chparent_to_nothing_from_nothing] PASSED [ 50%]
.venv/Lib/site-packages/moo_conformance/test_conformance.py::test_yaml_conformance[objects::chparent_recursive_error] PASSED [ 50%]
.venv/Lib/site-packages/moo_conformance/test_conformance.py::test_yaml_conformance[objects::chparent_circular_error] PASSED [ 50%]
.venv/Lib/site-packages/moo_conformance/test_conformance.py::test_yaml_conformance[objects::chparents_recursive_error] PASSED [ 50%]
.venv/Lib/site-packages/moo_conformance/test_conformance.py::test_yaml_conformance[objects::chparents_circular_error] PASSED [ 50%]
.venv/Lib/site-packages/moo_conformance/test_conformance.py::test_yaml_conformance[objects::chparents_duplicate_property_error] PASSED [ 50%]
.venv/Lib/site-packages/moo_conformance/test_conformance.py::test_yaml_conformance[objects::chparents_duplicate_parents_error] PASSED [ 50%]
.venv/Lib/site-packages/moo_conformance/test_conformance.py::test_yaml_conformance[objects::parent_maps_parents_list] PASSED [ 50%]
.venv/Lib/site-packages/moo_conformance/test_conformance.py::test_yaml_conformance[objects::parent_maps_parents_single] PASSED [ 50%]
.venv/Lib/site-packages/moo_conformance/test_conformance.py::test_yaml_conformance[objects::parent_maps_parents_empty] PASSED [ 50%]
.venv/Lib/site-packages/moo_conformance/test_conformance.py::test_yaml_conformance[objects::recycle_reparents_children_single] PASSED [ 50%]
.venv/Lib/site-packages/moo_conformance/test_conformance.py::test_yaml_conformance[objects::recycle_clears_children_single] PASSED [ 50%]
.venv/Lib/site-packages/moo_conformance/test_conformance.py::test_yaml_conformance[objects::recycle_clears_location_single] PASSED [ 50%]
.venv/Lib/site-packages/moo_conformance/test_conformance.py::test_yaml_conformance[objects::recycle_clears_contents_single] PASSED [ 50%]
.venv/Lib/site-packages/moo_conformance/test_conformance.py::test_yaml_conformance[objects::recycle_parent_returns_invarg] PASSED [ 50%]
.venv/Lib/site-packages/moo_conformance/test_conformance.py::test_yaml_conformance[objects::recycle_children_returns_invarg] PASSED [ 50%]
.venv/Lib/site-packages/moo_conformance/test_conformance.py::test_yaml_conformance[objects::recycle_location_returns_invind] PASSED [ 50%]
.venv/Lib/site-packages/moo_conformance/test_conformance.py::test_yaml_conformance[objects::recycle_contents_returns_invind] PASSED [ 51%]
.venv/Lib/site-packages/moo_conformance/test_conformance.py::test_yaml_conformance[objects::recycle_parent_merges_remaining_multiple] PASSED [ 51%]
.venv/Lib/site-packages/moo_conformance/test_conformance.py::test_yaml_conformance[objects::recycle_parent_merges_correctly_complex] PASSED [ 51%]
.venv/Lib/site-packages/moo_conformance/test_conformance.py::test_yaml_conformance[objects::renumber_basic_simple] PASSED [ 51%]
.venv/Lib/site-packages/moo_conformance/test_conformance.py::test_yaml_conformance[objects::renumber_basic] SKIPPED [ 51%]
.venv/Lib/site-packages/moo_conformance/test_conformance.py::test_yaml_conformance[objects::move_basic] PASSED [ 51%]
.venv/Lib/site-packages/moo_conformance/test_conformance.py::test_yaml_conformance[objects::move_updates_contents] PASSED [ 51%]
.venv/Lib/site-packages/moo_conformance/test_conformance.py::test_yaml_conformance[objects::pass_single_inheritance] PASSED [ 51%]
.venv/Lib/site-packages/moo_conformance/test_conformance.py::test_yaml_conformance[objects::verb_inheritance_basic] PASSED [ 51%]
.venv/Lib/site-packages/moo_conformance/test_conformance.py::test_yaml_conformance[objects::verb_inheritance_after_chparent] PASSED [ 51%]
.venv/Lib/site-packages/moo_conformance/test_conformance.py::test_yaml_conformance[objects::verb_inheritance_multiple_parents] PASSED [ 51%]
.venv/Lib/site-packages/moo_conformance/test_conformance.py::test_yaml_conformance[objects::property_inheritance_basic] PASSED [ 51%]
.venv/Lib/site-packages/moo_conformance/test_conformance.py::test_yaml_conformance[objects::property_set_and_clear] PASSED [ 51%]
.venv/Lib/site-packages/moo_conformance/test_conformance.py::test_yaml_conformance[objects::property_inheritance_after_chparent] PASSED [ 51%]
.venv/Lib/site-packages/moo_conformance/test_conformance.py::test_yaml_conformance[objects::property_inheritance_multiple_parents] PASSED [ 51%]
.venv/Lib/site-packages/moo_conformance/test_conformance.py::test_yaml_conformance[objects::property_delete_from_parent] PASSED [ 51%]
.venv/Lib/site-packages/moo_conformance/test_conformance.py::test_yaml_conformance[objects::property_delete_propnf_on_child] PASSED [ 51%]
.venv/Lib/site-packages/moo_conformance/test_conformance.py::test_yaml_conformance[objects::property_add_delete_multiple_inheritance] PASSED [ 51%]
.venv/Lib/site-packages/moo_conformance/test_conformance.py::test_yaml_conformance[objects::ancestors_linear] PASSED [ 52%]
.venv/Lib/site-packages/moo_conformance/test_conformance.py::test_yaml_conformance[objects::descendants_linear] PASSED [ 52%]
.venv/Lib/site-packages/moo_conformance/test_conformance.py::test_yaml_conformance[objects::ancestors_empty_for_root] PASSED [ 52%]
.venv/Lib/site-packages/moo_conformance/test_conformance.py::test_yaml_conformance[objects::descendants_empty_for_leaf] PASSED [ 52%]
.venv/Lib/site-packages/moo_conformance/test_conformance.py::test_yaml_conformance[objects::ancestors_dag_serialization] PASSED [ 52%]
.venv/Lib/site-packages/moo_conformance/test_conformance.py::test_yaml_conformance[objects::descendants_dag_serialization] PASSED [ 52%]
.venv/Lib/site-packages/moo_conformance/test_conformance.py::test_yaml_conformance[objects::ancestors_include_self] PASSED [ 52%]
.venv/Lib/site-packages/moo_conformance/test_conformance.py::test_yaml_conformance[objects::descendants_include_self] PASSED [ 52%]
.venv/Lib/site-packages/moo_conformance/test_conformance.py::test_yaml_conformance[objects::ancestors_exclude_self_explicit] PASSED [ 52%]
.venv/Lib/site-packages/moo_conformance/test_conformance.py::test_yaml_conformance[objects::descendants_exclude_self_explicit] PASSED [ 52%]
.venv/Lib/site-packages/moo_conformance/test_conformance.py::test_yaml_conformance[objects::chparent_property_conflict_variations] PASSED [ 52%]
.venv/Lib/site-packages/moo_conformance/test_conformance.py::test_yaml_conformance[objects::chparents_property_conflict_variations] PASSED [ 52%]
.venv/Lib/site-packages/moo_conformance/test_conformance.py::test_yaml_conformance[objects::create_empty_list_vs_nothing] PASSED [ 52%]
.venv/Lib/site-packages/moo_conformance/test_conformance.py::test_yaml_conformance[objects::create_nothing_in_list_error] PASSED [ 52%]
.venv/Lib/site-packages/moo_conformance/test_conformance.py::test_yaml_conformance[objects::create_invalid_object_error] PASSED [ 52%]
.venv/Lib/site-packages/moo_conformance/test_conformance.py::test_yaml_conformance[objects::create_invalid_object_in_list_error] PASSED [ 52%]
.venv/Lib/site-packages/moo_conformance/test_conformance.py::test_yaml_conformance[objects::verb_cache_basic] SKIPPED [ 52%]
.venv/Lib/site-packages/moo_conformance/test_conformance.py::test_yaml_conformance[objects::recycle_multiple_inheritance_reparents] PASSED [ 52%]
.venv/Lib/site-packages/moo_conformance/test_conformance.py::test_yaml_conformance[objects::recycle_multiple_inheritance_children] PASSED [ 53%]
.venv/Lib/site-packages/moo_conformance/test_conformance.py::test_yaml_conformance[objects::clear_property_basic] PASSED [ 53%]
.venv/Lib/site-packages/moo_conformance/test_conformance.py::test_yaml_conformance[objects::clear_property_after_chparent] PASSED [ 53%]
.venv/Lib/site-packages/moo_conformance/test_conformance.py::test_yaml_conformance[objects::ancestors_after_recycle] PASSED [ 53%]
.venv/Lib/site-packages/moo_conformance/test_conformance.py::test_yaml_conformance[objects::descendants_after_recycle] PASSED [ 53%]
.venv/Lib/site-packages/moo_conformance/test_conformance.py::test_yaml_conformance[objects::children_after_recycle] PASSED [ 53%]
.venv/Lib/site-packages/moo_conformance/test_conformance.py::test_yaml_conformance[objects::chparent_property_conflict_in_descendants] PASSED [ 53%]
.venv/Lib/site-packages/moo_conformance/test_conformance.py::test_yaml_conformance[objects::chparents_no_property_conflict] PASSED [ 53%]
.venv/Lib/site-packages/moo_conformance/test_conformance.py::test_yaml_conformance[objects::clear_property_preserves_property_info] PASSED [ 53%]
.venv/Lib/site-packages/moo_conformance/test_conformance.py::test_yaml_conformance[objects::renumber_multiple_inheritance] PASSED [ 53%]
.venv/Lib/site-packages/moo_conformance/test_conformance.py::test_yaml_conformance[objects::property_owner_with_c_permission] PASSED [ 53%]
.venv/Lib/site-packages/moo_conformance/test_conformance.py::test_yaml_conformance[objects::parent_on_recycled_object_error] PASSED [ 53%]
.venv/Lib/site-packages/moo_conformance/test_conformance.py::test_yaml_conformance[objects::children_on_recycled_object_error] PASSED [ 53%]
.venv/Lib/site-packages/moo_conformance/test_conformance.py::test_yaml_conformance[objects::ancestors_on_recycled_object_error] PASSED [ 53%]
.venv/Lib/site-packages/moo_conformance/test_conformance.py::test_yaml_conformance[objects::descendants_on_recycled_object_error] PASSED [ 53%]
.venv/Lib/site-packages/moo_conformance/test_conformance.py::test_yaml_conformance[objects::recycle_preserves_inherited_verbs] PASSED [ 53%]
.venv/Lib/site-packages/moo_conformance/test_conformance.py::test_yaml_conformance[objects::recycle_preserves_inherited_properties] PASSED [ 53%]
.venv/Lib/site-packages/moo_conformance/test_conformance.py::test_yaml_conformance[objects::parents_returns_list_parent_returns_first] PASSED [ 53%]
.venv/Lib/site-packages/moo_conformance/test_conformance.py::test_yaml_conformance[objects::max_object_increases_after_create] PASSED [ 54%]
.venv/Lib/site-packages/moo_conformance/test_conformance.py::test_yaml_conformance[objects::move_clears_old_contents] PASSED [ 54%]
.venv/Lib/site-packages/moo_conformance/test_conformance.py::test_yaml_conformance[objects::move_to_nothing] PASSED [ 54%]
.venv/Lib/site-packages/moo_conformance/test_conformance.py::test_yaml_conformance[objects::valid_on_created_object] PASSED [ 54%]
.venv/Lib/site-packages/moo_conformance/test_conformance.py::test_yaml_conformance[objects::valid_on_recycled_object] PASSED [ 54%]
.venv/Lib/site-packages/moo_conformance/test_conformance.py::test_yaml_conformance[objects::valid_on_nothing] PASSED [ 54%]
.venv/Lib/site-packages/moo_conformance/test_conformance.py::test_yaml_conformance[objects::create_permission_wizard_creates_with_wizard_parent] PASSED [ 54%]
.venv/Lib/site-packages/moo_conformance/test_conformance.py::test_yaml_conformance[objects::create_permission_wizard_owns_nothing_owner] PASSED [ 54%]
.venv/Lib/site-packages/moo_conformance/test_conformance.py::test_yaml_conformance[objects::chparent_permission_wizard_can_change_any] FAILED [ 54%]
.venv/Lib/site-packages/moo_conformance/test_conformance.py::test_yaml_conformance[objects::property_inherited_after_delete_and_recreate] PASSED [ 54%]
.venv/Lib/site-packages/moo_conformance/test_conformance.py::test_yaml_conformance[objects::property_multiple_inheritance_first_parent_wins] PASSED [ 54%]
.venv/Lib/site-packages/moo_conformance/test_conformance.py::test_yaml_conformance[objects::parents_single_element_returns_list] PASSED [ 54%]
.venv/Lib/site-packages/moo_conformance/test_conformance.py::test_yaml_conformance[objects::chparent_same_parent_noop] FAILED [ 54%]
.venv/Lib/site-packages/moo_conformance/test_conformance.py::test_yaml_conformance[objects::chparents_same_parents_noop] PASSED [ 54%]
.venv/Lib/site-packages/moo_conformance/test_conformance.py::test_yaml_conformance[objects::pass_multiple_inheritance_order_matters] PASSED [ 54%]
.venv/Lib/site-packages/moo_conformance/test_conformance.py::test_yaml_conformance[objects::recycle_clears_own_verbs] PASSED [ 54%]
.venv/Lib/site-packages/moo_conformance/test_conformance.py::test_yaml_conformance[objects::clear_property_on_defined_property_error] PASSED [ 54%]
.venv/Lib/site-packages/moo_conformance/test_conformance.py::test_yaml_conformance[objects::ancestors_empty_parent_list] PASSED [ 54%]
.venv/Lib/site-packages/moo_conformance/test_conformance.py::test_yaml_conformance[objects::descendants_no_children] PASSED [ 55%]
.venv/Lib/site-packages/moo_conformance/test_conformance.py::test_yaml_conformance[objects::renumber_changes_object_identity] PASSED [ 55%]
.venv/Lib/site-packages/moo_conformance/test_conformance.py::test_yaml_conformance[objects::chparent_to_invalid_object] PASSED [ 55%]
.venv/Lib/site-packages/moo_conformance/test_conformance.py::test_yaml_conformance[objects::chparents_with_invalid_in_list] PASSED [ 55%]
.venv/Lib/site-packages/moo_conformance/test_conformance.py::test_yaml_conformance[primitives::integer_without_prototype] PASSED [ 55%]
.venv/Lib/site-packages/moo_conformance/test_conformance.py::test_yaml_conformance[primitives::float_without_prototype] PASSED [ 55%]
.venv/Lib/site-packages/moo_conformance/test_conformance.py::test_yaml_conformance[primitives::string_without_prototype] PASSED [ 55%]
.venv/Lib/site-packages/moo_conformance/test_conformance.py::test_yaml_conformance[primitives::error_without_prototype] PASSED [ 55%]
.venv/Lib/site-packages/moo_conformance/test_conformance.py::test_yaml_conformance[primitives::list_without_prototype] PASSED [ 55%]
.venv/Lib/site-packages/moo_conformance/test_conformance.py::test_yaml_conformance[primitives::map_without_prototype] PASSED [ 55%]
.venv/Lib/site-packages/moo_conformance/test_conformance.py::test_yaml_conformance[primitives::integer_prototype_no_verb] PASSED [ 55%]
.venv/Lib/site-packages/moo_conformance/test_conformance.py::test_yaml_conformance[primitives::integer_prototype_with_verb] PASSED [ 55%]
.venv/Lib/site-packages/moo_conformance/test_conformance.py::test_yaml_conformance[primitives::float_prototype_no_verb] PASSED [ 55%]
.venv/Lib/site-packages/moo_conformance/test_conformance.py::test_yaml_conformance[primitives::float_prototype_with_verb] PASSED [ 55%]
.venv/Lib/site-packages/moo_conformance/test_conformance.py::test_yaml_conformance[primitives::string_prototype_no_verb] PASSED [ 55%]
.venv/Lib/site-packages/moo_conformance/test_conformance.py::test_yaml_conformance[primitives::string_prototype_with_verb] PASSED [ 55%]
.venv/Lib/site-packages/moo_conformance/test_conformance.py::test_yaml_conformance[primitives::error_prototype_no_verb] PASSED [ 55%]
.venv/Lib/site-packages/moo_conformance/test_conformance.py::test_yaml_conformance[primitives::error_prototype_with_verb] PASSED [ 55%]
.venv/Lib/site-packages/moo_conformance/test_conformance.py::test_yaml_conformance[primitives::list_prototype_no_verb] PASSED [ 56%]
.venv/Lib/site-packages/moo_conformance/test_conformance.py::test_yaml_conformance[primitives::list_prototype_with_verb] PASSED [ 56%]
.venv/Lib/site-packages/moo_conformance/test_conformance.py::test_yaml_conformance[primitives::map_prototype_no_verb] PASSED [ 56%]
.venv/Lib/site-packages/moo_conformance/test_conformance.py::test_yaml_conformance[primitives::map_prototype_with_verb] PASSED [ 56%]
.venv/Lib/site-packages/moo_conformance/test_conformance.py::test_yaml_conformance[primitives::queued_tasks_includes_this_map] PASSED [ 56%]
.venv/Lib/site-packages/moo_conformance/test_conformance.py::test_yaml_conformance[primitives::callers_includes_primitive_this] FAILED [ 56%]
.venv/Lib/site-packages/moo_conformance/test_conformance.py::test_yaml_conformance[primitives::inheritance_with_prototypes] PASSED [ 56%]
.venv/Lib/site-packages/moo_conformance/test_conformance.py::test_yaml_conformance[primitives::pass_works_with_prototypes] PASSED [ 56%]
.venv/Lib/site-packages/moo_conformance/test_conformance.py::test_yaml_conformance[properties::property_info_basic] PASSED [ 56%]
.venv/Lib/site-packages/moo_conformance/test_conformance.py::test_yaml_conformance[properties::add_property_basic] PASSED [ 56%]
.venv/Lib/site-packages/moo_conformance/test_conformance.py::test_yaml_conformance[properties::add_property_works] PASSED [ 56%]
.venv/Lib/site-packages/moo_conformance/test_conformance.py::test_yaml_conformance[properties::add_property_invalid_owner] PASSED [ 56%]
.venv/Lib/site-packages/moo_conformance/test_conformance.py::test_yaml_conformance[properties::add_property_invalid_perms] PASSED [ 56%]
.venv/Lib/site-packages/moo_conformance/test_conformance.py::test_yaml_conformance[properties::add_property_recycled_object] PASSED [ 56%]
.venv/Lib/site-packages/moo_conformance/test_conformance.py::test_yaml_conformance[properties::add_property_builtin_name] PASSED [ 56%]
.venv/Lib/site-packages/moo_conformance/test_conformance.py::test_yaml_conformance[properties::add_property_defined_on_ancestor] PASSED [ 56%]
.venv/Lib/site-packages/moo_conformance/test_conformance.py::test_yaml_conformance[properties::add_property_defined_on_descendant] PASSED [ 56%]
.venv/Lib/site-packages/moo_conformance/test_conformance.py::test_yaml_conformance[properties::add_property_no_write_permission] SKIPPED [ 56%]
.venv/Lib/site-packages/moo_conformance/test_conformance.py::test_yaml_conformance[properties::add_property_with_write_permission] PASSED [ 57%]
.venv/Lib/site-packages/moo_conformance/test_conformance.py::test_yaml_conformance[properties::add_property_wizard_bypasses_write] PASSED [ 57%]
.venv/Lib/site-packages/moo_conformance/test_conformance.py::test_yaml_conformance[properties::add_property_not_owner] PASSED [ 57%]
.venv/Lib/site-packages/moo_conformance/test_conformance.py::test_yaml_conformance[properties::add_property_is_owner] PASSED [ 57%]
.venv/Lib/site-packages/moo_conformance/test_conformance.py::test_yaml_conformance[properties::add_property_wizard_sets_owner] PASSED [ 57%]
.venv/Lib/site-packages/moo_conformance/test_conformance.py::test_yaml_conformance[properties::delete_property_works] PASSED [ 57%]
.venv/Lib/site-packages/moo_conformance/test_conformance.py::test_yaml_conformance[properties::delete_property_recycled_object] PASSED [ 57%]
.venv/Lib/site-packages/moo_conformance/test_conformance.py::test_yaml_conformance[properties::delete_property_not_found] PASSED [ 57%]
.venv/Lib/site-packages/moo_conformance/test_conformance.py::test_yaml_conformance[properties::delete_property_builtin] PASSED [ 57%]
.venv/Lib/site-packages/moo_conformance/test_conformance.py::test_yaml_conformance[properties::delete_property_no_write_permission] SKIPPED [ 57%]
.venv/Lib/site-packages/moo_conformance/test_conformance.py::test_yaml_conformance[properties::delete_property_with_write_permission] PASSED [ 57%]
.venv/Lib/site-packages/moo_conformance/test_conformance.py::test_yaml_conformance[properties::delete_property_wizard_bypasses_write] PASSED [ 57%]
.venv/Lib/site-packages/moo_conformance/test_conformance.py::test_yaml_conformance[properties::is_clear_property_works] PASSED [ 57%]
.venv/Lib/site-packages/moo_conformance/test_conformance.py::test_yaml_conformance[properties::is_clear_property_recycled_object] PASSED [ 57%]
.venv/Lib/site-packages/moo_conformance/test_conformance.py::test_yaml_conformance[properties::is_clear_property_not_found] PASSED [ 57%]
.venv/Lib/site-packages/moo_conformance/test_conformance.py::test_yaml_conformance[properties::is_clear_property_builtin] PASSED [ 57%]
.venv/Lib/site-packages/moo_conformance/test_conformance.py::test_yaml_conformance[properties::is_clear_property_on_definer] PASSED [ 57%]
.venv/Lib/site-packages/moo_conformance/test_conformance.py::test_yaml_conformance[properties::is_clear_property_no_read_permission] SKIPPED [ 57%]
.venv/Lib/site-packages/moo_conformance/test_conformance.py::test_yaml_conformance[properties::is_clear_property_with_read_permission] PASSED [ 58%]
.venv/Lib/site-packages/moo_conformance/test_conformance.py::test_yaml_conformance[properties::is_clear_property_wizard_bypasses_read] PASSED [ 58%]
.venv/Lib/site-packages/moo_conformance/test_conformance.py::test_yaml_conformance[properties::clear_property_works] PASSED [ 58%]
.venv/Lib/site-packages/moo_conformance/test_conformance.py::test_yaml_conformance[properties::clear_property_recycled_object] PASSED [ 58%]
.venv/Lib/site-packages/moo_conformance/test_conformance.py::test_yaml_conformance[properties::clear_property_not_found] PASSED [ 58%]
.venv/Lib/site-packages/moo_conformance/test_conformance.py::test_yaml_conformance[properties::clear_property_builtin] PASSED [ 58%]
.venv/Lib/site-packages/moo_conformance/test_conformance.py::test_yaml_conformance[properties::clear_property_on_definer] PASSED [ 58%]
.venv/Lib/site-packages/moo_conformance/test_conformance.py::test_yaml_conformance[properties::clear_property_no_write_permission] SKIPPED [ 58%]
.venv/Lib/site-packages/moo_conformance/test_conformance.py::test_yaml_conformance[properties::clear_property_with_write_permission] PASSED [ 58%]
.venv/Lib/site-packages/moo_conformance/test_conformance.py::test_yaml_conformance[properties::clear_property_wizard_bypasses_write] PASSED [ 58%]
.venv/Lib/site-packages/moo_conformance/test_conformance.py::test_yaml_conformance[properties::property_info_works] PASSED [ 58%]
.venv/Lib/site-packages/moo_conformance/test_conformance.py::test_yaml_conformance[properties::property_info_recycled_object] PASSED [ 58%]
.venv/Lib/site-packages/moo_conformance/test_conformance.py::test_yaml_conformance[properties::property_info_not_found] PASSED [ 58%]
.venv/Lib/site-packages/moo_conformance/test_conformance.py::test_yaml_conformance[properties::property_info_builtin] PASSED [ 58%]
.venv/Lib/site-packages/moo_conformance/test_conformance.py::test_yaml_conformance[properties::property_info_no_read_permission] SKIPPED [ 58%]
.venv/Lib/site-packages/moo_conformance/test_conformance.py::test_yaml_conformance[properties::property_info_with_read_permission] PASSED [ 58%]
.venv/Lib/site-packages/moo_conformance/test_conformance.py::test_yaml_conformance[properties::property_info_wizard_bypasses_read] PASSED [ 58%]
.venv/Lib/site-packages/moo_conformance/test_conformance.py::test_yaml_conformance[properties::set_property_info_works] SKIPPED [ 58%]
.venv/Lib/site-packages/moo_conformance/test_conformance.py::test_yaml_conformance[properties::set_property_info_recycled_object] PASSED [ 59%]
.venv/Lib/site-packages/moo_conformance/test_conformance.py::test_yaml_conformance[properties::set_property_info_not_found] PASSED [ 59%]
.venv/Lib/site-packages/moo_conformance/test_conformance.py::test_yaml_conformance[properties::set_property_info_builtin] PASSED [ 59%]
.venv/Lib/site-packages/moo_conformance/test_conformance.py::test_yaml_conformance[properties::set_property_info_no_write_permission] SKIPPED [ 59%]
.venv/Lib/site-packages/moo_conformance/test_conformance.py::test_yaml_conformance[properties::set_property_info_with_write_permission_still_fails] SKIPPED [ 59%]
.venv/Lib/site-packages/moo_conformance/test_conformance.py::test_yaml_conformance[properties::set_property_info_wizard_succeeds] PASSED [ 59%]
.venv/Lib/site-packages/moo_conformance/test_conformance.py::test_yaml_conformance[properties::properties_works] PASSED [ 59%]
.venv/Lib/site-packages/moo_conformance/test_conformance.py::test_yaml_conformance[properties::properties_recycled_object] PASSED [ 59%]
.venv/Lib/site-packages/moo_conformance/test_conformance.py::test_yaml_conformance[properties::properties_no_read_permission] SKIPPED [ 59%]
.venv/Lib/site-packages/moo_conformance/test_conformance.py::test_yaml_conformance[properties::properties_with_read_permission] PASSED [ 59%]
.venv/Lib/site-packages/moo_conformance/test_conformance.py::test_yaml_conformance[properties::properties_wizard_bypasses_read] PASSED [ 59%]
.venv/Lib/site-packages/moo_conformance/test_conformance.py::test_yaml_conformance[properties::property_inheritance_basic] PASSED [ 59%]
.venv/Lib/site-packages/moo_conformance/test_conformance.py::test_yaml_conformance[properties::property_inheritance_override] PASSED [ 59%]
.venv/Lib/site-packages/moo_conformance/test_conformance.py::test_yaml_conformance[properties::property_inheritance_clear_restores_parent] PASSED [ 59%]
.venv/Lib/site-packages/moo_conformance/test_conformance.py::test_yaml_conformance[properties::property_inheritance_chparent_adds_properties] PASSED [ 59%]
.venv/Lib/site-packages/moo_conformance/test_conformance.py::test_yaml_conformance[properties::property_inheritance_chparent_removes_properties] PASSED [ 59%]
.venv/Lib/site-packages/moo_conformance/test_conformance.py::test_yaml_conformance[properties::property_inheritance_multiple_parents_basic] PASSED [ 59%]
.venv/Lib/site-packages/moo_conformance/test_conformance.py::test_yaml_conformance[properties::property_inheritance_chparents_multi] PASSED [ 59%]
.venv/Lib/site-packages/moo_conformance/test_conformance.py::test_yaml_conformance[properties::property_inheritance_delete_from_parent] PASSED [ 60%]
.venv/Lib/site-packages/moo_conformance/test_conformance.py::test_yaml_conformance[properties::property_inheritance_add_to_parent] PASSED [ 60%]
.venv/Lib/site-packages/moo_conformance/test_conformance.py::test_yaml_conformance[properties::property_inheritance_cannot_delete_from_child] PASSED [ 60%]
.venv/Lib/site-packages/moo_conformance/test_conformance.py::test_yaml_conformance[properties::property_inheritance_grandparent] PASSED [ 60%]
.venv/Lib/site-packages/moo_conformance/test_conformance.py::test_yaml_conformance[properties::property_inheritance_chparent_loses_override] PASSED [ 60%]
.venv/Lib/site-packages/moo_conformance/test_conformance.py::test_yaml_conformance[properties::property_inheritance_multi_level_clear] PASSED [ 60%]
.venv/Lib/site-packages/moo_conformance/test_conformance.py::test_yaml_conformance[properties::property_inheritance_multi_parent_distinct_props] PASSED [ 60%]
.venv/Lib/site-packages/moo_conformance/test_conformance.py::test_yaml_conformance[properties::property_inheritance_duplicate_property_error] PASSED [ 60%]
.venv/Lib/site-packages/moo_conformance/test_conformance.py::test_yaml_conformance[recycle::recycle_requires_argument] PASSED [ 60%]
.venv/Lib/site-packages/moo_conformance/test_conformance.py::test_yaml_conformance[recycle::recycle_rejects_int] PASSED [ 60%]
.venv/Lib/site-packages/moo_conformance/test_conformance.py::test_yaml_conformance[recycle::recycle_rejects_waif] PASSED [ 60%]
.venv/Lib/site-packages/moo_conformance/test_conformance.py::test_yaml_conformance[recycle::recycle_accepts_nothing] PASSED [ 60%]
.venv/Lib/site-packages/moo_conformance/test_conformance.py::test_yaml_conformance[recycle::recycle_accepts_object] PASSED [ 60%]
.venv/Lib/site-packages/moo_conformance/test_conformance.py::test_yaml_conformance[recycle::recycle_accepts_anonymous] PASSED [ 60%]
.venv/Lib/site-packages/moo_conformance/test_conformance.py::test_yaml_conformance[recycle::recycle_rejects_float] PASSED [ 60%]
.venv/Lib/site-packages/moo_conformance/test_conformance.py::test_yaml_conformance[recycle::recycle_rejects_list] PASSED [ 60%]
.venv/Lib/site-packages/moo_conformance/test_conformance.py::test_yaml_conformance[recycle::recycle_rejects_map] PASSED [ 60%]
.venv/Lib/site-packages/moo_conformance/test_conformance.py::test_yaml_conformance[recycle::recycle_rejects_string] PASSED [ 60%]
.venv/Lib/site-packages/moo_conformance/test_conformance.py::test_yaml_conformance[recycle::recycle_invalid_already_recycled_object] PASSED [ 61%]
.venv/Lib/site-packages/moo_conformance/test_conformance.py::test_yaml_conformance[recycle::recycle_invalid_already_recycled_anonymous] PASSED [ 61%]
.venv/Lib/site-packages/moo_conformance/test_conformance.py::test_yaml_conformance[recycle::wizard_can_recycle_non_wizard_object] PASSED [ 61%]
.venv/Lib/site-packages/moo_conformance/test_conformance.py::test_yaml_conformance[recycle::wizard_can_recycle_wizard_object] PASSED [ 61%]
.venv/Lib/site-packages/moo_conformance/test_conformance.py::test_yaml_conformance[recycle::wizard_can_recycle_others_object] PASSED [ 61%]
.venv/Lib/site-packages/moo_conformance/test_conformance.py::test_yaml_conformance[recycle::wizard_can_recycle_others_anonymous] PASSED [ 61%]
.venv/Lib/site-packages/moo_conformance/test_conformance.py::test_yaml_conformance[recycle::programmer_can_recycle_owned_object] PASSED [ 61%]
.venv/Lib/site-packages/moo_conformance/test_conformance.py::test_yaml_conformance[recycle::programmer_can_recycle_owned_anonymous] PASSED [ 61%]
.venv/Lib/site-packages/moo_conformance/test_conformance.py::test_yaml_conformance[recycle::programmer_cannot_recycle_non_wizard_others_object] SKIPPED [ 61%]
.venv/Lib/site-packages/moo_conformance/test_conformance.py::test_yaml_conformance[recycle::programmer_cannot_recycle_others_anonymous] SKIPPED [ 61%]
.venv/Lib/site-packages/moo_conformance/test_conformance.py::test_yaml_conformance[recycle::programmer_cannot_recycle_parent_non_wizard] SKIPPED [ 61%]
.venv/Lib/site-packages/moo_conformance/test_conformance.py::test_yaml_conformance[recycle::programmer_cannot_recycle_parent_wizard] SKIPPED [ 61%]
.venv/Lib/site-packages/moo_conformance/test_conformance.py::test_yaml_conformance[recycle::recycle_returns_zero] PASSED [ 61%]
.venv/Lib/site-packages/moo_conformance/test_conformance.py::test_yaml_conformance[recycle::valid_returns_false_after_recycle] PASSED [ 61%]
.venv/Lib/site-packages/moo_conformance/test_conformance.py::test_yaml_conformance[recycle::recycling_object_calls_recycle_verb] FAILED [ 61%]
.venv/Lib/site-packages/moo_conformance/test_conformance.py::test_yaml_conformance[recycle::recycling_anonymous_calls_recycle_verb] FAILED [ 61%]
.venv/Lib/site-packages/moo_conformance/test_conformance.py::test_yaml_conformance[recycle::calling_recycle_in_recycle_verb_on_anonymous_fails] FAILED [ 61%]
.venv/Lib/site-packages/moo_conformance/test_conformance.py::test_yaml_conformance[recycle::recycled_object_saved_in_verb_becomes_invalid] FAILED [ 61%]
.venv/Lib/site-packages/moo_conformance/test_conformance.py::test_yaml_conformance[recycle::recycled_anonymous_saved_in_verb_becomes_invalid] FAILED [ 62%]
.venv/Lib/site-packages/moo_conformance/test_conformance.py::test_yaml_conformance[recycle::recycling_object_recycles_property_values_on_object] FAILED [ 62%]
.venv/Lib/site-packages/moo_conformance/test_conformance.py::test_yaml_conformance[recycle::recycling_object_recycles_property_values_on_parent] FAILED [ 62%]
.venv/Lib/site-packages/moo_conformance/test_conformance.py::test_yaml_conformance[recycle::recycling_anonymous_recycles_property_values_on_object] FAILED [ 62%]
.venv/Lib/site-packages/moo_conformance/test_conformance.py::test_yaml_conformance[recycle::recycling_anonymous_recycles_property_values_on_parent] FAILED [ 62%]
.venv/Lib/site-packages/moo_conformance/test_conformance.py::test_yaml_conformance[string_operations::index_not_found] PASSED [ 62%]
.venv/Lib/site-packages/moo_conformance/test_conformance.py::test_yaml_conformance[string_operations::index_finds_first_occurrence] PASSED [ 62%]
.venv/Lib/site-packages/moo_conformance/test_conformance.py::test_yaml_conformance[string_operations::index_case_sensitive_no_match] PASSED [ 62%]
.venv/Lib/site-packages/moo_conformance/test_conformance.py::test_yaml_conformance[string_operations::index_case_insensitive_match] PASSED [ 62%]
.venv/Lib/site-packages/moo_conformance/test_conformance.py::test_yaml_conformance[string_operations::index_with_offset_3] PASSED [ 62%]
.venv/Lib/site-packages/moo_conformance/test_conformance.py::test_yaml_conformance[string_operations::index_with_offset_1] PASSED [ 62%]
.venv/Lib/site-packages/moo_conformance/test_conformance.py::test_yaml_conformance[string_operations::index_with_offset_0] PASSED [ 62%]
.venv/Lib/site-packages/moo_conformance/test_conformance.py::test_yaml_conformance[string_operations::index_negative_offset_invalid] PASSED [ 62%]
.venv/Lib/site-packages/moo_conformance/test_conformance.py::test_yaml_conformance[string_operations::index_offset_larger_than_string] PASSED [ 62%]
.venv/Lib/site-packages/moo_conformance/test_conformance.py::test_yaml_conformance[string_operations::rindex_not_found] PASSED [ 62%]
.venv/Lib/site-packages/moo_conformance/test_conformance.py::test_yaml_conformance[string_operations::rindex_finds_last_occurrence] PASSED [ 62%]
.venv/Lib/site-packages/moo_conformance/test_conformance.py::test_yaml_conformance[string_operations::rindex_case_sensitive_no_match] PASSED [ 62%]
.venv/Lib/site-packages/moo_conformance/test_conformance.py::test_yaml_conformance[string_operations::rindex_case_insensitive_match] PASSED [ 62%]
.venv/Lib/site-packages/moo_conformance/test_conformance.py::test_yaml_conformance[string_operations::rindex_with_offset_neg_4] PASSED [ 63%]
.venv/Lib/site-packages/moo_conformance/test_conformance.py::test_yaml_conformance[string_operations::rindex_with_offset_neg_3] PASSED [ 63%]
.venv/Lib/site-packages/moo_conformance/test_conformance.py::test_yaml_conformance[string_operations::rindex_with_offset_0] PASSED [ 63%]
.venv/Lib/site-packages/moo_conformance/test_conformance.py::test_yaml_conformance[string_operations::rindex_positive_offset_invalid] PASSED [ 63%]
.venv/Lib/site-packages/moo_conformance/test_conformance.py::test_yaml_conformance[string_operations::rindex_offset_larger_than_string] PASSED [ 63%]
.venv/Lib/site-packages/moo_conformance/test_conformance.py::test_yaml_conformance[string_operations::strtr_swap_characters] PASSED [ 63%]
.venv/Lib/site-packages/moo_conformance/test_conformance.py::test_yaml_conformance[string_operations::strtr_replace_character] PASSED [ 63%]
.venv/Lib/site-packages/moo_conformance/test_conformance.py::test_yaml_conformance[string_operations::strtr_empty_from_to] PASSED [ 63%]
.venv/Lib/site-packages/moo_conformance/test_conformance.py::test_yaml_conformance[string_operations::strtr_from_shorter_than_to] PASSED [ 63%]
.venv/Lib/site-packages/moo_conformance/test_conformance.py::test_yaml_conformance[string_operations::strtr_from_longer_than_to] PASSED [ 63%]
.venv/Lib/site-packages/moo_conformance/test_conformance.py::test_yaml_conformance[string_operations::strtr_empty_source] PASSED [ 63%]
.venv/Lib/site-packages/moo_conformance/test_conformance.py::test_yaml_conformance[string_operations::strtr_no_matches] PASSED [ 63%]
.venv/Lib/site-packages/moo_conformance/test_conformance.py::test_yaml_conformance[string_operations::strtr_with_numbers_case_insensitive] PASSED [ 63%]
.venv/Lib/site-packages/moo_conformance/test_conformance.py::test_yaml_conformance[string_operations::strtr_with_numbers_case_sensitive] PASSED [ 63%]
.venv/Lib/site-packages/moo_conformance/test_conformance.py::test_yaml_conformance[string_operations::strtr_with_symbols_case_insensitive] PASSED [ 63%]
.venv/Lib/site-packages/moo_conformance/test_conformance.py::test_yaml_conformance[string_operations::strtr_with_symbols_case_sensitive] PASSED [ 63%]
.venv/Lib/site-packages/moo_conformance/test_conformance.py::test_yaml_conformance[string_operations::strtr_case_insensitive_preserves_case_lowercase] PASSED [ 63%]
.venv/Lib/site-packages/moo_conformance/test_conformance.py::test_yaml_conformance[string_operations::strtr_case_insensitive_preserves_case_uppercase] PASSED [ 63%]
.venv/Lib/site-packages/moo_conformance/test_conformance.py::test_yaml_conformance[string_operations::strtr_case_sensitive_lowercase] PASSED [ 64%]
.venv/Lib/site-packages/moo_conformance/test_conformance.py::test_yaml_conformance[string_operations::strtr_case_sensitive_uppercase] PASSED [ 64%]
.venv/Lib/site-packages/moo_conformance/test_conformance.py::test_yaml_conformance[string_operations::strtr_complex_case_insensitive_1] PASSED [ 64%]
.venv/Lib/site-packages/moo_conformance/test_conformance.py::test_yaml_conformance[string_operations::strtr_complex_case_sensitive_1] PASSED [ 64%]
.venv/Lib/site-packages/moo_conformance/test_conformance.py::test_yaml_conformance[string_operations::strtr_complex_case_insensitive_2] PASSED [ 64%]
.venv/Lib/site-packages/moo_conformance/test_conformance.py::test_yaml_conformance[string_operations::strtr_complex_case_sensitive_2] PASSED [ 64%]
.venv/Lib/site-packages/moo_conformance/test_conformance.py::test_yaml_conformance[string_operations::strtr_complex_case_insensitive_3] PASSED [ 64%]
.venv/Lib/site-packages/moo_conformance/test_conformance.py::test_yaml_conformance[string_operations::strtr_complex_case_sensitive_3] PASSED [ 64%]
.venv/Lib/site-packages/moo_conformance/test_conformance.py::test_yaml_conformance[string_operations::strtr_complex_case_insensitive_4] PASSED [ 64%]
.venv/Lib/site-packages/moo_conformance/test_conformance.py::test_yaml_conformance[string_operations::strtr_complex_case_sensitive_4] PASSED [ 64%]
.venv/Lib/site-packages/moo_conformance/test_conformance.py::test_yaml_conformance[switch_player::requires_two_arguments] PASSED [ 64%]
.venv/Lib/site-packages/moo_conformance/test_conformance.py::test_yaml_conformance[switch_player::requires_two_arguments_not_one] PASSED [ 64%]
.venv/Lib/site-packages/moo_conformance/test_conformance.py::test_yaml_conformance[switch_player::first_arg_must_be_object] SKIPPED [ 64%]
.venv/Lib/site-packages/moo_conformance/test_conformance.py::test_yaml_conformance[switch_player::second_arg_must_be_object] SKIPPED [ 64%]
.venv/Lib/site-packages/moo_conformance/test_conformance.py::test_yaml_conformance[switch_player::third_arg_must_be_int_if_provided] SKIPPED [ 64%]
.venv/Lib/site-packages/moo_conformance/test_conformance.py::test_yaml_conformance[switch_player::non_wizard_gets_E_PERM] PASSED [ 64%]
.venv/Lib/site-packages/moo_conformance/test_conformance.py::test_yaml_conformance[switch_player::programmer_cannot_switch_player] PASSED [ 64%]
.venv/Lib/site-packages/moo_conformance/test_conformance.py::test_yaml_conformance[switch_player::cannot_switch_player_to_itself] PASSED [ 64%]
.venv/Lib/site-packages/moo_conformance/test_conformance.py::test_yaml_conformance[switch_player::old_player_must_be_connected] PASSED [ 65%]
.venv/Lib/site-packages/moo_conformance/test_conformance.py::test_yaml_conformance[switch_player::new_player_must_be_valid_user] PASSED [ 65%]
.venv/Lib/site-packages/moo_conformance/test_conformance.py::test_yaml_conformance[switch_player::new_player_must_have_player_flag] PASSED [ 65%]
.venv/Lib/site-packages/moo_conformance/test_conformance.py::test_yaml_conformance[switch_player::accepts_silent_flag_true] PASSED [ 65%]
.venv/Lib/site-packages/moo_conformance/test_conformance.py::test_yaml_conformance[switch_player::accepts_silent_flag_false] PASSED [ 65%]
.venv/Lib/site-packages/moo_conformance/test_conformance.py::test_yaml_conformance[switch_player::wizard_can_call_switch_player] SKIPPED [ 65%]
.venv/Lib/site-packages/moo_conformance/test_conformance.py::test_yaml_conformance[system_builtins::getenv_requires_wizard_perms] PASSED [ 65%]
.venv/Lib/site-packages/moo_conformance/test_conformance.py::test_yaml_conformance[system_builtins::getenv_works_with_wizard_perms] FAILED [ 65%]
.venv/Lib/site-packages/moo_conformance/test_conformance.py::test_yaml_conformance[system_builtins::getenv_no_args] PASSED [ 65%]
.venv/Lib/site-packages/moo_conformance/test_conformance.py::test_yaml_conformance[system_builtins::getenv_int_arg] PASSED [ 65%]
.venv/Lib/site-packages/moo_conformance/test_conformance.py::test_yaml_conformance[system_builtins::getenv_float_arg] PASSED [ 65%]
.venv/Lib/site-packages/moo_conformance/test_conformance.py::test_yaml_conformance[system_builtins::getenv_returns_string_for_existing_var] FAILED [ 65%]
.venv/Lib/site-packages/moo_conformance/test_conformance.py::test_yaml_conformance[system_builtins::getenv_returns_zero_for_nonexistent_var] PASSED [ 65%]
.venv/Lib/site-packages/moo_conformance/test_conformance.py::test_yaml_conformance[system_builtins::getenv_programmer_gets_perm_error] PASSED [ 65%]
.venv/Lib/site-packages/moo_conformance/test_conformance.py::test_yaml_conformance[task_local::set_task_local_requires_wizard] PASSED [ 65%]
.venv/Lib/site-packages/moo_conformance/test_conformance.py::test_yaml_conformance[task_local::task_local_requires_wizard] PASSED [ 65%]
.venv/Lib/site-packages/moo_conformance/test_conformance.py::test_yaml_conformance[task_local::set_task_local_no_args] PASSED [ 65%]
.venv/Lib/site-packages/moo_conformance/test_conformance.py::test_yaml_conformance[task_local::set_task_local_too_many_args] PASSED [ 65%]
.venv/Lib/site-packages/moo_conformance/test_conformance.py::test_yaml_conformance[task_local::set_task_local_one_arg] PASSED [ 66%]
.venv/Lib/site-packages/moo_conformance/test_conformance.py::test_yaml_conformance[task_local::task_local_takes_no_args] PASSED [ 66%]
.venv/Lib/site-packages/moo_conformance/test_conformance.py::test_yaml_conformance[task_local::task_local_no_args] PASSED [ 66%]
.venv/Lib/site-packages/moo_conformance/test_conformance.py::test_yaml_conformance[task_local::simple_eval_case] PASSED [ 66%]
.venv/Lib/site-packages/moo_conformance/test_conformance.py::test_yaml_conformance[task_local::eval_case_with_error] PASSED [ 66%]
.venv/Lib/site-packages/moo_conformance/test_conformance.py::test_yaml_conformance[task_local::eval_case_with_suspend] PASSED [ 66%]
.venv/Lib/site-packages/moo_conformance/test_conformance.py::test_yaml_conformance[task_local::fork_and_suspend_case] SKIPPED [ 66%]
.venv/Lib/site-packages/moo_conformance/test_conformance.py::test_yaml_conformance[task_local::suspend_case_with_error] PASSED [ 66%]
.venv/Lib/site-packages/moo_conformance/test_conformance.py::test_yaml_conformance[task_local::fork_suspend_case_with_error] PASSED [ 66%]
.venv/Lib/site-packages/moo_conformance/test_conformance.py::test_yaml_conformance[task_local::command_verb] SKIPPED [ 66%]
.venv/Lib/site-packages/moo_conformance/test_conformance.py::test_yaml_conformance[task_local::server_verb] SKIPPED [ 66%]
.venv/Lib/site-packages/moo_conformance/test_conformance.py::test_yaml_conformance[task_local::across_verb_calls] SKIPPED [ 66%]
.venv/Lib/site-packages/moo_conformance/test_conformance.py::test_yaml_conformance[task_local::across_verb_calls_with_intermediate] SKIPPED [ 66%]
.venv/Lib/site-packages/moo_conformance/test_conformance.py::test_yaml_conformance[task_local::suspend_between_verb_calls] SKIPPED [ 66%]
.venv/Lib/site-packages/moo_conformance/test_conformance.py::test_yaml_conformance[task_local::read_between_verb_calls] SKIPPED [ 66%]
.venv/Lib/site-packages/moo_conformance/test_conformance.py::test_yaml_conformance[task_local::nonfunctional_fork_suspend] PASSED [ 66%]
.venv/Lib/site-packages/moo_conformance/test_conformance.py::test_yaml_conformance[task_local::nonfunctional_kill_task] SKIPPED [ 66%]
.venv/Lib/site-packages/moo_conformance/test_conformance.py::test_yaml_conformance[verbs::add_verb_basic] PASSED [ 67%]
.venv/Lib/site-packages/moo_conformance/test_conformance.py::test_yaml_conformance[verbs::add_verb_invalid_owner] PASSED [ 67%]
.venv/Lib/site-packages/moo_conformance/test_conformance.py::test_yaml_conformance[verbs::add_verb_invalid_perms] PASSED [ 67%]
.venv/Lib/site-packages/moo_conformance/test_conformance.py::test_yaml_conformance[verbs::add_verb_invalid_args] PASSED [ 67%]
.venv/Lib/site-packages/moo_conformance/test_conformance.py::test_yaml_conformance[verbs::add_verb_recycled_object] PASSED [ 67%]
.venv/Lib/site-packages/moo_conformance/test_conformance.py::test_yaml_conformance[verbs::add_verb_no_write_permission] SKIPPED [ 67%]
.venv/Lib/site-packages/moo_conformance/test_conformance.py::test_yaml_conformance[verbs::add_verb_with_write_permission] PASSED [ 67%]
.venv/Lib/site-packages/moo_conformance/test_conformance.py::test_yaml_conformance[verbs::add_verb_wizard_bypasses_write] PASSED [ 67%]
.venv/Lib/site-packages/moo_conformance/test_conformance.py::test_yaml_conformance[verbs::add_verb_not_owner] PASSED [ 67%]
.venv/Lib/site-packages/moo_conformance/test_conformance.py::test_yaml_conformance[verbs::add_verb_is_owner] PASSED [ 67%]
.venv/Lib/site-packages/moo_conformance/test_conformance.py::test_yaml_conformance[verbs::add_verb_wizard_sets_owner] PASSED [ 67%]
.venv/Lib/site-packages/moo_conformance/test_conformance.py::test_yaml_conformance[verbs::delete_verb_basic] PASSED [ 67%]
.venv/Lib/site-packages/moo_conformance/test_conformance.py::test_yaml_conformance[verbs::delete_verb_recycled_object] PASSED [ 67%]
.venv/Lib/site-packages/moo_conformance/test_conformance.py::test_yaml_conformance[verbs::delete_verb_not_found] PASSED [ 67%]
.venv/Lib/site-packages/moo_conformance/test_conformance.py::test_yaml_conformance[verbs::delete_verb_no_write_permission] SKIPPED [ 67%]
.venv/Lib/site-packages/moo_conformance/test_conformance.py::test_yaml_conformance[verbs::delete_verb_with_write_permission] PASSED [ 67%]
.venv/Lib/site-packages/moo_conformance/test_conformance.py::test_yaml_conformance[verbs::delete_verb_wizard_bypasses_write] PASSED [ 67%]
.venv/Lib/site-packages/moo_conformance/test_conformance.py::test_yaml_conformance[verbs::verb_info_basic] PASSED [ 67%]
.venv/Lib/site-packages/moo_conformance/test_conformance.py::test_yaml_conformance[verbs::verb_info_recycled_object] PASSED [ 68%]
.venv/Lib/site-packages/moo_conformance/test_conformance.py::test_yaml_conformance[verbs::verb_info_not_found] PASSED [ 68%]
.venv/Lib/site-packages/moo_conformance/test_conformance.py::test_yaml_conformance[verbs::verb_info_no_read_permission] SKIPPED [ 68%]
.venv/Lib/site-packages/moo_conformance/test_conformance.py::test_yaml_conformance[verbs::verb_info_with_read_permission] PASSED [ 68%]
.venv/Lib/site-packages/moo_conformance/test_conformance.py::test_yaml_conformance[verbs::verb_info_wizard_bypasses_read] PASSED [ 68%]
.venv/Lib/site-packages/moo_conformance/test_conformance.py::test_yaml_conformance[verbs::verb_args_basic] PASSED [ 68%]
.venv/Lib/site-packages/moo_conformance/test_conformance.py::test_yaml_conformance[verbs::verb_args_recycled_object] PASSED [ 68%]
.venv/Lib/site-packages/moo_conformance/test_conformance.py::test_yaml_conformance[verbs::verb_args_not_found] PASSED [ 68%]
.venv/Lib/site-packages/moo_conformance/test_conformance.py::test_yaml_conformance[verbs::verb_args_no_read_permission] SKIPPED [ 68%]
.venv/Lib/site-packages/moo_conformance/test_conformance.py::test_yaml_conformance[verbs::verb_args_with_read_permission] PASSED [ 68%]
.venv/Lib/site-packages/moo_conformance/test_conformance.py::test_yaml_conformance[verbs::verb_args_wizard_bypasses_read] PASSED [ 68%]
.venv/Lib/site-packages/moo_conformance/test_conformance.py::test_yaml_conformance[verbs::verb_code_basic] PASSED [ 68%]
.venv/Lib/site-packages/moo_conformance/test_conformance.py::test_yaml_conformance[verbs::verb_code_recycled_object] PASSED [ 68%]
.venv/Lib/site-packages/moo_conformance/test_conformance.py::test_yaml_conformance[verbs::verb_code_not_found] PASSED [ 68%]
.venv/Lib/site-packages/moo_conformance/test_conformance.py::test_yaml_conformance[verbs::verb_code_no_read_permission] SKIPPED [ 68%]
.venv/Lib/site-packages/moo_conformance/test_conformance.py::test_yaml_conformance[verbs::verb_code_with_read_permission] PASSED [ 68%]
.venv/Lib/site-packages/moo_conformance/test_conformance.py::test_yaml_conformance[verbs::verb_code_wizard_bypasses_read] PASSED [ 68%]
.venv/Lib/site-packages/moo_conformance/test_conformance.py::test_yaml_conformance[verbs::set_verb_info_basic] SKIPPED [ 68%]
.venv/Lib/site-packages/moo_conformance/test_conformance.py::test_yaml_conformance[verbs::set_verb_info_recycled_object] PASSED [ 69%]
.venv/Lib/site-packages/moo_conformance/test_conformance.py::test_yaml_conformance[verbs::set_verb_info_not_found] PASSED [ 69%]
.venv/Lib/site-packages/moo_conformance/test_conformance.py::test_yaml_conformance[verbs::set_verb_info_no_write_permission] SKIPPED [ 69%]
.venv/Lib/site-packages/moo_conformance/test_conformance.py::test_yaml_conformance[verbs::set_verb_info_with_write_permission_still_fails] SKIPPED [ 69%]
.venv/Lib/site-packages/moo_conformance/test_conformance.py::test_yaml_conformance[verbs::set_verb_info_wizard_succeeds] PASSED [ 69%]
.venv/Lib/site-packages/moo_conformance/test_conformance.py::test_yaml_conformance[verbs::set_verb_args_basic] PASSED [ 69%]
.venv/Lib/site-packages/moo_conformance/test_conformance.py::test_yaml_conformance[verbs::set_verb_args_recycled_object] PASSED [ 69%]
.venv/Lib/site-packages/moo_conformance/test_conformance.py::test_yaml_conformance[verbs::set_verb_args_not_found] PASSED [ 69%]
.venv/Lib/site-packages/moo_conformance/test_conformance.py::test_yaml_conformance[verbs::set_verb_args_no_write_permission] SKIPPED [ 69%]
.venv/Lib/site-packages/moo_conformance/test_conformance.py::test_yaml_conformance[verbs::set_verb_args_with_write_permission] PASSED [ 69%]
.venv/Lib/site-packages/moo_conformance/test_conformance.py::test_yaml_conformance[verbs::set_verb_args_wizard_bypasses_write] PASSED [ 69%]
.venv/Lib/site-packages/moo_conformance/test_conformance.py::test_yaml_conformance[verbs::set_verb_code_basic] PASSED [ 69%]
.venv/Lib/site-packages/moo_conformance/test_conformance.py::test_yaml_conformance[verbs::set_verb_code_recycled_object] PASSED [ 69%]
.venv/Lib/site-packages/moo_conformance/test_conformance.py::test_yaml_conformance[verbs::set_verb_code_not_found] PASSED [ 69%]
.venv/Lib/site-packages/moo_conformance/test_conformance.py::test_yaml_conformance[verbs::set_verb_code_no_write_permission] SKIPPED [ 69%]
.venv/Lib/site-packages/moo_conformance/test_conformance.py::test_yaml_conformance[verbs::set_verb_code_with_write_permission] PASSED [ 69%]
.venv/Lib/site-packages/moo_conformance/test_conformance.py::test_yaml_conformance[verbs::set_verb_code_wizard_bypasses_write] PASSED [ 69%]
.venv/Lib/site-packages/moo_conformance/test_conformance.py::test_yaml_conformance[verbs::verbs_basic] PASSED [ 69%]
.venv/Lib/site-packages/moo_conformance/test_conformance.py::test_yaml_conformance[verbs::verbs_recycled_object] PASSED [ 70%]
.venv/Lib/site-packages/moo_conformance/test_conformance.py::test_yaml_conformance[verbs::verbs_no_read_permission] SKIPPED [ 70%]
.venv/Lib/site-packages/moo_conformance/test_conformance.py::test_yaml_conformance[verbs::verbs_with_read_permission] PASSED [ 70%]
.venv/Lib/site-packages/moo_conformance/test_conformance.py::test_yaml_conformance[verbs::verbs_wizard_bypasses_read] PASSED [ 70%]
.venv/Lib/site-packages/moo_conformance/test_conformance.py::test_yaml_conformance[verbs::respond_to_recycled_object] PASSED [ 70%]
.venv/Lib/site-packages/moo_conformance/test_conformance.py::test_yaml_conformance[verbs::respond_to_verb_not_found] PASSED [ 70%]
.venv/Lib/site-packages/moo_conformance/test_conformance.py::test_yaml_conformance[verbs::respond_to_returns_details_if_owner] PASSED [ 70%]
.venv/Lib/site-packages/moo_conformance/test_conformance.py::test_yaml_conformance[verbs::respond_to_returns_details_if_wizard] PASSED [ 70%]
.venv/Lib/site-packages/moo_conformance/test_conformance.py::test_yaml_conformance[verbs::respond_to_returns_details_if_object_readable] PASSED [ 70%]
.venv/Lib/site-packages/moo_conformance/test_conformance.py::test_yaml_conformance[verbs::respond_to_returns_true_if_verb_callable] SKIPPED [ 70%]
.venv/Lib/site-packages/moo_conformance/test_conformance.py::test_yaml_conformance[verbs::respond_to_returns_false_if_verb_not_callable] SKIPPED [ 70%]
.venv/Lib/site-packages/moo_conformance/test_conformance.py::test_yaml_conformance[verbs::disassemble_basic] FAILED [ 70%]
.venv/Lib/site-packages/moo_conformance/test_conformance.py::test_yaml_conformance[verbs::disassemble_recycled_object] PASSED [ 70%]
.venv/Lib/site-packages/moo_conformance/test_conformance.py::test_yaml_conformance[verbs::disassemble_verb_not_found] PASSED [ 70%]
.venv/Lib/site-packages/moo_conformance/test_conformance.py::test_yaml_conformance[verbs::disassemble_no_read_permission] SKIPPED [ 70%]
.venv/Lib/site-packages/moo_conformance/test_conformance.py::test_yaml_conformance[verbs::disassemble_with_read_permission] PASSED [ 70%]
.venv/Lib/site-packages/moo_conformance/test_conformance.py::test_yaml_conformance[verbs::disassemble_wizard_bypasses_read] PASSED [ 70%]
.venv/Lib/site-packages/moo_conformance/test_conformance.py::test_yaml_conformance[verb_cache::renumbering_object_does_not_affect_verb_cache] FAILED [ 70%]
.venv/Lib/site-packages/moo_conformance/test_conformance.py::test_yaml_conformance[verb_creation::verb_setup_creates_verb] PASSED [ 71%]
.venv/Lib/site-packages/moo_conformance/test_conformance.py::test_yaml_conformance[parser::verb_on_iobj_dispatches_correctly] FAILED [ 71%]
.venv/Lib/site-packages/moo_conformance/test_conformance.py::test_yaml_conformance[parser::failed_dobj_match_is_minus_3] FAILED [ 71%]
.venv/Lib/site-packages/moo_conformance/test_conformance.py::test_yaml_conformance[parser::wrong_preposition_no_match] FAILED [ 71%]
.venv/Lib/site-packages/moo_conformance/test_conformance.py::test_yaml_conformance[parser::player_verb_dispatches] FAILED [ 71%]
.venv/Lib/site-packages/moo_conformance/test_conformance.py::test_yaml_conformance[parser::dobj_resolution_to_object] FAILED [ 71%]
.venv/Lib/site-packages/moo_conformance/test_conformance.py::test_yaml_conformance[parser::dispatch_player_before_dobj] FAILED [ 71%]
.venv/Lib/site-packages/moo_conformance/test_conformance.py::test_yaml_conformance[parser::dispatch_dobj_when_no_player_verb] 
