FAILED tests/conformance/test_conformance.py::TestConformance::test_yaml_case[caller_perms::caller_perms_top_level_eval]
FAILED tests/conformance/test_conformance.py::TestConformance::test_yaml_case[gc::run_gc_requires_wizard_perms]
FAILED tests/conformance/test_conformance.py::TestConformance::test_yaml_case[gc::run_gc_allows_wizard]
FAILED tests/conformance/test_conformance.py::TestConformance::test_yaml_case[gc::gc_stats_requires_wizard_perms]
FAILED tests/conformance/test_conformance.py::TestConformance::test_yaml_case[gc::gc_stats_allows_wizard]
FAILED tests/conformance/test_conformance.py::TestConformance::test_yaml_case[gc::gc_stats_returns_map]
FAILED tests/conformance/test_conformance.py::TestConformance::test_yaml_case[gc::gc_stats_has_purple_key]
FAILED tests/conformance/test_conformance.py::TestConformance::test_yaml_case[gc::gc_stats_has_black_key]
FAILED tests/conformance/test_conformance.py::TestConformance::test_yaml_case[gc::gc_stats_purple_is_int]
FAILED tests/conformance/test_conformance.py::TestConformance::test_yaml_case[gc::gc_stats_black_is_int]
FAILED tests/conformance/test_conformance.py::TestConformance::test_yaml_case[gc::nested_list_no_possible_root]
FAILED tests/conformance/test_conformance.py::TestConformance::test_yaml_case[gc::nested_map_no_possible_root]
FAILED tests/conformance/test_conformance.py::TestConformance::test_yaml_case[gc::run_gc_doesnt_crash_with_anonymous]
FAILED tests/conformance/test_conformance.py::TestConformance::test_yaml_case[gc::single_cyclic_self_reference_basic]
FAILED tests/conformance/test_conformance.py::TestConformance::test_yaml_case[gc::single_cyclic_self_reference_with_recycle]
FAILED tests/conformance/test_conformance.py::TestConformance::test_yaml_case[gc::dual_cyclic_self_references]
FAILED tests/conformance/test_conformance.py::TestConformance::test_yaml_case[gc::dual_cyclic_self_references_with_recycle]
FAILED tests/conformance/test_conformance.py::TestConformance::test_yaml_case[gc::cyclic_references_through_list]
FAILED tests/conformance/test_conformance.py::TestConformance::test_yaml_case[gc::cyclic_references_through_list_with_recycle]
FAILED tests/conformance/test_conformance.py::TestConformance::test_yaml_case[gc::cyclic_references_through_map]
FAILED tests/conformance/test_conformance.py::TestConformance::test_yaml_case[gc::cyclic_references_through_map_with_recycle]
FAILED tests/conformance/test_conformance.py::TestConformance::test_yaml_case[gc::empty_list_is_green]
FAILED tests/conformance/test_conformance.py::TestConformance::test_yaml_case[gc::empty_map_is_green]
FAILED tests/conformance/test_conformance.py::TestConformance::test_yaml_case[http::non_wizard_cannot_call_no_arg_version]
FAILED tests/conformance/test_conformance.py::TestConformance::test_yaml_case[http::read_http_no_args_fails]
FAILED tests/conformance/test_conformance.py::TestConformance::test_yaml_case[http::read_http_invalid_type_foobar]
FAILED tests/conformance/test_conformance.py::TestConformance::test_yaml_case[http::read_http_invalid_type_empty_string]
FAILED tests/conformance/test_conformance.py::TestConformance::test_yaml_case[http::read_http_type_arg_not_string]
FAILED tests/conformance/test_conformance.py::TestConformance::test_yaml_case[http::read_http_connection_arg_not_obj]
FAILED tests/conformance/test_conformance.py::TestConformance::test_yaml_case[json::generate_json_escape_tab]
FAILED tests/conformance/test_conformance.py::TestConformance::test_yaml_case[json::generate_json_anon_obj]
FAILED tests/conformance/test_conformance.py::TestConformance::test_yaml_case[json::generate_json_anon_obj_common]
FAILED tests/conformance/test_conformance.py::TestConformance::test_yaml_case[json::generate_json_anon_obj_embedded]
FAILED tests/conformance/test_conformance.py::TestConformance::test_yaml_case[map::mapdelete_empty_list_key]
FAILED tests/conformance/test_conformance.py::TestConformance::test_yaml_case[map::mapdelete_list_values_key]
FAILED tests/conformance/test_conformance.py::TestConformance::test_yaml_case[map::ranged_set_invalid_range_2]
FAILED tests/conformance/test_conformance.py::TestConformance::test_yaml_case[map::ranged_set_invalid_range_3]
FAILED tests/conformance/test_conformance.py::TestConformance::test_yaml_case[map::inverted_ranged_set_in_loop]
FAILED tests/conformance/test_conformance.py::TestConformance::test_yaml_case[objects::create_invalid_owner_invarg]
FAILED tests/conformance/test_conformance.py::TestConformance::test_yaml_case[objects::create_invalid_owner_ambiguous]
FAILED tests/conformance/test_conformance.py::TestConformance::test_yaml_case[objects::create_invalid_owner_failed_match]
FAILED tests/conformance/test_conformance.py::TestConformance::test_yaml_case[objects::create_invalid_owner_invarg_as_programmer]
FAILED tests/conformance/test_conformance.py::TestConformance::test_yaml_case[objects::create_invalid_parent_ambiguous]
FAILED tests/conformance/test_conformance.py::TestConformance::test_yaml_case[objects::create_invalid_parent_failed_match]
FAILED tests/conformance/test_conformance.py::TestConformance::test_yaml_case[objects::create_list_invalid_ambiguous]
FAILED tests/conformance/test_conformance.py::TestConformance::test_yaml_case[objects::create_list_invalid_failed_match]
FAILED tests/conformance/test_conformance.py::TestConformance::test_yaml_case[objects::renumber_basic]
FAILED tests/conformance/test_conformance.py::TestConformance::test_yaml_case[objects::chparent_property_conflict_variations]
FAILED tests/conformance/test_conformance.py::TestConformance::test_yaml_case[primitives::queued_tasks_includes_this_map]
FAILED tests/conformance/test_conformance.py::TestConformance::test_yaml_case[primitives::callers_includes_this_list]
FAILED tests/conformance/test_conformance.py::TestConformance::test_yaml_case[primitives::inheritance_with_prototypes]
FAILED tests/conformance/test_conformance.py::TestConformance::test_yaml_case[primitives::pass_works_with_prototypes]
FAILED tests/conformance/test_conformance.py::TestConformance::test_yaml_case[properties::add_property_invalid_owner]
FAILED tests/conformance/test_conformance.py::TestConformance::test_yaml_case[properties::add_property_invalid_perms]
FAILED tests/conformance/test_conformance.py::TestConformance::test_yaml_case[properties::add_property_recycled_object]
FAILED tests/conformance/test_conformance.py::TestConformance::test_yaml_case[properties::add_property_builtin_name]
FAILED tests/conformance/test_conformance.py::TestConformance::test_yaml_case[properties::add_property_defined_on_descendant]
FAILED tests/conformance/test_conformance.py::TestConformance::test_yaml_case[properties::add_property_not_owner]
FAILED tests/conformance/test_conformance.py::TestConformance::test_yaml_case[properties::delete_property_recycled_object]
FAILED tests/conformance/test_conformance.py::TestConformance::test_yaml_case[properties::is_clear_property_works]
FAILED tests/conformance/test_conformance.py::TestConformance::test_yaml_case[properties::is_clear_property_recycled_object]
FAILED tests/conformance/test_conformance.py::TestConformance::test_yaml_case[properties::is_clear_property_builtin]
FAILED tests/conformance/test_conformance.py::TestConformance::test_yaml_case[properties::is_clear_property_with_read_permission]
FAILED tests/conformance/test_conformance.py::TestConformance::test_yaml_case[properties::is_clear_property_wizard_bypasses_read]
FAILED tests/conformance/test_conformance.py::TestConformance::test_yaml_case[properties::clear_property_recycled_object]
FAILED tests/conformance/test_conformance.py::TestConformance::test_yaml_case[properties::clear_property_builtin]
FAILED tests/conformance/test_conformance.py::TestConformance::test_yaml_case[properties::clear_property_on_definer]
FAILED tests/conformance/test_conformance.py::TestConformance::test_yaml_case[properties::property_info_recycled_object]
FAILED tests/conformance/test_conformance.py::TestConformance::test_yaml_case[properties::set_property_info_recycled_object]
FAILED tests/conformance/test_conformance.py::TestConformance::test_yaml_case[properties::properties_recycled_object]
FAILED tests/conformance/test_conformance.py::TestConformance::test_yaml_case[recycle::recycle_invalid_already_recycled_object]
FAILED tests/conformance/test_conformance.py::TestConformance::test_yaml_case[recycle::recycle_invalid_already_recycled_anonymous]
FAILED tests/conformance/test_conformance.py::TestConformance::test_yaml_case[switch_player::non_wizard_gets_E_PERM]
FAILED tests/conformance/test_conformance.py::TestConformance::test_yaml_case[switch_player::programmer_cannot_switch_player]
FAILED tests/conformance/test_conformance.py::TestConformance::test_yaml_case[task_local::fork_and_suspend_case]
FAILED tests/conformance/test_conformance.py::TestConformance::test_yaml_case[task_local::command_verb]
FAILED tests/conformance/test_conformance.py::TestConformance::test_yaml_case[task_local::server_verb]
FAILED tests/conformance/test_conformance.py::TestConformance::test_yaml_case[task_local::across_verb_calls]
FAILED tests/conformance/test_conformance.py::TestConformance::test_yaml_case[task_local::across_verb_calls_with_intermediate]
FAILED tests/conformance/test_conformance.py::TestConformance::test_yaml_case[task_local::suspend_between_verb_calls]
FAILED tests/conformance/test_conformance.py::TestConformance::test_yaml_case[task_local::read_between_verb_calls]
FAILED tests/conformance/test_conformance.py::TestConformance::test_yaml_case[task_local::nonfunctional_kill_task]
FAILED tests/conformance/test_conformance.py::TestConformance::test_yaml_case[verbs::add_verb_basic]
FAILED tests/conformance/test_conformance.py::TestConformance::test_yaml_case[verbs::add_verb_invalid_owner]
FAILED tests/conformance/test_conformance.py::TestConformance::test_yaml_case[verbs::add_verb_invalid_perms]
FAILED tests/conformance/test_conformance.py::TestConformance::test_yaml_case[verbs::add_verb_invalid_args]
FAILED tests/conformance/test_conformance.py::TestConformance::test_yaml_case[verbs::add_verb_recycled_object]
FAILED tests/conformance/test_conformance.py::TestConformance::test_yaml_case[verbs::add_verb_with_write_permission]
FAILED tests/conformance/test_conformance.py::TestConformance::test_yaml_case[verbs::add_verb_wizard_bypasses_write]
FAILED tests/conformance/test_conformance.py::TestConformance::test_yaml_case[verbs::add_verb_not_owner]
FAILED tests/conformance/test_conformance.py::TestConformance::test_yaml_case[verbs::add_verb_is_owner]
FAILED tests/conformance/test_conformance.py::TestConformance::test_yaml_case[verbs::add_verb_wizard_sets_owner]
FAILED tests/conformance/test_conformance.py::TestConformance::test_yaml_case[verbs::delete_verb_recycled_object]
FAILED tests/conformance/test_conformance.py::TestConformance::test_yaml_case[verbs::verb_info_recycled_object]
FAILED tests/conformance/test_conformance.py::TestConformance::test_yaml_case[verbs::verb_args_basic]
FAILED tests/conformance/test_conformance.py::TestConformance::test_yaml_case[verbs::verb_args_recycled_object]
FAILED tests/conformance/test_conformance.py::TestConformance::test_yaml_case[verbs::verb_code_recycled_object]
FAILED tests/conformance/test_conformance.py::TestConformance::test_yaml_case[verbs::set_verb_info_recycled_object]
FAILED tests/conformance/test_conformance.py::TestConformance::test_yaml_case[verbs::set_verb_args_recycled_object]
FAILED tests/conformance/test_conformance.py::TestConformance::test_yaml_case[verbs::set_verb_code_recycled_object]
FAILED tests/conformance/test_conformance.py::TestConformance::test_yaml_case[verbs::verbs_recycled_object]
FAILED tests/conformance/test_conformance.py::TestConformance::test_yaml_case[anonymous::recycle_invalid_anonymous_no_crash]
FAILED tests/conformance/test_conformance.py::TestConformance::test_yaml_case[index_and_range::range_list_single]
FAILED tests/conformance/test_conformance.py::TestConformance::test_yaml_case[index_and_range::decompile_with_index_operators]
FAILED tests/conformance/test_conformance.py::TestConformance::test_yaml_case[waif::nested_waif_map_indexes]
FAILED tests/conformance/test_conformance.py::TestConformance::test_yaml_case[waif::deeply_nested_waif_map_indexes]
FAILED tests/conformance/test_conformance.py::TestConformance::test_yaml_case[exec::exec_with_sleep_works]
FAILED tests/conformance/test_conformance.py::TestConformance::test_yaml_case[exec::exec_rejects_invalid_binary_string]
FAILED tests/conformance/test_conformance.py::TestConformance::test_yaml_case[exec::kill_task_works_on_suspended_exec]
FAILED tests/conformance/test_conformance.py::TestConformance::test_yaml_case[exec::kill_task_fails_on_already_killed]
FAILED tests/conformance/test_conformance.py::TestConformance::test_yaml_case[exec::resume_fails_on_suspended_exec]
FAILED tests/conformance/test_conformance.py::TestConformance::test_yaml_case[exec::suspended_exec_task_stack_matches_suspended_task]
FAILED tests/conformance/test_conformance.py::TestConformance::test_yaml_case[limits::setadd_checks_list_max_value_bytes_exceeds]
FAILED tests/conformance/test_conformance.py::TestConformance::test_yaml_case[limits::listinsert_checks_list_max_value_bytes]
FAILED tests/conformance/test_conformance.py::TestConformance::test_yaml_case[limits::listappend_checks_list_max_value_bytes]
FAILED tests/conformance/test_conformance.py::TestConformance::test_yaml_case[limits::listset_fails_if_value_too_large]
FAILED tests/conformance/test_conformance.py::TestConformance::test_yaml_case[limits::encode_binary_limit]
FAILED tests/conformance/test_conformance.py::TestConformance::test_yaml_case[stress_objects::chparents_property_reset_multi]
FAILED tests/conformance/test_conformance.py::TestConformance::test_yaml_case[stress_objects::object_bytes_permission_denied]
FAILED tests/conformance/test_conformance.py::TestConformance::test_yaml_case[stress_objects::object_bytes_wizard_allowed]
FAILED tests/conformance/test_conformance.py::TestConformance::test_yaml_case[stress_objects::object_bytes_type_int]
FAILED tests/conformance/test_conformance.py::TestConformance::test_yaml_case[stress_objects::object_bytes_type_float]
FAILED tests/conformance/test_conformance.py::TestConformance::test_yaml_case[stress_objects::object_bytes_type_string]
FAILED tests/conformance/test_conformance.py::TestConformance::test_yaml_case[stress_objects::object_bytes_recycled_object]
FAILED tests/conformance/test_conformance.py::TestConformance::test_yaml_case[stress_objects::object_bytes_created_objects]
