============================= test session starts =============================
platform win32 -- Python 3.13.5, pytest-9.0.2, pluggy-1.6.0 -- C:\Users\Q\code\cow_py\.venv\Scripts\python.exe
cachedir: .pytest_cache
rootdir: C:\Users\Q\code\cow_py
configfile: pyproject.toml
collecting ... collected 1120 items / 1117 deselected / 3 selected

tests/conformance/test_conformance.py::TestConformance::test_yaml_case[verb_matching::wildcard_verb_prefix_matching] FAILED [ 33%]
tests/conformance/test_conformance.py::TestConformance::test_yaml_case[verb_matching::wildcard_verb_full_name_matching] FAILED [ 66%]
tests/conformance/test_conformance.py::TestConformance::test_yaml_case[verb_matching::wildcard_verb_partial_suffix_matching] FAILED [100%]

================================== FAILURES ===================================
_ TestConformance.test_yaml_case[verb_matching::wildcard_verb_prefix_matching] _

self = <tests.conformance.test_conformance.TestConformance object at 0x000002763DAD19F0>
runner = <tests.conformance.runner.YamlTestRunner object at 0x000002763D6602F0>
yaml_test_case = (MooTestSuite(name='verb_matching', description='Tests for verb name matching including wildcards', version='1.0', req...e, type=None, match=None, contains=None, range=None, satisfies=None, notifications=None), cleanup=[], timeout_ms=5000))

    def test_yaml_case(self, runner: YamlTestRunner, yaml_test_case: tuple[MooTestSuite, MooTestCase]):
        """Run a single YAML test case.
    
        This method is called once for each test case defined in YAML files.
        The yaml_test_case fixture is parametrized by conftest.pytest_generate_tests.
        """
        suite, test = yaml_test_case
    
        # Handle skip
        if test.skip:
            reason = test.skip if isinstance(test.skip, str) else "Skipped"
            pytest.skip(reason)
    
        # Handle skip_if condition
        if test.skip_if:
            if self._evaluate_skip_condition(test.skip_if):
                pytest.skip(f"Skipped due to: {test.skip_if}")
    
        # Run suite setup if defined (only runs once per suite)
        runner.run_suite_setup(suite)
    
        # Run the test
>       runner.run_test(test)

tests\conformance\test_conformance.py:48: 
_ _ _ _ _ _ _ _ _ _ _ _ _ _ _ _ _ _ _ _ _ _ _ _ _ _ _ _ _ _ _ _ _ _ _ _ _ _ _ _
tests\conformance\runner.py:61: in run_test
    self.transport.connect(test.permission)
tests\conformance\transport.py:512: in connect
    self._ensure_standard_properties()
tests\conformance\transport.py:537: in _ensure_standard_properties
    self._receive()
_ _ _ _ _ _ _ _ _ _ _ _ _ _ _ _ _ _ _ _ _ _ _ _ _ _ _ _ _ _ _ _ _ _ _ _ _ _ _ _

self = <tests.conformance.transport.SocketTransport object at 0x000002763D660830>

    def _receive(self) -> str | None:
        """Receive response between PREFIX and SUFFIX markers."""
        if self.sock is None:
            raise RuntimeError("Socket not connected")
    
        lines: list[str] = []
        state = 'looking'
    
        buffer = ""
        while state != 'done':
>           data = self.sock.recv(4096).decode('utf-8')
                   ^^^^^^^^^^^^^^^^^^^^
E           TimeoutError: timed out

tests\conformance\transport.py:584: TimeoutError
_ TestConformance.test_yaml_case[verb_matching::wildcard_verb_full_name_matching] _

self = <tests.conformance.test_conformance.TestConformance object at 0x000002763DAD1A40>
runner = <tests.conformance.runner.YamlTestRunner object at 0x000002763D6602F0>
yaml_test_case = (MooTestSuite(name='verb_matching', description='Tests for verb name matching including wildcards', version='1.0', req...e, type=None, match=None, contains=None, range=None, satisfies=None, notifications=None), cleanup=[], timeout_ms=5000))

    def test_yaml_case(self, runner: YamlTestRunner, yaml_test_case: tuple[MooTestSuite, MooTestCase]):
        """Run a single YAML test case.
    
        This method is called once for each test case defined in YAML files.
        The yaml_test_case fixture is parametrized by conftest.pytest_generate_tests.
        """
        suite, test = yaml_test_case
    
        # Handle skip
        if test.skip:
            reason = test.skip if isinstance(test.skip, str) else "Skipped"
            pytest.skip(reason)
    
        # Handle skip_if condition
        if test.skip_if:
            if self._evaluate_skip_condition(test.skip_if):
                pytest.skip(f"Skipped due to: {test.skip_if}")
    
        # Run suite setup if defined (only runs once per suite)
        runner.run_suite_setup(suite)
    
        # Run the test
>       runner.run_test(test)

tests\conformance\test_conformance.py:48: 
_ _ _ _ _ _ _ _ _ _ _ _ _ _ _ _ _ _ _ _ _ _ _ _ _ _ _ _ _ _ _ _ _ _ _ _ _ _ _ _
tests\conformance\runner.py:61: in run_test
    self.transport.connect(test.permission)
tests\conformance\transport.py:512: in connect
    self._ensure_standard_properties()
tests\conformance\transport.py:537: in _ensure_standard_properties
    self._receive()
_ _ _ _ _ _ _ _ _ _ _ _ _ _ _ _ _ _ _ _ _ _ _ _ _ _ _ _ _ _ _ _ _ _ _ _ _ _ _ _

self = <tests.conformance.transport.SocketTransport object at 0x000002763D660830>

    def _receive(self) -> str | None:
        """Receive response between PREFIX and SUFFIX markers."""
        if self.sock is None:
            raise RuntimeError("Socket not connected")
    
        lines: list[str] = []
        state = 'looking'
    
        buffer = ""
        while state != 'done':
>           data = self.sock.recv(4096).decode('utf-8')
                   ^^^^^^^^^^^^^^^^^^^^
E           TimeoutError: timed out

tests\conformance\transport.py:584: TimeoutError
_ TestConformance.test_yaml_case[verb_matching::wildcard_verb_partial_suffix_matching] _

self = <tests.conformance.test_conformance.TestConformance object at 0x000002763DAD1A90>
runner = <tests.conformance.runner.YamlTestRunner object at 0x000002763D6602F0>
yaml_test_case = (MooTestSuite(name='verb_matching', description='Tests for verb name matching including wildcards', version='1.0', req...e, type=None, match=None, contains=None, range=None, satisfies=None, notifications=None), cleanup=[], timeout_ms=5000))

    def test_yaml_case(self, runner: YamlTestRunner, yaml_test_case: tuple[MooTestSuite, MooTestCase]):
        """Run a single YAML test case.
    
        This method is called once for each test case defined in YAML files.
        The yaml_test_case fixture is parametrized by conftest.pytest_generate_tests.
        """
        suite, test = yaml_test_case
    
        # Handle skip
        if test.skip:
            reason = test.skip if isinstance(test.skip, str) else "Skipped"
            pytest.skip(reason)
    
        # Handle skip_if condition
        if test.skip_if:
            if self._evaluate_skip_condition(test.skip_if):
                pytest.skip(f"Skipped due to: {test.skip_if}")
    
        # Run suite setup if defined (only runs once per suite)
        runner.run_suite_setup(suite)
    
        # Run the test
>       runner.run_test(test)

tests\conformance\test_conformance.py:48: 
_ _ _ _ _ _ _ _ _ _ _ _ _ _ _ _ _ _ _ _ _ _ _ _ _ _ _ _ _ _ _ _ _ _ _ _ _ _ _ _
tests\conformance\runner.py:61: in run_test
    self.transport.connect(test.permission)
tests\conformance\transport.py:512: in connect
    self._ensure_standard_properties()
tests\conformance\transport.py:537: in _ensure_standard_properties
    self._receive()
_ _ _ _ _ _ _ _ _ _ _ _ _ _ _ _ _ _ _ _ _ _ _ _ _ _ _ _ _ _ _ _ _ _ _ _ _ _ _ _

self = <tests.conformance.transport.SocketTransport object at 0x000002763D660830>

    def _receive(self) -> str | None:
        """Receive response between PREFIX and SUFFIX markers."""
        if self.sock is None:
            raise RuntimeError("Socket not connected")
    
        lines: list[str] = []
        state = 'looking'
    
        buffer = ""
        while state != 'done':
>           data = self.sock.recv(4096).decode('utf-8')
                   ^^^^^^^^^^^^^^^^^^^^
E           TimeoutError: timed out

tests\conformance\transport.py:584: TimeoutError
=========================== short test summary info ===========================
FAILED tests/conformance/test_conformance.py::TestConformance::test_yaml_case[verb_matching::wildcard_verb_prefix_matching]
FAILED tests/conformance/test_conformance.py::TestConformance::test_yaml_case[verb_matching::wildcard_verb_full_name_matching]
FAILED tests/conformance/test_conformance.py::TestConformance::test_yaml_case[verb_matching::wildcard_verb_partial_suffix_matching]
===================== 3 failed, 1117 deselected in 30.55s =====================
