=== RUN   TestConformance
=== RUN   TestConformance/builtins\math.yaml
=== RUN   TestConformance/builtins\math.yaml/random_0_is_invalid
    conformance_test.go:41: Skipped: Not implemented: random() builtin does not validate arguments
=== RUN   TestConformance/builtins\math.yaml/random_1_returns_1
    conformance_test.go:41: Skipped: Intermittent: random() implementation issue
=== RUN   TestConformance/builtins\math.yaml/random_in_valid_range
    conformance_test.go:41: Skipped: Not implemented: range expectation validation
=== RUN   TestConformance/builtins\math.yaml/random_in_valid_range_64bit
    conformance_test.go:41: Skipped: Not implemented: range expectation validation
=== RUN   TestConformance/builtins\math.yaml/random_negative_invalid
    conformance_test.go:41: Skipped: Not implemented: random() builtin does not validate arguments
=== RUN   TestConformance/builtins\math.yaml/random_bytes_negative_invalid
    conformance_test.go:41: Skipped: Not implemented: random_bytes() builtin does not validate arguments
=== RUN   TestConformance/builtins\math.yaml/random_bytes_0_is_empty_string
=== RUN   TestConformance/builtins\math.yaml/random_bytes_1_returns_one_byte
    conformance_test.go:41: Skipped: Not implemented: random_bytes() builtin not returning binary data properly
=== RUN   TestConformance/builtins\math.yaml/random_bytes_2_returns_two_bytes
    conformance_test.go:41: Skipped: Not implemented: random_bytes() builtin not returning binary data properly
=== RUN   TestConformance/builtins\math.yaml/random_bytes_max_limit
    conformance_test.go:41: Skipped: Not implemented: random_bytes() builtin does not validate max length
=== RUN   TestConformance/builtins\math.yaml/division_by_zero_float
=== RUN   TestConformance/builtins\math.yaml/division_by_zero_int
=== RUN   TestConformance/builtins\math.yaml/modulus_by_zero_float
=== RUN   TestConformance/builtins\math.yaml/modulus_by_zero_int
=== RUN   TestConformance/builtins\math.yaml/minint_division_edge_case
    conformance_test.go:41: Skipped: Not implemented: Minint division edge case returns wrong value
=== RUN   TestConformance/builtins\math.yaml/minint_modulus_edge_case
=== RUN   TestConformance/builtins\math.yaml/minint_division_edge_case_64bit
    conformance_test.go:41: Skipped: Not implemented: Minint division edge case returns wrong value
=== RUN   TestConformance/builtins\math.yaml/minint_modulus_edge_case_64bit
=== RUN   TestConformance/builtins\math.yaml/division_neg_neg_int
=== RUN   TestConformance/builtins\math.yaml/division_neg_pos_int
=== RUN   TestConformance/builtins\math.yaml/division_pos_neg_int
=== RUN   TestConformance/builtins\math.yaml/division_pos_pos_int
=== RUN   TestConformance/builtins\math.yaml/division_neg_neg_float
=== RUN   TestConformance/builtins\math.yaml/division_neg_pos_float
=== RUN   TestConformance/builtins\math.yaml/division_pos_neg_float
=== RUN   TestConformance/builtins\math.yaml/division_pos_pos_float
=== RUN   TestConformance/builtins\math.yaml/modulus_neg_neg_int
=== RUN   TestConformance/builtins\math.yaml/modulus_neg_pos_int
    conformance_test.go:44: Test failed: expected 1, got -3
=== RUN   TestConformance/builtins\math.yaml/modulus_pos_neg_int
    conformance_test.go:44: Test failed: expected -1, got 3
=== RUN   TestConformance/builtins\math.yaml/modulus_pos_pos_int
=== RUN   TestConformance/builtins\math.yaml/modulus_neg_neg_float
=== RUN   TestConformance/builtins\math.yaml/modulus_neg_pos_float
    conformance_test.go:44: Test failed: expected 1, got -3
=== RUN   TestConformance/builtins\math.yaml/modulus_pos_neg_float
    conformance_test.go:44: Test failed: expected -1, got 3
=== RUN   TestConformance/builtins\math.yaml/modulus_pos_pos_float
=== RUN   TestConformance/builtins\task_local.yaml
=== RUN   TestConformance/builtins\task_local.yaml/set_task_local_requires_wizard
=== RUN   TestConformance/builtins\task_local.yaml/task_local_requires_wizard
=== RUN   TestConformance/builtins\task_local.yaml/set_task_local_no_args
=== RUN   TestConformance/builtins\task_local.yaml/set_task_local_too_many_args
=== RUN   TestConformance/builtins\task_local.yaml/set_task_local_one_arg
    conformance_test.go:44: Test failed: unexpected error: E_PERM
=== RUN   TestConformance/builtins\task_local.yaml/task_local_takes_no_args
=== RUN   TestConformance/builtins\task_local.yaml/task_local_no_args
    conformance_test.go:44: Test failed: unexpected error: E_PERM
=== RUN   TestConformance/builtins\task_local.yaml/simple_eval_case
    conformance_test.go:44: Test failed: unexpected error: E_PERM
=== RUN   TestConformance/builtins\task_local.yaml/eval_case_with_error
    conformance_test.go:44: Test failed: expected error E_DIV, got E_PERM
=== RUN   TestConformance/builtins\task_local.yaml/eval_case_with_suspend
    conformance_test.go:41: Skipped: Requires server with suspend support
=== RUN   TestConformance/builtins\task_local.yaml/fork_and_suspend_case
    conformance_test.go:41: Skipped: Requires server with fork/resume support
=== RUN   TestConformance/builtins\task_local.yaml/suspend_case_with_error
    conformance_test.go:41: Skipped: Requires server with suspend support
=== RUN   TestConformance/builtins\task_local.yaml/fork_suspend_case_with_error
    conformance_test.go:41: Skipped: Requires server with fork/resume support
=== RUN   TestConformance/builtins\task_local.yaml/command_verb
    conformance_test.go:41: Skipped: Requires dynamic verb creation and command parsing
=== RUN   TestConformance/builtins\task_local.yaml/server_verb
    conformance_test.go:41: Skipped: Requires dynamic verb creation and recycle() server verb
=== RUN   TestConformance/builtins\task_local.yaml/across_verb_calls
    conformance_test.go:41: Skipped: Requires dynamic verb creation
=== RUN   TestConformance/builtins\task_local.yaml/across_verb_calls_with_intermediate
    conformance_test.go:41: Skipped: Requires dynamic verb creation
=== RUN   TestConformance/builtins\task_local.yaml/suspend_between_verb_calls
    conformance_test.go:41: Skipped: Requires dynamic verb creation and suspend support
=== RUN   TestConformance/builtins\task_local.yaml/read_between_verb_calls
    conformance_test.go:41: Skipped: Requires dynamic verb creation and read() support
=== RUN   TestConformance/builtins\task_local.yaml/nonfunctional_fork_suspend
    conformance_test.go:41: Skipped: Non-functional test for memory leak detection
=== RUN   TestConformance/builtins\task_local.yaml/nonfunctional_kill_task
    conformance_test.go:41: Skipped: Requires server with task management
=== RUN   TestConformance/server\limits.yaml
=== RUN   TestConformance/server\limits.yaml/setadd_checks_list_max_value_bytes_small
    conformance_test.go:41: Skipped: Complex parametric test with dynamic limits
=== RUN   TestConformance/server\limits.yaml/setadd_checks_list_max_value_bytes_exceeds
    conformance_test.go:41: Skipped: Complex parametric test with dynamic limits
=== RUN   TestConformance/server\limits.yaml/setadd_fails_if_value_too_large
    conformance_test.go:41: Skipped: Complex parametric test with dynamic limits
=== RUN   TestConformance/server\limits.yaml/listinsert_checks_list_max_value_bytes
    conformance_test.go:41: Skipped: Complex parametric test with dynamic limits
=== RUN   TestConformance/server\limits.yaml/listinsert_fails_if_value_too_large
    conformance_test.go:41: Skipped: Complex parametric test with dynamic limits
=== RUN   TestConformance/server\limits.yaml/listappend_checks_list_max_value_bytes
    conformance_test.go:41: Skipped: Complex parametric test with dynamic limits
=== RUN   TestConformance/server\limits.yaml/listappend_fails_if_value_too_large
    conformance_test.go:41: Skipped: Complex parametric test with dynamic limits
=== RUN   TestConformance/server\limits.yaml/listset_fails_if_value_too_large
    conformance_test.go:41: Skipped: Complex parametric test with dynamic limits
=== RUN   TestConformance/server\limits.yaml/setremove_fails_if_result_too_large
    conformance_test.go:41: Skipped: Requires object property storage and dynamic limits
=== RUN   TestConformance/server\limits.yaml/listdelete_fails_if_result_too_large
    conformance_test.go:41: Skipped: Requires object property storage and dynamic limits
=== RUN   TestConformance/server\limits.yaml/appending_to_list_checks_max_value_bytes
    conformance_test.go:41: Skipped: Complex parametric test with dynamic limits
=== RUN   TestConformance/server\limits.yaml/prepending_to_list_checks_max_value_bytes
    conformance_test.go:41: Skipped: Complex parametric test with dynamic limits
=== RUN   TestConformance/server\limits.yaml/indexset_on_list_checks_max_value_bytes
    conformance_test.go:41: Skipped: Complex parametric test with dynamic limits
=== RUN   TestConformance/server\limits.yaml/rangeset_on_list_checks_max_value_bytes
    conformance_test.go:41: Skipped: Complex parametric test with dynamic limits
=== RUN   TestConformance/server\limits.yaml/assigning_list_fails_if_value_too_large
    conformance_test.go:41: Skipped: Complex parametric test with dynamic limits
=== RUN   TestConformance/server\limits.yaml/decode_binary_checks_list_max_value_bytes
    conformance_test.go:41: Skipped: Requires object property storage and dynamic limits
=== RUN   TestConformance/server\limits.yaml/mapdelete_fails_if_result_too_large
    conformance_test.go:41: Skipped: Requires object property storage and dynamic limits
=== RUN   TestConformance/server\limits.yaml/indexset_on_map_checks_max_value_bytes
    conformance_test.go:41: Skipped: Complex parametric test with dynamic limits
=== RUN   TestConformance/server\limits.yaml/rangeset_on_map_checks_max_value_bytes
    conformance_test.go:41: Skipped: Complex parametric test with dynamic limits
=== RUN   TestConformance/server\limits.yaml/list_literal_checks_max_value_bytes
    conformance_test.go:41: Skipped: Requires generating and evaluating large literal
=== RUN   TestConformance/server\limits.yaml/map_literal_checks_max_value_bytes
    conformance_test.go:41: Skipped: Requires generating and evaluating large literal
=== RUN   TestConformance/server\limits.yaml/string_concat_limit
    conformance_test.go:41: Skipped: Complex parametric test with dynamic limits
=== RUN   TestConformance/server\limits.yaml/string_concat_exceeds_limit
    conformance_test.go:41: Skipped: Complex parametric test with dynamic limits
=== RUN   TestConformance/server\limits.yaml/tostr_limit
    conformance_test.go:41: Skipped: Complex parametric test with dynamic limits
=== RUN   TestConformance/server\limits.yaml/tostr_exceeds_limit
    conformance_test.go:41: Skipped: Complex parametric test with dynamic limits
=== RUN   TestConformance/server\limits.yaml/toliteral_limit
    conformance_test.go:41: Skipped: Complex parametric test with dynamic limits
=== RUN   TestConformance/server\limits.yaml/toliteral_exceeds_limit
    conformance_test.go:41: Skipped: Complex parametric test with dynamic limits
=== RUN   TestConformance/server\limits.yaml/strsub_limit
    conformance_test.go:41: Skipped: Complex parametric test with dynamic limits
=== RUN   TestConformance/server\limits.yaml/strsub_exceeds_limit
    conformance_test.go:41: Skipped: Complex parametric test with dynamic limits
=== RUN   TestConformance/server\limits.yaml/encode_binary_limit
    conformance_test.go:41: Skipped: Complex parametric test with dynamic limits
=== RUN   TestConformance/server\limits.yaml/encode_binary_exceeds_limit
    conformance_test.go:41: Skipped: Complex parametric test with dynamic limits
=== RUN   TestConformance/server\limits.yaml/substitute_limit
    conformance_test.go:41: Skipped: Complex parametric test with dynamic limits
=== RUN   TestConformance/server\limits.yaml/substitute_exceeds_limit
    conformance_test.go:41: Skipped: Complex parametric test with dynamic limits
=== RUN   TestConformance/server\limits.yaml/encode_base64_limit
    conformance_test.go:41: Skipped: Complex parametric test with dynamic limits
=== RUN   TestConformance/server\limits.yaml/encode_base64_exceeds_limit
    conformance_test.go:41: Skipped: Complex parametric test with dynamic limits
=== RUN   TestConformance/server\limits.yaml/random_bytes_within_limit
    conformance_test.go:41: Skipped: Complex parametric test with dynamic limits
=== RUN   TestConformance/server\limits.yaml/random_bytes_exceeds_limit
    conformance_test.go:41: Skipped: Complex parametric test with dynamic limits
=== RUN   TestConformance/server\limits.yaml/quota_errors_do_not_leak_memory
    conformance_test.go:41: Skipped: Memory leak regression test
=== RUN   TestConformance/builtins\map.yaml
=== RUN   TestConformance/builtins\map.yaml/empty_map
=== RUN   TestConformance/builtins\map.yaml/single_entry
=== RUN   TestConformance/builtins\map.yaml/multiple_entries
    conformance_test.go:44: Test failed: expected [3 -> 4, 1 -> 2], got [#1 -> #2, 3 -> 4]
=== RUN   TestConformance/builtins\map.yaml/nested_maps
    conformance_test.go:44: Test failed: expected [1 -> ["a" -> {}, "b" -> {}], 2 -> ["b" -> ["E_ARGS" -> [1 -> []]]], 3 -> []], got [#1 -> ["a" -> {}, "b" -> {}], #2 -> ["b" -> [E_ARGS -> [1 -> []]]], #3 -> []]
=== RUN   TestConformance/builtins\map.yaml/sorted_insertion_order_1
=== RUN   TestConformance/builtins\map.yaml/sorted_insertion_order_2
=== RUN   TestConformance/builtins\map.yaml/sorted_insertion_order_3
=== RUN   TestConformance/builtins\map.yaml/mapkeys_sorted
    conformance_test.go:44: Test failed: expected {1, 2, 3, 4, 5, 6, 9, "a"}, got {6, 4, 5, "a", 9, 2, 3, 1}
=== RUN   TestConformance/builtins\map.yaml/mapvalues_sorted
    conformance_test.go:44: Test failed: expected {1, 2, 3, 4, 5, 6, 9, "a"}, got {"a", 4, 5, 6, 9, 2, 3, 1}
=== RUN   TestConformance/builtins\map.yaml/mapdelete_removes_entry
    conformance_test.go:44: Test failed: expected [0 -> "No error", 2 -> "Division by zero", 3 -> "Permission denied"], got [E_DIV -> "Division by zero", E_PERM -> "Permission denied", E_NONE -> "No error"]
=== RUN   TestConformance/builtins\map.yaml/mapdelete_chain
    conformance_test.go:44: Test failed: expected [3 -> "Permission denied"], got [E_PERM -> "Permission denied"]
=== RUN   TestConformance/builtins\map.yaml/mapdelete_missing_key
    conformance_test.go:44: Test failed: expected error E_RANGE, got value: [E_NONE -> "No error"]
=== RUN   TestConformance/builtins\map.yaml/length_of_map
=== RUN   TestConformance/builtins\map.yaml/length_after_delete
=== RUN   TestConformance/builtins\map.yaml/is_member_found
    conformance_test.go:44: Test failed: expected 5, got 1
=== RUN   TestConformance/builtins\map.yaml/is_member_not_found
=== RUN   TestConformance/builtins\map.yaml/is_member_case_sensitive_key
    conformance_test.go:44: Test failed: expected 0, got 1
=== RUN   TestConformance/builtins\map.yaml/is_member_case_sensitive_value_not_found
=== RUN   TestConformance/builtins\map.yaml/in_operator_found
    conformance_test.go:44: Test failed: expected 2, got 1
=== RUN   TestConformance/builtins\map.yaml/in_operator_not_found
=== RUN   TestConformance/builtins\map.yaml/in_operator_case_insensitive_value
=== RUN   TestConformance/builtins\map.yaml/in_operator_case_sensitive_key
=== RUN   TestConformance/builtins\map.yaml/equal_empty_maps
=== RUN   TestConformance/builtins\map.yaml/equal_empty_vs_nonempty
=== RUN   TestConformance/builtins\map.yaml/equal_same_entries
=== RUN   TestConformance/builtins\map.yaml/equal_different_order
=== RUN   TestConformance/builtins\map.yaml/equal_nested_same
=== RUN   TestConformance/builtins\map.yaml/equal_nested_different
=== RUN   TestConformance/builtins\map.yaml/equal_case_sensitive
=== RUN   TestConformance/builtins\map.yaml/equality_empty_maps
=== RUN   TestConformance/builtins\map.yaml/equality_empty_vs_nonempty
=== RUN   TestConformance/builtins\map.yaml/equality_same_entries
=== RUN   TestConformance/builtins\map.yaml/equality_different_order
=== RUN   TestConformance/builtins\map.yaml/equality_nested_same
=== RUN   TestConformance/builtins\map.yaml/equality_nested_different
=== RUN   TestConformance/builtins\map.yaml/equality_case_insensitive
    conformance_test.go:44: Test failed: expected "yes", got "no"
=== RUN   TestConformance/builtins\map.yaml/empty_map_is_false
=== RUN   TestConformance/builtins\map.yaml/nonempty_map_is_true
    conformance_test.go:44: Test failed: expected "yes", got "no"
=== RUN   TestConformance/builtins\map.yaml/tostr_map
    conformance_test.go:44: Test failed: expected "[map]", got "[#-1 -> #-1, \"2\" -> [], \"1\" -> {}, 5 -> 5, 3.14 -> 3.14]"
=== RUN   TestConformance/builtins\map.yaml/toliteral_map
    conformance_test.go:44: Test failed: expected "[5 -> 5, #-1 -> #-1, 3.14 -> 3.14, \"1\" -> {}, \"2\" -> []]", got "[\"2\" -> [], \"1\" -> {}, 5 -> 5, 3.14 -> 3.14, #-1 -> #-1]"
=== RUN   TestConformance/builtins\map.yaml/assignment_copies
=== RUN   TestConformance/builtins\map.yaml/assignment_is_copy_not_reference_1
=== RUN   TestConformance/builtins\map.yaml/assignment_is_copy_not_reference_2
=== RUN   TestConformance/builtins\map.yaml/indexed_access_get
=== RUN   TestConformance/builtins\map.yaml/indexed_access_nested
=== RUN   TestConformance/builtins\map.yaml/indexed_access_float
=== RUN   TestConformance/builtins\map.yaml/indexed_access_missing_key
=== RUN   TestConformance/builtins\map.yaml/indexed_assignment_set
    conformance_test.go:44: Test failed: expected [-1 -> -1, "2" -> [], "1" -> "foo", 5 -> 5, 3.14 -> 3.14], got ["1" -> "foo", 5 -> 5, 3.14 -> 3.14, #-1 -> #-1, "2" -> []]
=== RUN   TestConformance/builtins\map.yaml/indexed_assignment_nested
    conformance_test.go:44: Test failed: expected [3.14 -> 3.14, -1 -> -1, "2" -> ["3" -> "foo"], "1" -> {}, 5 -> 5], got ["2" -> ["3" -> "foo"], "1" -> {}, 5 -> 5, 3.14 -> 3.14, #-1 -> #-1]
=== RUN   TestConformance/builtins\map.yaml/indexed_assignment_replace_float
    conformance_test.go:44: Test failed: expected ["1" -> {}, 5 -> 5, 3.14 -> "bar", -1 -> -1, "2" -> []], got [#-1 -> #-1, "2" -> [], "1" -> {}, 5 -> 5, 3.14 -> "bar"]
=== RUN   TestConformance/builtins\map.yaml/indexed_assignment_new_key
    conformance_test.go:44: Test failed: expected [-1 -> -1, "2" -> [], "1" -> {}, 5 -> 5, 1 -> "baz", 3.14 -> 3.14], got [1 -> "baz", #-1 -> #-1, "2" -> [], "1" -> {}, 5 -> 5, 3.14 -> 3.14]
=== RUN   TestConformance/builtins\map.yaml/property_indexed_access_get
=== RUN   TestConformance/builtins\map.yaml/property_indexed_access_nested
=== RUN   TestConformance/builtins\map.yaml/property_indexed_access_float
=== RUN   TestConformance/builtins\map.yaml/property_indexed_access_missing_key
=== RUN   TestConformance/builtins\map.yaml/property_indexed_assignment_set
    conformance_test.go:44: Test failed: unexpected error: E_TYPE
=== RUN   TestConformance/builtins\map.yaml/property_indexed_assignment_nested
    conformance_test.go:44: Test failed: unexpected error: E_TYPE
=== RUN   TestConformance/builtins\map.yaml/property_indexed_assignment_replace_float
    conformance_test.go:44: Test failed: unexpected error: E_TYPE
=== RUN   TestConformance/builtins\map.yaml/property_indexed_assignment_new_key
    conformance_test.go:44: Test failed: unexpected error: E_TYPE
=== RUN   TestConformance/builtins\map.yaml/list_key_literal
    conformance_test.go:44: Test failed: expected error E_TYPE, got value: [[] -> 1]
=== RUN   TestConformance/builtins\map.yaml/empty_list_key_literal
    conformance_test.go:44: Test failed: expected error E_TYPE, got value: [{} -> 1]
=== RUN   TestConformance/builtins\map.yaml/map_key_literal
    conformance_test.go:44: Test failed: expected error E_TYPE, got value: [[1 -> 2] -> 1]
=== RUN   TestConformance/builtins\map.yaml/list_values_key_literal
    conformance_test.go:44: Test failed: expected error E_TYPE, got value: [{1, 2} -> 1]
=== RUN   TestConformance/builtins\map.yaml/list_key_assignment_1
    conformance_test.go:44: Test failed: expected error E_TYPE, got value: 0
=== RUN   TestConformance/builtins\map.yaml/list_key_assignment_2
    conformance_test.go:44: Test failed: expected error E_TYPE, got value: 0
=== RUN   TestConformance/builtins\map.yaml/map_key_assignment
    conformance_test.go:44: Test failed: expected error E_TYPE, got value: 0
=== RUN   TestConformance/builtins\map.yaml/list_values_key_assignment
    conformance_test.go:44: Test failed: expected error E_TYPE, got value: 0
=== RUN   TestConformance/builtins\map.yaml/mapdelete_empty_list_key
    conformance_test.go:44: Test failed: expected error E_TYPE, got value: [1 -> 2, 3 -> 4]
=== RUN   TestConformance/builtins\map.yaml/mapdelete_list_key
    conformance_test.go:44: Test failed: expected error E_TYPE, got value: [1 -> 2, 3 -> 4]
=== RUN   TestConformance/builtins\map.yaml/mapdelete_map_key
    conformance_test.go:44: Test failed: expected error E_TYPE, got value: [1 -> 2, 3 -> 4]
=== RUN   TestConformance/builtins\map.yaml/mapdelete_list_values_key
    conformance_test.go:44: Test failed: expected error E_TYPE, got value: [3 -> 4, 1 -> 2]
=== RUN   TestConformance/builtins\map.yaml/anonymous_object_key
    conformance_test.go:41: Skipped: Requires create($anonymous) builtin support
=== RUN   TestConformance/builtins\map.yaml/first_last_index
    conformance_test.go:41: Skipped: Requires create, add_verb, set_verb_code, call builtins
=== RUN   TestConformance/builtins\map.yaml/ranged_set_invalid_range_1
=== RUN   TestConformance/builtins\map.yaml/ranged_set_invalid_range_2
    conformance_test.go:44: Test failed: expected error E_RANGE, got value: [1 -> 1, "b" -> "b", "a" -> "a"]
=== RUN   TestConformance/builtins\map.yaml/ranged_set_invalid_range_3
    conformance_test.go:44: Test failed: expected error E_RANGE, got value: ["a" -> "a", "b" -> "b", 1 -> 1]
=== RUN   TestConformance/builtins\map.yaml/ranged_set_single_element
=== RUN   TestConformance/builtins\map.yaml/ranged_set_between_elements
=== RUN   TestConformance/builtins\map.yaml/ranged_set_merge_existing_key
=== RUN   TestConformance/builtins\map.yaml/ranged_set_replace_range
=== RUN   TestConformance/builtins\map.yaml/inverted_ranged_set_in_loop
    conformance_test.go:44: Test failed: expected error E_RANGE, got value: 10
=== RUN   TestConformance/builtins\string_operations.yaml
=== RUN   TestConformance/builtins\string_operations.yaml/index_not_found
=== RUN   TestConformance/builtins\string_operations.yaml/index_finds_first_occurrence
=== RUN   TestConformance/builtins\string_operations.yaml/index_case_sensitive_no_match
=== RUN   TestConformance/builtins\string_operations.yaml/index_case_insensitive_match
=== RUN   TestConformance/builtins\string_operations.yaml/index_with_offset_3
    conformance_test.go:44: Test failed: expected 0, got 3
=== RUN   TestConformance/builtins\string_operations.yaml/index_with_offset_1
    conformance_test.go:44: Test failed: expected 1, got 2
=== RUN   TestConformance/builtins\string_operations.yaml/index_with_offset_0
=== RUN   TestConformance/builtins\string_operations.yaml/index_negative_offset_invalid
    conformance_test.go:44: Test failed: expected error E_INVARG, got value: 2
=== RUN   TestConformance/builtins\string_operations.yaml/index_offset_larger_than_string
=== RUN   TestConformance/builtins\string_operations.yaml/rindex_not_found
=== RUN   TestConformance/builtins\string_operations.yaml/rindex_finds_last_occurrence
=== RUN   TestConformance/builtins\string_operations.yaml/rindex_case_sensitive_no_match
=== RUN   TestConformance/builtins\string_operations.yaml/rindex_case_insensitive_match
=== RUN   TestConformance/builtins\string_operations.yaml/rindex_with_offset_neg_4
    conformance_test.go:44: Test failed: expected 2, got 3
=== RUN   TestConformance/builtins\string_operations.yaml/rindex_with_offset_neg_3
=== RUN   TestConformance/builtins\string_operations.yaml/rindex_with_offset_0
=== RUN   TestConformance/builtins\string_operations.yaml/rindex_positive_offset_invalid
    conformance_test.go:44: Test failed: expected error E_INVARG, got value: 3
=== RUN   TestConformance/builtins\string_operations.yaml/rindex_offset_larger_than_string
    conformance_test.go:44: Test failed: expected 0, got 3
=== RUN   TestConformance/builtins\string_operations.yaml/strtr_swap_characters
=== RUN   TestConformance/builtins\string_operations.yaml/strtr_replace_character
=== RUN   TestConformance/builtins\string_operations.yaml/strtr_empty_from_to
=== RUN   TestConformance/builtins\string_operations.yaml/strtr_from_shorter_than_to
=== RUN   TestConformance/builtins\string_operations.yaml/strtr_from_longer_than_to
=== RUN   TestConformance/builtins\string_operations.yaml/strtr_empty_source
=== RUN   TestConformance/builtins\string_operations.yaml/strtr_no_matches
=== RUN   TestConformance/builtins\string_operations.yaml/strtr_with_numbers_case_insensitive
=== RUN   TestConformance/builtins\string_operations.yaml/strtr_with_numbers_case_sensitive
=== RUN   TestConformance/builtins\string_operations.yaml/strtr_with_symbols_case_insensitive
=== RUN   TestConformance/builtins\string_operations.yaml/strtr_with_symbols_case_sensitive
=== RUN   TestConformance/builtins\string_operations.yaml/strtr_case_insensitive_preserves_case_lowercase
=== RUN   TestConformance/builtins\string_operations.yaml/strtr_case_insensitive_preserves_case_uppercase
=== RUN   TestConformance/builtins\string_operations.yaml/strtr_case_sensitive_lowercase
=== RUN   TestConformance/builtins\string_operations.yaml/strtr_case_sensitive_uppercase
=== RUN   TestConformance/builtins\string_operations.yaml/strtr_complex_case_insensitive_1
=== RUN   TestConformance/builtins\string_operations.yaml/strtr_complex_case_sensitive_1
=== RUN   TestConformance/builtins\string_operations.yaml/strtr_complex_case_insensitive_2
=== RUN   TestConformance/builtins\string_operations.yaml/strtr_complex_case_sensitive_2
=== RUN   TestConformance/builtins\string_operations.yaml/strtr_complex_case_insensitive_3
=== RUN   TestConformance/builtins\string_operations.yaml/strtr_complex_case_sensitive_3
=== RUN   TestConformance/builtins\string_operations.yaml/strtr_complex_case_insensitive_4
=== RUN   TestConformance/builtins\string_operations.yaml/strtr_complex_case_sensitive_4
=== RUN   TestConformance/language\equality.yaml
=== RUN   TestConformance/language\equality.yaml/int_equality
=== RUN   TestConformance/language\equality.yaml/float_equality
=== RUN   TestConformance/language\equality.yaml/string_equality
=== RUN   TestConformance/language\equality.yaml/object_equality
=== RUN   TestConformance/language\equality.yaml/error_equality
=== RUN   TestConformance/language\equality.yaml/list_equality_with_splicing
=== RUN   TestConformance/language\equality.yaml/map_equality
=== RUN   TestConformance/language\equality.yaml/int_float_inequality
=== RUN   TestConformance/language\equality.yaml/float_object_inequality
=== RUN   TestConformance/language\equality.yaml/object_string_inequality
=== RUN   TestConformance/language\equality.yaml/map_list_inequality
=== RUN   TestConformance/language\looping.yaml
=== RUN   TestConformance/language\looping.yaml/for_loop_string_single_var
=== RUN   TestConformance/language\looping.yaml/for_loop_string_two_vars
=== RUN   TestConformance/language\looping.yaml/for_loop_map_values
    conformance_test.go:44: Test failed: expected {1, 3, "two"}, got {1, "two", 3}
=== RUN   TestConformance/language\looping.yaml/for_loop_map_values_and_keys
    conformance_test.go:44: Test failed: expected {{1, "one"}, {3, "three"}, {"two", "two"}}, got {{3, "three"}, {1, "one"}, {"two", "two"}}
=== RUN   TestConformance/language\looping.yaml/for_loop_list_two_vars
=== RUN   TestConformance/language\looping.yaml/for_loop_break_with_value
    conformance_test.go:44: Test failed: expected {1, 2}, got nil
=== RUN   TestConformance/language\looping.yaml/for_loop_continue_with_value
    conformance_test.go:44: Test failed: expected {3, 4, 5}, got nil
=== RUN   TestConformance/language\looping.yaml/for_loop_two_vars_break_first_var
    conformance_test.go:44: Test failed: expected {"1", "2"}, got nil
=== RUN   TestConformance/language\looping.yaml/for_loop_two_vars_continue_first_var
    conformance_test.go:44: Test failed: expected {"3", "4", "5"}, got nil
=== RUN   TestConformance/language\looping.yaml/for_loop_two_vars_break_second_var
    conformance_test.go:44: Test failed: expected {"1", "2"}, got nil
=== RUN   TestConformance/language\looping.yaml/for_loop_two_vars_continue_second_var
    conformance_test.go:44: Test failed: expected {"3", "4", "5"}, got nil
=== RUN   TestConformance/language\looping.yaml/for_loop_duplicate_var_names_break
    conformance_test.go:44: Test failed: expected {1, 2}, got nil
=== RUN   TestConformance/language\looping.yaml/for_loop_duplicate_var_names_continue
    conformance_test.go:44: Test failed: expected {3, 4, 5}, got nil
=== RUN   TestConformance/language\looping.yaml/for_loop_no_variables
    conformance_test.go:41: Skipped: Compile-time errors not testable via runtime
=== RUN   TestConformance/language\looping.yaml/for_loop_three_variables
    conformance_test.go:41: Skipped: Compile-time errors not testable via runtime
=== RUN   TestConformance/language\looping.yaml/for_loop_continue_invalid_name_single_var
    conformance_test.go:41: Skipped: Compile-time errors not testable via runtime
=== RUN   TestConformance/language\looping.yaml/for_loop_continue_invalid_name_two_vars
    conformance_test.go:41: Skipped: Compile-time errors not testable via runtime
=== RUN   TestConformance/language\looping.yaml/for_loop_integer_error
=== RUN   TestConformance/language\looping.yaml/for_loop_float_error
=== RUN   TestConformance/language\looping.yaml/for_loop_object_error
=== RUN   TestConformance/language\looping.yaml/for_loop_error_value_error
=== RUN   TestConformance/language\looping.yaml/decompile_for_loop_duplicate_vars_break
    conformance_test.go:41: Skipped: Decompile tests require verb_code() builtin and object manipulation
=== RUN   TestConformance/language\looping.yaml/decompile_for_loop_two_vars_break_first
    conformance_test.go:41: Skipped: Decompile tests require verb_code() builtin and object manipulation
=== RUN   TestConformance/language\looping.yaml/decompile_for_loop_two_vars_break_second
    conformance_test.go:41: Skipped: Decompile tests require verb_code() builtin and object manipulation
=== RUN   TestConformance/language\looping.yaml/decompile_for_loop_break_and_continue
    conformance_test.go:41: Skipped: Decompile tests require verb_code() builtin and object manipulation
=== RUN   TestConformance/language\looping.yaml/decompile_for_loop_string
    conformance_test.go:41: Skipped: Decompile tests require verb_code() builtin and object manipulation
=== RUN   TestConformance/language\looping.yaml/decompile_for_loop_map
    conformance_test.go:41: Skipped: Decompile tests require verb_code() builtin and object manipulation
=== RUN   TestConformance/language\looping.yaml/for_loop_empty_map_no_leak
=== RUN   TestConformance/language\looping.yaml/for_loop_empty_map_two_vars_no_leak
=== RUN   TestConformance/language\moocode_parsing.yaml
=== RUN   TestConformance/language\moocode_parsing.yaml/expression_exception_syntax
    conformance_test.go:41: Skipped: Parser doesn't support backtick exception syntax yet
=== RUN   TestConformance/language\moocode_parsing.yaml/greater_than
=== RUN   TestConformance/language\moocode_parsing.yaml/greater_than_or_equal
=== RUN   TestConformance/language\moocode_parsing.yaml/less_than
=== RUN   TestConformance/language\moocode_parsing.yaml/less_than_or_equal
=== RUN   TestConformance/language\moocode_parsing.yaml/logical_and
=== RUN   TestConformance/language\moocode_parsing.yaml/logical_or
=== RUN   TestConformance/language\moocode_parsing.yaml/caret_collection_first
=== RUN   TestConformance/language\moocode_parsing.yaml/caret_collection_range_spaced
=== RUN   TestConformance/language\moocode_parsing.yaml/caret_collection_range_unspaced
=== RUN   TestConformance/language\moocode_parsing.yaml/dollar_collection_last
=== RUN   TestConformance/language\moocode_parsing.yaml/dollar_collection_range_spaced
=== RUN   TestConformance/language\moocode_parsing.yaml/dollar_collection_range_unspaced
=== RUN   TestConformance/language\moocode_parsing.yaml/bitwise_and
=== RUN   TestConformance/language\moocode_parsing.yaml/bitwise_and_disassemble
    conformance_test.go:41: Skipped: Requires disassemble() builtin
=== RUN   TestConformance/language\moocode_parsing.yaml/bitwise_and_decompile
    conformance_test.go:41: Skipped: Requires verb_code() builtin
=== RUN   TestConformance/language\moocode_parsing.yaml/bitwise_or
=== RUN   TestConformance/language\moocode_parsing.yaml/bitwise_or_disassemble
    conformance_test.go:41: Skipped: Requires disassemble() builtin
=== RUN   TestConformance/language\moocode_parsing.yaml/bitwise_or_decompile
    conformance_test.go:41: Skipped: Requires verb_code() builtin
=== RUN   TestConformance/language\moocode_parsing.yaml/bitwise_xor
=== RUN   TestConformance/language\moocode_parsing.yaml/bitwise_xor_disassemble
    conformance_test.go:41: Skipped: Requires disassemble() builtin
=== RUN   TestConformance/language\moocode_parsing.yaml/bitwise_xor_decompile
    conformance_test.go:41: Skipped: Requires verb_code() builtin
=== RUN   TestConformance/language\moocode_parsing.yaml/bitwise_complement
=== RUN   TestConformance/language\moocode_parsing.yaml/bitwise_complement_disassemble
    conformance_test.go:41: Skipped: Requires disassemble() builtin
=== RUN   TestConformance/language\moocode_parsing.yaml/bitwise_complement_decompile
    conformance_test.go:41: Skipped: Requires verb_code() builtin
=== RUN   TestConformance/language\moocode_parsing.yaml/bit_shift_left
=== RUN   TestConformance/language\moocode_parsing.yaml/bit_shift_left_disassemble
    conformance_test.go:41: Skipped: Requires disassemble() builtin
=== RUN   TestConformance/language\moocode_parsing.yaml/bit_shift_left_decompile
    conformance_test.go:41: Skipped: Requires verb_code() builtin
=== RUN   TestConformance/language\moocode_parsing.yaml/bit_shift_right
=== RUN   TestConformance/language\moocode_parsing.yaml/bit_shift_right_disassemble
    conformance_test.go:41: Skipped: Requires disassemble() builtin
=== RUN   TestConformance/language\moocode_parsing.yaml/bit_shift_right_decompile
    conformance_test.go:41: Skipped: Requires verb_code() builtin
=== RUN   TestConformance/language\moocode_parsing.yaml/shift_left_negative_bits_32bit
=== RUN   TestConformance/language\moocode_parsing.yaml/shift_left_overflow_32bit
    conformance_test.go:44: Test failed: expected error E_INVARG, got value: 0
=== RUN   TestConformance/language\moocode_parsing.yaml/shift_left_zero_32bit
=== RUN   TestConformance/language\moocode_parsing.yaml/shift_left_max_32bit
    conformance_test.go:44: Test failed: expected -2147483648, got 2147483648
=== RUN   TestConformance/language\moocode_parsing.yaml/shift_left_all_bits_32bit
=== RUN   TestConformance/language\moocode_parsing.yaml/shift_left_to_zero_32bit
    conformance_test.go:44: Test failed: expected 0, got 4294967296
=== RUN   TestConformance/language\moocode_parsing.yaml/shift_right_negative_bits_32bit
=== RUN   TestConformance/language\moocode_parsing.yaml/shift_right_overflow_32bit
    conformance_test.go:44: Test failed: expected error E_INVARG, got value: 0
=== RUN   TestConformance/language\moocode_parsing.yaml/shift_right_zero_32bit
=== RUN   TestConformance/language\moocode_parsing.yaml/shift_right_max_32bit
    conformance_test.go:44: Test failed: expected 1, got 8589934591
=== RUN   TestConformance/language\moocode_parsing.yaml/shift_right_all_bits_32bit
    conformance_test.go:44: Test failed: expected 1, got 8589934591
=== RUN   TestConformance/language\moocode_parsing.yaml/shift_right_to_zero_32bit
    conformance_test.go:44: Test failed: expected 0, got 4294967295
=== RUN   TestConformance/language\moocode_parsing.yaml/shift_left_negative_bits_64bit
=== RUN   TestConformance/language\moocode_parsing.yaml/shift_left_overflow_64bit
    conformance_test.go:44: Test failed: expected error E_INVARG, got value: 0
=== RUN   TestConformance/language\moocode_parsing.yaml/shift_left_zero_64bit
=== RUN   TestConformance/language\moocode_parsing.yaml/shift_left_max_64bit
=== RUN   TestConformance/language\moocode_parsing.yaml/shift_left_all_bits_64bit
=== RUN   TestConformance/language\moocode_parsing.yaml/shift_left_to_zero_64bit
=== RUN   TestConformance/language\moocode_parsing.yaml/shift_right_negative_bits_64bit
=== RUN   TestConformance/language\moocode_parsing.yaml/shift_right_overflow_64bit
    conformance_test.go:44: Test failed: expected error E_INVARG, got value: 0
=== RUN   TestConformance/language\moocode_parsing.yaml/shift_right_zero_64bit
=== RUN   TestConformance/language\moocode_parsing.yaml/shift_right_max_64bit
=== RUN   TestConformance/language\moocode_parsing.yaml/shift_right_all_bits_64bit
=== RUN   TestConformance/language\moocode_parsing.yaml/shift_right_to_zero_64bit
=== RUN   TestConformance/language\moocode_parsing.yaml/shift_roundtrip_1_32bit
=== RUN   TestConformance/language\moocode_parsing.yaml/shift_roundtrip_2_32bit
=== RUN   TestConformance/language\moocode_parsing.yaml/precedence_shift_combined
=== RUN   TestConformance/language\moocode_parsing.yaml/precedence_complement_shift_32bit
    conformance_test.go:44: Test failed: expected 2147483647, got 9223372036854775807
=== RUN   TestConformance/language\moocode_parsing.yaml/precedence_complement_shift_64bit
=== RUN   TestConformance/language\moocode_parsing.yaml/precedence_shift_and
=== RUN   TestConformance/language\moocode_parsing.yaml/precedence_shift_and_right
=== RUN   TestConformance/language\waif.yaml
=== RUN   TestConformance/language\waif.yaml/waifs_are_invalid
    conformance_test.go:41: Skipped: Requires $waif object with new verb in test database
=== RUN   TestConformance/language\waif.yaml/waifs_have_no_parents
    conformance_test.go:41: Skipped: Requires $waif object with new verb in test database
=== RUN   TestConformance/language\waif.yaml/waifs_have_no_children
    conformance_test.go:41: Skipped: Requires $waif object with new verb in test database
=== RUN   TestConformance/language\waif.yaml/waifs_cannot_check_player_flag
    conformance_test.go:41: Skipped: Requires $waif object with new verb in test database
=== RUN   TestConformance/language\waif.yaml/waifs_cannot_set_player_flag
    conformance_test.go:41: Skipped: Requires $waif object with new verb in test database
=== RUN   TestConformance/language\waif.yaml/waif_owner_is_creator
    conformance_test.go:41: Skipped: Requires test object setup
=== RUN   TestConformance/language\waif.yaml/programmer_cannot_change_waif_owner
    conformance_test.go:41: Skipped: Requires test object setup
=== RUN   TestConformance/language\waif.yaml/wizard_cannot_change_waif_owner
    conformance_test.go:41: Skipped: Requires test object setup
=== RUN   TestConformance/language\waif.yaml/programmer_cannot_set_wizard_flag_false
    conformance_test.go:41: Skipped: Requires test object setup
=== RUN   TestConformance/language\waif.yaml/programmer_cannot_set_wizard_flag_true
    conformance_test.go:41: Skipped: Requires test object setup
=== RUN   TestConformance/language\waif.yaml/wizard_cannot_set_wizard_flag_false
    conformance_test.go:41: Skipped: Requires test object setup
=== RUN   TestConformance/language\waif.yaml/wizard_cannot_set_wizard_flag_true
    conformance_test.go:41: Skipped: Requires test object setup
=== RUN   TestConformance/language\waif.yaml/programmer_cannot_set_programmer_flag_false
    conformance_test.go:41: Skipped: Requires test object setup
=== RUN   TestConformance/language\waif.yaml/programmer_cannot_set_programmer_flag_true
    conformance_test.go:41: Skipped: Requires test object setup
=== RUN   TestConformance/language\waif.yaml/wizard_cannot_set_programmer_flag_false
    conformance_test.go:41: Skipped: Requires test object setup
=== RUN   TestConformance/language\waif.yaml/wizard_cannot_set_programmer_flag_true
    conformance_test.go:41: Skipped: Requires test object setup
=== RUN   TestConformance/language\waif.yaml/waif_properties_inherited
    conformance_test.go:41: Skipped: Requires dynamic object creation and property setup
=== RUN   TestConformance/language\waif.yaml/waif_verbs_inherited
    conformance_test.go:41: Skipped: Requires dynamic object creation and verb setup
=== RUN   TestConformance/language\waif.yaml/losing_waif_reference_calls_recycle
    conformance_test.go:41: Skipped: Requires dynamic object creation and recycle verb
=== RUN   TestConformance/language\waif.yaml/waif_recycle_called_once
    conformance_test.go:41: Skipped: Requires dynamic object creation and recycle verb
=== RUN   TestConformance/language\waif.yaml/waifs_cant_reference_each_other
    conformance_test.go:41: Skipped: Requires dynamic object creation
=== RUN   TestConformance/language\waif.yaml/recycling_parent_invalidates_waif
    conformance_test.go:41: Skipped: Requires dynamic object creation and recycle
=== RUN   TestConformance/language\waif.yaml/chparent_waif_inherits_properties
    conformance_test.go:41: Skipped: Requires dynamic object creation and chparent
=== RUN   TestConformance/language\waif.yaml/anon_cant_be_waif_parent
    conformance_test.go:41: Skipped: Requires dynamic object creation
=== RUN   TestConformance/language\waif.yaml/long_waif_chain_no_leak
    conformance_test.go:41: Skipped: Requires waif_stats() builtin
=== RUN   TestConformance/language\waif.yaml/callers_returns_valid_waifs_for_wizards
    conformance_test.go:41: Skipped: Requires dynamic object creation and callers()
=== RUN   TestConformance/language\waif.yaml/task_stack_returns_valid_waifs_for_owners
    conformance_test.go:41: Skipped: Requires dynamic object creation, fork, and task_stack()
=== RUN   TestConformance/language\waif.yaml/queued_tasks_returns_valid_waifs
    conformance_test.go:41: Skipped: Requires dynamic object creation, fork, and queued_tasks()
=== RUN   TestConformance/language\waif.yaml/nested_waif_map_indexes
    conformance_test.go:41: Skipped: Requires dynamic object creation
=== RUN   TestConformance/language\waif.yaml/deeply_nested_waif_map_indexes
    conformance_test.go:41: Skipped: Requires dynamic object creation
=== RUN   TestConformance/basic\object.yaml
=== RUN   TestConformance/basic\object.yaml/parent_of_newly_created_object
    conformance_test.go:44: Test failed: expected "#2", got #2
=== RUN   TestConformance/basic\object.yaml/name_of_newly_created_object
=== RUN   TestConformance/basic\object.yaml/location_of_newly_created_object
    conformance_test.go:44: Test failed: expected "#-1", got #-1
=== RUN   TestConformance/basic\object.yaml/contents_of_newly_created_object
=== RUN   TestConformance/basic\object.yaml/programmer_flag_of_newly_created_object
=== RUN   TestConformance/basic\object.yaml/wizard_flag_of_newly_created_object
=== RUN   TestConformance/basic\object.yaml/r_flag_of_newly_created_object
    conformance_test.go:44: Test failed: expected 0, got 1
=== RUN   TestConformance/basic\object.yaml/w_flag_of_newly_created_object
    conformance_test.go:44: Test failed: expected 0, got 1
=== RUN   TestConformance/basic\object.yaml/f_flag_of_newly_created_object
=== RUN   TestConformance/basic\object.yaml/is_player_of_newly_created_object
=== RUN   TestConformance/basic\object.yaml/valid_nothing
=== RUN   TestConformance/basic\object.yaml/valid_system_object
=== RUN   TestConformance/basic\object.yaml/children_of_system_object
=== RUN   TestConformance/basic\string.yaml
=== RUN   TestConformance/basic\string.yaml/length_returns_string_length
=== RUN   TestConformance/basic\string.yaml/strsub_substitutes_substring
=== RUN   TestConformance/basic\string.yaml/index_finds_substring_position
=== RUN   TestConformance/basic\string.yaml/index_returns_zero_when_not_found
=== RUN   TestConformance/basic\string.yaml/index_case_sensitive_finds_match
=== RUN   TestConformance/basic\string.yaml/index_case_sensitive_no_match
=== RUN   TestConformance/basic\string.yaml/index_case_insensitive_no_match
=== RUN   TestConformance/basic\string.yaml/rindex_finds_last_occurrence
=== RUN   TestConformance/basic\string.yaml/rindex_returns_zero_when_not_found
=== RUN   TestConformance/basic\string.yaml/rindex_case_sensitive_finds_match
=== RUN   TestConformance/basic\string.yaml/rindex_case_insensitive_finds_first
=== RUN   TestConformance/basic\string.yaml/strcmp_less_than
=== RUN   TestConformance/basic\string.yaml/strcmp_greater_than
=== RUN   TestConformance/basic\string.yaml/strcmp_equal
=== RUN   TestConformance/basic\string.yaml/decode_binary_simple_string
=== RUN   TestConformance/basic\string.yaml/decode_binary_with_escapes
=== RUN   TestConformance/basic\string.yaml/decode_binary_multiple_lines
=== RUN   TestConformance/basic\string.yaml/decode_binary_to_bytes
    conformance_test.go:44: Test failed: expected {102, 111, 111, 13, 10}, got {"foo", 13, 10}
=== RUN   TestConformance/basic\string.yaml/encode_binary_escapes_tilde
=== RUN   TestConformance/basic\string.yaml/encode_binary_with_list
=== RUN   TestConformance/basic\string.yaml/encode_binary_with_varargs
=== RUN   TestConformance/basic\string.yaml/crypt_hashes_string
    conformance_test.go:44: Test failed: expected "SAEmC5UwrAl2A", got "$1$NGnX0CAA"
=== RUN   TestConformance/builtins\algorithms.yaml
=== RUN   TestConformance/builtins\algorithms.yaml/encode_base64_empty
=== RUN   TestConformance/builtins\algorithms.yaml/encode_base64_one_char
=== RUN   TestConformance/builtins\algorithms.yaml/encode_base64_two_char
=== RUN   TestConformance/builtins\algorithms.yaml/encode_base64_three_char
=== RUN   TestConformance/builtins\algorithms.yaml/encode_base64_binary_ff
=== RUN   TestConformance/builtins\algorithms.yaml/encode_base64_binary_fb
=== RUN   TestConformance/builtins\algorithms.yaml/encode_base64_url_safe_empty
=== RUN   TestConformance/builtins\algorithms.yaml/encode_base64_url_safe_one_char
=== RUN   TestConformance/builtins\algorithms.yaml/encode_base64_url_safe_binary_ff
=== RUN   TestConformance/builtins\algorithms.yaml/encode_base64_url_safe_binary_fb
=== RUN   TestConformance/builtins\algorithms.yaml/encode_base64_binary_string_foobar
=== RUN   TestConformance/builtins\algorithms.yaml/encode_base64_bad_binary_string
=== RUN   TestConformance/builtins\algorithms.yaml/encode_base64_length_one_char
=== RUN   TestConformance/builtins\algorithms.yaml/encode_base64_url_safe_length_one_char
=== RUN   TestConformance/builtins\algorithms.yaml/decode_base64_one_char
=== RUN   TestConformance/builtins\algorithms.yaml/decode_base64_two_char
=== RUN   TestConformance/builtins\algorithms.yaml/decode_base64_three_char
=== RUN   TestConformance/builtins\algorithms.yaml/decode_base64_binary_ff
=== RUN   TestConformance/builtins\algorithms.yaml/decode_base64_url_safe_one_char
=== RUN   TestConformance/builtins\algorithms.yaml/decode_base64_url_safe_binary_ff
=== RUN   TestConformance/builtins\algorithms.yaml/decode_base64_bad_chars
=== RUN   TestConformance/builtins\algorithms.yaml/decode_base64_not_binary_string
=== RUN   TestConformance/builtins\algorithms.yaml/decode_base64_padding_required_standard
=== RUN   TestConformance/builtins\algorithms.yaml/decode_base64_padding_optional_url_safe
=== RUN   TestConformance/builtins\algorithms.yaml/decode_base64_embedded_padding
=== RUN   TestConformance/builtins\algorithms.yaml/decode_base64_too_much_padding
=== RUN   TestConformance/builtins\algorithms.yaml/decode_base64_min_length
=== RUN   TestConformance/builtins\algorithms.yaml/string_hash_abc_md5
=== RUN   TestConformance/builtins\algorithms.yaml/string_hash_abc_sha1
=== RUN   TestConformance/builtins\algorithms.yaml/string_hash_abc_sha256
=== RUN   TestConformance/builtins\algorithms.yaml/string_hash_abc_sha256_default
=== RUN   TestConformance/builtins\algorithms.yaml/string_hash_abc_ripemd160
=== RUN   TestConformance/builtins\algorithms.yaml/string_hash_abc_sha224
=== RUN   TestConformance/builtins\algorithms.yaml/string_hash_abc_sha384
=== RUN   TestConformance/builtins\algorithms.yaml/string_hash_abc_sha512
=== RUN   TestConformance/builtins\algorithms.yaml/string_hash_invalid_algorithm
=== RUN   TestConformance/builtins\algorithms.yaml/binary_hash_abc_md5
=== RUN   TestConformance/builtins\algorithms.yaml/binary_hash_nulls_sha256
=== RUN   TestConformance/builtins\algorithms.yaml/binary_hash_bad_binary_string
=== RUN   TestConformance/builtins\algorithms.yaml/value_hash_empty_list_sha256
=== RUN   TestConformance/builtins\algorithms.yaml/value_hash_empty_map_sha256
=== RUN   TestConformance/builtins\algorithms.yaml/md5_empty_string
=== RUN   TestConformance/builtins\algorithms.yaml/md5_single_a
=== RUN   TestConformance/builtins\algorithms.yaml/md5_message_digest
=== RUN   TestConformance/builtins\algorithms.yaml/md5_alphabet
=== RUN   TestConformance/builtins\algorithms.yaml/sha1_empty_string
=== RUN   TestConformance/builtins\algorithms.yaml/sha1_single_a
=== RUN   TestConformance/builtins\algorithms.yaml/sha1_message_digest
=== RUN   TestConformance/builtins\algorithms.yaml/string_hmac_jefe_sha256
=== RUN   TestConformance/builtins\algorithms.yaml/string_hmac_jefe_sha256_default
=== RUN   TestConformance/builtins\algorithms.yaml/string_hmac_empty_sha256
=== RUN   TestConformance/builtins\algorithms.yaml/string_hmac_jefe_sha1
=== RUN   TestConformance/builtins\algorithms.yaml/string_hmac_invalid_algorithm
=== RUN   TestConformance/builtins\algorithms.yaml/binary_hmac_jefe_sha1
=== RUN   TestConformance/builtins\algorithms.yaml/binary_hmac_hi_there_sha1
=== RUN   TestConformance/builtins\algorithms.yaml/binary_hmac_empty_sha256
=== RUN   TestConformance/builtins\algorithms.yaml/binary_hmac_bad_binary_string
=== RUN   TestConformance/builtins\algorithms.yaml/binary_hmac_bad_key
=== RUN   TestConformance/builtins\algorithms.yaml/value_hmac_jefe_sha1
=== RUN   TestConformance/builtins\algorithms.yaml/value_hmac_jefe_sha256
=== RUN   TestConformance/builtins\algorithms.yaml/value_hmac_empty_sha256
=== RUN   TestConformance/builtins\algorithms.yaml/string_hash_case_insensitive_md5
=== RUN   TestConformance/builtins\algorithms.yaml/binary_hash_case_insensitive_sha256
=== RUN   TestConformance/builtins\algorithms.yaml/value_hash_case_insensitive_sha1
=== RUN   TestConformance/builtins\algorithms.yaml/string_hash_binary_output_md5
    conformance_test.go:44: Test failed: expected 16, got 34
=== RUN   TestConformance/builtins\algorithms.yaml/binary_hash_binary_output_sha256
    conformance_test.go:44: Test failed: expected 32, got 76
=== RUN   TestConformance/builtins\algorithms.yaml/value_hash_binary_output_sha1
    conformance_test.go:44: Test failed: expected 20, got 44
=== RUN   TestConformance/builtins\algorithms.yaml/string_hmac_binary_output_sha256
    conformance_test.go:44: Test failed: expected 32, got 82
=== RUN   TestConformance/builtins\algorithms.yaml/binary_hmac_binary_output_sha1
    conformance_test.go:44: Test failed: expected 20, got 44
=== RUN   TestConformance/builtins\algorithms.yaml/value_hmac_binary_output_sha256
    conformance_test.go:44: Test failed: expected 32, got 70
=== RUN   TestConformance/builtins\algorithms.yaml/hash_length_md5
=== RUN   TestConformance/builtins\algorithms.yaml/hash_length_sha1
=== RUN   TestConformance/builtins\algorithms.yaml/hash_length_sha224
=== RUN   TestConformance/builtins\algorithms.yaml/hash_length_sha256
=== RUN   TestConformance/builtins\algorithms.yaml/hash_length_sha384
=== RUN   TestConformance/builtins\algorithms.yaml/hash_length_sha512
=== RUN   TestConformance/builtins\algorithms.yaml/hash_length_ripemd160
=== RUN   TestConformance/builtins\algorithms.yaml/salt_standard_two_char
=== RUN   TestConformance/builtins\algorithms.yaml/salt_standard_requires_two_chars
=== RUN   TestConformance/builtins\algorithms.yaml/salt_md5_prefix
=== RUN   TestConformance/builtins\algorithms.yaml/salt_md5_requires_three_chars
=== RUN   TestConformance/builtins\algorithms.yaml/salt_sha256_prefix
=== RUN   TestConformance/builtins\algorithms.yaml/salt_sha256_requires_three_chars
=== RUN   TestConformance/builtins\algorithms.yaml/salt_sha256_rounds
=== RUN   TestConformance/builtins\algorithms.yaml/salt_sha256_rounds_min
=== RUN   TestConformance/builtins\algorithms.yaml/salt_sha256_rounds_max
=== RUN   TestConformance/builtins\algorithms.yaml/salt_sha512_prefix
=== RUN   TestConformance/builtins\algorithms.yaml/salt_sha512_requires_three_chars
=== RUN   TestConformance/builtins\algorithms.yaml/salt_sha512_rounds
=== RUN   TestConformance/builtins\algorithms.yaml/salt_bcrypt_prefix
=== RUN   TestConformance/builtins\algorithms.yaml/salt_bcrypt_requires_sixteen_chars
=== RUN   TestConformance/builtins\algorithms.yaml/salt_bcrypt_cost_factor
    conformance_test.go:44: Test failed: expected "$2a$16$KRGxLBS0Lxe3KBCwKxOzLe", got "$2a$16$vwxyz0123uvwxyz0......"
=== RUN   TestConformance/builtins\algorithms.yaml/salt_bcrypt_cost_min
=== RUN   TestConformance/builtins\algorithms.yaml/salt_bcrypt_cost_max
=== RUN   TestConformance/builtins\algorithms.yaml/salt_binary_string
=== RUN   TestConformance/builtins\algorithms.yaml/salt_bad_binary_string
=== RUN   TestConformance/builtins\algorithms.yaml/salt_invalid_prefix
=== RUN   TestConformance/builtins\algorithms.yaml/crypt_one_arg_defaults_to_unix
    conformance_test.go:44: Test failed: expected 13, got 11
=== RUN   TestConformance/builtins\algorithms.yaml/crypt_falls_through_to_unix
    conformance_test.go:44: Test failed: expected 13, got 11
=== RUN   TestConformance/builtins\algorithms.yaml/crypt_sha256_with_salt
    conformance_test.go:44: Test failed: expected 1, got 0
=== RUN   TestConformance/builtins\algorithms.yaml/crypt_sha256_rounds_wizard
    conformance_test.go:44: Test failed: expected 1, got 0
=== RUN   TestConformance/builtins\algorithms.yaml/crypt_sha256_rounds_non_wizard
    conformance_test.go:44: Test failed: expected error E_PERM, got value: "$1$bqbiIBAA"
=== RUN   TestConformance/builtins\algorithms.yaml/crypt_sha512_with_salt
    conformance_test.go:44: Test failed: expected 1, got 0
=== RUN   TestConformance/builtins\algorithms.yaml/crypt_sha512_rounds_wizard
    conformance_test.go:44: Test failed: expected 1, got 0
=== RUN   TestConformance/builtins\algorithms.yaml/crypt_sha512_rounds_non_wizard
    conformance_test.go:44: Test failed: expected error E_PERM, got value: "$1$bqbiIBAA"
=== RUN   TestConformance/builtins\algorithms.yaml/crypt_bcrypt_with_salt
    conformance_test.go:44: Test failed: expected 1, got 0
=== RUN   TestConformance/builtins\algorithms.yaml/crypt_bcrypt_requires_sixteen_chars
    conformance_test.go:44: Test failed: expected error E_INVARG, got value: "$1$bqbiIBAA"
=== RUN   TestConformance/builtins\algorithms.yaml/crypt_bcrypt_cost_factor
    conformance_test.go:44: Test failed: expected 1, got 0
=== RUN   TestConformance/builtins\algorithms.yaml/crypt_bcrypt_cost_min
    conformance_test.go:44: Test failed: expected error E_INVARG, got value: "$1$bqbiIBAA"
=== RUN   TestConformance/builtins\algorithms.yaml/crypt_bcrypt_cost_max
    conformance_test.go:44: Test failed: expected error E_INVARG, got value: "$1$bqbiIBAA"
=== RUN   TestConformance/builtins\algorithms.yaml/crypt_bcrypt_cost_non_five_requires_wizard
    conformance_test.go:44: Test failed: expected error E_PERM, got value: "$1$bqbiIBAA"
=== RUN   TestConformance/builtins\algorithms.yaml/crypt_invalid_salt
    conformance_test.go:44: Test failed: expected error E_INVARG, got value: "$1$bqbiIBAA"
=== RUN   TestConformance/builtins\create.yaml
=== RUN   TestConformance/builtins\create.yaml/requires_argument
=== RUN   TestConformance/builtins\create.yaml/first_arg_rejects_integer
=== RUN   TestConformance/builtins\create.yaml/first_arg_rejects_list_of_integers
=== RUN   TestConformance/builtins\create.yaml/first_arg_accepts_object
=== RUN   TestConformance/builtins\create.yaml/first_arg_accepts_object_alt
    conformance_test.go:44: Test failed: unexpected error: E_PROPNF
=== RUN   TestConformance/builtins\create.yaml/first_arg_accepts_list_of_objects
=== RUN   TestConformance/builtins\create.yaml/second_arg_as_owner_accepts_object
=== RUN   TestConformance/builtins\create.yaml/second_arg_as_owner_sets_owner_to_self
    conformance_test.go:44: Test failed: expected 1, got 0
=== RUN   TestConformance/builtins\create.yaml/second_arg_as_owner_sets_owner
=== RUN   TestConformance/builtins\create.yaml/second_arg_as_int_accepts_anonymous_flag
    conformance_test.go:44: Test failed: unknown type: anon
=== RUN   TestConformance/builtins\create.yaml/second_arg_1_creates_anonymous
    conformance_test.go:44: Test failed: expected 12, got 1
=== RUN   TestConformance/builtins\create.yaml/second_arg_0_creates_object
=== RUN   TestConformance/builtins\create.yaml/second_arg_as_list_passes_empty_args
    conformance_test.go:44: Test failed: unexpected error: E_PROPNF
=== RUN   TestConformance/builtins\create.yaml/second_arg_as_list_passes_args
    conformance_test.go:44: Test failed: unexpected error: E_PROPNF
=== RUN   TestConformance/builtins\create.yaml/second_arg_omitted_passes_empty_args
    conformance_test.go:44: Test failed: unexpected error: E_PROPNF
=== RUN   TestConformance/builtins\create.yaml/third_arg_as_int_accepts_anonymous_flag
    conformance_test.go:44: Test failed: unknown type: anon
=== RUN   TestConformance/builtins\create.yaml/third_arg_1_creates_anonymous
    conformance_test.go:44: Test failed: expected 12, got 1
=== RUN   TestConformance/builtins\create.yaml/third_arg_0_creates_object
=== RUN   TestConformance/builtins\create.yaml/third_arg_as_list_passes_empty_args
    conformance_test.go:44: Test failed: unexpected error: E_PROPNF
=== RUN   TestConformance/builtins\create.yaml/third_arg_as_list_passes_args
    conformance_test.go:44: Test failed: unexpected error: E_PROPNF
=== RUN   TestConformance/builtins\create.yaml/third_arg_as_empty_list_passes_empty_args
    conformance_test.go:44: Test failed: unexpected error: E_PROPNF
=== RUN   TestConformance/builtins\create.yaml/fourth_arg_as_int_accepts_anonymous_flag
    conformance_test.go:44: Test failed: unknown type: anon
=== RUN   TestConformance/builtins\create.yaml/fourth_arg_1_creates_anonymous
    conformance_test.go:44: Test failed: expected 12, got 1
=== RUN   TestConformance/builtins\create.yaml/fourth_arg_0_creates_object
=== RUN   TestConformance/builtins\create.yaml/fourth_arg_as_list_passes_empty_args
    conformance_test.go:44: Test failed: unexpected error: E_PROPNF
=== RUN   TestConformance/builtins\create.yaml/fourth_arg_as_list_passes_args
    conformance_test.go:44: Test failed: unexpected error: E_PROPNF
=== RUN   TestConformance/builtins\create.yaml/fourth_arg_as_empty_list_passes_empty_args
    conformance_test.go:44: Test failed: unexpected error: E_PROPNF
=== RUN   TestConformance/builtins\create.yaml/regular_object_can_be_own_owner
=== RUN   TestConformance/builtins\create.yaml/anonymous_cannot_be_own_owner
    conformance_test.go:44: Test failed: expected error E_INVARG, got value: #156
=== RUN   TestConformance/builtins\create.yaml/type_error_int_list_obj
    conformance_test.go:44: Test failed: expected error E_TYPE, got value: #157
=== RUN   TestConformance/builtins\create.yaml/type_error_list_obj
=== RUN   TestConformance/builtins\create.yaml/type_error_obj_obj
    conformance_test.go:44: Test failed: expected error E_TYPE, got value: #158
=== RUN   TestConformance/builtins\create.yaml/type_error_obj_int_int
    conformance_test.go:44: Test failed: expected error E_TYPE, got value: #159
=== RUN   TestConformance/builtins\create.yaml/type_error_obj_list_list
    conformance_test.go:44: Test failed: expected error E_TYPE, got value: #160
=== RUN   TestConformance/builtins\create.yaml/type_error_int_int
    conformance_test.go:44: Test failed: expected error E_TYPE, got value: #161
=== RUN   TestConformance/builtins\create.yaml/type_error_list_list
=== RUN   TestConformance/builtins\create.yaml/type_error_obj_float
    conformance_test.go:44: Test failed: expected error E_TYPE, got E_PROPNF
=== RUN   TestConformance/builtins\create.yaml/type_error_float_int
=== RUN   TestConformance/builtins\create.yaml/type_error_map
    conformance_test.go:44: Test failed: expected error E_TYPE, got value: #162
=== RUN   TestConformance/builtins\create.yaml/type_error_float
    conformance_test.go:44: Test failed: expected error E_TYPE, got value: #163
=== RUN   TestConformance/builtins\create.yaml/wizard_can_set_fertile_flag
=== RUN   TestConformance/builtins\create.yaml/owner_cannot_set_others_fertile_flag
    conformance_test.go:41: Skipped: Requires multi-user test setup
=== RUN   TestConformance/builtins\create.yaml/owner_can_set_own_fertile_flag
=== RUN   TestConformance/builtins\create.yaml/wizard_can_set_anonymous_flag
    conformance_test.go:44: Test failed: unexpected error: E_PROPNF
=== RUN   TestConformance/builtins\create.yaml/owner_cannot_set_others_anonymous_flag
    conformance_test.go:41: Skipped: Requires multi-user test setup
=== RUN   TestConformance/builtins\create.yaml/owner_can_set_own_anonymous_flag
    conformance_test.go:44: Test failed: unexpected error: E_PROPNF
=== RUN   TestConformance/builtins\create.yaml/wizard_creates_without_fertile_flag_system
=== RUN   TestConformance/builtins\create.yaml/wizard_creates_without_fertile_flag_object
    conformance_test.go:44: Test failed: unexpected error: E_PROPNF
=== RUN   TestConformance/builtins\create.yaml/owner_creates_self_without_fertile_flag
=== RUN   TestConformance/builtins\create.yaml/owner_cannot_create_non_fertile_other
    conformance_test.go:41: Skipped: Requires multi-user test setup
=== RUN   TestConformance/builtins\create.yaml/programmer_creates_with_fertile_flag
    conformance_test.go:44: Test failed: unexpected error: E_PROPNF
=== RUN   TestConformance/builtins\create.yaml/programmer_cannot_create_non_fertile
    conformance_test.go:41: Skipped: Requires multi-user test setup
=== RUN   TestConformance/builtins\create.yaml/wizard_creates_anonymous_without_anonymous_flag_system
=== RUN   TestConformance/builtins\create.yaml/wizard_creates_anonymous_without_anonymous_flag_anonymous
=== RUN   TestConformance/builtins\create.yaml/owner_creates_anonymous_self_without_flag
=== RUN   TestConformance/builtins\create.yaml/owner_cannot_create_anonymous_other_without_flag
    conformance_test.go:41: Skipped: Requires multi-user test setup
=== RUN   TestConformance/builtins\create.yaml/programmer_creates_anonymous_with_flag
=== RUN   TestConformance/builtins\create.yaml/programmer_cannot_create_anonymous_without_flag
    conformance_test.go:41: Skipped: Requires multi-user test setup
=== RUN   TestConformance/builtins\create.yaml/creates_object_type
    conformance_test.go:44: Test failed: unexpected error: E_PROPNF
=== RUN   TestConformance/builtins\create.yaml/creates_anonymous_type
    conformance_test.go:44: Test failed: expected 12, got 1
=== RUN   TestConformance/builtins\create.yaml/creating_object_increments_max_object
    conformance_test.go:41: Skipped: Requires capturing max_object before/after
=== RUN   TestConformance/builtins\create.yaml/creating_anonymous_does_not_increment_max_object
    conformance_test.go:41: Skipped: Requires capturing max_object before/after
=== RUN   TestConformance/builtins\create.yaml/creating_object_calls_initialize
    conformance_test.go:41: Skipped: Requires complex test setup
=== RUN   TestConformance/builtins\create.yaml/creating_anonymous_calls_initialize
    conformance_test.go:41: Skipped: Requires complex test setup
=== RUN   TestConformance/builtins\create.yaml/object_appears_in_parent_children
    conformance_test.go:41: Skipped: Requires capturing children before/after
=== RUN   TestConformance/builtins\create.yaml/anonymous_does_not_appear_in_parent_children
    conformance_test.go:44: Test failed: unexpected error: E_PROPNF
=== RUN   TestConformance/builtins\create.yaml/duplicate_parents_not_allowed_objects
    conformance_test.go:44: Test failed: expected error E_INVARG, got E_PROPNF
=== RUN   TestConformance/builtins\create.yaml/duplicate_parents_not_allowed_anonymous
    conformance_test.go:44: Test failed: expected error E_INVARG, got value: #173
=== RUN   TestConformance/builtins\create.yaml/parents_cannot_have_same_property_name
    conformance_test.go:41: Skipped: Requires complex test setup
=== RUN   TestConformance/builtins\miscellaneous.yaml
=== RUN   TestConformance/builtins\miscellaneous.yaml/isa_returns_false_for_parent_child
    conformance_test.go:44: Test failed: unexpected error: E_VARNF
=== RUN   TestConformance/builtins\miscellaneous.yaml/isa_returns_true_for_child_parent
    conformance_test.go:44: Test failed: unexpected error: E_VARNF
=== RUN   TestConformance/builtins\miscellaneous.yaml/isa_nothing_child_returns_false
    conformance_test.go:44: Test failed: unexpected error: E_VARNF
=== RUN   TestConformance/builtins\miscellaneous.yaml/isa_nothing_parent_returns_false
    conformance_test.go:44: Test failed: unexpected error: E_VARNF
=== RUN   TestConformance/builtins\miscellaneous.yaml/isa_nothing_nothing_returns_false
    conformance_test.go:44: Test failed: unexpected error: E_INVIND
=== RUN   TestConformance/builtins\miscellaneous.yaml/isa_invalid_parent_returns_false
    conformance_test.go:44: Test failed: unexpected error: E_INVIND
=== RUN   TestConformance/builtins\miscellaneous.yaml/isa_invalid_child_returns_false
    conformance_test.go:44: Test failed: unexpected error: E_INVARG
=== RUN   TestConformance/builtins\miscellaneous.yaml/isa_both_invalid_returns_false
    conformance_test.go:44: Test failed: unexpected error: E_INVIND
=== RUN   TestConformance/builtins\miscellaneous.yaml/isa_negative_parent_returns_false
    conformance_test.go:44: Test failed: unexpected error: E_INVIND
=== RUN   TestConformance/builtins\miscellaneous.yaml/isa_negative_child_returns_false
    conformance_test.go:44: Test failed: unexpected error: E_INVARG
=== RUN   TestConformance/builtins\miscellaneous.yaml/isa_with_create_no_opt
    conformance_test.go:44: Test failed: unexpected error: E_TYPE
=== RUN   TestConformance/builtins\miscellaneous.yaml/isa_with_create_opt_1
    conformance_test.go:44: Test failed: unexpected error: E_TYPE
=== RUN   TestConformance/builtins\miscellaneous.yaml/isa_with_create_reverse_no_opt
    conformance_test.go:44: Test failed: unexpected error: E_TYPE
=== RUN   TestConformance/builtins\miscellaneous.yaml/isa_with_create_reverse_opt_1
    conformance_test.go:44: Test failed: unexpected error: E_TYPE
=== RUN   TestConformance/builtins\primitives.yaml
=== RUN   TestConformance/builtins\primitives.yaml/integer_without_prototype
=== RUN   TestConformance/builtins\primitives.yaml/float_without_prototype
=== RUN   TestConformance/builtins\primitives.yaml/string_without_prototype
=== RUN   TestConformance/builtins\primitives.yaml/error_without_prototype
=== RUN   TestConformance/builtins\primitives.yaml/list_without_prototype
=== RUN   TestConformance/builtins\primitives.yaml/map_without_prototype
=== RUN   TestConformance/builtins\primitives.yaml/integer_prototype_no_verb
    conformance_test.go:41: Skipped: Requires prototype setup and teardown
=== RUN   TestConformance/builtins\primitives.yaml/integer_prototype_with_verb
    conformance_test.go:41: Skipped: Requires prototype setup and teardown
=== RUN   TestConformance/builtins\primitives.yaml/float_prototype_no_verb
    conformance_test.go:41: Skipped: Requires prototype setup and teardown
=== RUN   TestConformance/builtins\primitives.yaml/float_prototype_with_verb
    conformance_test.go:41: Skipped: Requires prototype setup and teardown
=== RUN   TestConformance/builtins\primitives.yaml/string_prototype_no_verb
    conformance_test.go:41: Skipped: Requires prototype setup and teardown
=== RUN   TestConformance/builtins\primitives.yaml/string_prototype_with_verb
    conformance_test.go:41: Skipped: Requires prototype setup and teardown
=== RUN   TestConformance/builtins\primitives.yaml/error_prototype_no_verb
    conformance_test.go:41: Skipped: Requires prototype setup and teardown
=== RUN   TestConformance/builtins\primitives.yaml/error_prototype_with_verb
    conformance_test.go:41: Skipped: Requires prototype setup and teardown
=== RUN   TestConformance/builtins\primitives.yaml/list_prototype_no_verb
    conformance_test.go:41: Skipped: Requires prototype setup and teardown
=== RUN   TestConformance/builtins\primitives.yaml/list_prototype_with_verb
    conformance_test.go:41: Skipped: Requires prototype setup and teardown
=== RUN   TestConformance/builtins\primitives.yaml/map_prototype_no_verb
    conformance_test.go:41: Skipped: Requires prototype setup and teardown
=== RUN   TestConformance/builtins\primitives.yaml/map_prototype_with_verb
    conformance_test.go:41: Skipped: Requires prototype setup and teardown
=== RUN   TestConformance/builtins\primitives.yaml/queued_tasks_includes_this_map
    conformance_test.go:41: Skipped: Requires prototype, fork, suspend, and task management
=== RUN   TestConformance/builtins\primitives.yaml/callers_includes_this_list
    conformance_test.go:41: Skipped: Requires prototype and callers() inspection
=== RUN   TestConformance/builtins\primitives.yaml/inheritance_with_prototypes
    conformance_test.go:41: Skipped: Requires prototype inheritance
=== RUN   TestConformance/builtins\primitives.yaml/pass_works_with_prototypes
    conformance_test.go:41: Skipped: Requires prototype inheritance and pass()
=== RUN   TestConformance/language\index_and_range.yaml
=== RUN   TestConformance/language\index_and_range.yaml/caret_map_first
=== RUN   TestConformance/language\index_and_range.yaml/caret_map_first_plus_one
    conformance_test.go:44: Test failed: expected 2, got 6
=== RUN   TestConformance/language\index_and_range.yaml/caret_empty_map_error
=== RUN   TestConformance/language\index_and_range.yaml/caret_map_assign_first
=== RUN   TestConformance/language\index_and_range.yaml/caret_map_assign_computed_key
=== RUN   TestConformance/language\index_and_range.yaml/caret_list_first
=== RUN   TestConformance/language\index_and_range.yaml/caret_list_first_plus_one
=== RUN   TestConformance/language\index_and_range.yaml/caret_empty_list_error
=== RUN   TestConformance/language\index_and_range.yaml/caret_list_assign_first
=== RUN   TestConformance/language\index_and_range.yaml/caret_list_assign_first_plus_one
=== RUN   TestConformance/language\index_and_range.yaml/caret_string_first
=== RUN   TestConformance/language\index_and_range.yaml/caret_string_first_plus_one
=== RUN   TestConformance/language\index_and_range.yaml/caret_empty_string_error
=== RUN   TestConformance/language\index_and_range.yaml/caret_string_assign_first
=== RUN   TestConformance/language\index_and_range.yaml/caret_string_assign_first_plus_one
=== RUN   TestConformance/language\index_and_range.yaml/dollar_map_last
=== RUN   TestConformance/language\index_and_range.yaml/dollar_map_last_minus_one
    conformance_test.go:44: Test failed: expected 6, got 4
=== RUN   TestConformance/language\index_and_range.yaml/dollar_empty_map_error
=== RUN   TestConformance/language\index_and_range.yaml/dollar_map_assign_last
=== RUN   TestConformance/language\index_and_range.yaml/dollar_map_assign_computed_key
=== RUN   TestConformance/language\index_and_range.yaml/dollar_list_last
=== RUN   TestConformance/language\index_and_range.yaml/dollar_list_last_minus_one
=== RUN   TestConformance/language\index_and_range.yaml/dollar_empty_list_error
=== RUN   TestConformance/language\index_and_range.yaml/dollar_list_assign_last
=== RUN   TestConformance/language\index_and_range.yaml/dollar_list_assign_last_minus_one
=== RUN   TestConformance/language\index_and_range.yaml/dollar_string_last
=== RUN   TestConformance/language\index_and_range.yaml/dollar_string_last_minus_one
=== RUN   TestConformance/language\index_and_range.yaml/dollar_empty_string_error
=== RUN   TestConformance/language\index_and_range.yaml/dollar_string_assign_last
=== RUN   TestConformance/language\index_and_range.yaml/dollar_string_assign_last_minus_one
=== RUN   TestConformance/language\index_and_range.yaml/range_map_full
=== RUN   TestConformance/language\index_and_range.yaml/range_map_inner
=== RUN   TestConformance/language\index_and_range.yaml/range_map_inverted
=== RUN   TestConformance/language\index_and_range.yaml/range_map_assign_exact
    conformance_test.go:44: Test failed: expected [6 -> 6, 7 -> 7, 1 -> 1, 2 -> "two", 3 -> "three", 4 -> "four", 5 -> 5], got [6 -> 6, 2 -> "two", 3 -> 3, 4 -> 4, 5 -> 5]
=== RUN   TestConformance/language\index_and_range.yaml/range_map_assign_delete
    conformance_test.go:44: Test failed: expected [5 -> 5, 6 -> 6, 7 -> 7, 1 -> 1, 2 -> "two", 3 -> "three"], got [4 -> 4, 2 -> 2, 3 -> 3, 1 -> 1]
=== RUN   TestConformance/language\index_and_range.yaml/range_map_assign_shift_keys
=== RUN   TestConformance/language\index_and_range.yaml/range_map_assign_prepend_keys
    conformance_test.go:44: Test failed: expected [4 -> "four", 5 -> 5, 6 -> 6, 7 -> 7, 1 -> "one", 2 -> "two", 3 -> "three"], got [4 -> "four", 1 -> 1, 2 -> 2, 3 -> 3]
=== RUN   TestConformance/language\index_and_range.yaml/range_map_assign_append_keys
=== RUN   TestConformance/language\index_and_range.yaml/range_map_assign_both_prepend_append
    conformance_test.go:44: Test failed: expected [5 -> 5, 6 -> 6, 7 -> 7, 1 -> "one", 2 -> "two", 3 -> "three", 4 -> "four"], got [5 -> 5, 1 -> "one", 2 -> "two", 3 -> 3, 6 -> 6, 4 -> 4]
=== RUN   TestConformance/language\index_and_range.yaml/range_map_assign_string_keys
    conformance_test.go:44: Test failed: unexpected error: E_TYPE
=== RUN   TestConformance/language\index_and_range.yaml/range_map_assign_inverted_append
=== RUN   TestConformance/language\index_and_range.yaml/range_map_assign_inverted_dollar_caret
=== RUN   TestConformance/language\index_and_range.yaml/range_list_tail
=== RUN   TestConformance/language\index_and_range.yaml/range_list_single
    conformance_test.go:44: Test failed: expected "three", got {"three"}
=== RUN   TestConformance/language\index_and_range.yaml/range_list_inverted_invalid
    conformance_test.go:44: Test failed: unexpected error: E_RANGE
=== RUN   TestConformance/language\index_and_range.yaml/range_list_full
=== RUN   TestConformance/language\index_and_range.yaml/range_list_inner
=== RUN   TestConformance/language\index_and_range.yaml/range_list_inverted
=== RUN   TestConformance/language\index_and_range.yaml/range_list_assign_replace
=== RUN   TestConformance/language\index_and_range.yaml/range_list_assign_insert
=== RUN   TestConformance/language\index_and_range.yaml/range_list_assign_nested_string
    conformance_test.go:44: Test failed: unexpected error: E_TYPE
=== RUN   TestConformance/language\index_and_range.yaml/range_list_assign_inverted_append
=== RUN   TestConformance/language\index_and_range.yaml/range_list_assign_inverted_dollar_caret
=== RUN   TestConformance/language\index_and_range.yaml/range_string_tail
=== RUN   TestConformance/language\index_and_range.yaml/range_string_single
=== RUN   TestConformance/language\index_and_range.yaml/range_string_inverted_invalid
    conformance_test.go:44: Test failed: unexpected error: E_RANGE
=== RUN   TestConformance/language\index_and_range.yaml/range_string_full
=== RUN   TestConformance/language\index_and_range.yaml/range_string_inner
=== RUN   TestConformance/language\index_and_range.yaml/range_string_inverted
=== RUN   TestConformance/language\index_and_range.yaml/range_string_assign_append
    conformance_test.go:44: Test failed: unexpected error: E_RANGE
=== RUN   TestConformance/language\index_and_range.yaml/range_string_assign_replace
=== RUN   TestConformance/language\index_and_range.yaml/range_string_assign_prepend
=== RUN   TestConformance/language\index_and_range.yaml/range_string_assign_inverted_append
=== RUN   TestConformance/language\index_and_range.yaml/range_string_assign_inverted_dollar_caret
=== RUN   TestConformance/language\index_and_range.yaml/decompile_with_index_operators
    conformance_test.go:41: Skipped: Requires verb creation and decompile support
=== RUN   TestConformance/language\index_and_range.yaml/disassemble_with_index_operators
    conformance_test.go:41: Skipped: Requires verb creation and disassemble support
=== RUN   TestConformance/language\index_and_range.yaml/exponentiation_precedence_in_range
=== RUN   TestConformance/language\index_and_range.yaml/exponentiation_precedence_in_index
=== RUN   TestConformance/language\index_and_range.yaml/exponentiation_precedence_direct
=== RUN   TestConformance/language\index_and_range.yaml/int_caret_error
=== RUN   TestConformance/language\index_and_range.yaml/int_dollar_error
=== RUN   TestConformance/language\index_and_range.yaml/int_range_error
=== RUN   TestConformance/language\index_and_range.yaml/int_caret_assign_error
=== RUN   TestConformance/language\index_and_range.yaml/int_dollar_assign_error
=== RUN   TestConformance/language\index_and_range.yaml/int_range_assign_error
=== RUN   TestConformance/language\index_and_range.yaml/float_caret_error
=== RUN   TestConformance/language\index_and_range.yaml/float_dollar_error
=== RUN   TestConformance/language\index_and_range.yaml/float_range_error
=== RUN   TestConformance/language\index_and_range.yaml/float_caret_assign_error
=== RUN   TestConformance/language\index_and_range.yaml/float_dollar_assign_error
=== RUN   TestConformance/language\index_and_range.yaml/float_range_assign_error
=== RUN   TestConformance/language\index_and_range.yaml/map_list_index_error
    conformance_test.go:44: Test failed: expected error E_TYPE, got E_RANGE
=== RUN   TestConformance/language\index_and_range.yaml/map_map_index_error
    conformance_test.go:44: Test failed: expected error E_TYPE, got E_RANGE
=== RUN   TestConformance/language\index_and_range.yaml/map_string_assign_error
=== RUN   TestConformance/language\index_and_range.yaml/map_list_assign_error
=== RUN   TestConformance/language\index_and_range.yaml/list_obj_index_error
=== RUN   TestConformance/language\index_and_range.yaml/list_string_index_error
=== RUN   TestConformance/language\index_and_range.yaml/list_obj_assign_error
=== RUN   TestConformance/language\index_and_range.yaml/list_string_assign_error
=== RUN   TestConformance/language\index_and_range.yaml/list_string_range_assign_error
=== RUN   TestConformance/language\index_and_range.yaml/list_map_range_assign_error
=== RUN   TestConformance/language\index_and_range.yaml/string_obj_index_error
=== RUN   TestConformance/language\index_and_range.yaml/string_string_index_error
=== RUN   TestConformance/language\index_and_range.yaml/string_obj_assign_error
=== RUN   TestConformance/language\index_and_range.yaml/string_string_assign_error
=== RUN   TestConformance/language\index_and_range.yaml/string_list_range_assign_error
=== RUN   TestConformance/language\index_and_range.yaml/string_map_range_assign_error
=== RUN   TestConformance/language\index_and_range.yaml/map_key_empty_list
    conformance_test.go:44: Test failed: expected error E_TYPE, got value: [[] -> []]
=== RUN   TestConformance/language\index_and_range.yaml/map_key_empty_map
    conformance_test.go:44: Test failed: expected error E_TYPE, got value: [{} -> {}]
=== RUN   TestConformance/language\index_and_range.yaml/map_index_empty_list
    conformance_test.go:44: Test failed: expected error E_TYPE, got E_RANGE
=== RUN   TestConformance/language\index_and_range.yaml/map_index_empty_map
    conformance_test.go:44: Test failed: expected error E_TYPE, got E_RANGE
=== RUN   TestConformance/language\index_and_range.yaml/map_assign_empty_list
    conformance_test.go:44: Test failed: expected error E_TYPE, got value: [2 -> 2, 3 -> 3, 4 -> 4, 5 -> 5, [] -> "1", 1 -> 1]
=== RUN   TestConformance/language\index_and_range.yaml/map_assign_empty_map
    conformance_test.go:44: Test failed: expected error E_TYPE, got value: [{} -> #1, 1 -> 1, 2 -> 2, 3 -> 3, 4 -> 4, 5 -> 5]
=== RUN   TestConformance/language\index_and_range.yaml/map_range_end_list
=== RUN   TestConformance/language\index_and_range.yaml/map_range_end_map
=== RUN   TestConformance/language\index_and_range.yaml/map_range_assign_end_list
=== RUN   TestConformance/language\index_and_range.yaml/map_range_assign_end_map
=== RUN   TestConformance/language\index_and_range.yaml/inverted_range_map
=== RUN   TestConformance/language\index_and_range.yaml/inverted_range_list
=== RUN   TestConformance/language\index_and_range.yaml/inverted_range_string
=== RUN   TestConformance/language\index_and_range.yaml/inverted_range_map_invalid
    conformance_test.go:44: Test failed: unexpected error: E_RANGE
=== RUN   TestConformance/language\index_and_range.yaml/inverted_range_list_invalid
    conformance_test.go:44: Test failed: unexpected error: E_RANGE
=== RUN   TestConformance/language\index_and_range.yaml/inverted_range_string_invalid
    conformance_test.go:44: Test failed: unexpected error: E_RANGE
=== RUN   TestConformance/language\index_and_range.yaml/range_map_end_invalid
=== RUN   TestConformance/language\index_and_range.yaml/range_list_end_invalid
=== RUN   TestConformance/language\index_and_range.yaml/range_string_end_invalid
=== RUN   TestConformance/language\index_and_range.yaml/range_map_both_invalid
=== RUN   TestConformance/language\index_and_range.yaml/range_list_both_invalid
=== RUN   TestConformance/language\index_and_range.yaml/range_string_both_invalid
=== RUN   TestConformance/language\index_and_range.yaml/range_map_start_negative
=== RUN   TestConformance/language\index_and_range.yaml/range_list_start_negative
=== RUN   TestConformance/language\index_and_range.yaml/range_string_start_negative
=== RUN   TestConformance/language\index_and_range.yaml/range_map_assign_inverted_invalid
=== RUN   TestConformance/language\index_and_range.yaml/range_list_assign_inverted_invalid
=== RUN   TestConformance/language\index_and_range.yaml/range_string_assign_inverted_invalid
=== RUN   TestConformance/language\index_and_range.yaml/range_map_assign_negative
=== RUN   TestConformance/language\index_and_range.yaml/range_list_assign_negative
=== RUN   TestConformance/language\index_and_range.yaml/range_string_assign_negative
=== RUN   TestConformance/server\exec.yaml
=== RUN   TestConformance/server\exec.yaml/exec_fails_for_non_wizards
    conformance_test.go:41: Skipped: exec() not implemented
=== RUN   TestConformance/server\exec.yaml/exec_fails_for_nonexistent_executables
    conformance_test.go:41: Skipped: exec() not implemented
=== RUN   TestConformance/server\exec.yaml/exec_fails_for_absolute_paths
    conformance_test.go:41: Skipped: exec() not implemented
=== RUN   TestConformance/server\exec.yaml/exec_fails_for_dot_slash_paths
    conformance_test.go:41: Skipped: exec() not implemented
=== RUN   TestConformance/server\exec.yaml/exec_fails_for_parent_dir_paths
    conformance_test.go:41: Skipped: exec() not implemented
=== RUN   TestConformance/server\exec.yaml/exec_fails_for_path_traversal
    conformance_test.go:41: Skipped: exec() not implemented
=== RUN   TestConformance/server\exec.yaml/exec_io_works
    conformance_test.go:41: Skipped: exec() not implemented
=== RUN   TestConformance/server\exec.yaml/exec_args_works
    conformance_test.go:41: Skipped: exec() not implemented
=== RUN   TestConformance/server\exec.yaml/exec_exit_status_works
    conformance_test.go:41: Skipped: exec() not implemented
=== RUN   TestConformance/server\exec.yaml/exec_with_sleep_works
    conformance_test.go:41: Skipped: exec() not implemented
=== RUN   TestConformance/server\exec.yaml/exec_rejects_invalid_binary_string
    conformance_test.go:41: Skipped: exec() not implemented
=== RUN   TestConformance/server\exec.yaml/queued_tasks_shows_suspended_exec
    conformance_test.go:41: Skipped: exec() and fork not implemented
=== RUN   TestConformance/server\exec.yaml/kill_task_works_on_suspended_exec
    conformance_test.go:41: Skipped: exec() and fork not implemented
=== RUN   TestConformance/server\exec.yaml/kill_task_fails_on_already_killed
    conformance_test.go:41: Skipped: exec() and fork not implemented
=== RUN   TestConformance/server\exec.yaml/resume_fails_on_suspended_exec
    conformance_test.go:41: Skipped: exec() and fork not implemented
=== RUN   TestConformance/server\exec.yaml/suspended_exec_task_stack_matches_suspended_task
    conformance_test.go:41: Skipped: exec() and fork not implemented
=== RUN   TestConformance/server\exec.yaml/multiple_simultaneous_execs_work
    conformance_test.go:41: Skipped: exec() and fork not implemented - complex concurrent test
=== RUN   TestConformance/server\exec.yaml/randomly_timed_execs_work
    conformance_test.go:41: Skipped: exec() and fork not implemented - complex concurrent test
=== RUN   TestConformance/server\exec.yaml/multiple_fast_execs_work
    conformance_test.go:41: Skipped: exec() and fork not implemented - concurrent test
=== RUN   TestConformance/server\exec.yaml/fuzzy_input_does_not_break_exec
    conformance_test.go:41: Skipped: exec() not implemented - fuzz test
=== RUN   TestConformance/basic\list.yaml
=== RUN   TestConformance/basic\list.yaml/length_of_list
=== RUN   TestConformance/basic\list.yaml/listappend_to_end
=== RUN   TestConformance/basic\list.yaml/listappend_at_position
=== RUN   TestConformance/basic\list.yaml/listinsert_at_position_2
=== RUN   TestConformance/basic\list.yaml/listinsert_at_position_1
=== RUN   TestConformance/basic\list.yaml/listdelete_at_position_2
=== RUN   TestConformance/basic\list.yaml/listset_at_position_2
=== RUN   TestConformance/basic\list.yaml/setadd_new_element
=== RUN   TestConformance/basic\list.yaml/setadd_existing_element
=== RUN   TestConformance/builtins\eval.yaml
=== RUN   TestConformance/builtins\eval.yaml/eval_requires_programmer
    conformance_test.go:41: Skipped: Requires player property modification infrastructure
=== RUN   TestConformance/builtins\eval.yaml/eval_requires_at_least_one_argument
=== RUN   TestConformance/builtins\eval.yaml/eval_requires_string_arguments_int
=== RUN   TestConformance/builtins\eval.yaml/eval_requires_string_arguments_two_ints
    conformance_test.go:44: Test failed: expected error E_TYPE, got E_ARGS
=== RUN   TestConformance/builtins\eval.yaml/eval_requires_string_arguments_map
=== RUN   TestConformance/builtins\eval.yaml/eval_requires_string_arguments_list
=== RUN   TestConformance/builtins\eval.yaml/eval_evaluates_multiple_strings
    conformance_test.go:44: Test failed: unexpected error: E_ARGS
=== RUN   TestConformance/builtins\eval.yaml/eval_evaluates_single_string
=== RUN   TestConformance/builtins\json.yaml
=== RUN   TestConformance/builtins\json.yaml/generate_json_int
=== RUN   TestConformance/builtins\json.yaml/generate_json_float
=== RUN   TestConformance/builtins\json.yaml/generate_json_string
=== RUN   TestConformance/builtins\json.yaml/generate_json_obj
=== RUN   TestConformance/builtins\json.yaml/generate_json_error
=== RUN   TestConformance/builtins\json.yaml/generate_json_empty_list
=== RUN   TestConformance/builtins\json.yaml/generate_json_empty_map
=== RUN   TestConformance/builtins\json.yaml/parse_json_int
=== RUN   TestConformance/builtins\json.yaml/parse_json_float
=== RUN   TestConformance/builtins\json.yaml/parse_json_string
=== RUN   TestConformance/builtins\json.yaml/parse_json_empty_list
=== RUN   TestConformance/builtins\json.yaml/parse_json_empty_map
=== RUN   TestConformance/builtins\json.yaml/parse_json_object_fails
=== RUN   TestConformance/builtins\json.yaml/parse_json_error_fails
=== RUN   TestConformance/builtins\json.yaml/generate_json_int_common
=== RUN   TestConformance/builtins\json.yaml/generate_json_float_common
=== RUN   TestConformance/builtins\json.yaml/generate_json_string_common
=== RUN   TestConformance/builtins\json.yaml/generate_json_obj_common
=== RUN   TestConformance/builtins\json.yaml/generate_json_error_common
=== RUN   TestConformance/builtins\json.yaml/generate_json_empty_list_common
=== RUN   TestConformance/builtins\json.yaml/generate_json_empty_map_common
=== RUN   TestConformance/builtins\json.yaml/parse_json_int_common
=== RUN   TestConformance/builtins\json.yaml/parse_json_float_common
=== RUN   TestConformance/builtins\json.yaml/parse_json_string_common
=== RUN   TestConformance/builtins\json.yaml/parse_json_empty_list_common
=== RUN   TestConformance/builtins\json.yaml/parse_json_empty_map_common
=== RUN   TestConformance/builtins\json.yaml/parse_json_object_fails_common
=== RUN   TestConformance/builtins\json.yaml/parse_json_error_fails_common
=== RUN   TestConformance/builtins\json.yaml/generate_json_int_embedded
=== RUN   TestConformance/builtins\json.yaml/generate_json_float_embedded
=== RUN   TestConformance/builtins\json.yaml/generate_json_string_embedded
=== RUN   TestConformance/builtins\json.yaml/generate_json_obj_embedded
    conformance_test.go:44: Test failed: expected "\"#13|obj\"", got "\"#13\""
=== RUN   TestConformance/builtins\json.yaml/generate_json_error_embedded
    conformance_test.go:44: Test failed: expected "\"E_PERM|err\"", got "\"E_PERM\""
=== RUN   TestConformance/builtins\json.yaml/generate_json_empty_list_embedded
=== RUN   TestConformance/builtins\json.yaml/generate_json_empty_map_embedded
=== RUN   TestConformance/builtins\json.yaml/parse_json_int_embedded
=== RUN   TestConformance/builtins\json.yaml/parse_json_float_embedded
=== RUN   TestConformance/builtins\json.yaml/parse_json_string_embedded
=== RUN   TestConformance/builtins\json.yaml/parse_json_empty_list_embedded
=== RUN   TestConformance/builtins\json.yaml/parse_json_empty_map_embedded
=== RUN   TestConformance/builtins\json.yaml/parse_json_object_fails_embedded
=== RUN   TestConformance/builtins\json.yaml/parse_json_error_fails_embedded
=== RUN   TestConformance/builtins\json.yaml/parse_json_int_with_type
    conformance_test.go:44: Test failed: expected 1, got "1|int"
=== RUN   TestConformance/builtins\json.yaml/parse_json_float_with_type
    conformance_test.go:44: Test failed: expected 1.1, got "1.1|float"
=== RUN   TestConformance/builtins\json.yaml/parse_json_string_with_type
    conformance_test.go:44: Test failed: expected "1.2", got "1.2|str"
=== RUN   TestConformance/builtins\json.yaml/parse_json_obj_with_type
    conformance_test.go:44: Test failed: expected 13, got "#13|obj"
=== RUN   TestConformance/builtins\json.yaml/parse_json_error_with_type
    conformance_test.go:44: Test failed: expected "E_PERM", got "E_PERM|err"
=== RUN   TestConformance/builtins\json.yaml/parse_json_int_type_literal_common
=== RUN   TestConformance/builtins\json.yaml/parse_json_float_type_literal_common
=== RUN   TestConformance/builtins\json.yaml/parse_json_string_type_literal_common
=== RUN   TestConformance/builtins\json.yaml/parse_json_obj_type_literal_common
=== RUN   TestConformance/builtins\json.yaml/parse_json_error_type_literal_common
=== RUN   TestConformance/builtins\json.yaml/generate_json_complex_list
=== RUN   TestConformance/builtins\json.yaml/generate_json_complex_map
    conformance_test.go:44: Test failed: expected "{\"11\":11,\"#13\":[1,2,3,\"E_QUOTA\"],\"33.3\":33.3,\"foo\":\"bar\"}", got "{\"\\\"foo\\\"\":\"bar\",\"#13\":[1,2,3,\"E_QUOTA\"],\"11\":11,\"33.3\":33.3}"
=== RUN   TestConformance/builtins\json.yaml/generate_json_complex_list_common
=== RUN   TestConformance/builtins\json.yaml/generate_json_complex_map_common
    conformance_test.go:44: Test failed: expected "{\"11\":11,\"#13\":[1,2,3,\"E_QUOTA\"],\"33.3\":33.3,\"foo\":\"bar\"}", got "{\"\\\"foo\\\"\":\"bar\",\"#13\":[1,2,3,\"E_QUOTA\"],\"11\":11,\"33.3\":33.3}"
=== RUN   TestConformance/builtins\json.yaml/generate_json_complex_list_embedded
    conformance_test.go:44: Test failed: expected "[1,1.1,\"1.2\",\"#13|obj\",\"E_ARGS|err\",[2,2.2,\"#-1|obj\",\"foo\"],{\"E_PERM|err\":\"E_PERM|err\"}]", got "[1,1.1,\"1.2\",\"#13\",\"E_ARGS\",[2,2.2,\"#-1\",\"foo\"],{\"E_PERM\":\"E_PERM\"}]"
=== RUN   TestConformance/builtins\json.yaml/generate_json_complex_map_embedded
    conformance_test.go:44: Test failed: expected "{\"11|int\":11,\"#13|obj\":[1,2,3,\"E_QUOTA|err\"],\"33.3|float\":33.3,\"foo\":\"bar\"}", got "{\"\\\"foo\\\"\":\"bar\",\"#13\":[1,2,3,\"E_QUOTA\"],\"11\":11,\"33.3\":33.3}"
=== RUN   TestConformance/builtins\json.yaml/parse_json_complex_list
=== RUN   TestConformance/builtins\json.yaml/parse_json_complex_map
=== RUN   TestConformance/builtins\json.yaml/parse_json_complex_list_common
=== RUN   TestConformance/builtins\json.yaml/parse_json_complex_map_common
=== RUN   TestConformance/builtins\json.yaml/parse_json_complex_list_embedded
    conformance_test.go:44: Test failed: expected {1, 1.1, "1.2", 13, "E_ARGS", {2, 2.2, "foo"}, [1 -> "1"]}, got {1, 1.1, "1.2", "#13|obj", "E_ARGS|err", {2, 2.2, "foo"}, ["1|int" -> "1"]}
=== RUN   TestConformance/builtins\json.yaml/parse_json_complex_map_embedded
    conformance_test.go:41: Skipped: Map key ordering and float keys complex
=== RUN   TestConformance/builtins\json.yaml/parse_json_invalid_identifier
=== RUN   TestConformance/builtins\json.yaml/parse_json_unquoted_key
=== RUN   TestConformance/builtins\json.yaml/parse_json_incomplete_list
=== RUN   TestConformance/builtins\json.yaml/parse_json_incomplete_map
=== RUN   TestConformance/builtins\json.yaml/parse_json_incomplete_string
=== RUN   TestConformance/builtins\json.yaml/parse_json_invalid_suffix
=== RUN   TestConformance/builtins\json.yaml/parse_json_double_dots
=== RUN   TestConformance/builtins\json.yaml/parse_json_only_dots
=== RUN   TestConformance/builtins\json.yaml/parse_json_garbage
=== RUN   TestConformance/builtins\json.yaml/parse_json_mismatched_brackets
=== RUN   TestConformance/builtins\json.yaml/parse_json_trailing_chars_int
    conformance_test.go:44: Test failed: unexpected error: E_INVARG
=== RUN   TestConformance/builtins\json.yaml/parse_json_trailing_chars_float
    conformance_test.go:44: Test failed: unexpected error: E_INVARG
=== RUN   TestConformance/builtins\json.yaml/parse_json_medium_int
=== RUN   TestConformance/builtins\json.yaml/parse_json_small_int
=== RUN   TestConformance/builtins\json.yaml/parse_json_large_to_float
    conformance_test.go:44: Test failed: expected 1.23456789012e+11, got 123456789012
=== RUN   TestConformance/builtins\json.yaml/parse_json_large_to_float_2
    conformance_test.go:44: Test failed: expected 1.2345678901e+10, got 12345678901
=== RUN   TestConformance/builtins\json.yaml/parse_json_very_large_scientific
    conformance_test.go:41: Skipped: Scientific notation comparison complex
=== RUN   TestConformance/builtins\json.yaml/parse_json_large_scientific
    conformance_test.go:41: Skipped: Scientific notation comparison complex
=== RUN   TestConformance/builtins\json.yaml/parse_json_max_int
=== RUN   TestConformance/builtins\json.yaml/parse_json_max_int_plus_one
    conformance_test.go:44: Test failed: expected 2.147483648e+09, got 2147483648
=== RUN   TestConformance/builtins\json.yaml/parse_json_min_int
=== RUN   TestConformance/builtins\json.yaml/parse_json_min_int_minus_one
    conformance_test.go:44: Test failed: expected -2.147483649e+09, got -2147483649
=== RUN   TestConformance/builtins\json.yaml/parse_json_empty_string_embedded
=== RUN   TestConformance/builtins\json.yaml/parse_json_pipe_only
=== RUN   TestConformance/builtins\json.yaml/parse_json_pipe_x
=== RUN   TestConformance/builtins\json.yaml/parse_json_pipe_partial_int
=== RUN   TestConformance/builtins\json.yaml/parse_json_pipe_int_suffix
=== RUN   TestConformance/builtins\json.yaml/parse_json_bare_int_type
    conformance_test.go:44: Test failed: expected 0, got "|int"
=== RUN   TestConformance/builtins\json.yaml/parse_json_bare_float_type
    conformance_test.go:44: Test failed: expected 0, got "|float"
=== RUN   TestConformance/builtins\json.yaml/parse_json_bare_str_type
    conformance_test.go:44: Test failed: expected "", got "|str"
=== RUN   TestConformance/builtins\json.yaml/parse_json_bare_obj_type
    conformance_test.go:44: Test failed: expected 0, got "|obj"
=== RUN   TestConformance/builtins\json.yaml/parse_json_bare_err_type
    conformance_test.go:44: Test failed: expected "E_NONE", got "|err"
=== RUN   TestConformance/builtins\json.yaml/generate_json_mode_int
=== RUN   TestConformance/builtins\json.yaml/generate_json_mode_float
=== RUN   TestConformance/builtins\json.yaml/generate_json_mode_invalid
    conformance_test.go:44: Test failed: expected error E_INVARG, got value: "1"
=== RUN   TestConformance/builtins\json.yaml/generate_json_mode_obj
=== RUN   TestConformance/builtins\json.yaml/generate_json_mode_error
=== RUN   TestConformance/builtins\json.yaml/generate_json_mode_list
=== RUN   TestConformance/builtins\json.yaml/generate_json_mode_map
=== RUN   TestConformance/builtins\json.yaml/parse_json_arg_int
=== RUN   TestConformance/builtins\json.yaml/parse_json_arg_float
=== RUN   TestConformance/builtins\json.yaml/parse_json_arg_error
=== RUN   TestConformance/builtins\json.yaml/parse_json_arg_obj
=== RUN   TestConformance/builtins\json.yaml/parse_json_arg_list
=== RUN   TestConformance/builtins\json.yaml/parse_json_arg_map
=== RUN   TestConformance/builtins\json.yaml/generate_json_escape_quote
    conformance_test.go:44: Test failed: expected "{\"foo\":\"bar\\\"baz\"}", got "{\"\\\"foo\\\"\":\"bar\\\"baz\"}"
=== RUN   TestConformance/builtins\json.yaml/generate_json_escape_backslash
    conformance_test.go:44: Test failed: expected "{\"foo\":\"bar\\\\baz\"}", got "{\"\\\"foo\\\"\":\"bar\\\\baz\"}"
=== RUN   TestConformance/builtins\json.yaml/generate_json_escape_slash_1
    conformance_test.go:44: Test failed: expected "{\"foo\":\"bar/baz\"}", got "{\"\\\"foo\\\"\":\"bar/baz\"}"
=== RUN   TestConformance/builtins\json.yaml/generate_json_escape_slash_2
    conformance_test.go:44: Test failed: expected "{\"foo\":\"bar/baz\"}", got "{\"\\\"foo\\\"\":\"bar/baz\"}"
=== RUN   TestConformance/builtins\json.yaml/generate_json_escape_backspace
    conformance_test.go:44: Test failed: expected "{\"foo\":\"bar\\bbaz\"}", got "{\"\\\"foo\\\"\":\"bar~08baz\"}"
=== RUN   TestConformance/builtins\json.yaml/generate_json_escape_formfeed
    conformance_test.go:44: Test failed: expected "{\"foo\":\"bar\\fbaz\"}", got "{\"\\\"foo\\\"\":\"bar~0Cbaz\"}"
=== RUN   TestConformance/builtins\json.yaml/generate_json_escape_newline
    conformance_test.go:44: Test failed: expected "{\"foo\":\"bar\\nbaz\"}", got "{\"\\\"foo\\\"\":\"bar~0Abaz\"}"
=== RUN   TestConformance/builtins\json.yaml/generate_json_escape_carriage
    conformance_test.go:44: Test failed: expected "{\"foo\":\"bar\\rbaz\"}", got "{\"\\\"foo\\\"\":\"bar~0Dbaz\"}"
=== RUN   TestConformance/builtins\json.yaml/generate_json_escape_tab
    conformance_test.go:44: Test failed: expected "{\"foo\":\"bar\\tbaz\"}", got "{\"\\\"foo\\\"\":\"bar\\tbaz\"}"
=== RUN   TestConformance/builtins\json.yaml/parse_json_escape_quote
=== RUN   TestConformance/builtins\json.yaml/parse_json_escape_backslash
=== RUN   TestConformance/builtins\json.yaml/parse_json_unicode_control
    conformance_test.go:41: Skipped: Unicode escapes not implemented
=== RUN   TestConformance/builtins\json.yaml/parse_json_unicode_2byte
    conformance_test.go:41: Skipped: Unicode escapes not implemented
=== RUN   TestConformance/builtins\json.yaml/parse_json_unicode_3byte
    conformance_test.go:41: Skipped: Unicode escapes not implemented
=== RUN   TestConformance/builtins\json.yaml/parse_json_unicode_surrogate
    conformance_test.go:41: Skipped: Unicode escapes not implemented
=== RUN   TestConformance/builtins\json.yaml/generate_json_unicode_control
    conformance_test.go:41: Skipped: Unicode escapes not implemented
=== RUN   TestConformance/builtins\json.yaml/roundtrip_escape_quote
    conformance_test.go:44: Test failed: expected 1, got 0
=== RUN   TestConformance/builtins\json.yaml/roundtrip_escape_backslash
    conformance_test.go:44: Test failed: expected 1, got 0
=== RUN   TestConformance/builtins\json.yaml/generate_json_anon_obj
    conformance_test.go:41: Skipped: Anonymous object handling not implemented
=== RUN   TestConformance/builtins\json.yaml/generate_json_anon_obj_common
    conformance_test.go:41: Skipped: Anonymous object handling not implemented
=== RUN   TestConformance/builtins\json.yaml/generate_json_anon_obj_embedded
    conformance_test.go:41: Skipped: Anonymous object handling not implemented
=== RUN   TestConformance/builtins\json.yaml/generate_json_float_format
    conformance_test.go:44: Test failed: expected "1.0", got "1"
=== RUN   TestConformance/builtins\objects.yaml
=== RUN   TestConformance/builtins\objects.yaml/create_single_inheritance
=== RUN   TestConformance/builtins\objects.yaml/children_single_inheritance
=== RUN   TestConformance/builtins\objects.yaml/create_sets_owner_correctly
    conformance_test.go:44: Test failed: expected {1, 1, 1, 1}, got {0, 0, 0, 1}
=== RUN   TestConformance/builtins\objects.yaml/create_multiple_inheritance
=== RUN   TestConformance/builtins\objects.yaml/create_invalid_owner_invarg
    conformance_test.go:44: Test failed: expected error E_INVARG, got value: #208
=== RUN   TestConformance/builtins\objects.yaml/create_invalid_owner_ambiguous
    conformance_test.go:44: Test failed: expected error E_INVARG, got value: #209
=== RUN   TestConformance/builtins\objects.yaml/create_invalid_owner_failed_match
    conformance_test.go:44: Test failed: expected error E_INVARG, got value: #210
=== RUN   TestConformance/builtins\objects.yaml/create_invalid_owner_nothing_as_wizard
    conformance_test.go:44: Test failed: expected 1, got 0
=== RUN   TestConformance/builtins\objects.yaml/create_invalid_owner_as_programmer
    conformance_test.go:44: Test failed: expected error E_PERM, got value: #212
=== RUN   TestConformance/builtins\objects.yaml/create_invalid_owner_invarg_as_programmer
    conformance_test.go:44: Test failed: expected error E_INVARG, got E_PROPNF
=== RUN   TestConformance/builtins\objects.yaml/create_no_args
=== RUN   TestConformance/builtins\objects.yaml/create_type_error_int
=== RUN   TestConformance/builtins\objects.yaml/create_type_error_string
=== RUN   TestConformance/builtins\objects.yaml/create_type_error_both_args
=== RUN   TestConformance/builtins\objects.yaml/create_invalid_parent_ambiguous
    conformance_test.go:44: Test failed: expected error E_INVARG, got E_TYPE
=== RUN   TestConformance/builtins\objects.yaml/create_invalid_parent_failed_match
    conformance_test.go:44: Test failed: expected error E_INVARG, got E_TYPE
=== RUN   TestConformance/builtins\objects.yaml/create_list_type_error_int
=== RUN   TestConformance/builtins\objects.yaml/create_list_type_error_string
=== RUN   TestConformance/builtins\objects.yaml/create_list_invalid_nothing
    conformance_test.go:44: Test failed: expected error E_INVARG, got value: #213
=== RUN   TestConformance/builtins\objects.yaml/create_list_invalid_ambiguous
    conformance_test.go:44: Test failed: expected error E_INVARG, got E_TYPE
=== RUN   TestConformance/builtins\objects.yaml/create_list_invalid_failed_match
    conformance_test.go:44: Test failed: expected error E_INVARG, got E_TYPE
=== RUN   TestConformance/builtins\objects.yaml/create_duplicate_property_error
    conformance_test.go:44: Test failed: expected error E_INVARG, got value: #216
=== RUN   TestConformance/builtins\objects.yaml/create_duplicate_parents_error
    conformance_test.go:44: Test failed: expected error E_INVARG, got value: #218
=== RUN   TestConformance/builtins\objects.yaml/create_permission_denied_as_programmer
    conformance_test.go:44: Test failed: expected error E_PERM, got value: #219
=== RUN   TestConformance/builtins\objects.yaml/chparent_single_inheritance
=== RUN   TestConformance/builtins\objects.yaml/children_after_chparent
=== RUN   TestConformance/builtins\objects.yaml/chparent_reparent
=== RUN   TestConformance/builtins\objects.yaml/chparents_multiple_inheritance
    conformance_test.go:44: Test failed: unexpected error: E_INVARG
=== RUN   TestConformance/builtins\objects.yaml/ancestors_basic
=== RUN   TestConformance/builtins\objects.yaml/descendants_basic
=== RUN   TestConformance/builtins\objects.yaml/chparent_property_reset
    conformance_test.go:44: Test failed: unexpected error: E_PROPNF
=== RUN   TestConformance/builtins\objects.yaml/chparent_property_conflict_error
    conformance_test.go:44: Test failed: expected error E_INVARG, got value: 0
=== RUN   TestConformance/builtins\objects.yaml/chparents_property_conflict_error
    conformance_test.go:44: Test failed: expected error E_INVARG, got value: 0
=== RUN   TestConformance/builtins\objects.yaml/parent_invalid_nothing
    conformance_test.go:44: Test failed: expected error E_INVARG, got E_INVIND
=== RUN   TestConformance/builtins\objects.yaml/chparent_to_nothing_from_nothing
    conformance_test.go:44: Test failed: expected error E_INVARG, got E_PROPNF
=== RUN   TestConformance/builtins\objects.yaml/chparent_recursive_error
    conformance_test.go:44: Test failed: expected error E_RECMOVE, got E_PROPNF
=== RUN   TestConformance/builtins\objects.yaml/chparent_circular_error
    conformance_test.go:44: Test failed: expected error E_RECMOVE, got value: 0
=== RUN   TestConformance/builtins\objects.yaml/chparents_recursive_error
    conformance_test.go:44: Test failed: expected error E_RECMOVE, got E_PROPNF
=== RUN   TestConformance/builtins\objects.yaml/chparents_circular_error
    conformance_test.go:44: Test failed: expected error E_RECMOVE, got value: 0
=== RUN   TestConformance/builtins\objects.yaml/chparents_duplicate_property_error
    conformance_test.go:44: Test failed: expected error E_INVARG, got value: 0
=== RUN   TestConformance/builtins\objects.yaml/chparents_duplicate_parents_error
    conformance_test.go:44: Test failed: expected error E_INVARG, got value: 0
=== RUN   TestConformance/builtins\objects.yaml/parent_maps_parents_list
=== RUN   TestConformance/builtins\objects.yaml/parent_maps_parents_single
=== RUN   TestConformance/builtins\objects.yaml/parent_maps_parents_empty
    conformance_test.go:44: Test failed: expected -1, got #-1
=== RUN   TestConformance/builtins\objects.yaml/recycle_reparents_children_single
    conformance_test.go:44: Test failed: expected {1, 1, 1}, got {1, 0, 0}
=== RUN   TestConformance/builtins\objects.yaml/recycle_clears_children_single
    conformance_test.go:44: Test failed: expected {1, 1, 1}, got {0, 1, 1}
=== RUN   TestConformance/builtins\objects.yaml/recycle_clears_location_single
    conformance_test.go:44: Test failed: expected {-1, -1, -1}, got {#-1, #274, #274}
=== RUN   TestConformance/builtins\objects.yaml/recycle_clears_contents_single
    conformance_test.go:44: Test failed: expected {{}, {}, {}}, got {{#278}, {}, {}}
=== RUN   TestConformance/builtins\objects.yaml/recycle_parent_returns_invarg
    conformance_test.go:44: Test failed: expected error E_INVARG, got E_INVIND
=== RUN   TestConformance/builtins\objects.yaml/recycle_children_returns_invarg
    conformance_test.go:44: Test failed: expected error E_INVARG, got E_INVIND
=== RUN   TestConformance/builtins\objects.yaml/recycle_location_returns_invind
=== RUN   TestConformance/builtins\objects.yaml/recycle_contents_returns_invind
=== RUN   TestConformance/builtins\objects.yaml/recycle_parent_merges_remaining_multiple
    conformance_test.go:44: Test failed: expected 1, got 0
=== RUN   TestConformance/builtins\objects.yaml/recycle_parent_merges_correctly_complex
    conformance_test.go:44: Test failed: unexpected error: E_PROPNF
=== RUN   TestConformance/builtins\objects.yaml/renumber_basic
    conformance_test.go:41: Skipped: renumber() not implemented
=== RUN   TestConformance/builtins\objects.yaml/move_basic
=== RUN   TestConformance/builtins\objects.yaml/move_updates_contents
=== RUN   TestConformance/builtins\objects.yaml/pass_single_inheritance
    conformance_test.go:41: Skipped: pass() not fully tested
=== RUN   TestConformance/builtins\objects.yaml/verb_inheritance_basic
    conformance_test.go:44: Test failed: unexpected error: E_TYPE
=== RUN   TestConformance/builtins\objects.yaml/verb_inheritance_after_chparent
    conformance_test.go:44: Test failed: unexpected error: E_TYPE
=== RUN   TestConformance/builtins\objects.yaml/verb_inheritance_multiple_parents
    conformance_test.go:44: Test failed: unexpected error: E_TYPE
=== RUN   TestConformance/builtins\objects.yaml/property_inheritance_basic
=== RUN   TestConformance/builtins\objects.yaml/property_set_and_clear
    conformance_test.go:44: Test failed: unexpected error: E_PROPNF
=== RUN   TestConformance/builtins\objects.yaml/property_inheritance_after_chparent
=== RUN   TestConformance/builtins\objects.yaml/property_inheritance_multiple_parents
=== RUN   TestConformance/builtins\objects.yaml/property_delete_from_parent
=== RUN   TestConformance/builtins\objects.yaml/property_delete_propnf_on_child
=== RUN   TestConformance/builtins\objects.yaml/property_add_delete_multiple_inheritance
=== RUN   TestConformance/builtins\objects.yaml/ancestors_linear
=== RUN   TestConformance/builtins\objects.yaml/descendants_linear
=== RUN   TestConformance/builtins\objects.yaml/ancestors_empty_for_root
=== RUN   TestConformance/builtins\objects.yaml/descendants_empty_for_leaf
=== RUN   TestConformance/builtins\objects.yaml/ancestors_dag_serialization
=== RUN   TestConformance/builtins\objects.yaml/descendants_dag_serialization
=== RUN   TestConformance/builtins\objects.yaml/ancestors_include_self
=== RUN   TestConformance/builtins\objects.yaml/descendants_include_self
=== RUN   TestConformance/builtins\objects.yaml/ancestors_exclude_self_explicit
=== RUN   TestConformance/builtins\objects.yaml/descendants_exclude_self_explicit
=== RUN   TestConformance/builtins\objects.yaml/chparent_property_conflict_variations
    conformance_test.go:44: Test failed: expected {1, 1, 1}, got {0, 0, 0}
=== RUN   TestConformance/builtins\objects.yaml/chparents_property_conflict_variations
=== RUN   TestConformance/builtins\objects.yaml/create_empty_list_vs_nothing
    conformance_test.go:44: Test failed: expected {-1, -1, {}, {}}, got {#-1, #-1, {}, {}}
=== RUN   TestConformance/builtins\objects.yaml/create_nothing_in_list_error
    conformance_test.go:44: Test failed: expected error E_INVARG, got value: #385
=== RUN   TestConformance/builtins\objects.yaml/create_invalid_object_error
=== RUN   TestConformance/builtins\objects.yaml/create_invalid_object_in_list_error
=== RUN   TestConformance/builtins\objects.yaml/verb_cache_basic
    conformance_test.go:41: Skipped: verb_cache_stats() not implemented
=== RUN   TestConformance/builtins\system_builtins.yaml
=== RUN   TestConformance/builtins\system_builtins.yaml/getenv_requires_wizard_perms
=== RUN   TestConformance/builtins\system_builtins.yaml/getenv_works_with_wizard_perms
    conformance_test.go:44: Test failed: unexpected error: E_PERM
=== RUN   TestConformance/builtins\system_builtins.yaml/getenv_no_args
=== RUN   TestConformance/builtins\system_builtins.yaml/getenv_int_arg
    conformance_test.go:44: Test failed: expected error E_TYPE, got E_PERM
=== RUN   TestConformance/builtins\system_builtins.yaml/getenv_float_arg
    conformance_test.go:44: Test failed: expected error E_TYPE, got E_PERM
=== RUN   TestConformance/builtins\system_builtins.yaml/getenv_returns_string_for_existing_var
    conformance_test.go:44: Test failed: unexpected error: E_PERM
=== RUN   TestConformance/builtins\system_builtins.yaml/getenv_returns_zero_for_nonexistent_var
    conformance_test.go:44: Test failed: unexpected error: E_PERM
=== RUN   TestConformance/language\anonymous.yaml
=== RUN   TestConformance/language\anonymous.yaml/anonymous_from_nothing_are_valid
=== RUN   TestConformance/language\anonymous.yaml/anonymous_from_empty_list_are_valid
=== RUN   TestConformance/language\anonymous.yaml/anonymous_have_parents
    conformance_test.go:41: Skipped: Requires setup of parent objects
=== RUN   TestConformance/language\anonymous.yaml/anonymous_parents_list
    conformance_test.go:41: Skipped: Requires setup of parent objects
=== RUN   TestConformance/language\anonymous.yaml/anonymous_do_not_have_children
=== RUN   TestConformance/language\anonymous.yaml/is_player_on_anonymous_raises_error
    conformance_test.go:44: Test failed: expected error E_TYPE, got E_INVARG
=== RUN   TestConformance/language\anonymous.yaml/set_player_flag_on_anonymous_raises_error
    conformance_test.go:44: Test failed: expected error E_TYPE, got E_INVARG
=== RUN   TestConformance/language\anonymous.yaml/owner_of_anonymous_is_creator
    conformance_test.go:44: Test failed: expected 1, got 0
=== RUN   TestConformance/language\anonymous.yaml/non_wizard_cannot_change_owner
    conformance_test.go:44: Test failed: expected error E_PERM, got value: 0
=== RUN   TestConformance/language\anonymous.yaml/wizard_can_change_owner
    conformance_test.go:44: Test failed: expected -1, got #-1
=== RUN   TestConformance/language\anonymous.yaml/anonymous_has_name_property
=== RUN   TestConformance/language\anonymous.yaml/programmer_cannot_set_wizard_flag_false
    conformance_test.go:44: Test failed: expected error E_PERM, got value: 0
=== RUN   TestConformance/language\anonymous.yaml/programmer_cannot_set_wizard_flag_true
    conformance_test.go:44: Test failed: expected error E_PERM, got value: 1
=== RUN   TestConformance/language\anonymous.yaml/wizard_cannot_set_wizard_flag_false
    conformance_test.go:44: Test failed: expected error E_INVARG, got value: 0
=== RUN   TestConformance/language\anonymous.yaml/wizard_cannot_set_wizard_flag_true
    conformance_test.go:44: Test failed: expected error E_INVARG, got value: 1
=== RUN   TestConformance/language\anonymous.yaml/programmer_cannot_set_programmer_flag_false
    conformance_test.go:44: Test failed: expected error E_PERM, got value: 0
=== RUN   TestConformance/language\anonymous.yaml/programmer_cannot_set_programmer_flag_true
    conformance_test.go:44: Test failed: expected error E_PERM, got value: 1
=== RUN   TestConformance/language\anonymous.yaml/wizard_cannot_set_programmer_flag_false
    conformance_test.go:44: Test failed: expected error E_INVARG, got value: 0
=== RUN   TestConformance/language\anonymous.yaml/wizard_cannot_set_programmer_flag_true
    conformance_test.go:44: Test failed: expected error E_INVARG, got value: 1
=== RUN   TestConformance/language\anonymous.yaml/defined_properties_work
    conformance_test.go:41: Skipped: Requires creating parent objects with properties
=== RUN   TestConformance/language\anonymous.yaml/verb_calls_work
    conformance_test.go:41: Skipped: Requires creating objects with verbs
=== RUN   TestConformance/language\anonymous.yaml/valid_returns_true_for_valid_anonymous
=== RUN   TestConformance/language\anonymous.yaml/recycle_invalidates_direct_reference
=== RUN   TestConformance/language\anonymous.yaml/recycle_invalidates_copy_reference
=== RUN   TestConformance/language\anonymous.yaml/recycle_via_copy_invalidates_original
=== RUN   TestConformance/language\anonymous.yaml/losing_references_calls_recycle_verb
    conformance_test.go:41: Skipped: Requires verb setup and property tracking
=== RUN   TestConformance/language\anonymous.yaml/recycle_verb_called_once_only
    conformance_test.go:41: Skipped: Requires verb setup with self-reference
=== RUN   TestConformance/language\anonymous.yaml/anonymous_invalid_after_auto_recycle
    conformance_test.go:41: Skipped: Requires verb setup and validation
=== RUN   TestConformance/language\anonymous.yaml/recycling_parent_invalidates_anonymous
    conformance_test.go:41: Skipped: Requires verb setup
=== RUN   TestConformance/language\anonymous.yaml/chparents_invalidates_anonymous
    conformance_test.go:41: Skipped: Requires multiple parent setup
=== RUN   TestConformance/language\anonymous.yaml/add_property_to_parent_invalidates_anonymous
    conformance_test.go:41: Skipped: Requires object setup
=== RUN   TestConformance/language\anonymous.yaml/delete_property_from_parent_invalidates_anonymous
    conformance_test.go:41: Skipped: Requires object setup with properties
=== RUN   TestConformance/language\anonymous.yaml/renumber_parent_invalidates_anonymous
    conformance_test.go:41: Skipped: Requires wizard permissions and renumber builtin
=== RUN   TestConformance/language\anonymous.yaml/replace_parent_does_not_corrupt_anonymous
    conformance_test.go:41: Skipped: Requires wizard permissions and reset_max_object
=== RUN   TestConformance/language\anonymous.yaml/get_property_on_invalid_anonymous_fails
=== RUN   TestConformance/language\anonymous.yaml/set_property_on_invalid_anonymous_fails
=== RUN   TestConformance/language\anonymous.yaml/verb_call_on_invalid_anonymous_fails
=== RUN   TestConformance/language\anonymous.yaml/recycle_invalid_anonymous_no_crash
    conformance_test.go:41: Skipped: Requires property setup - tests server stability
=== RUN   TestConformance/language\anonymous.yaml/long_chain_of_anonymous_no_leak
    conformance_test.go:41: Skipped: Requires loop and property setup - tests memory
=== RUN   TestConformance/language\anonymous.yaml/ownership_quota_unchanged_on_invalidation
    conformance_test.go:41: Skipped: Requires ownership_quota feature
=== RUN   TestConformance/language\anonymous.yaml/ownership_quota_changed_on_reference_loss
    conformance_test.go:41: Skipped: Requires ownership_quota feature
=== RUN   TestConformance/language\anonymous.yaml/callers_returns_valid_anonymous_for_wizards
    conformance_test.go:41: Skipped: Requires verb setup and callers() builtin
=== RUN   TestConformance/language\anonymous.yaml/callers_returns_valid_anonymous_for_owners
    conformance_test.go:41: Skipped: Requires verb setup and callers() builtin
=== RUN   TestConformance/language\anonymous.yaml/callers_returns_invalid_anonymous_for_others
    conformance_test.go:41: Skipped: Requires verb setup and callers() builtin
=== RUN   TestConformance/language\anonymous.yaml/task_stack_returns_valid_anonymous_for_wizards
    conformance_test.go:41: Skipped: Requires fork/suspend and task_stack() builtin
=== RUN   TestConformance/language\anonymous.yaml/task_stack_returns_valid_anonymous_for_owners
    conformance_test.go:41: Skipped: Requires fork/suspend and task_stack() builtin
=== RUN   TestConformance/language\anonymous.yaml/task_stack_returns_invalid_anonymous_for_others
    conformance_test.go:41: Skipped: Requires fork/suspend and task_stack() builtin
=== RUN   TestConformance/language\anonymous.yaml/queued_tasks_returns_valid_anonymous_for_wizards
    conformance_test.go:41: Skipped: Requires fork/suspend and queued_tasks() builtin
=== RUN   TestConformance/language\anonymous.yaml/queued_tasks_returns_valid_anonymous_for_programmers
    conformance_test.go:41: Skipped: Requires fork/suspend and queued_tasks() builtin
=== RUN   TestConformance/language\anonymous.yaml/queued_tasks_returns_invalid_anonymous_for_others
    conformance_test.go:41: Skipped: Requires fork/suspend and queued_tasks() builtin
=== RUN   TestConformance/language\anonymous.yaml/error_stack_contains_invalid_anonymous_for_everyone
    conformance_test.go:41: Skipped: Requires exception handling and verb setup
=== RUN   TestConformance/basic\arithmetic.yaml
=== RUN   TestConformance/basic\arithmetic.yaml/addition
=== RUN   TestConformance/basic\arithmetic.yaml/subtraction
=== RUN   TestConformance/basic\arithmetic.yaml/multiplication
=== RUN   TestConformance/basic\arithmetic.yaml/subtraction_negative_result
=== RUN   TestConformance/basic\arithmetic.yaml/division_exact
=== RUN   TestConformance/basic\arithmetic.yaml/division_truncated
=== RUN   TestConformance/basic\arithmetic.yaml/float_subtraction
=== RUN   TestConformance/basic\arithmetic.yaml/parentheses_precedence
=== RUN   TestConformance/basic\arithmetic.yaml/sqrt_builtin
=== RUN   TestConformance/basic\property.yaml
=== RUN   TestConformance/basic\property.yaml/add_property_temp
=== RUN   TestConformance/basic\property.yaml/add_property_temp0
=== RUN   TestConformance/basic\property.yaml/create_child_of_root
    conformance_test.go:44: Test failed: expected {1, "#1"}, got {1, #1}
=== RUN   TestConformance/basic\property.yaml/create_grandchild
=== RUN   TestConformance/basic\property.yaml/add_property_test_on_temp
=== RUN   TestConformance/basic\property.yaml/read_inherited_property_value
=== RUN   TestConformance/basic\property.yaml/is_clear_property_on_child
    conformance_test.go:44: Test failed: unexpected error: E_PROPNF
=== RUN   TestConformance/basic\property.yaml/set_property_on_child
    conformance_test.go:44: Test failed: expected {1, 2}, got {0, E_PROPNF}
=== RUN   TestConformance/basic\property.yaml/is_clear_property_after_set
    conformance_test.go:44: Test failed: unexpected error: E_PROPNF
=== RUN   TestConformance/basic\property.yaml/read_overridden_property
    conformance_test.go:44: Test failed: expected 2, got 1
=== RUN   TestConformance/basic\property.yaml/properties_on_parent
    conformance_test.go:44: Test failed: expected {"test"}, got {"aliases", "test", "description", "object_size", "key"}
=== RUN   TestConformance/basic\property.yaml/properties_on_child
    conformance_test.go:44: Test failed: expected {}, got {"object_size", "key", "aliases", "description"}
=== RUN   TestConformance/basic\property.yaml/clear_property_on_child
=== RUN   TestConformance/basic\property.yaml/is_clear_property_after_clear
=== RUN   TestConformance/basic\property.yaml/read_property_after_clear
=== RUN   TestConformance/basic\property.yaml/delete_property_temp
=== RUN   TestConformance/basic\property.yaml/delete_property_temp0
=== RUN   TestConformance/basic\value.yaml
=== RUN   TestConformance/basic\value.yaml/typeof_int
=== RUN   TestConformance/basic\value.yaml/typeof_string
=== RUN   TestConformance/basic\value.yaml/typeof_float
=== RUN   TestConformance/basic\value.yaml/typeof_list
=== RUN   TestConformance/basic\value.yaml/typeof_object
=== RUN   TestConformance/basic\value.yaml/tostr_int
=== RUN   TestConformance/basic\value.yaml/tostr_float
    conformance_test.go:44: Test failed: expected "3.0", got "3"
=== RUN   TestConformance/basic\value.yaml/tostr_object
=== RUN   TestConformance/basic\value.yaml/tostr_list
    conformance_test.go:44: Test failed: expected "{list}", got "{1, 2}"
=== RUN   TestConformance/basic\value.yaml/toliteral_int
=== RUN   TestConformance/basic\value.yaml/toliteral_float
    conformance_test.go:44: Test failed: expected "3.0", got "3"
=== RUN   TestConformance/basic\value.yaml/toliteral_object
=== RUN   TestConformance/basic\value.yaml/toliteral_list
=== RUN   TestConformance/basic\value.yaml/toint_from_int
=== RUN   TestConformance/basic\value.yaml/toint_from_float
=== RUN   TestConformance/basic\value.yaml/toint_from_object
=== RUN   TestConformance/basic\value.yaml/toint_from_string
=== RUN   TestConformance/basic\value.yaml/toobj_from_string
    conformance_test.go:44: Test failed: expected "#2", got #2
=== RUN   TestConformance/basic\value.yaml/toobj_from_int
    conformance_test.go:44: Test failed: expected "#2", got #2
=== RUN   TestConformance/basic\value.yaml/toobj_invalid_string
    conformance_test.go:44: Test failed: unexpected error: E_INVARG
=== RUN   TestConformance/basic\value.yaml/tofloat_from_int
=== RUN   TestConformance/basic\value.yaml/tofloat_from_string
=== RUN   TestConformance/basic\value.yaml/tofloat_from_float
=== RUN   TestConformance/basic\value.yaml/equal_simple_true
=== RUN   TestConformance/basic\value.yaml/equal_string_case_sensitive
=== RUN   TestConformance/basic\value.yaml/equal_string_match
=== RUN   TestConformance/basic\value.yaml/equal_list_match
=== RUN   TestConformance/basic\value.yaml/equal_list_different
=== RUN   TestConformance/builtins\collection_improvements.yaml
=== RUN   TestConformance/builtins\collection_improvements.yaml/nested_list_assignment
=== RUN   TestConformance/builtins\collection_improvements.yaml/nested_map_assignment
=== RUN   TestConformance/builtins\collection_improvements.yaml/top_level_list_refs_not_shared
=== RUN   TestConformance/builtins\collection_improvements.yaml/top_level_map_refs_not_shared
=== RUN   TestConformance/builtins\collection_improvements.yaml/top_level_list_nested_assign_not_shared
=== RUN   TestConformance/builtins\collection_improvements.yaml/top_level_map_nested_assign_not_shared
=== RUN   TestConformance/builtins\collection_improvements.yaml/nested_list_refs_not_shared_1
=== RUN   TestConformance/builtins\collection_improvements.yaml/nested_map_refs_not_shared_1
=== RUN   TestConformance/builtins\collection_improvements.yaml/nested_list_refs_not_shared_2
=== RUN   TestConformance/builtins\collection_improvements.yaml/nested_map_refs_not_shared_2
=== RUN   TestConformance/builtins\collection_improvements.yaml/nested_list_refs_not_shared_3
=== RUN   TestConformance/builtins\collection_improvements.yaml/nested_map_refs_not_shared_3
=== RUN   TestConformance/builtins\collection_improvements.yaml/list_ref_updates_not_shared_1
=== RUN   TestConformance/builtins\collection_improvements.yaml/map_ref_updates_not_shared_1
=== RUN   TestConformance/builtins\collection_improvements.yaml/list_ref_updates_not_shared_2
=== RUN   TestConformance/builtins\collection_improvements.yaml/map_ref_updates_not_shared_2
=== RUN   TestConformance/builtins\collection_improvements.yaml/multiple_writes_nested_list
    conformance_test.go:41: Skipped: Depends on suspend() and task suspension - returns innermost value due to parslet issues
=== RUN   TestConformance/builtins\collection_improvements.yaml/multiple_writes_nested_map
    conformance_test.go:41: Skipped: Depends on suspend() and task suspension
=== NAME  TestConformance
    conformance_test.go:55: 
        === Summary ===
        617 passed, 283 failed, 210 skipped (1110 total)
    conformance_test.go:59: Note: 617 tests unexpectedly passed (interpreter not implemented)
--- FAIL: TestConformance (0.05s)
    --- FAIL: TestConformance/builtins\math.yaml (0.00s)
        --- SKIP: TestConformance/builtins\math.yaml/random_0_is_invalid (0.00s)
        --- SKIP: TestConformance/builtins\math.yaml/random_1_returns_1 (0.00s)
        --- SKIP: TestConformance/builtins\math.yaml/random_in_valid_range (0.00s)
        --- SKIP: TestConformance/builtins\math.yaml/random_in_valid_range_64bit (0.00s)
        --- SKIP: TestConformance/builtins\math.yaml/random_negative_invalid (0.00s)
        --- SKIP: TestConformance/builtins\math.yaml/random_bytes_negative_invalid (0.00s)
        --- PASS: TestConformance/builtins\math.yaml/random_bytes_0_is_empty_string (0.00s)
        --- SKIP: TestConformance/builtins\math.yaml/random_bytes_1_returns_one_byte (0.00s)
        --- SKIP: TestConformance/builtins\math.yaml/random_bytes_2_returns_two_bytes (0.00s)
        --- SKIP: TestConformance/builtins\math.yaml/random_bytes_max_limit (0.00s)
        --- PASS: TestConformance/builtins\math.yaml/division_by_zero_float (0.00s)
        --- PASS: TestConformance/builtins\math.yaml/division_by_zero_int (0.00s)
        --- PASS: TestConformance/builtins\math.yaml/modulus_by_zero_float (0.00s)
        --- PASS: TestConformance/builtins\math.yaml/modulus_by_zero_int (0.00s)
        --- SKIP: TestConformance/builtins\math.yaml/minint_division_edge_case (0.00s)
        --- PASS: TestConformance/builtins\math.yaml/minint_modulus_edge_case (0.00s)
        --- SKIP: TestConformance/builtins\math.yaml/minint_division_edge_case_64bit (0.00s)
        --- PASS: TestConformance/builtins\math.yaml/minint_modulus_edge_case_64bit (0.00s)
        --- PASS: TestConformance/builtins\math.yaml/division_neg_neg_int (0.00s)
        --- PASS: TestConformance/builtins\math.yaml/division_neg_pos_int (0.00s)
        --- PASS: TestConformance/builtins\math.yaml/division_pos_neg_int (0.00s)
        --- PASS: TestConformance/builtins\math.yaml/division_pos_pos_int (0.00s)
        --- PASS: TestConformance/builtins\math.yaml/division_neg_neg_float (0.00s)
        --- PASS: TestConformance/builtins\math.yaml/division_neg_pos_float (0.00s)
        --- PASS: TestConformance/builtins\math.yaml/division_pos_neg_float (0.00s)
        --- PASS: TestConformance/builtins\math.yaml/division_pos_pos_float (0.00s)
        --- PASS: TestConformance/builtins\math.yaml/modulus_neg_neg_int (0.00s)
        --- FAIL: TestConformance/builtins\math.yaml/modulus_neg_pos_int (0.00s)
        --- FAIL: TestConformance/builtins\math.yaml/modulus_pos_neg_int (0.00s)
        --- PASS: TestConformance/builtins\math.yaml/modulus_pos_pos_int (0.00s)
        --- PASS: TestConformance/builtins\math.yaml/modulus_neg_neg_float (0.00s)
        --- FAIL: TestConformance/builtins\math.yaml/modulus_neg_pos_float (0.00s)
        --- FAIL: TestConformance/builtins\math.yaml/modulus_pos_neg_float (0.00s)
        --- PASS: TestConformance/builtins\math.yaml/modulus_pos_pos_float (0.00s)
    --- FAIL: TestConformance/builtins\task_local.yaml (0.00s)
        --- PASS: TestConformance/builtins\task_local.yaml/set_task_local_requires_wizard (0.00s)
        --- PASS: TestConformance/builtins\task_local.yaml/task_local_requires_wizard (0.00s)
        --- PASS: TestConformance/builtins\task_local.yaml/set_task_local_no_args (0.00s)
        --- PASS: TestConformance/builtins\task_local.yaml/set_task_local_too_many_args (0.00s)
        --- FAIL: TestConformance/builtins\task_local.yaml/set_task_local_one_arg (0.00s)
        --- PASS: TestConformance/builtins\task_local.yaml/task_local_takes_no_args (0.00s)
        --- FAIL: TestConformance/builtins\task_local.yaml/task_local_no_args (0.00s)
        --- FAIL: TestConformance/builtins\task_local.yaml/simple_eval_case (0.00s)
        --- FAIL: TestConformance/builtins\task_local.yaml/eval_case_with_error (0.00s)
        --- SKIP: TestConformance/builtins\task_local.yaml/eval_case_with_suspend (0.00s)
        --- SKIP: TestConformance/builtins\task_local.yaml/fork_and_suspend_case (0.00s)
        --- SKIP: TestConformance/builtins\task_local.yaml/suspend_case_with_error (0.00s)
        --- SKIP: TestConformance/builtins\task_local.yaml/fork_suspend_case_with_error (0.00s)
        --- SKIP: TestConformance/builtins\task_local.yaml/command_verb (0.00s)
        --- SKIP: TestConformance/builtins\task_local.yaml/server_verb (0.00s)
        --- SKIP: TestConformance/builtins\task_local.yaml/across_verb_calls (0.00s)
        --- SKIP: TestConformance/builtins\task_local.yaml/across_verb_calls_with_intermediate (0.00s)
        --- SKIP: TestConformance/builtins\task_local.yaml/suspend_between_verb_calls (0.00s)
        --- SKIP: TestConformance/builtins\task_local.yaml/read_between_verb_calls (0.00s)
        --- SKIP: TestConformance/builtins\task_local.yaml/nonfunctional_fork_suspend (0.00s)
        --- SKIP: TestConformance/builtins\task_local.yaml/nonfunctional_kill_task (0.00s)
    --- PASS: TestConformance/server\limits.yaml (0.00s)
        --- SKIP: TestConformance/server\limits.yaml/setadd_checks_list_max_value_bytes_small (0.00s)
        --- SKIP: TestConformance/server\limits.yaml/setadd_checks_list_max_value_bytes_exceeds (0.00s)
        --- SKIP: TestConformance/server\limits.yaml/setadd_fails_if_value_too_large (0.00s)
        --- SKIP: TestConformance/server\limits.yaml/listinsert_checks_list_max_value_bytes (0.00s)
        --- SKIP: TestConformance/server\limits.yaml/listinsert_fails_if_value_too_large (0.00s)
        --- SKIP: TestConformance/server\limits.yaml/listappend_checks_list_max_value_bytes (0.00s)
        --- SKIP: TestConformance/server\limits.yaml/listappend_fails_if_value_too_large (0.00s)
        --- SKIP: TestConformance/server\limits.yaml/listset_fails_if_value_too_large (0.00s)
        --- SKIP: TestConformance/server\limits.yaml/setremove_fails_if_result_too_large (0.00s)
        --- SKIP: TestConformance/server\limits.yaml/listdelete_fails_if_result_too_large (0.00s)
        --- SKIP: TestConformance/server\limits.yaml/appending_to_list_checks_max_value_bytes (0.00s)
        --- SKIP: TestConformance/server\limits.yaml/prepending_to_list_checks_max_value_bytes (0.00s)
        --- SKIP: TestConformance/server\limits.yaml/indexset_on_list_checks_max_value_bytes (0.00s)
        --- SKIP: TestConformance/server\limits.yaml/rangeset_on_list_checks_max_value_bytes (0.00s)
        --- SKIP: TestConformance/server\limits.yaml/assigning_list_fails_if_value_too_large (0.00s)
        --- SKIP: TestConformance/server\limits.yaml/decode_binary_checks_list_max_value_bytes (0.00s)
        --- SKIP: TestConformance/server\limits.yaml/mapdelete_fails_if_result_too_large (0.00s)
        --- SKIP: TestConformance/server\limits.yaml/indexset_on_map_checks_max_value_bytes (0.00s)
        --- SKIP: TestConformance/server\limits.yaml/rangeset_on_map_checks_max_value_bytes (0.00s)
        --- SKIP: TestConformance/server\limits.yaml/list_literal_checks_max_value_bytes (0.00s)
        --- SKIP: TestConformance/server\limits.yaml/map_literal_checks_max_value_bytes (0.00s)
        --- SKIP: TestConformance/server\limits.yaml/string_concat_limit (0.00s)
        --- SKIP: TestConformance/server\limits.yaml/string_concat_exceeds_limit (0.00s)
        --- SKIP: TestConformance/server\limits.yaml/tostr_limit (0.00s)
        --- SKIP: TestConformance/server\limits.yaml/tostr_exceeds_limit (0.00s)
        --- SKIP: TestConformance/server\limits.yaml/toliteral_limit (0.00s)
        --- SKIP: TestConformance/server\limits.yaml/toliteral_exceeds_limit (0.00s)
        --- SKIP: TestConformance/server\limits.yaml/strsub_limit (0.00s)
        --- SKIP: TestConformance/server\limits.yaml/strsub_exceeds_limit (0.00s)
        --- SKIP: TestConformance/server\limits.yaml/encode_binary_limit (0.00s)
        --- SKIP: TestConformance/server\limits.yaml/encode_binary_exceeds_limit (0.00s)
        --- SKIP: TestConformance/server\limits.yaml/substitute_limit (0.00s)
        --- SKIP: TestConformance/server\limits.yaml/substitute_exceeds_limit (0.00s)
        --- SKIP: TestConformance/server\limits.yaml/encode_base64_limit (0.00s)
        --- SKIP: TestConformance/server\limits.yaml/encode_base64_exceeds_limit (0.00s)
        --- SKIP: TestConformance/server\limits.yaml/random_bytes_within_limit (0.00s)
        --- SKIP: TestConformance/server\limits.yaml/random_bytes_exceeds_limit (0.00s)
        --- SKIP: TestConformance/server\limits.yaml/quota_errors_do_not_leak_memory (0.00s)
    --- FAIL: TestConformance/builtins\map.yaml (0.00s)
        --- PASS: TestConformance/builtins\map.yaml/empty_map (0.00s)
        --- PASS: TestConformance/builtins\map.yaml/single_entry (0.00s)
        --- FAIL: TestConformance/builtins\map.yaml/multiple_entries (0.00s)
        --- FAIL: TestConformance/builtins\map.yaml/nested_maps (0.00s)
        --- PASS: TestConformance/builtins\map.yaml/sorted_insertion_order_1 (0.00s)
        --- PASS: TestConformance/builtins\map.yaml/sorted_insertion_order_2 (0.00s)
        --- PASS: TestConformance/builtins\map.yaml/sorted_insertion_order_3 (0.00s)
        --- FAIL: TestConformance/builtins\map.yaml/mapkeys_sorted (0.00s)
        --- FAIL: TestConformance/builtins\map.yaml/mapvalues_sorted (0.00s)
        --- FAIL: TestConformance/builtins\map.yaml/mapdelete_removes_entry (0.00s)
        --- FAIL: TestConformance/builtins\map.yaml/mapdelete_chain (0.00s)
        --- FAIL: TestConformance/builtins\map.yaml/mapdelete_missing_key (0.00s)
        --- PASS: TestConformance/builtins\map.yaml/length_of_map (0.00s)
        --- PASS: TestConformance/builtins\map.yaml/length_after_delete (0.00s)
        --- FAIL: TestConformance/builtins\map.yaml/is_member_found (0.00s)
        --- PASS: TestConformance/builtins\map.yaml/is_member_not_found (0.00s)
        --- FAIL: TestConformance/builtins\map.yaml/is_member_case_sensitive_key (0.00s)
        --- PASS: TestConformance/builtins\map.yaml/is_member_case_sensitive_value_not_found (0.00s)
        --- FAIL: TestConformance/builtins\map.yaml/in_operator_found (0.00s)
        --- PASS: TestConformance/builtins\map.yaml/in_operator_not_found (0.00s)
        --- PASS: TestConformance/builtins\map.yaml/in_operator_case_insensitive_value (0.00s)
        --- PASS: TestConformance/builtins\map.yaml/in_operator_case_sensitive_key (0.00s)
        --- PASS: TestConformance/builtins\map.yaml/equal_empty_maps (0.00s)
        --- PASS: TestConformance/builtins\map.yaml/equal_empty_vs_nonempty (0.00s)
        --- PASS: TestConformance/builtins\map.yaml/equal_same_entries (0.00s)
        --- PASS: TestConformance/builtins\map.yaml/equal_different_order (0.00s)
        --- PASS: TestConformance/builtins\map.yaml/equal_nested_same (0.00s)
        --- PASS: TestConformance/builtins\map.yaml/equal_nested_different (0.00s)
        --- PASS: TestConformance/builtins\map.yaml/equal_case_sensitive (0.00s)
        --- PASS: TestConformance/builtins\map.yaml/equality_empty_maps (0.00s)
        --- PASS: TestConformance/builtins\map.yaml/equality_empty_vs_nonempty (0.00s)
        --- PASS: TestConformance/builtins\map.yaml/equality_same_entries (0.00s)
        --- PASS: TestConformance/builtins\map.yaml/equality_different_order (0.00s)
        --- PASS: TestConformance/builtins\map.yaml/equality_nested_same (0.00s)
        --- PASS: TestConformance/builtins\map.yaml/equality_nested_different (0.00s)
        --- FAIL: TestConformance/builtins\map.yaml/equality_case_insensitive (0.00s)
        --- PASS: TestConformance/builtins\map.yaml/empty_map_is_false (0.00s)
        --- FAIL: TestConformance/builtins\map.yaml/nonempty_map_is_true (0.00s)
        --- FAIL: TestConformance/builtins\map.yaml/tostr_map (0.00s)
        --- FAIL: TestConformance/builtins\map.yaml/toliteral_map (0.00s)
        --- PASS: TestConformance/builtins\map.yaml/assignment_copies (0.00s)
        --- PASS: TestConformance/builtins\map.yaml/assignment_is_copy_not_reference_1 (0.00s)
        --- PASS: TestConformance/builtins\map.yaml/assignment_is_copy_not_reference_2 (0.00s)
        --- PASS: TestConformance/builtins\map.yaml/indexed_access_get (0.00s)
        --- PASS: TestConformance/builtins\map.yaml/indexed_access_nested (0.00s)
        --- PASS: TestConformance/builtins\map.yaml/indexed_access_float (0.00s)
        --- PASS: TestConformance/builtins\map.yaml/indexed_access_missing_key (0.00s)
        --- FAIL: TestConformance/builtins\map.yaml/indexed_assignment_set (0.00s)
        --- FAIL: TestConformance/builtins\map.yaml/indexed_assignment_nested (0.00s)
        --- FAIL: TestConformance/builtins\map.yaml/indexed_assignment_replace_float (0.00s)
        --- FAIL: TestConformance/builtins\map.yaml/indexed_assignment_new_key (0.00s)
        --- PASS: TestConformance/builtins\map.yaml/property_indexed_access_get (0.00s)
        --- PASS: TestConformance/builtins\map.yaml/property_indexed_access_nested (0.00s)
        --- PASS: TestConformance/builtins\map.yaml/property_indexed_access_float (0.00s)
        --- PASS: TestConformance/builtins\map.yaml/property_indexed_access_missing_key (0.00s)
        --- FAIL: TestConformance/builtins\map.yaml/property_indexed_assignment_set (0.00s)
        --- FAIL: TestConformance/builtins\map.yaml/property_indexed_assignment_nested (0.00s)
        --- FAIL: TestConformance/builtins\map.yaml/property_indexed_assignment_replace_float (0.00s)
        --- FAIL: TestConformance/builtins\map.yaml/property_indexed_assignment_new_key (0.00s)
        --- FAIL: TestConformance/builtins\map.yaml/list_key_literal (0.00s)
        --- FAIL: TestConformance/builtins\map.yaml/empty_list_key_literal (0.00s)
        --- FAIL: TestConformance/builtins\map.yaml/map_key_literal (0.00s)
        --- FAIL: TestConformance/builtins\map.yaml/list_values_key_literal (0.00s)
        --- FAIL: TestConformance/builtins\map.yaml/list_key_assignment_1 (0.00s)
        --- FAIL: TestConformance/builtins\map.yaml/list_key_assignment_2 (0.00s)
        --- FAIL: TestConformance/builtins\map.yaml/map_key_assignment (0.00s)
        --- FAIL: TestConformance/builtins\map.yaml/list_values_key_assignment (0.00s)
        --- FAIL: TestConformance/builtins\map.yaml/mapdelete_empty_list_key (0.00s)
        --- FAIL: TestConformance/builtins\map.yaml/mapdelete_list_key (0.00s)
        --- FAIL: TestConformance/builtins\map.yaml/mapdelete_map_key (0.00s)
        --- FAIL: TestConformance/builtins\map.yaml/mapdelete_list_values_key (0.00s)
        --- SKIP: TestConformance/builtins\map.yaml/anonymous_object_key (0.00s)
        --- SKIP: TestConformance/builtins\map.yaml/first_last_index (0.00s)
        --- PASS: TestConformance/builtins\map.yaml/ranged_set_invalid_range_1 (0.00s)
        --- FAIL: TestConformance/builtins\map.yaml/ranged_set_invalid_range_2 (0.00s)
        --- FAIL: TestConformance/builtins\map.yaml/ranged_set_invalid_range_3 (0.00s)
        --- PASS: TestConformance/builtins\map.yaml/ranged_set_single_element (0.00s)
        --- PASS: TestConformance/builtins\map.yaml/ranged_set_between_elements (0.00s)
        --- PASS: TestConformance/builtins\map.yaml/ranged_set_merge_existing_key (0.00s)
        --- PASS: TestConformance/builtins\map.yaml/ranged_set_replace_range (0.00s)
        --- FAIL: TestConformance/builtins\map.yaml/inverted_ranged_set_in_loop (0.00s)
    --- FAIL: TestConformance/builtins\string_operations.yaml (0.00s)
        --- PASS: TestConformance/builtins\string_operations.yaml/index_not_found (0.00s)
        --- PASS: TestConformance/builtins\string_operations.yaml/index_finds_first_occurrence (0.00s)
        --- PASS: TestConformance/builtins\string_operations.yaml/index_case_sensitive_no_match (0.00s)
        --- PASS: TestConformance/builtins\string_operations.yaml/index_case_insensitive_match (0.00s)
        --- FAIL: TestConformance/builtins\string_operations.yaml/index_with_offset_3 (0.00s)
        --- FAIL: TestConformance/builtins\string_operations.yaml/index_with_offset_1 (0.00s)
        --- PASS: TestConformance/builtins\string_operations.yaml/index_with_offset_0 (0.00s)
        --- FAIL: TestConformance/builtins\string_operations.yaml/index_negative_offset_invalid (0.00s)
        --- PASS: TestConformance/builtins\string_operations.yaml/index_offset_larger_than_string (0.00s)
        --- PASS: TestConformance/builtins\string_operations.yaml/rindex_not_found (0.00s)
        --- PASS: TestConformance/builtins\string_operations.yaml/rindex_finds_last_occurrence (0.00s)
        --- PASS: TestConformance/builtins\string_operations.yaml/rindex_case_sensitive_no_match (0.00s)
        --- PASS: TestConformance/builtins\string_operations.yaml/rindex_case_insensitive_match (0.00s)
        --- FAIL: TestConformance/builtins\string_operations.yaml/rindex_with_offset_neg_4 (0.00s)
        --- PASS: TestConformance/builtins\string_operations.yaml/rindex_with_offset_neg_3 (0.00s)
        --- PASS: TestConformance/builtins\string_operations.yaml/rindex_with_offset_0 (0.00s)
        --- FAIL: TestConformance/builtins\string_operations.yaml/rindex_positive_offset_invalid (0.00s)
        --- FAIL: TestConformance/builtins\string_operations.yaml/rindex_offset_larger_than_string (0.00s)
        --- PASS: TestConformance/builtins\string_operations.yaml/strtr_swap_characters (0.00s)
        --- PASS: TestConformance/builtins\string_operations.yaml/strtr_replace_character (0.00s)
        --- PASS: TestConformance/builtins\string_operations.yaml/strtr_empty_from_to (0.00s)
        --- PASS: TestConformance/builtins\string_operations.yaml/strtr_from_shorter_than_to (0.00s)
        --- PASS: TestConformance/builtins\string_operations.yaml/strtr_from_longer_than_to (0.00s)
        --- PASS: TestConformance/builtins\string_operations.yaml/strtr_empty_source (0.00s)
        --- PASS: TestConformance/builtins\string_operations.yaml/strtr_no_matches (0.00s)
        --- PASS: TestConformance/builtins\string_operations.yaml/strtr_with_numbers_case_insensitive (0.00s)
        --- PASS: TestConformance/builtins\string_operations.yaml/strtr_with_numbers_case_sensitive (0.00s)
        --- PASS: TestConformance/builtins\string_operations.yaml/strtr_with_symbols_case_insensitive (0.00s)
        --- PASS: TestConformance/builtins\string_operations.yaml/strtr_with_symbols_case_sensitive (0.00s)
        --- PASS: TestConformance/builtins\string_operations.yaml/strtr_case_insensitive_preserves_case_lowercase (0.00s)
        --- PASS: TestConformance/builtins\string_operations.yaml/strtr_case_insensitive_preserves_case_uppercase (0.00s)
        --- PASS: TestConformance/builtins\string_operations.yaml/strtr_case_sensitive_lowercase (0.00s)
        --- PASS: TestConformance/builtins\string_operations.yaml/strtr_case_sensitive_uppercase (0.00s)
        --- PASS: TestConformance/builtins\string_operations.yaml/strtr_complex_case_insensitive_1 (0.00s)
        --- PASS: TestConformance/builtins\string_operations.yaml/strtr_complex_case_sensitive_1 (0.00s)
        --- PASS: TestConformance/builtins\string_operations.yaml/strtr_complex_case_insensitive_2 (0.00s)
        --- PASS: TestConformance/builtins\string_operations.yaml/strtr_complex_case_sensitive_2 (0.00s)
        --- PASS: TestConformance/builtins\string_operations.yaml/strtr_complex_case_insensitive_3 (0.00s)
        --- PASS: TestConformance/builtins\string_operations.yaml/strtr_complex_case_sensitive_3 (0.00s)
        --- PASS: TestConformance/builtins\string_operations.yaml/strtr_complex_case_insensitive_4 (0.00s)
        --- PASS: TestConformance/builtins\string_operations.yaml/strtr_complex_case_sensitive_4 (0.00s)
    --- PASS: TestConformance/language\equality.yaml (0.00s)
        --- PASS: TestConformance/language\equality.yaml/int_equality (0.00s)
        --- PASS: TestConformance/language\equality.yaml/float_equality (0.00s)
        --- PASS: TestConformance/language\equality.yaml/string_equality (0.00s)
        --- PASS: TestConformance/language\equality.yaml/object_equality (0.00s)
        --- PASS: TestConformance/language\equality.yaml/error_equality (0.00s)
        --- PASS: TestConformance/language\equality.yaml/list_equality_with_splicing (0.00s)
        --- PASS: TestConformance/language\equality.yaml/map_equality (0.00s)
        --- PASS: TestConformance/language\equality.yaml/int_float_inequality (0.00s)
        --- PASS: TestConformance/language\equality.yaml/float_object_inequality (0.00s)
        --- PASS: TestConformance/language\equality.yaml/object_string_inequality (0.00s)
        --- PASS: TestConformance/language\equality.yaml/map_list_inequality (0.00s)
    --- FAIL: TestConformance/language\looping.yaml (0.00s)
        --- PASS: TestConformance/language\looping.yaml/for_loop_string_single_var (0.00s)
        --- PASS: TestConformance/language\looping.yaml/for_loop_string_two_vars (0.00s)
        --- FAIL: TestConformance/language\looping.yaml/for_loop_map_values (0.00s)
        --- FAIL: TestConformance/language\looping.yaml/for_loop_map_values_and_keys (0.00s)
        --- PASS: TestConformance/language\looping.yaml/for_loop_list_two_vars (0.00s)
        --- FAIL: TestConformance/language\looping.yaml/for_loop_break_with_value (0.00s)
        --- FAIL: TestConformance/language\looping.yaml/for_loop_continue_with_value (0.00s)
        --- FAIL: TestConformance/language\looping.yaml/for_loop_two_vars_break_first_var (0.00s)
        --- FAIL: TestConformance/language\looping.yaml/for_loop_two_vars_continue_first_var (0.00s)
        --- FAIL: TestConformance/language\looping.yaml/for_loop_two_vars_break_second_var (0.00s)
        --- FAIL: TestConformance/language\looping.yaml/for_loop_two_vars_continue_second_var (0.00s)
        --- FAIL: TestConformance/language\looping.yaml/for_loop_duplicate_var_names_break (0.00s)
        --- FAIL: TestConformance/language\looping.yaml/for_loop_duplicate_var_names_continue (0.00s)
        --- SKIP: TestConformance/language\looping.yaml/for_loop_no_variables (0.00s)
        --- SKIP: TestConformance/language\looping.yaml/for_loop_three_variables (0.00s)
        --- SKIP: TestConformance/language\looping.yaml/for_loop_continue_invalid_name_single_var (0.00s)
        --- SKIP: TestConformance/language\looping.yaml/for_loop_continue_invalid_name_two_vars (0.00s)
        --- PASS: TestConformance/language\looping.yaml/for_loop_integer_error (0.00s)
        --- PASS: TestConformance/language\looping.yaml/for_loop_float_error (0.00s)
        --- PASS: TestConformance/language\looping.yaml/for_loop_object_error (0.00s)
        --- PASS: TestConformance/language\looping.yaml/for_loop_error_value_error (0.00s)
        --- SKIP: TestConformance/language\looping.yaml/decompile_for_loop_duplicate_vars_break (0.00s)
        --- SKIP: TestConformance/language\looping.yaml/decompile_for_loop_two_vars_break_first (0.00s)
        --- SKIP: TestConformance/language\looping.yaml/decompile_for_loop_two_vars_break_second (0.00s)
        --- SKIP: TestConformance/language\looping.yaml/decompile_for_loop_break_and_continue (0.00s)
        --- SKIP: TestConformance/language\looping.yaml/decompile_for_loop_string (0.00s)
        --- SKIP: TestConformance/language\looping.yaml/decompile_for_loop_map (0.00s)
        --- PASS: TestConformance/language\looping.yaml/for_loop_empty_map_no_leak (0.00s)
        --- PASS: TestConformance/language\looping.yaml/for_loop_empty_map_two_vars_no_leak (0.00s)
    --- FAIL: TestConformance/language\moocode_parsing.yaml (0.00s)
        --- SKIP: TestConformance/language\moocode_parsing.yaml/expression_exception_syntax (0.00s)
        --- PASS: TestConformance/language\moocode_parsing.yaml/greater_than (0.00s)
        --- PASS: TestConformance/language\moocode_parsing.yaml/greater_than_or_equal (0.00s)
        --- PASS: TestConformance/language\moocode_parsing.yaml/less_than (0.00s)
        --- PASS: TestConformance/language\moocode_parsing.yaml/less_than_or_equal (0.00s)
        --- PASS: TestConformance/language\moocode_parsing.yaml/logical_and (0.00s)
        --- PASS: TestConformance/language\moocode_parsing.yaml/logical_or (0.00s)
        --- PASS: TestConformance/language\moocode_parsing.yaml/caret_collection_first (0.00s)
        --- PASS: TestConformance/language\moocode_parsing.yaml/caret_collection_range_spaced (0.00s)
        --- PASS: TestConformance/language\moocode_parsing.yaml/caret_collection_range_unspaced (0.00s)
        --- PASS: TestConformance/language\moocode_parsing.yaml/dollar_collection_last (0.00s)
        --- PASS: TestConformance/language\moocode_parsing.yaml/dollar_collection_range_spaced (0.00s)
        --- PASS: TestConformance/language\moocode_parsing.yaml/dollar_collection_range_unspaced (0.00s)
        --- PASS: TestConformance/language\moocode_parsing.yaml/bitwise_and (0.00s)
        --- SKIP: TestConformance/language\moocode_parsing.yaml/bitwise_and_disassemble (0.00s)
        --- SKIP: TestConformance/language\moocode_parsing.yaml/bitwise_and_decompile (0.00s)
        --- PASS: TestConformance/language\moocode_parsing.yaml/bitwise_or (0.00s)
        --- SKIP: TestConformance/language\moocode_parsing.yaml/bitwise_or_disassemble (0.00s)
        --- SKIP: TestConformance/language\moocode_parsing.yaml/bitwise_or_decompile (0.00s)
        --- PASS: TestConformance/language\moocode_parsing.yaml/bitwise_xor (0.00s)
        --- SKIP: TestConformance/language\moocode_parsing.yaml/bitwise_xor_disassemble (0.00s)
        --- SKIP: TestConformance/language\moocode_parsing.yaml/bitwise_xor_decompile (0.00s)
        --- PASS: TestConformance/language\moocode_parsing.yaml/bitwise_complement (0.00s)
        --- SKIP: TestConformance/language\moocode_parsing.yaml/bitwise_complement_disassemble (0.00s)
        --- SKIP: TestConformance/language\moocode_parsing.yaml/bitwise_complement_decompile (0.00s)
        --- PASS: TestConformance/language\moocode_parsing.yaml/bit_shift_left (0.00s)
        --- SKIP: TestConformance/language\moocode_parsing.yaml/bit_shift_left_disassemble (0.00s)
        --- SKIP: TestConformance/language\moocode_parsing.yaml/bit_shift_left_decompile (0.00s)
        --- PASS: TestConformance/language\moocode_parsing.yaml/bit_shift_right (0.00s)
        --- SKIP: TestConformance/language\moocode_parsing.yaml/bit_shift_right_disassemble (0.00s)
        --- SKIP: TestConformance/language\moocode_parsing.yaml/bit_shift_right_decompile (0.00s)
        --- PASS: TestConformance/language\moocode_parsing.yaml/shift_left_negative_bits_32bit (0.00s)
        --- FAIL: TestConformance/language\moocode_parsing.yaml/shift_left_overflow_32bit (0.00s)
        --- PASS: TestConformance/language\moocode_parsing.yaml/shift_left_zero_32bit (0.00s)
        --- FAIL: TestConformance/language\moocode_parsing.yaml/shift_left_max_32bit (0.00s)
        --- PASS: TestConformance/language\moocode_parsing.yaml/shift_left_all_bits_32bit (0.00s)
        --- FAIL: TestConformance/language\moocode_parsing.yaml/shift_left_to_zero_32bit (0.00s)
        --- PASS: TestConformance/language\moocode_parsing.yaml/shift_right_negative_bits_32bit (0.00s)
        --- FAIL: TestConformance/language\moocode_parsing.yaml/shift_right_overflow_32bit (0.00s)
        --- PASS: TestConformance/language\moocode_parsing.yaml/shift_right_zero_32bit (0.00s)
        --- FAIL: TestConformance/language\moocode_parsing.yaml/shift_right_max_32bit (0.00s)
        --- FAIL: TestConformance/language\moocode_parsing.yaml/shift_right_all_bits_32bit (0.00s)
        --- FAIL: TestConformance/language\moocode_parsing.yaml/shift_right_to_zero_32bit (0.00s)
        --- PASS: TestConformance/language\moocode_parsing.yaml/shift_left_negative_bits_64bit (0.00s)
        --- FAIL: TestConformance/language\moocode_parsing.yaml/shift_left_overflow_64bit (0.00s)
        --- PASS: TestConformance/language\moocode_parsing.yaml/shift_left_zero_64bit (0.00s)
        --- PASS: TestConformance/language\moocode_parsing.yaml/shift_left_max_64bit (0.00s)
        --- PASS: TestConformance/language\moocode_parsing.yaml/shift_left_all_bits_64bit (0.00s)
        --- PASS: TestConformance/language\moocode_parsing.yaml/shift_left_to_zero_64bit (0.00s)
        --- PASS: TestConformance/language\moocode_parsing.yaml/shift_right_negative_bits_64bit (0.00s)
        --- FAIL: TestConformance/language\moocode_parsing.yaml/shift_right_overflow_64bit (0.00s)
        --- PASS: TestConformance/language\moocode_parsing.yaml/shift_right_zero_64bit (0.00s)
        --- PASS: TestConformance/language\moocode_parsing.yaml/shift_right_max_64bit (0.00s)
        --- PASS: TestConformance/language\moocode_parsing.yaml/shift_right_all_bits_64bit (0.00s)
        --- PASS: TestConformance/language\moocode_parsing.yaml/shift_right_to_zero_64bit (0.00s)
        --- PASS: TestConformance/language\moocode_parsing.yaml/shift_roundtrip_1_32bit (0.00s)
        --- PASS: TestConformance/language\moocode_parsing.yaml/shift_roundtrip_2_32bit (0.00s)
        --- PASS: TestConformance/language\moocode_parsing.yaml/precedence_shift_combined (0.00s)
        --- FAIL: TestConformance/language\moocode_parsing.yaml/precedence_complement_shift_32bit (0.00s)
        --- PASS: TestConformance/language\moocode_parsing.yaml/precedence_complement_shift_64bit (0.00s)
        --- PASS: TestConformance/language\moocode_parsing.yaml/precedence_shift_and (0.00s)
        --- PASS: TestConformance/language\moocode_parsing.yaml/precedence_shift_and_right (0.00s)
    --- PASS: TestConformance/language\waif.yaml (0.00s)
        --- SKIP: TestConformance/language\waif.yaml/waifs_are_invalid (0.00s)
        --- SKIP: TestConformance/language\waif.yaml/waifs_have_no_parents (0.00s)
        --- SKIP: TestConformance/language\waif.yaml/waifs_have_no_children (0.00s)
        --- SKIP: TestConformance/language\waif.yaml/waifs_cannot_check_player_flag (0.00s)
        --- SKIP: TestConformance/language\waif.yaml/waifs_cannot_set_player_flag (0.00s)
        --- SKIP: TestConformance/language\waif.yaml/waif_owner_is_creator (0.00s)
        --- SKIP: TestConformance/language\waif.yaml/programmer_cannot_change_waif_owner (0.00s)
        --- SKIP: TestConformance/language\waif.yaml/wizard_cannot_change_waif_owner (0.00s)
        --- SKIP: TestConformance/language\waif.yaml/programmer_cannot_set_wizard_flag_false (0.00s)
        --- SKIP: TestConformance/language\waif.yaml/programmer_cannot_set_wizard_flag_true (0.00s)
        --- SKIP: TestConformance/language\waif.yaml/wizard_cannot_set_wizard_flag_false (0.00s)
        --- SKIP: TestConformance/language\waif.yaml/wizard_cannot_set_wizard_flag_true (0.00s)
        --- SKIP: TestConformance/language\waif.yaml/programmer_cannot_set_programmer_flag_false (0.00s)
        --- SKIP: TestConformance/language\waif.yaml/programmer_cannot_set_programmer_flag_true (0.00s)
        --- SKIP: TestConformance/language\waif.yaml/wizard_cannot_set_programmer_flag_false (0.00s)
        --- SKIP: TestConformance/language\waif.yaml/wizard_cannot_set_programmer_flag_true (0.00s)
        --- SKIP: TestConformance/language\waif.yaml/waif_properties_inherited (0.00s)
        --- SKIP: TestConformance/language\waif.yaml/waif_verbs_inherited (0.00s)
        --- SKIP: TestConformance/language\waif.yaml/losing_waif_reference_calls_recycle (0.00s)
        --- SKIP: TestConformance/language\waif.yaml/waif_recycle_called_once (0.00s)
        --- SKIP: TestConformance/language\waif.yaml/waifs_cant_reference_each_other (0.00s)
        --- SKIP: TestConformance/language\waif.yaml/recycling_parent_invalidates_waif (0.00s)
        --- SKIP: TestConformance/language\waif.yaml/chparent_waif_inherits_properties (0.00s)
        --- SKIP: TestConformance/language\waif.yaml/anon_cant_be_waif_parent (0.00s)
        --- SKIP: TestConformance/language\waif.yaml/long_waif_chain_no_leak (0.00s)
        --- SKIP: TestConformance/language\waif.yaml/callers_returns_valid_waifs_for_wizards (0.00s)
        --- SKIP: TestConformance/language\waif.yaml/task_stack_returns_valid_waifs_for_owners (0.00s)
        --- SKIP: TestConformance/language\waif.yaml/queued_tasks_returns_valid_waifs (0.00s)
        --- SKIP: TestConformance/language\waif.yaml/nested_waif_map_indexes (0.00s)
        --- SKIP: TestConformance/language\waif.yaml/deeply_nested_waif_map_indexes (0.00s)
    --- FAIL: TestConformance/basic\object.yaml (0.00s)
        --- FAIL: TestConformance/basic\object.yaml/parent_of_newly_created_object (0.00s)
        --- PASS: TestConformance/basic\object.yaml/name_of_newly_created_object (0.00s)
        --- FAIL: TestConformance/basic\object.yaml/location_of_newly_created_object (0.00s)
        --- PASS: TestConformance/basic\object.yaml/contents_of_newly_created_object (0.00s)
        --- PASS: TestConformance/basic\object.yaml/programmer_flag_of_newly_created_object (0.00s)
        --- PASS: TestConformance/basic\object.yaml/wizard_flag_of_newly_created_object (0.00s)
        --- FAIL: TestConformance/basic\object.yaml/r_flag_of_newly_created_object (0.00s)
        --- FAIL: TestConformance/basic\object.yaml/w_flag_of_newly_created_object (0.00s)
        --- PASS: TestConformance/basic\object.yaml/f_flag_of_newly_created_object (0.00s)
        --- PASS: TestConformance/basic\object.yaml/is_player_of_newly_created_object (0.00s)
        --- PASS: TestConformance/basic\object.yaml/valid_nothing (0.00s)
        --- PASS: TestConformance/basic\object.yaml/valid_system_object (0.00s)
        --- PASS: TestConformance/basic\object.yaml/children_of_system_object (0.00s)
    --- FAIL: TestConformance/basic\string.yaml (0.00s)
        --- PASS: TestConformance/basic\string.yaml/length_returns_string_length (0.00s)
        --- PASS: TestConformance/basic\string.yaml/strsub_substitutes_substring (0.00s)
        --- PASS: TestConformance/basic\string.yaml/index_finds_substring_position (0.00s)
        --- PASS: TestConformance/basic\string.yaml/index_returns_zero_when_not_found (0.00s)
        --- PASS: TestConformance/basic\string.yaml/index_case_sensitive_finds_match (0.00s)
        --- PASS: TestConformance/basic\string.yaml/index_case_sensitive_no_match (0.00s)
        --- PASS: TestConformance/basic\string.yaml/index_case_insensitive_no_match (0.00s)
        --- PASS: TestConformance/basic\string.yaml/rindex_finds_last_occurrence (0.00s)
        --- PASS: TestConformance/basic\string.yaml/rindex_returns_zero_when_not_found (0.00s)
        --- PASS: TestConformance/basic\string.yaml/rindex_case_sensitive_finds_match (0.00s)
        --- PASS: TestConformance/basic\string.yaml/rindex_case_insensitive_finds_first (0.00s)
        --- PASS: TestConformance/basic\string.yaml/strcmp_less_than (0.00s)
        --- PASS: TestConformance/basic\string.yaml/strcmp_greater_than (0.00s)
        --- PASS: TestConformance/basic\string.yaml/strcmp_equal (0.00s)
        --- PASS: TestConformance/basic\string.yaml/decode_binary_simple_string (0.00s)
        --- PASS: TestConformance/basic\string.yaml/decode_binary_with_escapes (0.00s)
        --- PASS: TestConformance/basic\string.yaml/decode_binary_multiple_lines (0.00s)
        --- FAIL: TestConformance/basic\string.yaml/decode_binary_to_bytes (0.00s)
        --- PASS: TestConformance/basic\string.yaml/encode_binary_escapes_tilde (0.00s)
        --- PASS: TestConformance/basic\string.yaml/encode_binary_with_list (0.00s)
        --- PASS: TestConformance/basic\string.yaml/encode_binary_with_varargs (0.00s)
        --- FAIL: TestConformance/basic\string.yaml/crypt_hashes_string (0.00s)
    --- FAIL: TestConformance/builtins\algorithms.yaml (0.00s)
        --- PASS: TestConformance/builtins\algorithms.yaml/encode_base64_empty (0.00s)
        --- PASS: TestConformance/builtins\algorithms.yaml/encode_base64_one_char (0.00s)
        --- PASS: TestConformance/builtins\algorithms.yaml/encode_base64_two_char (0.00s)
        --- PASS: TestConformance/builtins\algorithms.yaml/encode_base64_three_char (0.00s)
        --- PASS: TestConformance/builtins\algorithms.yaml/encode_base64_binary_ff (0.00s)
        --- PASS: TestConformance/builtins\algorithms.yaml/encode_base64_binary_fb (0.00s)
        --- PASS: TestConformance/builtins\algorithms.yaml/encode_base64_url_safe_empty (0.00s)
        --- PASS: TestConformance/builtins\algorithms.yaml/encode_base64_url_safe_one_char (0.00s)
        --- PASS: TestConformance/builtins\algorithms.yaml/encode_base64_url_safe_binary_ff (0.00s)
        --- PASS: TestConformance/builtins\algorithms.yaml/encode_base64_url_safe_binary_fb (0.00s)
        --- PASS: TestConformance/builtins\algorithms.yaml/encode_base64_binary_string_foobar (0.00s)
        --- PASS: TestConformance/builtins\algorithms.yaml/encode_base64_bad_binary_string (0.00s)
        --- PASS: TestConformance/builtins\algorithms.yaml/encode_base64_length_one_char (0.00s)
        --- PASS: TestConformance/builtins\algorithms.yaml/encode_base64_url_safe_length_one_char (0.00s)
        --- PASS: TestConformance/builtins\algorithms.yaml/decode_base64_one_char (0.00s)
        --- PASS: TestConformance/builtins\algorithms.yaml/decode_base64_two_char (0.00s)
        --- PASS: TestConformance/builtins\algorithms.yaml/decode_base64_three_char (0.00s)
        --- PASS: TestConformance/builtins\algorithms.yaml/decode_base64_binary_ff (0.00s)
        --- PASS: TestConformance/builtins\algorithms.yaml/decode_base64_url_safe_one_char (0.00s)
        --- PASS: TestConformance/builtins\algorithms.yaml/decode_base64_url_safe_binary_ff (0.00s)
        --- PASS: TestConformance/builtins\algorithms.yaml/decode_base64_bad_chars (0.00s)
        --- PASS: TestConformance/builtins\algorithms.yaml/decode_base64_not_binary_string (0.00s)
        --- PASS: TestConformance/builtins\algorithms.yaml/decode_base64_padding_required_standard (0.00s)
        --- PASS: TestConformance/builtins\algorithms.yaml/decode_base64_padding_optional_url_safe (0.00s)
        --- PASS: TestConformance/builtins\algorithms.yaml/decode_base64_embedded_padding (0.00s)
        --- PASS: TestConformance/builtins\algorithms.yaml/decode_base64_too_much_padding (0.00s)
        --- PASS: TestConformance/builtins\algorithms.yaml/decode_base64_min_length (0.00s)
        --- PASS: TestConformance/builtins\algorithms.yaml/string_hash_abc_md5 (0.00s)
        --- PASS: TestConformance/builtins\algorithms.yaml/string_hash_abc_sha1 (0.00s)
        --- PASS: TestConformance/builtins\algorithms.yaml/string_hash_abc_sha256 (0.00s)
        --- PASS: TestConformance/builtins\algorithms.yaml/string_hash_abc_sha256_default (0.00s)
        --- PASS: TestConformance/builtins\algorithms.yaml/string_hash_abc_ripemd160 (0.00s)
        --- PASS: TestConformance/builtins\algorithms.yaml/string_hash_abc_sha224 (0.00s)
        --- PASS: TestConformance/builtins\algorithms.yaml/string_hash_abc_sha384 (0.00s)
        --- PASS: TestConformance/builtins\algorithms.yaml/string_hash_abc_sha512 (0.00s)
        --- PASS: TestConformance/builtins\algorithms.yaml/string_hash_invalid_algorithm (0.00s)
        --- PASS: TestConformance/builtins\algorithms.yaml/binary_hash_abc_md5 (0.00s)
        --- PASS: TestConformance/builtins\algorithms.yaml/binary_hash_nulls_sha256 (0.00s)
        --- PASS: TestConformance/builtins\algorithms.yaml/binary_hash_bad_binary_string (0.00s)
        --- PASS: TestConformance/builtins\algorithms.yaml/value_hash_empty_list_sha256 (0.00s)
        --- PASS: TestConformance/builtins\algorithms.yaml/value_hash_empty_map_sha256 (0.00s)
        --- PASS: TestConformance/builtins\algorithms.yaml/md5_empty_string (0.00s)
        --- PASS: TestConformance/builtins\algorithms.yaml/md5_single_a (0.00s)
        --- PASS: TestConformance/builtins\algorithms.yaml/md5_message_digest (0.00s)
        --- PASS: TestConformance/builtins\algorithms.yaml/md5_alphabet (0.00s)
        --- PASS: TestConformance/builtins\algorithms.yaml/sha1_empty_string (0.00s)
        --- PASS: TestConformance/builtins\algorithms.yaml/sha1_single_a (0.00s)
        --- PASS: TestConformance/builtins\algorithms.yaml/sha1_message_digest (0.00s)
        --- PASS: TestConformance/builtins\algorithms.yaml/string_hmac_jefe_sha256 (0.00s)
        --- PASS: TestConformance/builtins\algorithms.yaml/string_hmac_jefe_sha256_default (0.00s)
        --- PASS: TestConformance/builtins\algorithms.yaml/string_hmac_empty_sha256 (0.00s)
        --- PASS: TestConformance/builtins\algorithms.yaml/string_hmac_jefe_sha1 (0.00s)
        --- PASS: TestConformance/builtins\algorithms.yaml/string_hmac_invalid_algorithm (0.00s)
        --- PASS: TestConformance/builtins\algorithms.yaml/binary_hmac_jefe_sha1 (0.00s)
        --- PASS: TestConformance/builtins\algorithms.yaml/binary_hmac_hi_there_sha1 (0.00s)
        --- PASS: TestConformance/builtins\algorithms.yaml/binary_hmac_empty_sha256 (0.00s)
        --- PASS: TestConformance/builtins\algorithms.yaml/binary_hmac_bad_binary_string (0.00s)
        --- PASS: TestConformance/builtins\algorithms.yaml/binary_hmac_bad_key (0.00s)
        --- PASS: TestConformance/builtins\algorithms.yaml/value_hmac_jefe_sha1 (0.00s)
        --- PASS: TestConformance/builtins\algorithms.yaml/value_hmac_jefe_sha256 (0.00s)
        --- PASS: TestConformance/builtins\algorithms.yaml/value_hmac_empty_sha256 (0.00s)
        --- PASS: TestConformance/builtins\algorithms.yaml/string_hash_case_insensitive_md5 (0.00s)
        --- PASS: TestConformance/builtins\algorithms.yaml/binary_hash_case_insensitive_sha256 (0.00s)
        --- PASS: TestConformance/builtins\algorithms.yaml/value_hash_case_insensitive_sha1 (0.00s)
        --- FAIL: TestConformance/builtins\algorithms.yaml/string_hash_binary_output_md5 (0.00s)
        --- FAIL: TestConformance/builtins\algorithms.yaml/binary_hash_binary_output_sha256 (0.00s)
        --- FAIL: TestConformance/builtins\algorithms.yaml/value_hash_binary_output_sha1 (0.00s)
        --- FAIL: TestConformance/builtins\algorithms.yaml/string_hmac_binary_output_sha256 (0.00s)
        --- FAIL: TestConformance/builtins\algorithms.yaml/binary_hmac_binary_output_sha1 (0.00s)
        --- FAIL: TestConformance/builtins\algorithms.yaml/value_hmac_binary_output_sha256 (0.00s)
        --- PASS: TestConformance/builtins\algorithms.yaml/hash_length_md5 (0.00s)
        --- PASS: TestConformance/builtins\algorithms.yaml/hash_length_sha1 (0.00s)
        --- PASS: TestConformance/builtins\algorithms.yaml/hash_length_sha224 (0.00s)
        --- PASS: TestConformance/builtins\algorithms.yaml/hash_length_sha256 (0.00s)
        --- PASS: TestConformance/builtins\algorithms.yaml/hash_length_sha384 (0.00s)
        --- PASS: TestConformance/builtins\algorithms.yaml/hash_length_sha512 (0.00s)
        --- PASS: TestConformance/builtins\algorithms.yaml/hash_length_ripemd160 (0.00s)
        --- PASS: TestConformance/builtins\algorithms.yaml/salt_standard_two_char (0.00s)
        --- PASS: TestConformance/builtins\algorithms.yaml/salt_standard_requires_two_chars (0.00s)
        --- PASS: TestConformance/builtins\algorithms.yaml/salt_md5_prefix (0.00s)
        --- PASS: TestConformance/builtins\algorithms.yaml/salt_md5_requires_three_chars (0.00s)
        --- PASS: TestConformance/builtins\algorithms.yaml/salt_sha256_prefix (0.00s)
        --- PASS: TestConformance/builtins\algorithms.yaml/salt_sha256_requires_three_chars (0.00s)
        --- PASS: TestConformance/builtins\algorithms.yaml/salt_sha256_rounds (0.00s)
        --- PASS: TestConformance/builtins\algorithms.yaml/salt_sha256_rounds_min (0.00s)
        --- PASS: TestConformance/builtins\algorithms.yaml/salt_sha256_rounds_max (0.00s)
        --- PASS: TestConformance/builtins\algorithms.yaml/salt_sha512_prefix (0.00s)
        --- PASS: TestConformance/builtins\algorithms.yaml/salt_sha512_requires_three_chars (0.00s)
        --- PASS: TestConformance/builtins\algorithms.yaml/salt_sha512_rounds (0.00s)
        --- PASS: TestConformance/builtins\algorithms.yaml/salt_bcrypt_prefix (0.00s)
        --- PASS: TestConformance/builtins\algorithms.yaml/salt_bcrypt_requires_sixteen_chars (0.00s)
        --- FAIL: TestConformance/builtins\algorithms.yaml/salt_bcrypt_cost_factor (0.00s)
        --- PASS: TestConformance/builtins\algorithms.yaml/salt_bcrypt_cost_min (0.00s)
        --- PASS: TestConformance/builtins\algorithms.yaml/salt_bcrypt_cost_max (0.00s)
        --- PASS: TestConformance/builtins\algorithms.yaml/salt_binary_string (0.00s)
        --- PASS: TestConformance/builtins\algorithms.yaml/salt_bad_binary_string (0.00s)
        --- PASS: TestConformance/builtins\algorithms.yaml/salt_invalid_prefix (0.00s)
        --- FAIL: TestConformance/builtins\algorithms.yaml/crypt_one_arg_defaults_to_unix (0.00s)
        --- FAIL: TestConformance/builtins\algorithms.yaml/crypt_falls_through_to_unix (0.00s)
        --- FAIL: TestConformance/builtins\algorithms.yaml/crypt_sha256_with_salt (0.00s)
        --- FAIL: TestConformance/builtins\algorithms.yaml/crypt_sha256_rounds_wizard (0.00s)
        --- FAIL: TestConformance/builtins\algorithms.yaml/crypt_sha256_rounds_non_wizard (0.00s)
        --- FAIL: TestConformance/builtins\algorithms.yaml/crypt_sha512_with_salt (0.00s)
        --- FAIL: TestConformance/builtins\algorithms.yaml/crypt_sha512_rounds_wizard (0.00s)
        --- FAIL: TestConformance/builtins\algorithms.yaml/crypt_sha512_rounds_non_wizard (0.00s)
        --- FAIL: TestConformance/builtins\algorithms.yaml/crypt_bcrypt_with_salt (0.00s)
        --- FAIL: TestConformance/builtins\algorithms.yaml/crypt_bcrypt_requires_sixteen_chars (0.00s)
        --- FAIL: TestConformance/builtins\algorithms.yaml/crypt_bcrypt_cost_factor (0.00s)
        --- FAIL: TestConformance/builtins\algorithms.yaml/crypt_bcrypt_cost_min (0.00s)
        --- FAIL: TestConformance/builtins\algorithms.yaml/crypt_bcrypt_cost_max (0.00s)
        --- FAIL: TestConformance/builtins\algorithms.yaml/crypt_bcrypt_cost_non_five_requires_wizard (0.00s)
        --- FAIL: TestConformance/builtins\algorithms.yaml/crypt_invalid_salt (0.00s)
    --- FAIL: TestConformance/builtins\create.yaml (0.00s)
        --- PASS: TestConformance/builtins\create.yaml/requires_argument (0.00s)
        --- PASS: TestConformance/builtins\create.yaml/first_arg_rejects_integer (0.00s)
        --- PASS: TestConformance/builtins\create.yaml/first_arg_rejects_list_of_integers (0.00s)
        --- PASS: TestConformance/builtins\create.yaml/first_arg_accepts_object (0.00s)
        --- FAIL: TestConformance/builtins\create.yaml/first_arg_accepts_object_alt (0.00s)
        --- PASS: TestConformance/builtins\create.yaml/first_arg_accepts_list_of_objects (0.00s)
        --- PASS: TestConformance/builtins\create.yaml/second_arg_as_owner_accepts_object (0.00s)
        --- FAIL: TestConformance/builtins\create.yaml/second_arg_as_owner_sets_owner_to_self (0.00s)
        --- PASS: TestConformance/builtins\create.yaml/second_arg_as_owner_sets_owner (0.00s)
        --- FAIL: TestConformance/builtins\create.yaml/second_arg_as_int_accepts_anonymous_flag (0.00s)
        --- FAIL: TestConformance/builtins\create.yaml/second_arg_1_creates_anonymous (0.00s)
        --- PASS: TestConformance/builtins\create.yaml/second_arg_0_creates_object (0.00s)
        --- FAIL: TestConformance/builtins\create.yaml/second_arg_as_list_passes_empty_args (0.00s)
        --- FAIL: TestConformance/builtins\create.yaml/second_arg_as_list_passes_args (0.00s)
        --- FAIL: TestConformance/builtins\create.yaml/second_arg_omitted_passes_empty_args (0.00s)
        --- FAIL: TestConformance/builtins\create.yaml/third_arg_as_int_accepts_anonymous_flag (0.00s)
        --- FAIL: TestConformance/builtins\create.yaml/third_arg_1_creates_anonymous (0.00s)
        --- PASS: TestConformance/builtins\create.yaml/third_arg_0_creates_object (0.00s)
        --- FAIL: TestConformance/builtins\create.yaml/third_arg_as_list_passes_empty_args (0.00s)
        --- FAIL: TestConformance/builtins\create.yaml/third_arg_as_list_passes_args (0.00s)
        --- FAIL: TestConformance/builtins\create.yaml/third_arg_as_empty_list_passes_empty_args (0.00s)
        --- FAIL: TestConformance/builtins\create.yaml/fourth_arg_as_int_accepts_anonymous_flag (0.00s)
        --- FAIL: TestConformance/builtins\create.yaml/fourth_arg_1_creates_anonymous (0.00s)
        --- PASS: TestConformance/builtins\create.yaml/fourth_arg_0_creates_object (0.00s)
        --- FAIL: TestConformance/builtins\create.yaml/fourth_arg_as_list_passes_empty_args (0.00s)
        --- FAIL: TestConformance/builtins\create.yaml/fourth_arg_as_list_passes_args (0.00s)
        --- FAIL: TestConformance/builtins\create.yaml/fourth_arg_as_empty_list_passes_empty_args (0.00s)
        --- PASS: TestConformance/builtins\create.yaml/regular_object_can_be_own_owner (0.00s)
        --- FAIL: TestConformance/builtins\create.yaml/anonymous_cannot_be_own_owner (0.00s)
        --- FAIL: TestConformance/builtins\create.yaml/type_error_int_list_obj (0.00s)
        --- PASS: TestConformance/builtins\create.yaml/type_error_list_obj (0.00s)
        --- FAIL: TestConformance/builtins\create.yaml/type_error_obj_obj (0.00s)
        --- FAIL: TestConformance/builtins\create.yaml/type_error_obj_int_int (0.00s)
        --- FAIL: TestConformance/builtins\create.yaml/type_error_obj_list_list (0.00s)
        --- FAIL: TestConformance/builtins\create.yaml/type_error_int_int (0.00s)
        --- PASS: TestConformance/builtins\create.yaml/type_error_list_list (0.00s)
        --- FAIL: TestConformance/builtins\create.yaml/type_error_obj_float (0.00s)
        --- PASS: TestConformance/builtins\create.yaml/type_error_float_int (0.00s)
        --- FAIL: TestConformance/builtins\create.yaml/type_error_map (0.00s)
        --- FAIL: TestConformance/builtins\create.yaml/type_error_float (0.00s)
        --- PASS: TestConformance/builtins\create.yaml/wizard_can_set_fertile_flag (0.00s)
        --- SKIP: TestConformance/builtins\create.yaml/owner_cannot_set_others_fertile_flag (0.00s)
        --- PASS: TestConformance/builtins\create.yaml/owner_can_set_own_fertile_flag (0.00s)
        --- FAIL: TestConformance/builtins\create.yaml/wizard_can_set_anonymous_flag (0.00s)
        --- SKIP: TestConformance/builtins\create.yaml/owner_cannot_set_others_anonymous_flag (0.00s)
        --- FAIL: TestConformance/builtins\create.yaml/owner_can_set_own_anonymous_flag (0.00s)
        --- PASS: TestConformance/builtins\create.yaml/wizard_creates_without_fertile_flag_system (0.00s)
        --- FAIL: TestConformance/builtins\create.yaml/wizard_creates_without_fertile_flag_object (0.00s)
        --- PASS: TestConformance/builtins\create.yaml/owner_creates_self_without_fertile_flag (0.00s)
        --- SKIP: TestConformance/builtins\create.yaml/owner_cannot_create_non_fertile_other (0.00s)
        --- FAIL: TestConformance/builtins\create.yaml/programmer_creates_with_fertile_flag (0.00s)
        --- SKIP: TestConformance/builtins\create.yaml/programmer_cannot_create_non_fertile (0.00s)
        --- PASS: TestConformance/builtins\create.yaml/wizard_creates_anonymous_without_anonymous_flag_system (0.00s)
        --- PASS: TestConformance/builtins\create.yaml/wizard_creates_anonymous_without_anonymous_flag_anonymous (0.00s)
        --- PASS: TestConformance/builtins\create.yaml/owner_creates_anonymous_self_without_flag (0.00s)
        --- SKIP: TestConformance/builtins\create.yaml/owner_cannot_create_anonymous_other_without_flag (0.00s)
        --- PASS: TestConformance/builtins\create.yaml/programmer_creates_anonymous_with_flag (0.00s)
        --- SKIP: TestConformance/builtins\create.yaml/programmer_cannot_create_anonymous_without_flag (0.00s)
        --- FAIL: TestConformance/builtins\create.yaml/creates_object_type (0.00s)
        --- FAIL: TestConformance/builtins\create.yaml/creates_anonymous_type (0.00s)
        --- SKIP: TestConformance/builtins\create.yaml/creating_object_increments_max_object (0.00s)
        --- SKIP: TestConformance/builtins\create.yaml/creating_anonymous_does_not_increment_max_object (0.00s)
        --- SKIP: TestConformance/builtins\create.yaml/creating_object_calls_initialize (0.00s)
        --- SKIP: TestConformance/builtins\create.yaml/creating_anonymous_calls_initialize (0.00s)
        --- SKIP: TestConformance/builtins\create.yaml/object_appears_in_parent_children (0.00s)
        --- FAIL: TestConformance/builtins\create.yaml/anonymous_does_not_appear_in_parent_children (0.00s)
        --- FAIL: TestConformance/builtins\create.yaml/duplicate_parents_not_allowed_objects (0.00s)
        --- FAIL: TestConformance/builtins\create.yaml/duplicate_parents_not_allowed_anonymous (0.00s)
        --- SKIP: TestConformance/builtins\create.yaml/parents_cannot_have_same_property_name (0.00s)
    --- FAIL: TestConformance/builtins\miscellaneous.yaml (0.00s)
        --- FAIL: TestConformance/builtins\miscellaneous.yaml/isa_returns_false_for_parent_child (0.00s)
        --- FAIL: TestConformance/builtins\miscellaneous.yaml/isa_returns_true_for_child_parent (0.00s)
        --- FAIL: TestConformance/builtins\miscellaneous.yaml/isa_nothing_child_returns_false (0.00s)
        --- FAIL: TestConformance/builtins\miscellaneous.yaml/isa_nothing_parent_returns_false (0.00s)
        --- FAIL: TestConformance/builtins\miscellaneous.yaml/isa_nothing_nothing_returns_false (0.00s)
        --- FAIL: TestConformance/builtins\miscellaneous.yaml/isa_invalid_parent_returns_false (0.00s)
        --- FAIL: TestConformance/builtins\miscellaneous.yaml/isa_invalid_child_returns_false (0.00s)
        --- FAIL: TestConformance/builtins\miscellaneous.yaml/isa_both_invalid_returns_false (0.00s)
        --- FAIL: TestConformance/builtins\miscellaneous.yaml/isa_negative_parent_returns_false (0.00s)
        --- FAIL: TestConformance/builtins\miscellaneous.yaml/isa_negative_child_returns_false (0.00s)
        --- FAIL: TestConformance/builtins\miscellaneous.yaml/isa_with_create_no_opt (0.00s)
        --- FAIL: TestConformance/builtins\miscellaneous.yaml/isa_with_create_opt_1 (0.00s)
        --- FAIL: TestConformance/builtins\miscellaneous.yaml/isa_with_create_reverse_no_opt (0.00s)
        --- FAIL: TestConformance/builtins\miscellaneous.yaml/isa_with_create_reverse_opt_1 (0.00s)
    --- PASS: TestConformance/builtins\primitives.yaml (0.00s)
        --- PASS: TestConformance/builtins\primitives.yaml/integer_without_prototype (0.00s)
        --- PASS: TestConformance/builtins\primitives.yaml/float_without_prototype (0.00s)
        --- PASS: TestConformance/builtins\primitives.yaml/string_without_prototype (0.00s)
        --- PASS: TestConformance/builtins\primitives.yaml/error_without_prototype (0.00s)
        --- PASS: TestConformance/builtins\primitives.yaml/list_without_prototype (0.00s)
        --- PASS: TestConformance/builtins\primitives.yaml/map_without_prototype (0.00s)
        --- SKIP: TestConformance/builtins\primitives.yaml/integer_prototype_no_verb (0.00s)
        --- SKIP: TestConformance/builtins\primitives.yaml/integer_prototype_with_verb (0.00s)
        --- SKIP: TestConformance/builtins\primitives.yaml/float_prototype_no_verb (0.00s)
        --- SKIP: TestConformance/builtins\primitives.yaml/float_prototype_with_verb (0.00s)
        --- SKIP: TestConformance/builtins\primitives.yaml/string_prototype_no_verb (0.00s)
        --- SKIP: TestConformance/builtins\primitives.yaml/string_prototype_with_verb (0.00s)
        --- SKIP: TestConformance/builtins\primitives.yaml/error_prototype_no_verb (0.00s)
        --- SKIP: TestConformance/builtins\primitives.yaml/error_prototype_with_verb (0.00s)
        --- SKIP: TestConformance/builtins\primitives.yaml/list_prototype_no_verb (0.00s)
        --- SKIP: TestConformance/builtins\primitives.yaml/list_prototype_with_verb (0.00s)
        --- SKIP: TestConformance/builtins\primitives.yaml/map_prototype_no_verb (0.00s)
        --- SKIP: TestConformance/builtins\primitives.yaml/map_prototype_with_verb (0.00s)
        --- SKIP: TestConformance/builtins\primitives.yaml/queued_tasks_includes_this_map (0.00s)
        --- SKIP: TestConformance/builtins\primitives.yaml/callers_includes_this_list (0.00s)
        --- SKIP: TestConformance/builtins\primitives.yaml/inheritance_with_prototypes (0.00s)
        --- SKIP: TestConformance/builtins\primitives.yaml/pass_works_with_prototypes (0.00s)
    --- FAIL: TestConformance/language\index_and_range.yaml (0.00s)
        --- PASS: TestConformance/language\index_and_range.yaml/caret_map_first (0.00s)
        --- FAIL: TestConformance/language\index_and_range.yaml/caret_map_first_plus_one (0.00s)
        --- PASS: TestConformance/language\index_and_range.yaml/caret_empty_map_error (0.00s)
        --- PASS: TestConformance/language\index_and_range.yaml/caret_map_assign_first (0.00s)
        --- PASS: TestConformance/language\index_and_range.yaml/caret_map_assign_computed_key (0.00s)
        --- PASS: TestConformance/language\index_and_range.yaml/caret_list_first (0.00s)
        --- PASS: TestConformance/language\index_and_range.yaml/caret_list_first_plus_one (0.00s)
        --- PASS: TestConformance/language\index_and_range.yaml/caret_empty_list_error (0.00s)
        --- PASS: TestConformance/language\index_and_range.yaml/caret_list_assign_first (0.00s)
        --- PASS: TestConformance/language\index_and_range.yaml/caret_list_assign_first_plus_one (0.00s)
        --- PASS: TestConformance/language\index_and_range.yaml/caret_string_first (0.00s)
        --- PASS: TestConformance/language\index_and_range.yaml/caret_string_first_plus_one (0.00s)
        --- PASS: TestConformance/language\index_and_range.yaml/caret_empty_string_error (0.00s)
        --- PASS: TestConformance/language\index_and_range.yaml/caret_string_assign_first (0.00s)
        --- PASS: TestConformance/language\index_and_range.yaml/caret_string_assign_first_plus_one (0.00s)
        --- PASS: TestConformance/language\index_and_range.yaml/dollar_map_last (0.00s)
        --- FAIL: TestConformance/language\index_and_range.yaml/dollar_map_last_minus_one (0.00s)
        --- PASS: TestConformance/language\index_and_range.yaml/dollar_empty_map_error (0.00s)
        --- PASS: TestConformance/language\index_and_range.yaml/dollar_map_assign_last (0.00s)
        --- PASS: TestConformance/language\index_and_range.yaml/dollar_map_assign_computed_key (0.00s)
        --- PASS: TestConformance/language\index_and_range.yaml/dollar_list_last (0.00s)
        --- PASS: TestConformance/language\index_and_range.yaml/dollar_list_last_minus_one (0.00s)
        --- PASS: TestConformance/language\index_and_range.yaml/dollar_empty_list_error (0.00s)
        --- PASS: TestConformance/language\index_and_range.yaml/dollar_list_assign_last (0.00s)
        --- PASS: TestConformance/language\index_and_range.yaml/dollar_list_assign_last_minus_one (0.00s)
        --- PASS: TestConformance/language\index_and_range.yaml/dollar_string_last (0.00s)
        --- PASS: TestConformance/language\index_and_range.yaml/dollar_string_last_minus_one (0.00s)
        --- PASS: TestConformance/language\index_and_range.yaml/dollar_empty_string_error (0.00s)
        --- PASS: TestConformance/language\index_and_range.yaml/dollar_string_assign_last (0.00s)
        --- PASS: TestConformance/language\index_and_range.yaml/dollar_string_assign_last_minus_one (0.00s)
        --- PASS: TestConformance/language\index_and_range.yaml/range_map_full (0.00s)
        --- PASS: TestConformance/language\index_and_range.yaml/range_map_inner (0.00s)
        --- PASS: TestConformance/language\index_and_range.yaml/range_map_inverted (0.00s)
        --- FAIL: TestConformance/language\index_and_range.yaml/range_map_assign_exact (0.00s)
        --- FAIL: TestConformance/language\index_and_range.yaml/range_map_assign_delete (0.00s)
        --- PASS: TestConformance/language\index_and_range.yaml/range_map_assign_shift_keys (0.00s)
        --- FAIL: TestConformance/language\index_and_range.yaml/range_map_assign_prepend_keys (0.00s)
        --- PASS: TestConformance/language\index_and_range.yaml/range_map_assign_append_keys (0.00s)
        --- FAIL: TestConformance/language\index_and_range.yaml/range_map_assign_both_prepend_append (0.00s)
        --- FAIL: TestConformance/language\index_and_range.yaml/range_map_assign_string_keys (0.00s)
        --- PASS: TestConformance/language\index_and_range.yaml/range_map_assign_inverted_append (0.00s)
        --- PASS: TestConformance/language\index_and_range.yaml/range_map_assign_inverted_dollar_caret (0.00s)
        --- PASS: TestConformance/language\index_and_range.yaml/range_list_tail (0.00s)
        --- FAIL: TestConformance/language\index_and_range.yaml/range_list_single (0.00s)
        --- FAIL: TestConformance/language\index_and_range.yaml/range_list_inverted_invalid (0.00s)
        --- PASS: TestConformance/language\index_and_range.yaml/range_list_full (0.00s)
        --- PASS: TestConformance/language\index_and_range.yaml/range_list_inner (0.00s)
        --- PASS: TestConformance/language\index_and_range.yaml/range_list_inverted (0.00s)
        --- PASS: TestConformance/language\index_and_range.yaml/range_list_assign_replace (0.00s)
        --- PASS: TestConformance/language\index_and_range.yaml/range_list_assign_insert (0.00s)
        --- FAIL: TestConformance/language\index_and_range.yaml/range_list_assign_nested_string (0.00s)
        --- PASS: TestConformance/language\index_and_range.yaml/range_list_assign_inverted_append (0.00s)
        --- PASS: TestConformance/language\index_and_range.yaml/range_list_assign_inverted_dollar_caret (0.00s)
        --- PASS: TestConformance/language\index_and_range.yaml/range_string_tail (0.00s)
        --- PASS: TestConformance/language\index_and_range.yaml/range_string_single (0.00s)
        --- FAIL: TestConformance/language\index_and_range.yaml/range_string_inverted_invalid (0.00s)
        --- PASS: TestConformance/language\index_and_range.yaml/range_string_full (0.00s)
        --- PASS: TestConformance/language\index_and_range.yaml/range_string_inner (0.00s)
        --- PASS: TestConformance/language\index_and_range.yaml/range_string_inverted (0.00s)
        --- FAIL: TestConformance/language\index_and_range.yaml/range_string_assign_append (0.00s)
        --- PASS: TestConformance/language\index_and_range.yaml/range_string_assign_replace (0.00s)
        --- PASS: TestConformance/language\index_and_range.yaml/range_string_assign_prepend (0.00s)
        --- PASS: TestConformance/language\index_and_range.yaml/range_string_assign_inverted_append (0.00s)
        --- PASS: TestConformance/language\index_and_range.yaml/range_string_assign_inverted_dollar_caret (0.00s)
        --- SKIP: TestConformance/language\index_and_range.yaml/decompile_with_index_operators (0.00s)
        --- SKIP: TestConformance/language\index_and_range.yaml/disassemble_with_index_operators (0.00s)
        --- PASS: TestConformance/language\index_and_range.yaml/exponentiation_precedence_in_range (0.00s)
        --- PASS: TestConformance/language\index_and_range.yaml/exponentiation_precedence_in_index (0.00s)
        --- PASS: TestConformance/language\index_and_range.yaml/exponentiation_precedence_direct (0.00s)
        --- PASS: TestConformance/language\index_and_range.yaml/int_caret_error (0.00s)
        --- PASS: TestConformance/language\index_and_range.yaml/int_dollar_error (0.00s)
        --- PASS: TestConformance/language\index_and_range.yaml/int_range_error (0.00s)
        --- PASS: TestConformance/language\index_and_range.yaml/int_caret_assign_error (0.00s)
        --- PASS: TestConformance/language\index_and_range.yaml/int_dollar_assign_error (0.00s)
        --- PASS: TestConformance/language\index_and_range.yaml/int_range_assign_error (0.00s)
        --- PASS: TestConformance/language\index_and_range.yaml/float_caret_error (0.00s)
        --- PASS: TestConformance/language\index_and_range.yaml/float_dollar_error (0.00s)
        --- PASS: TestConformance/language\index_and_range.yaml/float_range_error (0.00s)
        --- PASS: TestConformance/language\index_and_range.yaml/float_caret_assign_error (0.00s)
        --- PASS: TestConformance/language\index_and_range.yaml/float_dollar_assign_error (0.00s)
        --- PASS: TestConformance/language\index_and_range.yaml/float_range_assign_error (0.00s)
        --- FAIL: TestConformance/language\index_and_range.yaml/map_list_index_error (0.00s)
        --- FAIL: TestConformance/language\index_and_range.yaml/map_map_index_error (0.00s)
        --- PASS: TestConformance/language\index_and_range.yaml/map_string_assign_error (0.00s)
        --- PASS: TestConformance/language\index_and_range.yaml/map_list_assign_error (0.00s)
        --- PASS: TestConformance/language\index_and_range.yaml/list_obj_index_error (0.00s)
        --- PASS: TestConformance/language\index_and_range.yaml/list_string_index_error (0.00s)
        --- PASS: TestConformance/language\index_and_range.yaml/list_obj_assign_error (0.00s)
        --- PASS: TestConformance/language\index_and_range.yaml/list_string_assign_error (0.00s)
        --- PASS: TestConformance/language\index_and_range.yaml/list_string_range_assign_error (0.00s)
        --- PASS: TestConformance/language\index_and_range.yaml/list_map_range_assign_error (0.00s)
        --- PASS: TestConformance/language\index_and_range.yaml/string_obj_index_error (0.00s)
        --- PASS: TestConformance/language\index_and_range.yaml/string_string_index_error (0.00s)
        --- PASS: TestConformance/language\index_and_range.yaml/string_obj_assign_error (0.00s)
        --- PASS: TestConformance/language\index_and_range.yaml/string_string_assign_error (0.00s)
        --- PASS: TestConformance/language\index_and_range.yaml/string_list_range_assign_error (0.00s)
        --- PASS: TestConformance/language\index_and_range.yaml/string_map_range_assign_error (0.00s)
        --- FAIL: TestConformance/language\index_and_range.yaml/map_key_empty_list (0.00s)
        --- FAIL: TestConformance/language\index_and_range.yaml/map_key_empty_map (0.00s)
        --- FAIL: TestConformance/language\index_and_range.yaml/map_index_empty_list (0.00s)
        --- FAIL: TestConformance/language\index_and_range.yaml/map_index_empty_map (0.00s)
        --- FAIL: TestConformance/language\index_and_range.yaml/map_assign_empty_list (0.00s)
        --- FAIL: TestConformance/language\index_and_range.yaml/map_assign_empty_map (0.00s)
        --- PASS: TestConformance/language\index_and_range.yaml/map_range_end_list (0.00s)
        --- PASS: TestConformance/language\index_and_range.yaml/map_range_end_map (0.00s)
        --- PASS: TestConformance/language\index_and_range.yaml/map_range_assign_end_list (0.00s)
        --- PASS: TestConformance/language\index_and_range.yaml/map_range_assign_end_map (0.00s)
        --- PASS: TestConformance/language\index_and_range.yaml/inverted_range_map (0.00s)
        --- PASS: TestConformance/language\index_and_range.yaml/inverted_range_list (0.00s)
        --- PASS: TestConformance/language\index_and_range.yaml/inverted_range_string (0.00s)
        --- FAIL: TestConformance/language\index_and_range.yaml/inverted_range_map_invalid (0.00s)
        --- FAIL: TestConformance/language\index_and_range.yaml/inverted_range_list_invalid (0.00s)
        --- FAIL: TestConformance/language\index_and_range.yaml/inverted_range_string_invalid (0.00s)
        --- PASS: TestConformance/language\index_and_range.yaml/range_map_end_invalid (0.00s)
        --- PASS: TestConformance/language\index_and_range.yaml/range_list_end_invalid (0.00s)
        --- PASS: TestConformance/language\index_and_range.yaml/range_string_end_invalid (0.00s)
        --- PASS: TestConformance/language\index_and_range.yaml/range_map_both_invalid (0.00s)
        --- PASS: TestConformance/language\index_and_range.yaml/range_list_both_invalid (0.00s)
        --- PASS: TestConformance/language\index_and_range.yaml/range_string_both_invalid (0.00s)
        --- PASS: TestConformance/language\index_and_range.yaml/range_map_start_negative (0.00s)
        --- PASS: TestConformance/language\index_and_range.yaml/range_list_start_negative (0.00s)
        --- PASS: TestConformance/language\index_and_range.yaml/range_string_start_negative (0.00s)
        --- PASS: TestConformance/language\index_and_range.yaml/range_map_assign_inverted_invalid (0.00s)
        --- PASS: TestConformance/language\index_and_range.yaml/range_list_assign_inverted_invalid (0.00s)
        --- PASS: TestConformance/language\index_and_range.yaml/range_string_assign_inverted_invalid (0.00s)
        --- PASS: TestConformance/language\index_and_range.yaml/range_map_assign_negative (0.00s)
        --- PASS: TestConformance/language\index_and_range.yaml/range_list_assign_negative (0.00s)
        --- PASS: TestConformance/language\index_and_range.yaml/range_string_assign_negative (0.00s)
    --- PASS: TestConformance/server\exec.yaml (0.00s)
        --- SKIP: TestConformance/server\exec.yaml/exec_fails_for_non_wizards (0.00s)
        --- SKIP: TestConformance/server\exec.yaml/exec_fails_for_nonexistent_executables (0.00s)
        --- SKIP: TestConformance/server\exec.yaml/exec_fails_for_absolute_paths (0.00s)
        --- SKIP: TestConformance/server\exec.yaml/exec_fails_for_dot_slash_paths (0.00s)
        --- SKIP: TestConformance/server\exec.yaml/exec_fails_for_parent_dir_paths (0.00s)
        --- SKIP: TestConformance/server\exec.yaml/exec_fails_for_path_traversal (0.00s)
        --- SKIP: TestConformance/server\exec.yaml/exec_io_works (0.00s)
        --- SKIP: TestConformance/server\exec.yaml/exec_args_works (0.00s)
        --- SKIP: TestConformance/server\exec.yaml/exec_exit_status_works (0.00s)
        --- SKIP: TestConformance/server\exec.yaml/exec_with_sleep_works (0.00s)
        --- SKIP: TestConformance/server\exec.yaml/exec_rejects_invalid_binary_string (0.00s)
        --- SKIP: TestConformance/server\exec.yaml/queued_tasks_shows_suspended_exec (0.00s)
        --- SKIP: TestConformance/server\exec.yaml/kill_task_works_on_suspended_exec (0.00s)
        --- SKIP: TestConformance/server\exec.yaml/kill_task_fails_on_already_killed (0.00s)
        --- SKIP: TestConformance/server\exec.yaml/resume_fails_on_suspended_exec (0.00s)
        --- SKIP: TestConformance/server\exec.yaml/suspended_exec_task_stack_matches_suspended_task (0.00s)
        --- SKIP: TestConformance/server\exec.yaml/multiple_simultaneous_execs_work (0.00s)
        --- SKIP: TestConformance/server\exec.yaml/randomly_timed_execs_work (0.00s)
        --- SKIP: TestConformance/server\exec.yaml/multiple_fast_execs_work (0.00s)
        --- SKIP: TestConformance/server\exec.yaml/fuzzy_input_does_not_break_exec (0.00s)
    --- PASS: TestConformance/basic\list.yaml (0.00s)
        --- PASS: TestConformance/basic\list.yaml/length_of_list (0.00s)
        --- PASS: TestConformance/basic\list.yaml/listappend_to_end (0.00s)
        --- PASS: TestConformance/basic\list.yaml/listappend_at_position (0.00s)
        --- PASS: TestConformance/basic\list.yaml/listinsert_at_position_2 (0.00s)
        --- PASS: TestConformance/basic\list.yaml/listinsert_at_position_1 (0.00s)
        --- PASS: TestConformance/basic\list.yaml/listdelete_at_position_2 (0.00s)
        --- PASS: TestConformance/basic\list.yaml/listset_at_position_2 (0.00s)
        --- PASS: TestConformance/basic\list.yaml/setadd_new_element (0.00s)
        --- PASS: TestConformance/basic\list.yaml/setadd_existing_element (0.00s)
    --- FAIL: TestConformance/builtins\eval.yaml (0.00s)
        --- SKIP: TestConformance/builtins\eval.yaml/eval_requires_programmer (0.00s)
        --- PASS: TestConformance/builtins\eval.yaml/eval_requires_at_least_one_argument (0.00s)
        --- PASS: TestConformance/builtins\eval.yaml/eval_requires_string_arguments_int (0.00s)
        --- FAIL: TestConformance/builtins\eval.yaml/eval_requires_string_arguments_two_ints (0.00s)
        --- PASS: TestConformance/builtins\eval.yaml/eval_requires_string_arguments_map (0.00s)
        --- PASS: TestConformance/builtins\eval.yaml/eval_requires_string_arguments_list (0.00s)
        --- FAIL: TestConformance/builtins\eval.yaml/eval_evaluates_multiple_strings (0.00s)
        --- PASS: TestConformance/builtins\eval.yaml/eval_evaluates_single_string (0.00s)
    --- FAIL: TestConformance/builtins\json.yaml (0.00s)
        --- PASS: TestConformance/builtins\json.yaml/generate_json_int (0.00s)
        --- PASS: TestConformance/builtins\json.yaml/generate_json_float (0.00s)
        --- PASS: TestConformance/builtins\json.yaml/generate_json_string (0.00s)
        --- PASS: TestConformance/builtins\json.yaml/generate_json_obj (0.00s)
        --- PASS: TestConformance/builtins\json.yaml/generate_json_error (0.00s)
        --- PASS: TestConformance/builtins\json.yaml/generate_json_empty_list (0.00s)
        --- PASS: TestConformance/builtins\json.yaml/generate_json_empty_map (0.00s)
        --- PASS: TestConformance/builtins\json.yaml/parse_json_int (0.00s)
        --- PASS: TestConformance/builtins\json.yaml/parse_json_float (0.00s)
        --- PASS: TestConformance/builtins\json.yaml/parse_json_string (0.00s)
        --- PASS: TestConformance/builtins\json.yaml/parse_json_empty_list (0.00s)
        --- PASS: TestConformance/builtins\json.yaml/parse_json_empty_map (0.00s)
        --- PASS: TestConformance/builtins\json.yaml/parse_json_object_fails (0.00s)
        --- PASS: TestConformance/builtins\json.yaml/parse_json_error_fails (0.00s)
        --- PASS: TestConformance/builtins\json.yaml/generate_json_int_common (0.00s)
        --- PASS: TestConformance/builtins\json.yaml/generate_json_float_common (0.00s)
        --- PASS: TestConformance/builtins\json.yaml/generate_json_string_common (0.00s)
        --- PASS: TestConformance/builtins\json.yaml/generate_json_obj_common (0.00s)
        --- PASS: TestConformance/builtins\json.yaml/generate_json_error_common (0.00s)
        --- PASS: TestConformance/builtins\json.yaml/generate_json_empty_list_common (0.00s)
        --- PASS: TestConformance/builtins\json.yaml/generate_json_empty_map_common (0.00s)
        --- PASS: TestConformance/builtins\json.yaml/parse_json_int_common (0.00s)
        --- PASS: TestConformance/builtins\json.yaml/parse_json_float_common (0.00s)
        --- PASS: TestConformance/builtins\json.yaml/parse_json_string_common (0.00s)
        --- PASS: TestConformance/builtins\json.yaml/parse_json_empty_list_common (0.00s)
        --- PASS: TestConformance/builtins\json.yaml/parse_json_empty_map_common (0.00s)
        --- PASS: TestConformance/builtins\json.yaml/parse_json_object_fails_common (0.00s)
        --- PASS: TestConformance/builtins\json.yaml/parse_json_error_fails_common (0.00s)
        --- PASS: TestConformance/builtins\json.yaml/generate_json_int_embedded (0.00s)
        --- PASS: TestConformance/builtins\json.yaml/generate_json_float_embedded (0.00s)
        --- PASS: TestConformance/builtins\json.yaml/generate_json_string_embedded (0.00s)
        --- FAIL: TestConformance/builtins\json.yaml/generate_json_obj_embedded (0.00s)
        --- FAIL: TestConformance/builtins\json.yaml/generate_json_error_embedded (0.00s)
        --- PASS: TestConformance/builtins\json.yaml/generate_json_empty_list_embedded (0.00s)
        --- PASS: TestConformance/builtins\json.yaml/generate_json_empty_map_embedded (0.00s)
        --- PASS: TestConformance/builtins\json.yaml/parse_json_int_embedded (0.00s)
        --- PASS: TestConformance/builtins\json.yaml/parse_json_float_embedded (0.00s)
        --- PASS: TestConformance/builtins\json.yaml/parse_json_string_embedded (0.00s)
        --- PASS: TestConformance/builtins\json.yaml/parse_json_empty_list_embedded (0.00s)
        --- PASS: TestConformance/builtins\json.yaml/parse_json_empty_map_embedded (0.00s)
        --- PASS: TestConformance/builtins\json.yaml/parse_json_object_fails_embedded (0.00s)
        --- PASS: TestConformance/builtins\json.yaml/parse_json_error_fails_embedded (0.00s)
        --- FAIL: TestConformance/builtins\json.yaml/parse_json_int_with_type (0.00s)
        --- FAIL: TestConformance/builtins\json.yaml/parse_json_float_with_type (0.00s)
        --- FAIL: TestConformance/builtins\json.yaml/parse_json_string_with_type (0.00s)
        --- FAIL: TestConformance/builtins\json.yaml/parse_json_obj_with_type (0.00s)
        --- FAIL: TestConformance/builtins\json.yaml/parse_json_error_with_type (0.00s)
        --- PASS: TestConformance/builtins\json.yaml/parse_json_int_type_literal_common (0.00s)
        --- PASS: TestConformance/builtins\json.yaml/parse_json_float_type_literal_common (0.00s)
        --- PASS: TestConformance/builtins\json.yaml/parse_json_string_type_literal_common (0.00s)
        --- PASS: TestConformance/builtins\json.yaml/parse_json_obj_type_literal_common (0.00s)
        --- PASS: TestConformance/builtins\json.yaml/parse_json_error_type_literal_common (0.00s)
        --- PASS: TestConformance/builtins\json.yaml/generate_json_complex_list (0.00s)
        --- FAIL: TestConformance/builtins\json.yaml/generate_json_complex_map (0.00s)
        --- PASS: TestConformance/builtins\json.yaml/generate_json_complex_list_common (0.00s)
        --- FAIL: TestConformance/builtins\json.yaml/generate_json_complex_map_common (0.00s)
        --- FAIL: TestConformance/builtins\json.yaml/generate_json_complex_list_embedded (0.00s)
        --- FAIL: TestConformance/builtins\json.yaml/generate_json_complex_map_embedded (0.00s)
        --- PASS: TestConformance/builtins\json.yaml/parse_json_complex_list (0.00s)
        --- PASS: TestConformance/builtins\json.yaml/parse_json_complex_map (0.00s)
        --- PASS: TestConformance/builtins\json.yaml/parse_json_complex_list_common (0.00s)
        --- PASS: TestConformance/builtins\json.yaml/parse_json_complex_map_common (0.00s)
        --- FAIL: TestConformance/builtins\json.yaml/parse_json_complex_list_embedded (0.00s)
        --- SKIP: TestConformance/builtins\json.yaml/parse_json_complex_map_embedded (0.00s)
        --- PASS: TestConformance/builtins\json.yaml/parse_json_invalid_identifier (0.00s)
        --- PASS: TestConformance/builtins\json.yaml/parse_json_unquoted_key (0.00s)
        --- PASS: TestConformance/builtins\json.yaml/parse_json_incomplete_list (0.00s)
        --- PASS: TestConformance/builtins\json.yaml/parse_json_incomplete_map (0.00s)
        --- PASS: TestConformance/builtins\json.yaml/parse_json_incomplete_string (0.00s)
        --- PASS: TestConformance/builtins\json.yaml/parse_json_invalid_suffix (0.00s)
        --- PASS: TestConformance/builtins\json.yaml/parse_json_double_dots (0.00s)
        --- PASS: TestConformance/builtins\json.yaml/parse_json_only_dots (0.00s)
        --- PASS: TestConformance/builtins\json.yaml/parse_json_garbage (0.00s)
        --- PASS: TestConformance/builtins\json.yaml/parse_json_mismatched_brackets (0.00s)
        --- FAIL: TestConformance/builtins\json.yaml/parse_json_trailing_chars_int (0.00s)
        --- FAIL: TestConformance/builtins\json.yaml/parse_json_trailing_chars_float (0.00s)
        --- PASS: TestConformance/builtins\json.yaml/parse_json_medium_int (0.00s)
        --- PASS: TestConformance/builtins\json.yaml/parse_json_small_int (0.00s)
        --- FAIL: TestConformance/builtins\json.yaml/parse_json_large_to_float (0.00s)
        --- FAIL: TestConformance/builtins\json.yaml/parse_json_large_to_float_2 (0.00s)
        --- SKIP: TestConformance/builtins\json.yaml/parse_json_very_large_scientific (0.00s)
        --- SKIP: TestConformance/builtins\json.yaml/parse_json_large_scientific (0.00s)
        --- PASS: TestConformance/builtins\json.yaml/parse_json_max_int (0.00s)
        --- FAIL: TestConformance/builtins\json.yaml/parse_json_max_int_plus_one (0.00s)
        --- PASS: TestConformance/builtins\json.yaml/parse_json_min_int (0.00s)
        --- FAIL: TestConformance/builtins\json.yaml/parse_json_min_int_minus_one (0.00s)
        --- PASS: TestConformance/builtins\json.yaml/parse_json_empty_string_embedded (0.00s)
        --- PASS: TestConformance/builtins\json.yaml/parse_json_pipe_only (0.00s)
        --- PASS: TestConformance/builtins\json.yaml/parse_json_pipe_x (0.00s)
        --- PASS: TestConformance/builtins\json.yaml/parse_json_pipe_partial_int (0.00s)
        --- PASS: TestConformance/builtins\json.yaml/parse_json_pipe_int_suffix (0.00s)
        --- FAIL: TestConformance/builtins\json.yaml/parse_json_bare_int_type (0.00s)
        --- FAIL: TestConformance/builtins\json.yaml/parse_json_bare_float_type (0.00s)
        --- FAIL: TestConformance/builtins\json.yaml/parse_json_bare_str_type (0.00s)
        --- FAIL: TestConformance/builtins\json.yaml/parse_json_bare_obj_type (0.00s)
        --- FAIL: TestConformance/builtins\json.yaml/parse_json_bare_err_type (0.00s)
        --- PASS: TestConformance/builtins\json.yaml/generate_json_mode_int (0.00s)
        --- PASS: TestConformance/builtins\json.yaml/generate_json_mode_float (0.00s)
        --- FAIL: TestConformance/builtins\json.yaml/generate_json_mode_invalid (0.00s)
        --- PASS: TestConformance/builtins\json.yaml/generate_json_mode_obj (0.00s)
        --- PASS: TestConformance/builtins\json.yaml/generate_json_mode_error (0.00s)
        --- PASS: TestConformance/builtins\json.yaml/generate_json_mode_list (0.00s)
        --- PASS: TestConformance/builtins\json.yaml/generate_json_mode_map (0.00s)
        --- PASS: TestConformance/builtins\json.yaml/parse_json_arg_int (0.00s)
        --- PASS: TestConformance/builtins\json.yaml/parse_json_arg_float (0.00s)
        --- PASS: TestConformance/builtins\json.yaml/parse_json_arg_error (0.00s)
        --- PASS: TestConformance/builtins\json.yaml/parse_json_arg_obj (0.00s)
        --- PASS: TestConformance/builtins\json.yaml/parse_json_arg_list (0.00s)
        --- PASS: TestConformance/builtins\json.yaml/parse_json_arg_map (0.00s)
        --- FAIL: TestConformance/builtins\json.yaml/generate_json_escape_quote (0.00s)
        --- FAIL: TestConformance/builtins\json.yaml/generate_json_escape_backslash (0.00s)
        --- FAIL: TestConformance/builtins\json.yaml/generate_json_escape_slash_1 (0.00s)
        --- FAIL: TestConformance/builtins\json.yaml/generate_json_escape_slash_2 (0.00s)
        --- FAIL: TestConformance/builtins\json.yaml/generate_json_escape_backspace (0.00s)
        --- FAIL: TestConformance/builtins\json.yaml/generate_json_escape_formfeed (0.00s)
        --- FAIL: TestConformance/builtins\json.yaml/generate_json_escape_newline (0.00s)
        --- FAIL: TestConformance/builtins\json.yaml/generate_json_escape_carriage (0.00s)
        --- FAIL: TestConformance/builtins\json.yaml/generate_json_escape_tab (0.00s)
        --- PASS: TestConformance/builtins\json.yaml/parse_json_escape_quote (0.00s)
        --- PASS: TestConformance/builtins\json.yaml/parse_json_escape_backslash (0.00s)
        --- SKIP: TestConformance/builtins\json.yaml/parse_json_unicode_control (0.00s)
        --- SKIP: TestConformance/builtins\json.yaml/parse_json_unicode_2byte (0.00s)
        --- SKIP: TestConformance/builtins\json.yaml/parse_json_unicode_3byte (0.00s)
        --- SKIP: TestConformance/builtins\json.yaml/parse_json_unicode_surrogate (0.00s)
        --- SKIP: TestConformance/builtins\json.yaml/generate_json_unicode_control (0.00s)
        --- FAIL: TestConformance/builtins\json.yaml/roundtrip_escape_quote (0.00s)
        --- FAIL: TestConformance/builtins\json.yaml/roundtrip_escape_backslash (0.00s)
        --- SKIP: TestConformance/builtins\json.yaml/generate_json_anon_obj (0.00s)
        --- SKIP: TestConformance/builtins\json.yaml/generate_json_anon_obj_common (0.00s)
        --- SKIP: TestConformance/builtins\json.yaml/generate_json_anon_obj_embedded (0.00s)
        --- FAIL: TestConformance/builtins\json.yaml/generate_json_float_format (0.00s)
    --- FAIL: TestConformance/builtins\objects.yaml (0.00s)
        --- PASS: TestConformance/builtins\objects.yaml/create_single_inheritance (0.00s)
        --- PASS: TestConformance/builtins\objects.yaml/children_single_inheritance (0.00s)
        --- FAIL: TestConformance/builtins\objects.yaml/create_sets_owner_correctly (0.00s)
        --- PASS: TestConformance/builtins\objects.yaml/create_multiple_inheritance (0.00s)
        --- FAIL: TestConformance/builtins\objects.yaml/create_invalid_owner_invarg (0.00s)
        --- FAIL: TestConformance/builtins\objects.yaml/create_invalid_owner_ambiguous (0.00s)
        --- FAIL: TestConformance/builtins\objects.yaml/create_invalid_owner_failed_match (0.00s)
        --- FAIL: TestConformance/builtins\objects.yaml/create_invalid_owner_nothing_as_wizard (0.00s)
        --- FAIL: TestConformance/builtins\objects.yaml/create_invalid_owner_as_programmer (0.00s)
        --- FAIL: TestConformance/builtins\objects.yaml/create_invalid_owner_invarg_as_programmer (0.00s)
        --- PASS: TestConformance/builtins\objects.yaml/create_no_args (0.00s)
        --- PASS: TestConformance/builtins\objects.yaml/create_type_error_int (0.00s)
        --- PASS: TestConformance/builtins\objects.yaml/create_type_error_string (0.00s)
        --- PASS: TestConformance/builtins\objects.yaml/create_type_error_both_args (0.00s)
        --- FAIL: TestConformance/builtins\objects.yaml/create_invalid_parent_ambiguous (0.00s)
        --- FAIL: TestConformance/builtins\objects.yaml/create_invalid_parent_failed_match (0.00s)
        --- PASS: TestConformance/builtins\objects.yaml/create_list_type_error_int (0.00s)
        --- PASS: TestConformance/builtins\objects.yaml/create_list_type_error_string (0.00s)
        --- FAIL: TestConformance/builtins\objects.yaml/create_list_invalid_nothing (0.00s)
        --- FAIL: TestConformance/builtins\objects.yaml/create_list_invalid_ambiguous (0.00s)
        --- FAIL: TestConformance/builtins\objects.yaml/create_list_invalid_failed_match (0.00s)
        --- FAIL: TestConformance/builtins\objects.yaml/create_duplicate_property_error (0.00s)
        --- FAIL: TestConformance/builtins\objects.yaml/create_duplicate_parents_error (0.00s)
        --- FAIL: TestConformance/builtins\objects.yaml/create_permission_denied_as_programmer (0.00s)
        --- PASS: TestConformance/builtins\objects.yaml/chparent_single_inheritance (0.00s)
        --- PASS: TestConformance/builtins\objects.yaml/children_after_chparent (0.00s)
        --- PASS: TestConformance/builtins\objects.yaml/chparent_reparent (0.00s)
        --- FAIL: TestConformance/builtins\objects.yaml/chparents_multiple_inheritance (0.00s)
        --- PASS: TestConformance/builtins\objects.yaml/ancestors_basic (0.00s)
        --- PASS: TestConformance/builtins\objects.yaml/descendants_basic (0.00s)
        --- FAIL: TestConformance/builtins\objects.yaml/chparent_property_reset (0.00s)
        --- FAIL: TestConformance/builtins\objects.yaml/chparent_property_conflict_error (0.00s)
        --- FAIL: TestConformance/builtins\objects.yaml/chparents_property_conflict_error (0.00s)
        --- FAIL: TestConformance/builtins\objects.yaml/parent_invalid_nothing (0.00s)
        --- FAIL: TestConformance/builtins\objects.yaml/chparent_to_nothing_from_nothing (0.00s)
        --- FAIL: TestConformance/builtins\objects.yaml/chparent_recursive_error (0.00s)
        --- FAIL: TestConformance/builtins\objects.yaml/chparent_circular_error (0.00s)
        --- FAIL: TestConformance/builtins\objects.yaml/chparents_recursive_error (0.00s)
        --- FAIL: TestConformance/builtins\objects.yaml/chparents_circular_error (0.00s)
        --- FAIL: TestConformance/builtins\objects.yaml/chparents_duplicate_property_error (0.00s)
        --- FAIL: TestConformance/builtins\objects.yaml/chparents_duplicate_parents_error (0.00s)
        --- PASS: TestConformance/builtins\objects.yaml/parent_maps_parents_list (0.00s)
        --- PASS: TestConformance/builtins\objects.yaml/parent_maps_parents_single (0.00s)
        --- FAIL: TestConformance/builtins\objects.yaml/parent_maps_parents_empty (0.00s)
        --- FAIL: TestConformance/builtins\objects.yaml/recycle_reparents_children_single (0.00s)
        --- FAIL: TestConformance/builtins\objects.yaml/recycle_clears_children_single (0.00s)
        --- FAIL: TestConformance/builtins\objects.yaml/recycle_clears_location_single (0.00s)
        --- FAIL: TestConformance/builtins\objects.yaml/recycle_clears_contents_single (0.00s)
        --- FAIL: TestConformance/builtins\objects.yaml/recycle_parent_returns_invarg (0.00s)
        --- FAIL: TestConformance/builtins\objects.yaml/recycle_children_returns_invarg (0.00s)
        --- PASS: TestConformance/builtins\objects.yaml/recycle_location_returns_invind (0.00s)
        --- PASS: TestConformance/builtins\objects.yaml/recycle_contents_returns_invind (0.00s)
        --- FAIL: TestConformance/builtins\objects.yaml/recycle_parent_merges_remaining_multiple (0.00s)
        --- FAIL: TestConformance/builtins\objects.yaml/recycle_parent_merges_correctly_complex (0.00s)
        --- SKIP: TestConformance/builtins\objects.yaml/renumber_basic (0.00s)
        --- PASS: TestConformance/builtins\objects.yaml/move_basic (0.00s)
        --- PASS: TestConformance/builtins\objects.yaml/move_updates_contents (0.00s)
        --- SKIP: TestConformance/builtins\objects.yaml/pass_single_inheritance (0.00s)
        --- FAIL: TestConformance/builtins\objects.yaml/verb_inheritance_basic (0.00s)
        --- FAIL: TestConformance/builtins\objects.yaml/verb_inheritance_after_chparent (0.00s)
        --- FAIL: TestConformance/builtins\objects.yaml/verb_inheritance_multiple_parents (0.00s)
        --- PASS: TestConformance/builtins\objects.yaml/property_inheritance_basic (0.00s)
        --- FAIL: TestConformance/builtins\objects.yaml/property_set_and_clear (0.00s)
        --- PASS: TestConformance/builtins\objects.yaml/property_inheritance_after_chparent (0.00s)
        --- PASS: TestConformance/builtins\objects.yaml/property_inheritance_multiple_parents (0.00s)
        --- PASS: TestConformance/builtins\objects.yaml/property_delete_from_parent (0.00s)
        --- PASS: TestConformance/builtins\objects.yaml/property_delete_propnf_on_child (0.00s)
        --- PASS: TestConformance/builtins\objects.yaml/property_add_delete_multiple_inheritance (0.00s)
        --- PASS: TestConformance/builtins\objects.yaml/ancestors_linear (0.00s)
        --- PASS: TestConformance/builtins\objects.yaml/descendants_linear (0.00s)
        --- PASS: TestConformance/builtins\objects.yaml/ancestors_empty_for_root (0.00s)
        --- PASS: TestConformance/builtins\objects.yaml/descendants_empty_for_leaf (0.00s)
        --- PASS: TestConformance/builtins\objects.yaml/ancestors_dag_serialization (0.00s)
        --- PASS: TestConformance/builtins\objects.yaml/descendants_dag_serialization (0.00s)
        --- PASS: TestConformance/builtins\objects.yaml/ancestors_include_self (0.00s)
        --- PASS: TestConformance/builtins\objects.yaml/descendants_include_self (0.00s)
        --- PASS: TestConformance/builtins\objects.yaml/ancestors_exclude_self_explicit (0.00s)
        --- PASS: TestConformance/builtins\objects.yaml/descendants_exclude_self_explicit (0.00s)
        --- FAIL: TestConformance/builtins\objects.yaml/chparent_property_conflict_variations (0.00s)
        --- PASS: TestConformance/builtins\objects.yaml/chparents_property_conflict_variations (0.00s)
        --- FAIL: TestConformance/builtins\objects.yaml/create_empty_list_vs_nothing (0.00s)
        --- FAIL: TestConformance/builtins\objects.yaml/create_nothing_in_list_error (0.00s)
        --- PASS: TestConformance/builtins\objects.yaml/create_invalid_object_error (0.00s)
        --- PASS: TestConformance/builtins\objects.yaml/create_invalid_object_in_list_error (0.00s)
        --- SKIP: TestConformance/builtins\objects.yaml/verb_cache_basic (0.00s)
    --- FAIL: TestConformance/builtins\system_builtins.yaml (0.00s)
        --- PASS: TestConformance/builtins\system_builtins.yaml/getenv_requires_wizard_perms (0.00s)
        --- FAIL: TestConformance/builtins\system_builtins.yaml/getenv_works_with_wizard_perms (0.00s)
        --- PASS: TestConformance/builtins\system_builtins.yaml/getenv_no_args (0.00s)
        --- FAIL: TestConformance/builtins\system_builtins.yaml/getenv_int_arg (0.00s)
        --- FAIL: TestConformance/builtins\system_builtins.yaml/getenv_float_arg (0.00s)
        --- FAIL: TestConformance/builtins\system_builtins.yaml/getenv_returns_string_for_existing_var (0.00s)
        --- FAIL: TestConformance/builtins\system_builtins.yaml/getenv_returns_zero_for_nonexistent_var (0.00s)
    --- FAIL: TestConformance/language\anonymous.yaml (0.00s)
        --- PASS: TestConformance/language\anonymous.yaml/anonymous_from_nothing_are_valid (0.00s)
        --- PASS: TestConformance/language\anonymous.yaml/anonymous_from_empty_list_are_valid (0.00s)
        --- SKIP: TestConformance/language\anonymous.yaml/anonymous_have_parents (0.00s)
        --- SKIP: TestConformance/language\anonymous.yaml/anonymous_parents_list (0.00s)
        --- PASS: TestConformance/language\anonymous.yaml/anonymous_do_not_have_children (0.00s)
        --- FAIL: TestConformance/language\anonymous.yaml/is_player_on_anonymous_raises_error (0.00s)
        --- FAIL: TestConformance/language\anonymous.yaml/set_player_flag_on_anonymous_raises_error (0.00s)
        --- FAIL: TestConformance/language\anonymous.yaml/owner_of_anonymous_is_creator (0.00s)
        --- FAIL: TestConformance/language\anonymous.yaml/non_wizard_cannot_change_owner (0.00s)
        --- FAIL: TestConformance/language\anonymous.yaml/wizard_can_change_owner (0.00s)
        --- PASS: TestConformance/language\anonymous.yaml/anonymous_has_name_property (0.00s)
        --- FAIL: TestConformance/language\anonymous.yaml/programmer_cannot_set_wizard_flag_false (0.00s)
        --- FAIL: TestConformance/language\anonymous.yaml/programmer_cannot_set_wizard_flag_true (0.00s)
        --- FAIL: TestConformance/language\anonymous.yaml/wizard_cannot_set_wizard_flag_false (0.00s)
        --- FAIL: TestConformance/language\anonymous.yaml/wizard_cannot_set_wizard_flag_true (0.00s)
        --- FAIL: TestConformance/language\anonymous.yaml/programmer_cannot_set_programmer_flag_false (0.00s)
        --- FAIL: TestConformance/language\anonymous.yaml/programmer_cannot_set_programmer_flag_true (0.00s)
        --- FAIL: TestConformance/language\anonymous.yaml/wizard_cannot_set_programmer_flag_false (0.00s)
        --- FAIL: TestConformance/language\anonymous.yaml/wizard_cannot_set_programmer_flag_true (0.00s)
        --- SKIP: TestConformance/language\anonymous.yaml/defined_properties_work (0.00s)
        --- SKIP: TestConformance/language\anonymous.yaml/verb_calls_work (0.00s)
        --- PASS: TestConformance/language\anonymous.yaml/valid_returns_true_for_valid_anonymous (0.00s)
        --- PASS: TestConformance/language\anonymous.yaml/recycle_invalidates_direct_reference (0.00s)
        --- PASS: TestConformance/language\anonymous.yaml/recycle_invalidates_copy_reference (0.00s)
        --- PASS: TestConformance/language\anonymous.yaml/recycle_via_copy_invalidates_original (0.00s)
        --- SKIP: TestConformance/language\anonymous.yaml/losing_references_calls_recycle_verb (0.00s)
        --- SKIP: TestConformance/language\anonymous.yaml/recycle_verb_called_once_only (0.00s)
        --- SKIP: TestConformance/language\anonymous.yaml/anonymous_invalid_after_auto_recycle (0.00s)
        --- SKIP: TestConformance/language\anonymous.yaml/recycling_parent_invalidates_anonymous (0.00s)
        --- SKIP: TestConformance/language\anonymous.yaml/chparents_invalidates_anonymous (0.00s)
        --- SKIP: TestConformance/language\anonymous.yaml/add_property_to_parent_invalidates_anonymous (0.00s)
        --- SKIP: TestConformance/language\anonymous.yaml/delete_property_from_parent_invalidates_anonymous (0.00s)
        --- SKIP: TestConformance/language\anonymous.yaml/renumber_parent_invalidates_anonymous (0.00s)
        --- SKIP: TestConformance/language\anonymous.yaml/replace_parent_does_not_corrupt_anonymous (0.00s)
        --- PASS: TestConformance/language\anonymous.yaml/get_property_on_invalid_anonymous_fails (0.00s)
        --- PASS: TestConformance/language\anonymous.yaml/set_property_on_invalid_anonymous_fails (0.00s)
        --- PASS: TestConformance/language\anonymous.yaml/verb_call_on_invalid_anonymous_fails (0.00s)
        --- SKIP: TestConformance/language\anonymous.yaml/recycle_invalid_anonymous_no_crash (0.00s)
        --- SKIP: TestConformance/language\anonymous.yaml/long_chain_of_anonymous_no_leak (0.00s)
        --- SKIP: TestConformance/language\anonymous.yaml/ownership_quota_unchanged_on_invalidation (0.00s)
        --- SKIP: TestConformance/language\anonymous.yaml/ownership_quota_changed_on_reference_loss (0.00s)
        --- SKIP: TestConformance/language\anonymous.yaml/callers_returns_valid_anonymous_for_wizards (0.00s)
        --- SKIP: TestConformance/language\anonymous.yaml/callers_returns_valid_anonymous_for_owners (0.00s)
        --- SKIP: TestConformance/language\anonymous.yaml/callers_returns_invalid_anonymous_for_others (0.00s)
        --- SKIP: TestConformance/language\anonymous.yaml/task_stack_returns_valid_anonymous_for_wizards (0.00s)
        --- SKIP: TestConformance/language\anonymous.yaml/task_stack_returns_valid_anonymous_for_owners (0.00s)
        --- SKIP: TestConformance/language\anonymous.yaml/task_stack_returns_invalid_anonymous_for_others (0.00s)
        --- SKIP: TestConformance/language\anonymous.yaml/queued_tasks_returns_valid_anonymous_for_wizards (0.00s)
        --- SKIP: TestConformance/language\anonymous.yaml/queued_tasks_returns_valid_anonymous_for_programmers (0.00s)
        --- SKIP: TestConformance/language\anonymous.yaml/queued_tasks_returns_invalid_anonymous_for_others (0.00s)
        --- SKIP: TestConformance/language\anonymous.yaml/error_stack_contains_invalid_anonymous_for_everyone (0.00s)
    --- PASS: TestConformance/basic\arithmetic.yaml (0.00s)
        --- PASS: TestConformance/basic\arithmetic.yaml/addition (0.00s)
        --- PASS: TestConformance/basic\arithmetic.yaml/subtraction (0.00s)
        --- PASS: TestConformance/basic\arithmetic.yaml/multiplication (0.00s)
        --- PASS: TestConformance/basic\arithmetic.yaml/subtraction_negative_result (0.00s)
        --- PASS: TestConformance/basic\arithmetic.yaml/division_exact (0.00s)
        --- PASS: TestConformance/basic\arithmetic.yaml/division_truncated (0.00s)
        --- PASS: TestConformance/basic\arithmetic.yaml/float_subtraction (0.00s)
        --- PASS: TestConformance/basic\arithmetic.yaml/parentheses_precedence (0.00s)
        --- PASS: TestConformance/basic\arithmetic.yaml/sqrt_builtin (0.00s)
    --- FAIL: TestConformance/basic\property.yaml (0.00s)
        --- PASS: TestConformance/basic\property.yaml/add_property_temp (0.00s)
        --- PASS: TestConformance/basic\property.yaml/add_property_temp0 (0.00s)
        --- FAIL: TestConformance/basic\property.yaml/create_child_of_root (0.00s)
        --- PASS: TestConformance/basic\property.yaml/create_grandchild (0.00s)
        --- PASS: TestConformance/basic\property.yaml/add_property_test_on_temp (0.00s)
        --- PASS: TestConformance/basic\property.yaml/read_inherited_property_value (0.00s)
        --- FAIL: TestConformance/basic\property.yaml/is_clear_property_on_child (0.00s)
        --- FAIL: TestConformance/basic\property.yaml/set_property_on_child (0.00s)
        --- FAIL: TestConformance/basic\property.yaml/is_clear_property_after_set (0.00s)
        --- FAIL: TestConformance/basic\property.yaml/read_overridden_property (0.00s)
        --- FAIL: TestConformance/basic\property.yaml/properties_on_parent (0.00s)
        --- FAIL: TestConformance/basic\property.yaml/properties_on_child (0.00s)
        --- PASS: TestConformance/basic\property.yaml/clear_property_on_child (0.00s)
        --- PASS: TestConformance/basic\property.yaml/is_clear_property_after_clear (0.00s)
        --- PASS: TestConformance/basic\property.yaml/read_property_after_clear (0.00s)
        --- PASS: TestConformance/basic\property.yaml/delete_property_temp (0.00s)
        --- PASS: TestConformance/basic\property.yaml/delete_property_temp0 (0.00s)
    --- FAIL: TestConformance/basic\value.yaml (0.00s)
        --- PASS: TestConformance/basic\value.yaml/typeof_int (0.00s)
        --- PASS: TestConformance/basic\value.yaml/typeof_string (0.00s)
        --- PASS: TestConformance/basic\value.yaml/typeof_float (0.00s)
        --- PASS: TestConformance/basic\value.yaml/typeof_list (0.00s)
        --- PASS: TestConformance/basic\value.yaml/typeof_object (0.00s)
        --- PASS: TestConformance/basic\value.yaml/tostr_int (0.00s)
        --- FAIL: TestConformance/basic\value.yaml/tostr_float (0.00s)
        --- PASS: TestConformance/basic\value.yaml/tostr_object (0.00s)
        --- FAIL: TestConformance/basic\value.yaml/tostr_list (0.00s)
        --- PASS: TestConformance/basic\value.yaml/toliteral_int (0.00s)
        --- FAIL: TestConformance/basic\value.yaml/toliteral_float (0.00s)
        --- PASS: TestConformance/basic\value.yaml/toliteral_object (0.00s)
        --- PASS: TestConformance/basic\value.yaml/toliteral_list (0.00s)
        --- PASS: TestConformance/basic\value.yaml/toint_from_int (0.00s)
        --- PASS: TestConformance/basic\value.yaml/toint_from_float (0.00s)
        --- PASS: TestConformance/basic\value.yaml/toint_from_object (0.00s)
        --- PASS: TestConformance/basic\value.yaml/toint_from_string (0.00s)
        --- FAIL: TestConformance/basic\value.yaml/toobj_from_string (0.00s)
        --- FAIL: TestConformance/basic\value.yaml/toobj_from_int (0.00s)
        --- FAIL: TestConformance/basic\value.yaml/toobj_invalid_string (0.00s)
        --- PASS: TestConformance/basic\value.yaml/tofloat_from_int (0.00s)
        --- PASS: TestConformance/basic\value.yaml/tofloat_from_string (0.00s)
        --- PASS: TestConformance/basic\value.yaml/tofloat_from_float (0.00s)
        --- PASS: TestConformance/basic\value.yaml/equal_simple_true (0.00s)
        --- PASS: TestConformance/basic\value.yaml/equal_string_case_sensitive (0.00s)
        --- PASS: TestConformance/basic\value.yaml/equal_string_match (0.00s)
        --- PASS: TestConformance/basic\value.yaml/equal_list_match (0.00s)
        --- PASS: TestConformance/basic\value.yaml/equal_list_different (0.00s)
    --- PASS: TestConformance/builtins\collection_improvements.yaml (0.00s)
        --- PASS: TestConformance/builtins\collection_improvements.yaml/nested_list_assignment (0.00s)
        --- PASS: TestConformance/builtins\collection_improvements.yaml/nested_map_assignment (0.00s)
        --- PASS: TestConformance/builtins\collection_improvements.yaml/top_level_list_refs_not_shared (0.00s)
        --- PASS: TestConformance/builtins\collection_improvements.yaml/top_level_map_refs_not_shared (0.00s)
        --- PASS: TestConformance/builtins\collection_improvements.yaml/top_level_list_nested_assign_not_shared (0.00s)
        --- PASS: TestConformance/builtins\collection_improvements.yaml/top_level_map_nested_assign_not_shared (0.00s)
        --- PASS: TestConformance/builtins\collection_improvements.yaml/nested_list_refs_not_shared_1 (0.00s)
        --- PASS: TestConformance/builtins\collection_improvements.yaml/nested_map_refs_not_shared_1 (0.00s)
        --- PASS: TestConformance/builtins\collection_improvements.yaml/nested_list_refs_not_shared_2 (0.00s)
        --- PASS: TestConformance/builtins\collection_improvements.yaml/nested_map_refs_not_shared_2 (0.00s)
        --- PASS: TestConformance/builtins\collection_improvements.yaml/nested_list_refs_not_shared_3 (0.00s)
        --- PASS: TestConformance/builtins\collection_improvements.yaml/nested_map_refs_not_shared_3 (0.00s)
        --- PASS: TestConformance/builtins\collection_improvements.yaml/list_ref_updates_not_shared_1 (0.00s)
        --- PASS: TestConformance/builtins\collection_improvements.yaml/map_ref_updates_not_shared_1 (0.00s)
        --- PASS: TestConformance/builtins\collection_improvements.yaml/list_ref_updates_not_shared_2 (0.00s)
        --- PASS: TestConformance/builtins\collection_improvements.yaml/map_ref_updates_not_shared_2 (0.00s)
        --- SKIP: TestConformance/builtins\collection_improvements.yaml/multiple_writes_nested_list (0.00s)
        --- SKIP: TestConformance/builtins\collection_improvements.yaml/multiple_writes_nested_map (0.00s)
=== RUN   TestLoadAllTests
    conformance_test.go:69: Loaded 1110 test cases from conformance suite
    conformance_test.go:93: Found 27 test files
    conformance_test.go:104:   Example file: basic\list.yaml
    conformance_test.go:104:   Example file: basic\value.yaml
    conformance_test.go:104:   Example file: builtins\algorithms.yaml
    conformance_test.go:104:   Example file: basic\object.yaml
    conformance_test.go:104:   Example file: builtins\create.yaml
--- PASS: TestLoadAllTests (0.02s)
=== RUN   TestYAMLParsing
    conformance_test.go:130: Test parse_json_complex_map_embedded in builtins\json.yaml has no expectation
    conformance_test.go:130: Test parse_json_very_large_scientific in builtins\json.yaml has no expectation
    conformance_test.go:130: Test parse_json_large_scientific in builtins\json.yaml has no expectation
    conformance_test.go:130: Test random_in_valid_range in builtins\math.yaml has no expectation
    conformance_test.go:130: Test random_in_valid_range_64bit in builtins\math.yaml has no expectation
    conformance_test.go:130: Test command_verb in builtins\task_local.yaml has no expectation
    conformance_test.go:130: Test server_verb in builtins\task_local.yaml has no expectation
    conformance_test.go:130: Test losing_references_calls_recycle_verb in language\anonymous.yaml has no expectation
    conformance_test.go:135: Test losing_references_calls_recycle_verb in language\anonymous.yaml has no code/statement/verb
    conformance_test.go:130: Test recycle_verb_called_once_only in language\anonymous.yaml has no expectation
    conformance_test.go:135: Test recycle_verb_called_once_only in language\anonymous.yaml has no code/statement/verb
    conformance_test.go:130: Test anonymous_invalid_after_auto_recycle in language\anonymous.yaml has no expectation
    conformance_test.go:135: Test anonymous_invalid_after_auto_recycle in language\anonymous.yaml has no code/statement/verb
    conformance_test.go:130: Test recycling_parent_invalidates_anonymous in language\anonymous.yaml has no expectation
    conformance_test.go:135: Test recycling_parent_invalidates_anonymous in language\anonymous.yaml has no code/statement/verb
    conformance_test.go:130: Test chparents_invalidates_anonymous in language\anonymous.yaml has no expectation
    conformance_test.go:135: Test chparents_invalidates_anonymous in language\anonymous.yaml has no code/statement/verb
    conformance_test.go:130: Test add_property_to_parent_invalidates_anonymous in language\anonymous.yaml has no expectation
    conformance_test.go:135: Test add_property_to_parent_invalidates_anonymous in language\anonymous.yaml has no code/statement/verb
    conformance_test.go:130: Test delete_property_from_parent_invalidates_anonymous in language\anonymous.yaml has no expectation
    conformance_test.go:135: Test delete_property_from_parent_invalidates_anonymous in language\anonymous.yaml has no code/statement/verb
    conformance_test.go:130: Test renumber_parent_invalidates_anonymous in language\anonymous.yaml has no expectation
    conformance_test.go:135: Test renumber_parent_invalidates_anonymous in language\anonymous.yaml has no code/statement/verb
    conformance_test.go:130: Test replace_parent_does_not_corrupt_anonymous in language\anonymous.yaml has no expectation
    conformance_test.go:135: Test replace_parent_does_not_corrupt_anonymous in language\anonymous.yaml has no code/statement/verb
    conformance_test.go:130: Test recycle_invalid_anonymous_no_crash in language\anonymous.yaml has no expectation
    conformance_test.go:135: Test recycle_invalid_anonymous_no_crash in language\anonymous.yaml has no code/statement/verb
    conformance_test.go:130: Test long_chain_of_anonymous_no_leak in language\anonymous.yaml has no expectation
    conformance_test.go:135: Test long_chain_of_anonymous_no_leak in language\anonymous.yaml has no code/statement/verb
    conformance_test.go:130: Test ownership_quota_unchanged_on_invalidation in language\anonymous.yaml has no expectation
    conformance_test.go:135: Test ownership_quota_unchanged_on_invalidation in language\anonymous.yaml has no code/statement/verb
    conformance_test.go:130: Test ownership_quota_changed_on_reference_loss in language\anonymous.yaml has no expectation
    conformance_test.go:135: Test ownership_quota_changed_on_reference_loss in language\anonymous.yaml has no code/statement/verb
    conformance_test.go:130: Test callers_returns_valid_anonymous_for_wizards in language\anonymous.yaml has no expectation
    conformance_test.go:135: Test callers_returns_valid_anonymous_for_wizards in language\anonymous.yaml has no code/statement/verb
    conformance_test.go:130: Test callers_returns_valid_anonymous_for_owners in language\anonymous.yaml has no expectation
    conformance_test.go:135: Test callers_returns_valid_anonymous_for_owners in language\anonymous.yaml has no code/statement/verb
    conformance_test.go:130: Test callers_returns_invalid_anonymous_for_others in language\anonymous.yaml has no expectation
    conformance_test.go:135: Test callers_returns_invalid_anonymous_for_others in language\anonymous.yaml has no code/statement/verb
    conformance_test.go:130: Test task_stack_returns_valid_anonymous_for_wizards in language\anonymous.yaml has no expectation
    conformance_test.go:135: Test task_stack_returns_valid_anonymous_for_wizards in language\anonymous.yaml has no code/statement/verb
    conformance_test.go:130: Test task_stack_returns_valid_anonymous_for_owners in language\anonymous.yaml has no expectation
    conformance_test.go:135: Test task_stack_returns_valid_anonymous_for_owners in language\anonymous.yaml has no code/statement/verb
    conformance_test.go:130: Test task_stack_returns_invalid_anonymous_for_others in language\anonymous.yaml has no expectation
    conformance_test.go:135: Test task_stack_returns_invalid_anonymous_for_others in language\anonymous.yaml has no code/statement/verb
    conformance_test.go:130: Test queued_tasks_returns_valid_anonymous_for_wizards in language\anonymous.yaml has no expectation
    conformance_test.go:135: Test queued_tasks_returns_valid_anonymous_for_wizards in language\anonymous.yaml has no code/statement/verb
    conformance_test.go:130: Test queued_tasks_returns_valid_anonymous_for_programmers in language\anonymous.yaml has no expectation
    conformance_test.go:135: Test queued_tasks_returns_valid_anonymous_for_programmers in language\anonymous.yaml has no code/statement/verb
    conformance_test.go:130: Test queued_tasks_returns_invalid_anonymous_for_others in language\anonymous.yaml has no expectation
    conformance_test.go:135: Test queued_tasks_returns_invalid_anonymous_for_others in language\anonymous.yaml has no code/statement/verb
    conformance_test.go:130: Test error_stack_contains_invalid_anonymous_for_everyone in language\anonymous.yaml has no expectation
    conformance_test.go:135: Test error_stack_contains_invalid_anonymous_for_everyone in language\anonymous.yaml has no code/statement/verb
    conformance_test.go:130: Test multiple_simultaneous_execs_work in server\exec.yaml has no expectation
    conformance_test.go:135: Test multiple_simultaneous_execs_work in server\exec.yaml has no code/statement/verb
    conformance_test.go:130: Test randomly_timed_execs_work in server\exec.yaml has no expectation
    conformance_test.go:135: Test randomly_timed_execs_work in server\exec.yaml has no code/statement/verb
    conformance_test.go:130: Test multiple_fast_execs_work in server\exec.yaml has no expectation
    conformance_test.go:135: Test multiple_fast_execs_work in server\exec.yaml has no code/statement/verb
    conformance_test.go:130: Test fuzzy_input_does_not_break_exec in server\exec.yaml has no expectation
    conformance_test.go:135: Test fuzzy_input_does_not_break_exec in server\exec.yaml has no code/statement/verb
    conformance_test.go:139: All 1110 tests parsed successfully
--- FAIL: TestYAMLParsing (0.02s)
FAIL
FAIL	barn/conformance	0.442s
FAIL
